[ 2015-12-30T09:26:54+08:00 ] 127.0.0.1 /Blog/
INFO: [ app_init ] --START--
INFO: Run Behavior\BuildLiteBehavior [ RunTime:0.000025s ]
INFO: [ app_init ] --END-- [ RunTime:0.002201s ]
INFO: [ app_begin ] --START--
INFO: Run Behavior\ReadHtmlCacheBehavior [ RunTime:0.001281s ]
INFO: [ app_begin ] --END-- [ RunTime:0.001388s ]
INFO: [ view_parse ] --START--
INFO: [ template_filter ] --START--
INFO: Run Behavior\ContentReplaceBehavior [ RunTime:0.000342s ]
INFO: [ template_filter ] --END-- [ RunTime:0.000442s ]
INFO: Run Behavior\ParseTemplateBehavior [ RunTime:0.012998s ]
INFO: [ view_parse ] --END-- [ RunTime:0.013104s ]
INFO: [ view_filter ] --START--
INFO: Run Behavior\WriteHtmlCacheBehavior [ RunTime:0.000482s ]
INFO: [ view_filter ] --END-- [ RunTime:0.000559s ]
INFO: [ app_end ] --START--
INFO: Run Behavior\ShowPageTraceBehavior [ RunTime:0.000866s ]
INFO: [ app_end ] --END-- [ RunTime:0.000938s ]

[ 2015-12-30T09:26:55+08:00 ] 127.0.0.1 /Blog/index.php/Index/getlist
INFO: [ app_init ] --START--
INFO: Run Behavior\BuildLiteBehavior [ RunTime:0.000025s ]
INFO: [ app_init ] --END-- [ RunTime:0.000573s ]
INFO: [ app_begin ] --START--
INFO: Run Behavior\ReadHtmlCacheBehavior [ RunTime:0.000658s ]
INFO: [ app_begin ] --END-- [ RunTime:0.000740s ]
NOTIC: [2048] Declaration of Home\Model\CommonModel::delete() should be compatible with Think\Model::delete($options = Array) /Applications/MAMP/htdocs/Blog/Apps/Home/Model/CommonModel.class.php 第 7 行.
SQL: SHOW COLUMNS FROM `article` [ RunTime:0.0135s ]
SQL: SELECT `aid`,`title`,`content`,`if_delete`,`cuid`,`cid`,`rnum`,`create_time`,`update_time` FROM `article` WHERE (  if_delete = 0 ) ORDER BY aid desc  [ RunTime:0.0063s ]
SQL: SELECT COUNT(*) AS tp_count FROM `article` WHERE (  if_delete = 0 ) LIMIT 1   [ RunTime:0.0012s ]
SQL: SHOW COLUMNS FROM `category` [ RunTime:0.0014s ]
SQL: SELECT `cname` FROM `category` WHERE `cid` = 1 LIMIT 1   [ RunTime:0.0006s ]
SQL: SELECT `cname` FROM `category` WHERE `cid` = 1 LIMIT 1   [ RunTime:0.0003s ]

[ 2015-12-30T09:40:18+08:00 ] 127.0.0.1 /Blog/
INFO: [ app_init ] --START--
INFO: Run Behavior\BuildLiteBehavior [ RunTime:0.000022s ]
INFO: [ app_init ] --END-- [ RunTime:0.000574s ]
INFO: [ app_begin ] --START--
INFO: Run Behavior\ReadHtmlCacheBehavior [ RunTime:0.000650s ]
INFO: [ app_begin ] --END-- [ RunTime:0.000720s ]
INFO: [ view_parse ] --START--
INFO: [ template_filter ] --START--
INFO: Run Behavior\ContentReplaceBehavior [ RunTime:0.000086s ]
INFO: [ template_filter ] --END-- [ RunTime:0.000157s ]
INFO: Run Behavior\ParseTemplateBehavior [ RunTime:0.007999s ]
INFO: [ view_parse ] --END-- [ RunTime:0.008062s ]
INFO: [ view_filter ] --START--
INFO: Run Behavior\WriteHtmlCacheBehavior [ RunTime:0.000130s ]
INFO: [ view_filter ] --END-- [ RunTime:0.000175s ]
INFO: [ app_end ] --START--
INFO: Run Behavior\ShowPageTraceBehavior [ RunTime:0.000490s ]
INFO: [ app_end ] --END-- [ RunTime:0.000549s ]

[ 2015-12-30T09:40:18+08:00 ] 127.0.0.1 /Blog/index.php/Index/getlist
INFO: [ app_init ] --START--
INFO: Run Behavior\BuildLiteBehavior [ RunTime:0.000048s ]
INFO: [ app_init ] --END-- [ RunTime:0.000651s ]
INFO: [ app_begin ] --START--
INFO: Run Behavior\ReadHtmlCacheBehavior [ RunTime:0.001174s ]
INFO: [ app_begin ] --END-- [ RunTime:0.001294s ]
NOTIC: [2048] Declaration of Home\Model\CommonModel::delete() should be compatible with Think\Model::delete($options = Array) /Applications/MAMP/htdocs/Blog/Apps/Home/Model/CommonModel.class.php 第 7 行.
SQL: SHOW COLUMNS FROM `article` [ RunTime:0.0098s ]
SQL: SELECT `aid`,`title`,`content`,`if_delete`,`cuid`,`cid`,`rnum`,`create_time`,`update_time` FROM `article` WHERE (  if_delete = 0 ) ORDER BY aid desc  [ RunTime:0.0007s ]
SQL: SELECT COUNT(*) AS tp_count FROM `article` WHERE (  if_delete = 0 ) LIMIT 1   [ RunTime:0.0003s ]
SQL: SHOW COLUMNS FROM `category` [ RunTime:0.0012s ]
SQL: SELECT `cname` FROM `category` WHERE `cid` = 1 LIMIT 1   [ RunTime:0.0003s ]
SQL: SELECT `cname` FROM `category` WHERE `cid` = 1 LIMIT 1   [ RunTime:0.0002s ]

[ 2015-12-30T13:14:46+08:00 ] 127.0.0.1 /Blog/
INFO: [ app_init ] --START--
INFO: Run Behavior\BuildLiteBehavior [ RunTime:0.000027s ]
INFO: [ app_init ] --END-- [ RunTime:0.000446s ]
INFO: [ app_begin ] --START--
INFO: Run Behavior\ReadHtmlCacheBehavior [ RunTime:0.000625s ]
INFO: [ app_begin ] --END-- [ RunTime:0.000723s ]
INFO: [ view_parse ] --START--
INFO: [ template_filter ] --START--
INFO: Run Behavior\ContentReplaceBehavior [ RunTime:0.000050s ]
INFO: [ template_filter ] --END-- [ RunTime:0.000120s ]
INFO: Run Behavior\ParseTemplateBehavior [ RunTime:0.007838s ]
INFO: [ view_parse ] --END-- [ RunTime:0.007908s ]
INFO: [ view_filter ] --START--
INFO: Run Behavior\WriteHtmlCacheBehavior [ RunTime:0.000203s ]
INFO: [ view_filter ] --END-- [ RunTime:0.000281s ]
INFO: [ app_end ] --START--
INFO: Run Behavior\ShowPageTraceBehavior [ RunTime:0.000663s ]
INFO: [ app_end ] --END-- [ RunTime:0.000733s ]

[ 2015-12-30T13:14:46+08:00 ] 127.0.0.1 /Blog/index.php/Index/getlist
INFO: [ app_init ] --START--
INFO: Run Behavior\BuildLiteBehavior [ RunTime:0.000023s ]
INFO: [ app_init ] --END-- [ RunTime:0.000532s ]
INFO: [ app_begin ] --START--
INFO: Run Behavior\ReadHtmlCacheBehavior [ RunTime:0.000463s ]
INFO: [ app_begin ] --END-- [ RunTime:0.000527s ]
NOTIC: [2048] Declaration of Home\Model\CommonModel::delete() should be compatible with Think\Model::delete($options = Array) /Applications/MAMP/htdocs/Blog/Apps/Home/Model/CommonModel.class.php 第 7 行.
SQL: SHOW COLUMNS FROM `article` [ RunTime:0.0013s ]
SQL: SELECT `aid`,`title`,`content`,`if_delete`,`cuid`,`cid`,`rnum`,`create_time`,`update_time` FROM `article` WHERE (  if_delete = 0 ) ORDER BY aid desc  [ RunTime:0.0005s ]
SQL: SELECT COUNT(*) AS tp_count FROM `article` WHERE (  if_delete = 0 ) LIMIT 1   [ RunTime:0.0003s ]
SQL: SHOW COLUMNS FROM `category` [ RunTime:0.0010s ]
SQL: SELECT `cname` FROM `category` WHERE `cid` = 0 LIMIT 1   [ RunTime:0.0003s ]
SQL: SELECT `cname` FROM `category` WHERE `cid` = 2 LIMIT 1   [ RunTime:0.0003s ]
SQL: SELECT `cname` FROM `category` WHERE `cid` = 2 LIMIT 1   [ RunTime:0.0003s ]
SQL: SELECT `cname` FROM `category` WHERE `cid` = 2 LIMIT 1   [ RunTime:0.0002s ]
SQL: SELECT `cname` FROM `category` WHERE `cid` = 2 LIMIT 1   [ RunTime:0.0002s ]
SQL: SELECT `cname` FROM `category` WHERE `cid` = 2 LIMIT 1   [ RunTime:0.0001s ]
SQL: SELECT `cname` FROM `category` WHERE `cid` = 1 LIMIT 1   [ RunTime:0.0001s ]
SQL: SELECT `cname` FROM `category` WHERE `cid` = 1 LIMIT 1   [ RunTime:0.0001s ]

[ 2015-12-30T13:14:48+08:00 ] 127.0.0.1 /Blog/
INFO: [ app_init ] --START--
INFO: Run Behavior\BuildLiteBehavior [ RunTime:0.000021s ]
INFO: [ app_init ] --END-- [ RunTime:0.000542s ]
INFO: [ app_begin ] --START--
INFO: Run Behavior\ReadHtmlCacheBehavior [ RunTime:0.000433s ]
INFO: [ app_begin ] --END-- [ RunTime:0.000484s ]
INFO: [ view_parse ] --START--
INFO: [ template_filter ] --START--
INFO: Run Behavior\ContentReplaceBehavior [ RunTime:0.000066s ]
INFO: [ template_filter ] --END-- [ RunTime:0.000148s ]
INFO: Run Behavior\ParseTemplateBehavior [ RunTime:0.014172s ]
INFO: [ view_parse ] --END-- [ RunTime:0.014270s ]
INFO: [ view_filter ] --START--
INFO: Run Behavior\WriteHtmlCacheBehavior [ RunTime:0.000214s ]
INFO: [ view_filter ] --END-- [ RunTime:0.000275s ]
INFO: [ app_end ] --START--
INFO: Run Behavior\ShowPageTraceBehavior [ RunTime:0.000586s ]
INFO: [ app_end ] --END-- [ RunTime:0.000690s ]

[ 2015-12-30T13:14:49+08:00 ] 127.0.0.1 /Blog/index.php/Index/getlist
INFO: [ app_init ] --START--
INFO: Run Behavior\BuildLiteBehavior [ RunTime:0.000030s ]
INFO: [ app_init ] --END-- [ RunTime:0.000515s ]
INFO: [ app_begin ] --START--
INFO: Run Behavior\ReadHtmlCacheBehavior [ RunTime:0.000807s ]
INFO: [ app_begin ] --END-- [ RunTime:0.000937s ]
NOTIC: [2048] Declaration of Home\Model\CommonModel::delete() should be compatible with Think\Model::delete($options = Array) /Applications/MAMP/htdocs/Blog/Apps/Home/Model/CommonModel.class.php 第 7 行.
SQL: SHOW COLUMNS FROM `article` [ RunTime:0.0012s ]
SQL: SELECT `aid`,`title`,`content`,`if_delete`,`cuid`,`cid`,`rnum`,`create_time`,`update_time` FROM `article` WHERE (  if_delete = 0 ) ORDER BY aid desc  [ RunTime:0.0006s ]
SQL: SELECT COUNT(*) AS tp_count FROM `article` WHERE (  if_delete = 0 ) LIMIT 1   [ RunTime:0.0007s ]
SQL: SHOW COLUMNS FROM `category` [ RunTime:0.0019s ]
SQL: SELECT `cname` FROM `category` WHERE `cid` = 0 LIMIT 1   [ RunTime:0.0002s ]
SQL: SELECT `cname` FROM `category` WHERE `cid` = 2 LIMIT 1   [ RunTime:0.0002s ]
SQL: SELECT `cname` FROM `category` WHERE `cid` = 2 LIMIT 1   [ RunTime:0.0002s ]
SQL: SELECT `cname` FROM `category` WHERE `cid` = 2 LIMIT 1   [ RunTime:0.0002s ]
SQL: SELECT `cname` FROM `category` WHERE `cid` = 2 LIMIT 1   [ RunTime:0.0002s ]
SQL: SELECT `cname` FROM `category` WHERE `cid` = 2 LIMIT 1   [ RunTime:0.0002s ]
SQL: SELECT `cname` FROM `category` WHERE `cid` = 1 LIMIT 1   [ RunTime:0.0002s ]
SQL: SELECT `cname` FROM `category` WHERE `cid` = 1 LIMIT 1   [ RunTime:0.0002s ]

[ 2015-12-30T13:14:49+08:00 ] 127.0.0.1 /Blog/
INFO: [ app_init ] --START--
INFO: Run Behavior\BuildLiteBehavior [ RunTime:0.000022s ]
INFO: [ app_init ] --END-- [ RunTime:0.000498s ]
INFO: [ app_begin ] --START--
INFO: Run Behavior\ReadHtmlCacheBehavior [ RunTime:0.000491s ]
INFO: [ app_begin ] --END-- [ RunTime:0.000604s ]
INFO: [ view_parse ] --START--
INFO: [ template_filter ] --START--
INFO: Run Behavior\ContentReplaceBehavior [ RunTime:0.000051s ]
INFO: [ template_filter ] --END-- [ RunTime:0.000118s ]
INFO: Run Behavior\ParseTemplateBehavior [ RunTime:0.015587s ]
INFO: [ view_parse ] --END-- [ RunTime:0.015671s ]
INFO: [ view_filter ] --START--
INFO: Run Behavior\WriteHtmlCacheBehavior [ RunTime:0.000175s ]
INFO: [ view_filter ] --END-- [ RunTime:0.000230s ]
INFO: [ app_end ] --START--
INFO: Run Behavior\ShowPageTraceBehavior [ RunTime:0.000539s ]
INFO: [ app_end ] --END-- [ RunTime:0.000596s ]

[ 2015-12-30T13:14:49+08:00 ] 127.0.0.1 /Blog/index.php/Index/getlist
INFO: [ app_init ] --START--
INFO: Run Behavior\BuildLiteBehavior [ RunTime:0.000021s ]
INFO: [ app_init ] --END-- [ RunTime:0.000493s ]
INFO: [ app_begin ] --START--
INFO: Run Behavior\ReadHtmlCacheBehavior [ RunTime:0.000565s ]
INFO: [ app_begin ] --END-- [ RunTime:0.000628s ]
NOTIC: [2048] Declaration of Home\Model\CommonModel::delete() should be compatible with Think\Model::delete($options = Array) /Applications/MAMP/htdocs/Blog/Apps/Home/Model/CommonModel.class.php 第 7 行.
SQL: SHOW COLUMNS FROM `article` [ RunTime:0.0093s ]
SQL: SELECT `aid`,`title`,`content`,`if_delete`,`cuid`,`cid`,`rnum`,`create_time`,`update_time` FROM `article` WHERE (  if_delete = 0 ) ORDER BY aid desc  [ RunTime:0.0005s ]
SQL: SELECT COUNT(*) AS tp_count FROM `article` WHERE (  if_delete = 0 ) LIMIT 1   [ RunTime:0.0003s ]
SQL: SHOW COLUMNS FROM `category` [ RunTime:0.0010s ]
SQL: SELECT `cname` FROM `category` WHERE `cid` = 0 LIMIT 1   [ RunTime:0.0002s ]
SQL: SELECT `cname` FROM `category` WHERE `cid` = 2 LIMIT 1   [ RunTime:0.0002s ]
SQL: SELECT `cname` FROM `category` WHERE `cid` = 2 LIMIT 1   [ RunTime:0.0002s ]
SQL: SELECT `cname` FROM `category` WHERE `cid` = 2 LIMIT 1   [ RunTime:0.0002s ]
SQL: SELECT `cname` FROM `category` WHERE `cid` = 2 LIMIT 1   [ RunTime:0.0002s ]
SQL: SELECT `cname` FROM `category` WHERE `cid` = 2 LIMIT 1   [ RunTime:0.0002s ]
SQL: SELECT `cname` FROM `category` WHERE `cid` = 1 LIMIT 1   [ RunTime:0.0002s ]
SQL: SELECT `cname` FROM `category` WHERE `cid` = 1 LIMIT 1   [ RunTime:0.0002s ]

[ 2015-12-30T13:14:50+08:00 ] 127.0.0.1 /Blog/
INFO: [ app_init ] --START--
INFO: Run Behavior\BuildLiteBehavior [ RunTime:0.000013s ]
INFO: [ app_init ] --END-- [ RunTime:0.000320s ]
INFO: [ app_begin ] --START--
INFO: Run Behavior\ReadHtmlCacheBehavior [ RunTime:0.000410s ]
INFO: [ app_begin ] --END-- [ RunTime:0.000462s ]
INFO: [ view_parse ] --START--
INFO: [ template_filter ] --START--
INFO: Run Behavior\ContentReplaceBehavior [ RunTime:0.000047s ]
INFO: [ template_filter ] --END-- [ RunTime:0.000101s ]
INFO: Run Behavior\ParseTemplateBehavior [ RunTime:0.014801s ]
INFO: [ view_parse ] --END-- [ RunTime:0.014903s ]
INFO: [ view_filter ] --START--
INFO: Run Behavior\WriteHtmlCacheBehavior [ RunTime:0.000260s ]
INFO: [ view_filter ] --END-- [ RunTime:0.000344s ]
INFO: [ app_end ] --START--
INFO: Run Behavior\ShowPageTraceBehavior [ RunTime:0.000869s ]
INFO: [ app_end ] --END-- [ RunTime:0.000962s ]

[ 2015-12-30T13:14:50+08:00 ] 127.0.0.1 /Blog/index.php/Index/getlist
INFO: [ app_init ] --START--
INFO: Run Behavior\BuildLiteBehavior [ RunTime:0.000054s ]
INFO: [ app_init ] --END-- [ RunTime:0.001449s ]
INFO: [ app_begin ] --START--
INFO: Run Behavior\ReadHtmlCacheBehavior [ RunTime:0.000859s ]
INFO: [ app_begin ] --END-- [ RunTime:0.000992s ]
NOTIC: [2048] Declaration of Home\Model\CommonModel::delete() should be compatible with Think\Model::delete($options = Array) /Applications/MAMP/htdocs/Blog/Apps/Home/Model/CommonModel.class.php 第 7 行.
SQL: SHOW COLUMNS FROM `article` [ RunTime:0.0091s ]
SQL: SELECT `aid`,`title`,`content`,`if_delete`,`cuid`,`cid`,`rnum`,`create_time`,`update_time` FROM `article` WHERE (  if_delete = 0 ) ORDER BY aid desc  [ RunTime:0.0006s ]
SQL: SELECT COUNT(*) AS tp_count FROM `article` WHERE (  if_delete = 0 ) LIMIT 1   [ RunTime:0.0003s ]
SQL: SHOW COLUMNS FROM `category` [ RunTime:0.0012s ]
SQL: SELECT `cname` FROM `category` WHERE `cid` = 0 LIMIT 1   [ RunTime:0.0002s ]
SQL: SELECT `cname` FROM `category` WHERE `cid` = 2 LIMIT 1   [ RunTime:0.0001s ]
SQL: SELECT `cname` FROM `category` WHERE `cid` = 2 LIMIT 1   [ RunTime:0.0001s ]
SQL: SELECT `cname` FROM `category` WHERE `cid` = 2 LIMIT 1   [ RunTime:0.0001s ]
SQL: SELECT `cname` FROM `category` WHERE `cid` = 2 LIMIT 1   [ RunTime:0.0001s ]
SQL: SELECT `cname` FROM `category` WHERE `cid` = 2 LIMIT 1   [ RunTime:0.0001s ]
SQL: SELECT `cname` FROM `category` WHERE `cid` = 1 LIMIT 1   [ RunTime:0.0001s ]
SQL: SELECT `cname` FROM `category` WHERE `cid` = 1 LIMIT 1   [ RunTime:0.0002s ]

[ 2015-12-30T13:14:51+08:00 ] 127.0.0.1 /Blog/
INFO: [ app_init ] --START--
INFO: Run Behavior\BuildLiteBehavior [ RunTime:0.000015s ]
INFO: [ app_init ] --END-- [ RunTime:0.000362s ]
INFO: [ app_begin ] --START--
INFO: Run Behavior\ReadHtmlCacheBehavior [ RunTime:0.000461s ]
INFO: [ app_begin ] --END-- [ RunTime:0.000518s ]
INFO: [ view_parse ] --START--
INFO: [ template_filter ] --START--
INFO: Run Behavior\ContentReplaceBehavior [ RunTime:0.000067s ]
INFO: [ template_filter ] --END-- [ RunTime:0.000126s ]
INFO: Run Behavior\ParseTemplateBehavior [ RunTime:0.015282s ]
INFO: [ view_parse ] --END-- [ RunTime:0.015390s ]
INFO: [ view_filter ] --START--
INFO: Run Behavior\WriteHtmlCacheBehavior [ RunTime:0.000259s ]
INFO: [ view_filter ] --END-- [ RunTime:0.000339s ]
INFO: [ app_end ] --START--
INFO: Run Behavior\ShowPageTraceBehavior [ RunTime:0.000836s ]
INFO: [ app_end ] --END-- [ RunTime:0.000925s ]

[ 2015-12-30T13:14:51+08:00 ] 127.0.0.1 /Blog/index.php/Index/getlist
INFO: [ app_init ] --START--
INFO: Run Behavior\BuildLiteBehavior [ RunTime:0.000016s ]
INFO: [ app_init ] --END-- [ RunTime:0.000336s ]
INFO: [ app_begin ] --START--
INFO: Run Behavior\ReadHtmlCacheBehavior [ RunTime:0.000428s ]
INFO: [ app_begin ] --END-- [ RunTime:0.000485s ]
NOTIC: [2048] Declaration of Home\Model\CommonModel::delete() should be compatible with Think\Model::delete($options = Array) /Applications/MAMP/htdocs/Blog/Apps/Home/Model/CommonModel.class.php 第 7 行.
SQL: SHOW COLUMNS FROM `article` [ RunTime:0.0095s ]
SQL: SELECT `aid`,`title`,`content`,`if_delete`,`cuid`,`cid`,`rnum`,`create_time`,`update_time` FROM `article` WHERE (  if_delete = 0 ) ORDER BY aid desc  [ RunTime:0.0011s ]
SQL: SELECT COUNT(*) AS tp_count FROM `article` WHERE (  if_delete = 0 ) LIMIT 1   [ RunTime:0.0004s ]
SQL: SHOW COLUMNS FROM `category` [ RunTime:0.0011s ]
SQL: SELECT `cname` FROM `category` WHERE `cid` = 0 LIMIT 1   [ RunTime:0.0002s ]
SQL: SELECT `cname` FROM `category` WHERE `cid` = 2 LIMIT 1   [ RunTime:0.0001s ]
SQL: SELECT `cname` FROM `category` WHERE `cid` = 2 LIMIT 1   [ RunTime:0.0001s ]
SQL: SELECT `cname` FROM `category` WHERE `cid` = 2 LIMIT 1   [ RunTime:0.0001s ]
SQL: SELECT `cname` FROM `category` WHERE `cid` = 2 LIMIT 1   [ RunTime:0.0001s ]
SQL: SELECT `cname` FROM `category` WHERE `cid` = 2 LIMIT 1   [ RunTime:0.0001s ]
SQL: SELECT `cname` FROM `category` WHERE `cid` = 1 LIMIT 1   [ RunTime:0.0001s ]
SQL: SELECT `cname` FROM `category` WHERE `cid` = 1 LIMIT 1   [ RunTime:0.0001s ]

[ 2015-12-30T13:14:51+08:00 ] 127.0.0.1 /Blog/
INFO: [ app_init ] --START--
INFO: Run Behavior\BuildLiteBehavior [ RunTime:0.000016s ]
INFO: [ app_init ] --END-- [ RunTime:0.000369s ]
INFO: [ app_begin ] --START--
INFO: Run Behavior\ReadHtmlCacheBehavior [ RunTime:0.000462s ]
INFO: [ app_begin ] --END-- [ RunTime:0.000525s ]
INFO: [ view_parse ] --START--
INFO: [ template_filter ] --START--
INFO: Run Behavior\ContentReplaceBehavior [ RunTime:0.000047s ]
INFO: [ template_filter ] --END-- [ RunTime:0.000100s ]
INFO: Run Behavior\ParseTemplateBehavior [ RunTime:0.015048s ]
INFO: [ view_parse ] --END-- [ RunTime:0.015157s ]
INFO: [ view_filter ] --START--
INFO: Run Behavior\WriteHtmlCacheBehavior [ RunTime:0.000256s ]
INFO: [ view_filter ] --END-- [ RunTime:0.000339s ]
INFO: [ app_end ] --START--
INFO: Run Behavior\ShowPageTraceBehavior [ RunTime:0.000813s ]
INFO: [ app_end ] --END-- [ RunTime:0.000948s ]

[ 2015-12-30T13:14:51+08:00 ] 127.0.0.1 /Blog/index.php/Index/getlist
INFO: [ app_init ] --START--
INFO: Run Behavior\BuildLiteBehavior [ RunTime:0.000016s ]
INFO: [ app_init ] --END-- [ RunTime:0.000335s ]
INFO: [ app_begin ] --START--
INFO: Run Behavior\ReadHtmlCacheBehavior [ RunTime:0.000588s ]
INFO: [ app_begin ] --END-- [ RunTime:0.000656s ]
NOTIC: [2048] Declaration of Home\Model\CommonModel::delete() should be compatible with Think\Model::delete($options = Array) /Applications/MAMP/htdocs/Blog/Apps/Home/Model/CommonModel.class.php 第 7 行.
SQL: SHOW COLUMNS FROM `article` [ RunTime:0.0091s ]
SQL: SELECT `aid`,`title`,`content`,`if_delete`,`cuid`,`cid`,`rnum`,`create_time`,`update_time` FROM `article` WHERE (  if_delete = 0 ) ORDER BY aid desc  [ RunTime:0.0005s ]
SQL: SELECT COUNT(*) AS tp_count FROM `article` WHERE (  if_delete = 0 ) LIMIT 1   [ RunTime:0.0003s ]
SQL: SHOW COLUMNS FROM `category` [ RunTime:0.0009s ]
SQL: SELECT `cname` FROM `category` WHERE `cid` = 0 LIMIT 1   [ RunTime:0.0002s ]
SQL: SELECT `cname` FROM `category` WHERE `cid` = 2 LIMIT 1   [ RunTime:0.0001s ]
SQL: SELECT `cname` FROM `category` WHERE `cid` = 2 LIMIT 1   [ RunTime:0.0001s ]
SQL: SELECT `cname` FROM `category` WHERE `cid` = 2 LIMIT 1   [ RunTime:0.0001s ]
SQL: SELECT `cname` FROM `category` WHERE `cid` = 2 LIMIT 1   [ RunTime:0.0001s ]
SQL: SELECT `cname` FROM `category` WHERE `cid` = 2 LIMIT 1   [ RunTime:0.0001s ]
SQL: SELECT `cname` FROM `category` WHERE `cid` = 1 LIMIT 1   [ RunTime:0.0002s ]
SQL: SELECT `cname` FROM `category` WHERE `cid` = 1 LIMIT 1   [ RunTime:0.0001s ]

[ 2015-12-30T13:15:21+08:00 ] 127.0.0.1 /Blog/
INFO: [ app_init ] --START--
INFO: Run Behavior\BuildLiteBehavior [ RunTime:0.000017s ]
INFO: [ app_init ] --END-- [ RunTime:0.000376s ]
INFO: [ app_begin ] --START--
INFO: Run Behavior\ReadHtmlCacheBehavior [ RunTime:0.000483s ]
INFO: [ app_begin ] --END-- [ RunTime:0.000544s ]
INFO: [ view_parse ] --START--
INFO: [ template_filter ] --START--
INFO: Run Behavior\ContentReplaceBehavior [ RunTime:0.000068s ]
INFO: [ template_filter ] --END-- [ RunTime:0.000157s ]
INFO: Run Behavior\ParseTemplateBehavior [ RunTime:0.015985s ]
INFO: [ view_parse ] --END-- [ RunTime:0.016093s ]
INFO: [ view_filter ] --START--
INFO: Run Behavior\WriteHtmlCacheBehavior [ RunTime:0.000255s ]
INFO: [ view_filter ] --END-- [ RunTime:0.000336s ]
INFO: [ app_end ] --START--
INFO: Run Behavior\ShowPageTraceBehavior [ RunTime:0.000809s ]
INFO: [ app_end ] --END-- [ RunTime:0.000898s ]

[ 2015-12-30T13:15:21+08:00 ] 127.0.0.1 /Blog/index.php/Index/getlist
INFO: [ app_init ] --START--
INFO: Run Behavior\BuildLiteBehavior [ RunTime:0.000023s ]
INFO: [ app_init ] --END-- [ RunTime:0.000461s ]
INFO: [ app_begin ] --START--
INFO: Run Behavior\ReadHtmlCacheBehavior [ RunTime:0.000531s ]
INFO: [ app_begin ] --END-- [ RunTime:0.000593s ]
NOTIC: [2048] Declaration of Home\Model\CommonModel::delete() should be compatible with Think\Model::delete($options = Array) /Applications/MAMP/htdocs/Blog/Apps/Home/Model/CommonModel.class.php 第 7 行.
SQL: SHOW COLUMNS FROM `article` [ RunTime:0.0089s ]
SQL: SELECT `aid`,`title`,`content`,`if_delete`,`cuid`,`cid`,`rnum`,`create_time`,`update_time` FROM `article` WHERE (  if_delete = 0 ) ORDER BY aid desc  [ RunTime:0.0006s ]
SQL: SELECT COUNT(*) AS tp_count FROM `article` WHERE (  if_delete = 0 ) LIMIT 1   [ RunTime:0.0003s ]
SQL: SHOW COLUMNS FROM `category` [ RunTime:0.0009s ]
SQL: SELECT `cname` FROM `category` WHERE `cid` = 0 LIMIT 1   [ RunTime:0.0002s ]
SQL: SELECT `cname` FROM `category` WHERE `cid` = 2 LIMIT 1   [ RunTime:0.0002s ]
SQL: SELECT `cname` FROM `category` WHERE `cid` = 2 LIMIT 1   [ RunTime:0.0002s ]
SQL: SELECT `cname` FROM `category` WHERE `cid` = 2 LIMIT 1   [ RunTime:0.0001s ]
SQL: SELECT `cname` FROM `category` WHERE `cid` = 2 LIMIT 1   [ RunTime:0.0001s ]
SQL: SELECT `cname` FROM `category` WHERE `cid` = 2 LIMIT 1   [ RunTime:0.0002s ]
SQL: SELECT `cname` FROM `category` WHERE `cid` = 1 LIMIT 1   [ RunTime:0.0002s ]
SQL: SELECT `cname` FROM `category` WHERE `cid` = 1 LIMIT 1   [ RunTime:0.0002s ]

[ 2015-12-30T13:17:24+08:00 ] 127.0.0.1 /Blog/
INFO: [ app_init ] --START--
INFO: Run Behavior\BuildLiteBehavior [ RunTime:0.000016s ]
INFO: [ app_init ] --END-- [ RunTime:0.000352s ]
INFO: [ app_begin ] --START--
INFO: Run Behavior\ReadHtmlCacheBehavior [ RunTime:0.000502s ]
INFO: [ app_begin ] --END-- [ RunTime:0.000571s ]
INFO: [ view_parse ] --START--
INFO: [ template_filter ] --START--
INFO: Run Behavior\ContentReplaceBehavior [ RunTime:0.000071s ]
INFO: [ template_filter ] --END-- [ RunTime:0.000150s ]
INFO: Run Behavior\ParseTemplateBehavior [ RunTime:0.010834s ]
INFO: [ view_parse ] --END-- [ RunTime:0.010909s ]
INFO: [ view_filter ] --START--
INFO: Run Behavior\WriteHtmlCacheBehavior [ RunTime:0.000498s ]
INFO: [ view_filter ] --END-- [ RunTime:0.000567s ]
INFO: [ app_end ] --START--
INFO: Run Behavior\ShowPageTraceBehavior [ RunTime:0.000922s ]
INFO: [ app_end ] --END-- [ RunTime:0.001003s ]

[ 2015-12-30T13:17:24+08:00 ] 127.0.0.1 /Blog/index.php/Index/getlist
INFO: [ app_init ] --START--
INFO: Run Behavior\BuildLiteBehavior [ RunTime:0.000066s ]
INFO: [ app_init ] --END-- [ RunTime:0.001146s ]
INFO: [ app_begin ] --START--
INFO: Run Behavior\ReadHtmlCacheBehavior [ RunTime:0.000565s ]
INFO: [ app_begin ] --END-- [ RunTime:0.000638s ]
NOTIC: [2048] Declaration of Home\Model\CommonModel::delete() should be compatible with Think\Model::delete($options = Array) /Applications/MAMP/htdocs/Blog/Apps/Home/Model/CommonModel.class.php 第 7 行.
SQL: SHOW COLUMNS FROM `article` [ RunTime:0.0012s ]
SQL: SELECT `aid`,`title`,`content`,`if_delete`,`cuid`,`cid`,`rnum`,`create_time`,`update_time` FROM `article` WHERE (  if_delete = 0 ) ORDER BY aid desc  [ RunTime:0.0006s ]
SQL: SELECT COUNT(*) AS tp_count FROM `article` WHERE (  if_delete = 0 ) LIMIT 1   [ RunTime:0.0002s ]
SQL: SHOW COLUMNS FROM `category` [ RunTime:0.0012s ]
SQL: SELECT `cname` FROM `category` WHERE `cid` = 0 LIMIT 1   [ RunTime:0.0002s ]
SQL: SELECT `cname` FROM `category` WHERE `cid` = 0 LIMIT 1   [ RunTime:0.0002s ]
SQL: SELECT `cname` FROM `category` WHERE `cid` = 2 LIMIT 1   [ RunTime:0.0002s ]
SQL: SELECT `cname` FROM `category` WHERE `cid` = 2 LIMIT 1   [ RunTime:0.0002s ]
SQL: SELECT `cname` FROM `category` WHERE `cid` = 2 LIMIT 1   [ RunTime:0.0002s ]
SQL: SELECT `cname` FROM `category` WHERE `cid` = 2 LIMIT 1   [ RunTime:0.0002s ]
SQL: SELECT `cname` FROM `category` WHERE `cid` = 2 LIMIT 1   [ RunTime:0.0002s ]
SQL: SELECT `cname` FROM `category` WHERE `cid` = 1 LIMIT 1   [ RunTime:0.0002s ]
SQL: SELECT `cname` FROM `category` WHERE `cid` = 1 LIMIT 1   [ RunTime:0.0002s ]

[ 2015-12-30T13:17:26+08:00 ] 127.0.0.1 /Blog/
INFO: [ app_init ] --START--
INFO: Run Behavior\BuildLiteBehavior [ RunTime:0.000013s ]
INFO: [ app_init ] --END-- [ RunTime:0.000326s ]
INFO: [ app_begin ] --START--
INFO: Run Behavior\ReadHtmlCacheBehavior [ RunTime:0.000424s ]
INFO: [ app_begin ] --END-- [ RunTime:0.000486s ]
INFO: [ view_parse ] --START--
INFO: [ template_filter ] --START--
INFO: Run Behavior\ContentReplaceBehavior [ RunTime:0.000076s ]
INFO: [ template_filter ] --END-- [ RunTime:0.000150s ]
INFO: Run Behavior\ParseTemplateBehavior [ RunTime:0.016924s ]
INFO: [ view_parse ] --END-- [ RunTime:0.017032s ]
INFO: [ view_filter ] --START--
INFO: Run Behavior\WriteHtmlCacheBehavior [ RunTime:0.000262s ]
INFO: [ view_filter ] --END-- [ RunTime:0.000344s ]
INFO: [ app_end ] --START--
INFO: Run Behavior\ShowPageTraceBehavior [ RunTime:0.000852s ]
INFO: [ app_end ] --END-- [ RunTime:0.000943s ]

[ 2015-12-30T13:17:26+08:00 ] 127.0.0.1 /Blog/index.php/Index/getlist
INFO: [ app_init ] --START--
INFO: Run Behavior\BuildLiteBehavior [ RunTime:0.000018s ]
INFO: [ app_init ] --END-- [ RunTime:0.000521s ]
INFO: [ app_begin ] --START--
INFO: Run Behavior\ReadHtmlCacheBehavior [ RunTime:0.000465s ]
INFO: [ app_begin ] --END-- [ RunTime:0.000529s ]
NOTIC: [2048] Declaration of Home\Model\CommonModel::delete() should be compatible with Think\Model::delete($options = Array) /Applications/MAMP/htdocs/Blog/Apps/Home/Model/CommonModel.class.php 第 7 行.
SQL: SHOW COLUMNS FROM `article` [ RunTime:0.0096s ]
SQL: SELECT `aid`,`title`,`content`,`if_delete`,`cuid`,`cid`,`rnum`,`create_time`,`update_time` FROM `article` WHERE (  if_delete = 0 ) ORDER BY aid desc  [ RunTime:0.0011s ]
SQL: SELECT COUNT(*) AS tp_count FROM `article` WHERE (  if_delete = 0 ) LIMIT 1   [ RunTime:0.0003s ]
SQL: SHOW COLUMNS FROM `category` [ RunTime:0.0010s ]
SQL: SELECT `cname` FROM `category` WHERE `cid` = 0 LIMIT 1   [ RunTime:0.0003s ]
SQL: SELECT `cname` FROM `category` WHERE `cid` = 0 LIMIT 1   [ RunTime:0.0002s ]
SQL: SELECT `cname` FROM `category` WHERE `cid` = 2 LIMIT 1   [ RunTime:0.0002s ]
SQL: SELECT `cname` FROM `category` WHERE `cid` = 2 LIMIT 1   [ RunTime:0.0002s ]
SQL: SELECT `cname` FROM `category` WHERE `cid` = 2 LIMIT 1   [ RunTime:0.0002s ]
SQL: SELECT `cname` FROM `category` WHERE `cid` = 2 LIMIT 1   [ RunTime:0.0002s ]
SQL: SELECT `cname` FROM `category` WHERE `cid` = 2 LIMIT 1   [ RunTime:0.0002s ]
SQL: SELECT `cname` FROM `category` WHERE `cid` = 1 LIMIT 1   [ RunTime:0.0002s ]
SQL: SELECT `cname` FROM `category` WHERE `cid` = 1 LIMIT 1   [ RunTime:0.0002s ]

[ 2015-12-30T13:17:27+08:00 ] 127.0.0.1 /Blog/
INFO: [ app_init ] --START--
INFO: Run Behavior\BuildLiteBehavior [ RunTime:0.000025s ]
INFO: [ app_init ] --END-- [ RunTime:0.000446s ]
INFO: [ app_begin ] --START--
INFO: Run Behavior\ReadHtmlCacheBehavior [ RunTime:0.000639s ]
INFO: [ app_begin ] --END-- [ RunTime:0.000743s ]
INFO: [ view_parse ] --START--
INFO: [ template_filter ] --START--
INFO: Run Behavior\ContentReplaceBehavior [ RunTime:0.000051s ]
INFO: [ template_filter ] --END-- [ RunTime:0.000119s ]
INFO: Run Behavior\ParseTemplateBehavior [ RunTime:0.017066s ]
INFO: [ view_parse ] --END-- [ RunTime:0.017236s ]
INFO: [ view_filter ] --START--
INFO: Run Behavior\WriteHtmlCacheBehavior [ RunTime:0.000252s ]
INFO: [ view_filter ] --END-- [ RunTime:0.000332s ]
INFO: [ app_end ] --START--
INFO: Run Behavior\ShowPageTraceBehavior [ RunTime:0.000800s ]
INFO: [ app_end ] --END-- [ RunTime:0.000888s ]

[ 2015-12-30T13:17:27+08:00 ] 127.0.0.1 /Blog/index.php/Index/getlist
INFO: [ app_init ] --START--
INFO: Run Behavior\BuildLiteBehavior [ RunTime:0.000030s ]
INFO: [ app_init ] --END-- [ RunTime:0.000606s ]
INFO: [ app_begin ] --START--
INFO: Run Behavior\ReadHtmlCacheBehavior [ RunTime:0.000503s ]
INFO: [ app_begin ] --END-- [ RunTime:0.000573s ]
NOTIC: [2048] Declaration of Home\Model\CommonModel::delete() should be compatible with Think\Model::delete($options = Array) /Applications/MAMP/htdocs/Blog/Apps/Home/Model/CommonModel.class.php 第 7 行.
SQL: SHOW COLUMNS FROM `article` [ RunTime:0.0089s ]
SQL: SELECT `aid`,`title`,`content`,`if_delete`,`cuid`,`cid`,`rnum`,`create_time`,`update_time` FROM `article` WHERE (  if_delete = 0 ) ORDER BY aid desc  [ RunTime:0.0006s ]
SQL: SELECT COUNT(*) AS tp_count FROM `article` WHERE (  if_delete = 0 ) LIMIT 1   [ RunTime:0.0009s ]
SQL: SHOW COLUMNS FROM `category` [ RunTime:0.0019s ]
SQL: SELECT `cname` FROM `category` WHERE `cid` = 0 LIMIT 1   [ RunTime:0.0003s ]
SQL: SELECT `cname` FROM `category` WHERE `cid` = 0 LIMIT 1   [ RunTime:0.0002s ]
SQL: SELECT `cname` FROM `category` WHERE `cid` = 2 LIMIT 1   [ RunTime:0.0001s ]
SQL: SELECT `cname` FROM `category` WHERE `cid` = 2 LIMIT 1   [ RunTime:0.0001s ]
SQL: SELECT `cname` FROM `category` WHERE `cid` = 2 LIMIT 1   [ RunTime:0.0001s ]
SQL: SELECT `cname` FROM `category` WHERE `cid` = 2 LIMIT 1   [ RunTime:0.0002s ]
SQL: SELECT `cname` FROM `category` WHERE `cid` = 2 LIMIT 1   [ RunTime:0.0001s ]
SQL: SELECT `cname` FROM `category` WHERE `cid` = 1 LIMIT 1   [ RunTime:0.0001s ]
SQL: SELECT `cname` FROM `category` WHERE `cid` = 1 LIMIT 1   [ RunTime:0.0001s ]

[ 2015-12-30T13:17:56+08:00 ] 127.0.0.1 /Blog/
INFO: [ app_init ] --START--
INFO: Run Behavior\BuildLiteBehavior [ RunTime:0.000059s ]
INFO: [ app_init ] --END-- [ RunTime:0.001112s ]
INFO: [ app_begin ] --START--
INFO: Run Behavior\ReadHtmlCacheBehavior [ RunTime:0.000876s ]
INFO: [ app_begin ] --END-- [ RunTime:0.001096s ]
INFO: [ view_parse ] --START--
INFO: [ template_filter ] --START--
INFO: Run Behavior\ContentReplaceBehavior [ RunTime:0.000091s ]
INFO: [ template_filter ] --END-- [ RunTime:0.000173s ]
INFO: Run Behavior\ParseTemplateBehavior [ RunTime:0.017244s ]
INFO: [ view_parse ] --END-- [ RunTime:0.017357s ]
INFO: [ view_filter ] --START--
INFO: Run Behavior\WriteHtmlCacheBehavior [ RunTime:0.000258s ]
INFO: [ view_filter ] --END-- [ RunTime:0.000339s ]
INFO: [ app_end ] --START--
INFO: Run Behavior\ShowPageTraceBehavior [ RunTime:0.000839s ]
INFO: [ app_end ] --END-- [ RunTime:0.000928s ]

[ 2015-12-30T13:17:56+08:00 ] 127.0.0.1 /Blog/index.php/Index/getlist
INFO: [ app_init ] --START--
INFO: Run Behavior\BuildLiteBehavior [ RunTime:0.000025s ]
INFO: [ app_init ] --END-- [ RunTime:0.000604s ]
INFO: [ app_begin ] --START--
INFO: Run Behavior\ReadHtmlCacheBehavior [ RunTime:0.000839s ]
INFO: [ app_begin ] --END-- [ RunTime:0.000953s ]
NOTIC: [2048] Declaration of Home\Model\CommonModel::delete() should be compatible with Think\Model::delete($options = Array) /Applications/MAMP/htdocs/Blog/Apps/Home/Model/CommonModel.class.php 第 7 行.
SQL: SHOW COLUMNS FROM `article` [ RunTime:0.0113s ]
SQL: SELECT `aid`,`title`,`content`,`if_delete`,`cuid`,`cid`,`rnum`,`create_time`,`update_time` FROM `article` WHERE (  if_delete = 0 ) ORDER BY aid desc  [ RunTime:0.0012s ]
SQL: SELECT COUNT(*) AS tp_count FROM `article` WHERE (  if_delete = 0 ) LIMIT 1   [ RunTime:0.0003s ]
SQL: SHOW COLUMNS FROM `category` [ RunTime:0.0009s ]
SQL: SELECT `cname` FROM `category` WHERE `cid` = 0 LIMIT 1   [ RunTime:0.0003s ]
SQL: SELECT `cname` FROM `category` WHERE `cid` = 0 LIMIT 1   [ RunTime:0.0002s ]
SQL: SELECT `cname` FROM `category` WHERE `cid` = 2 LIMIT 1   [ RunTime:0.0002s ]
SQL: SELECT `cname` FROM `category` WHERE `cid` = 2 LIMIT 1   [ RunTime:0.0002s ]
SQL: SELECT `cname` FROM `category` WHERE `cid` = 2 LIMIT 1   [ RunTime:0.0003s ]
SQL: SELECT `cname` FROM `category` WHERE `cid` = 2 LIMIT 1   [ RunTime:0.0003s ]
SQL: SELECT `cname` FROM `category` WHERE `cid` = 2 LIMIT 1   [ RunTime:0.0002s ]
SQL: SELECT `cname` FROM `category` WHERE `cid` = 1 LIMIT 1   [ RunTime:0.0002s ]
SQL: SELECT `cname` FROM `category` WHERE `cid` = 1 LIMIT 1   [ RunTime:0.0002s ]

[ 2015-12-30T13:18:15+08:00 ] 127.0.0.1 /Blog/
INFO: [ app_init ] --START--
INFO: Run Behavior\BuildLiteBehavior [ RunTime:0.000017s ]
INFO: [ app_init ] --END-- [ RunTime:0.000378s ]
INFO: [ app_begin ] --START--
INFO: Run Behavior\ReadHtmlCacheBehavior [ RunTime:0.000494s ]
INFO: [ app_begin ] --END-- [ RunTime:0.000561s ]
INFO: [ view_parse ] --START--
INFO: [ template_filter ] --START--
INFO: Run Behavior\ContentReplaceBehavior [ RunTime:0.000065s ]
INFO: [ template_filter ] --END-- [ RunTime:0.000178s ]
INFO: Run Behavior\ParseTemplateBehavior [ RunTime:0.020709s ]
INFO: [ view_parse ] --END-- [ RunTime:0.020821s ]
INFO: [ view_filter ] --START--
INFO: Run Behavior\WriteHtmlCacheBehavior [ RunTime:0.000251s ]
INFO: [ view_filter ] --END-- [ RunTime:0.000325s ]
INFO: [ app_end ] --START--
INFO: Run Behavior\ShowPageTraceBehavior [ RunTime:0.000617s ]
INFO: [ app_end ] --END-- [ RunTime:0.000680s ]

[ 2015-12-30T13:18:16+08:00 ] 127.0.0.1 /Blog/index.php/Index/getlist
INFO: [ app_init ] --START--
INFO: Run Behavior\BuildLiteBehavior [ RunTime:0.000030s ]
INFO: [ app_init ] --END-- [ RunTime:0.000736s ]
INFO: [ app_begin ] --START--
INFO: Run Behavior\ReadHtmlCacheBehavior [ RunTime:0.000712s ]
INFO: [ app_begin ] --END-- [ RunTime:0.000813s ]
NOTIC: [2048] Declaration of Home\Model\CommonModel::delete() should be compatible with Think\Model::delete($options = Array) /Applications/MAMP/htdocs/Blog/Apps/Home/Model/CommonModel.class.php 第 7 行.
SQL: SHOW COLUMNS FROM `article` [ RunTime:0.0116s ]
SQL: SELECT `aid`,`title`,`content`,`if_delete`,`cuid`,`cid`,`rnum`,`create_time`,`update_time` FROM `article` WHERE (  if_delete = 0 ) ORDER BY aid desc  [ RunTime:0.0011s ]
SQL: SELECT COUNT(*) AS tp_count FROM `article` WHERE (  if_delete = 0 ) LIMIT 1   [ RunTime:0.0002s ]
SQL: SHOW COLUMNS FROM `category` [ RunTime:0.0010s ]
SQL: SELECT `cname` FROM `category` WHERE `cid` = 0 LIMIT 1   [ RunTime:0.0002s ]
SQL: SELECT `cname` FROM `category` WHERE `cid` = 0 LIMIT 1   [ RunTime:0.0002s ]
SQL: SELECT `cname` FROM `category` WHERE `cid` = 0 LIMIT 1   [ RunTime:0.0002s ]
SQL: SELECT `cname` FROM `category` WHERE `cid` = 2 LIMIT 1   [ RunTime:0.0002s ]
SQL: SELECT `cname` FROM `category` WHERE `cid` = 2 LIMIT 1   [ RunTime:0.0002s ]
SQL: SELECT `cname` FROM `category` WHERE `cid` = 2 LIMIT 1   [ RunTime:0.0002s ]
SQL: SELECT `cname` FROM `category` WHERE `cid` = 2 LIMIT 1   [ RunTime:0.0002s ]
SQL: SELECT `cname` FROM `category` WHERE `cid` = 2 LIMIT 1   [ RunTime:0.0002s ]
SQL: SELECT `cname` FROM `category` WHERE `cid` = 1 LIMIT 1   [ RunTime:0.0002s ]
SQL: SELECT `cname` FROM `category` WHERE `cid` = 1 LIMIT 1   [ RunTime:0.0002s ]

[ 2015-12-30T13:18:16+08:00 ] 127.0.0.1 /Blog/
INFO: [ app_init ] --START--
INFO: Run Behavior\BuildLiteBehavior [ RunTime:0.000021s ]
INFO: [ app_init ] --END-- [ RunTime:0.000602s ]
INFO: [ app_begin ] --START--
INFO: Run Behavior\ReadHtmlCacheBehavior [ RunTime:0.000773s ]
INFO: [ app_begin ] --END-- [ RunTime:0.000907s ]
INFO: [ view_parse ] --START--
INFO: [ template_filter ] --START--
INFO: Run Behavior\ContentReplaceBehavior [ RunTime:0.000049s ]
INFO: [ template_filter ] --END-- [ RunTime:0.000116s ]
INFO: Run Behavior\ParseTemplateBehavior [ RunTime:0.015779s ]
INFO: [ view_parse ] --END-- [ RunTime:0.015914s ]
INFO: [ view_filter ] --START--
INFO: Run Behavior\WriteHtmlCacheBehavior [ RunTime:0.000260s ]
INFO: [ view_filter ] --END-- [ RunTime:0.000341s ]
INFO: [ app_end ] --START--
INFO: Run Behavior\ShowPageTraceBehavior [ RunTime:0.000813s ]
INFO: [ app_end ] --END-- [ RunTime:0.000904s ]

[ 2015-12-30T13:18:17+08:00 ] 127.0.0.1 /Blog/index.php/Index/getlist
INFO: [ app_init ] --START--
INFO: Run Behavior\BuildLiteBehavior [ RunTime:0.000027s ]
INFO: [ app_init ] --END-- [ RunTime:0.000563s ]
INFO: [ app_begin ] --START--
INFO: Run Behavior\ReadHtmlCacheBehavior [ RunTime:0.000637s ]
INFO: [ app_begin ] --END-- [ RunTime:0.000761s ]
NOTIC: [2048] Declaration of Home\Model\CommonModel::delete() should be compatible with Think\Model::delete($options = Array) /Applications/MAMP/htdocs/Blog/Apps/Home/Model/CommonModel.class.php 第 7 行.
SQL: SHOW COLUMNS FROM `article` [ RunTime:0.0106s ]
SQL: SELECT `aid`,`title`,`content`,`if_delete`,`cuid`,`cid`,`rnum`,`create_time`,`update_time` FROM `article` WHERE (  if_delete = 0 ) ORDER BY aid desc  [ RunTime:0.0019s ]
SQL: SELECT COUNT(*) AS tp_count FROM `article` WHERE (  if_delete = 0 ) LIMIT 1   [ RunTime:0.0008s ]
SQL: SHOW COLUMNS FROM `category` [ RunTime:0.0009s ]
SQL: SELECT `cname` FROM `category` WHERE `cid` = 0 LIMIT 1   [ RunTime:0.0002s ]
SQL: SELECT `cname` FROM `category` WHERE `cid` = 0 LIMIT 1   [ RunTime:0.0002s ]
SQL: SELECT `cname` FROM `category` WHERE `cid` = 0 LIMIT 1   [ RunTime:0.0002s ]
SQL: SELECT `cname` FROM `category` WHERE `cid` = 2 LIMIT 1   [ RunTime:0.0002s ]
SQL: SELECT `cname` FROM `category` WHERE `cid` = 2 LIMIT 1   [ RunTime:0.0002s ]
SQL: SELECT `cname` FROM `category` WHERE `cid` = 2 LIMIT 1   [ RunTime:0.0002s ]
SQL: SELECT `cname` FROM `category` WHERE `cid` = 2 LIMIT 1   [ RunTime:0.0002s ]
SQL: SELECT `cname` FROM `category` WHERE `cid` = 2 LIMIT 1   [ RunTime:0.0002s ]
SQL: SELECT `cname` FROM `category` WHERE `cid` = 1 LIMIT 1   [ RunTime:0.0002s ]
SQL: SELECT `cname` FROM `category` WHERE `cid` = 1 LIMIT 1   [ RunTime:0.0002s ]

[ 2015-12-30T13:18:18+08:00 ] 127.0.0.1 /Blog/
INFO: [ app_init ] --START--
INFO: Run Behavior\BuildLiteBehavior [ RunTime:0.000043s ]
INFO: [ app_init ] --END-- [ RunTime:0.000681s ]
INFO: [ app_begin ] --START--
INFO: Run Behavior\ReadHtmlCacheBehavior [ RunTime:0.000849s ]
INFO: [ app_begin ] --END-- [ RunTime:0.001016s ]
INFO: [ view_parse ] --START--
INFO: [ template_filter ] --START--
INFO: Run Behavior\ContentReplaceBehavior [ RunTime:0.000050s ]
INFO: [ template_filter ] --END-- [ RunTime:0.000109s ]
INFO: Run Behavior\ParseTemplateBehavior [ RunTime:0.014107s ]
INFO: [ view_parse ] --END-- [ RunTime:0.014227s ]
INFO: [ view_filter ] --START--
INFO: Run Behavior\WriteHtmlCacheBehavior [ RunTime:0.000183s ]
INFO: [ view_filter ] --END-- [ RunTime:0.000238s ]
INFO: [ app_end ] --START--
INFO: Run Behavior\ShowPageTraceBehavior [ RunTime:0.000554s ]
INFO: [ app_end ] --END-- [ RunTime:0.000613s ]

[ 2015-12-30T13:18:18+08:00 ] 127.0.0.1 /Blog/index.php/Index/getlist
INFO: [ app_init ] --START--
INFO: Run Behavior\BuildLiteBehavior [ RunTime:0.000016s ]
INFO: [ app_init ] --END-- [ RunTime:0.000338s ]
INFO: [ app_begin ] --START--
INFO: Run Behavior\ReadHtmlCacheBehavior [ RunTime:0.000433s ]
INFO: [ app_begin ] --END-- [ RunTime:0.000489s ]
NOTIC: [2048] Declaration of Home\Model\CommonModel::delete() should be compatible with Think\Model::delete($options = Array) /Applications/MAMP/htdocs/Blog/Apps/Home/Model/CommonModel.class.php 第 7 行.
SQL: SHOW COLUMNS FROM `article` [ RunTime:0.0094s ]
SQL: SELECT `aid`,`title`,`content`,`if_delete`,`cuid`,`cid`,`rnum`,`create_time`,`update_time` FROM `article` WHERE (  if_delete = 0 ) ORDER BY aid desc  [ RunTime:0.0005s ]
SQL: SELECT COUNT(*) AS tp_count FROM `article` WHERE (  if_delete = 0 ) LIMIT 1   [ RunTime:0.0003s ]
SQL: SHOW COLUMNS FROM `category` [ RunTime:0.0009s ]
SQL: SELECT `cname` FROM `category` WHERE `cid` = 0 LIMIT 1   [ RunTime:0.0002s ]
SQL: SELECT `cname` FROM `category` WHERE `cid` = 0 LIMIT 1   [ RunTime:0.0001s ]
SQL: SELECT `cname` FROM `category` WHERE `cid` = 0 LIMIT 1   [ RunTime:0.0001s ]
SQL: SELECT `cname` FROM `category` WHERE `cid` = 2 LIMIT 1   [ RunTime:0.0002s ]
SQL: SELECT `cname` FROM `category` WHERE `cid` = 2 LIMIT 1   [ RunTime:0.0001s ]
SQL: SELECT `cname` FROM `category` WHERE `cid` = 2 LIMIT 1   [ RunTime:0.0001s ]
SQL: SELECT `cname` FROM `category` WHERE `cid` = 2 LIMIT 1   [ RunTime:0.0001s ]
SQL: SELECT `cname` FROM `category` WHERE `cid` = 2 LIMIT 1   [ RunTime:0.0002s ]
SQL: SELECT `cname` FROM `category` WHERE `cid` = 1 LIMIT 1   [ RunTime:0.0002s ]
SQL: SELECT `cname` FROM `category` WHERE `cid` = 1 LIMIT 1   [ RunTime:0.0002s ]

[ 2015-12-30T13:18:19+08:00 ] 127.0.0.1 /Blog/
INFO: [ app_init ] --START--
INFO: Run Behavior\BuildLiteBehavior [ RunTime:0.000015s ]
INFO: [ app_init ] --END-- [ RunTime:0.000327s ]
INFO: [ app_begin ] --START--
INFO: Run Behavior\ReadHtmlCacheBehavior [ RunTime:0.000409s ]
INFO: [ app_begin ] --END-- [ RunTime:0.000460s ]
INFO: [ view_parse ] --START--
INFO: [ template_filter ] --START--
INFO: Run Behavior\ContentReplaceBehavior [ RunTime:0.000050s ]
INFO: [ template_filter ] --END-- [ RunTime:0.000111s ]
INFO: Run Behavior\ParseTemplateBehavior [ RunTime:0.014815s ]
INFO: [ view_parse ] --END-- [ RunTime:0.014925s ]
INFO: [ view_filter ] --START--
INFO: Run Behavior\WriteHtmlCacheBehavior [ RunTime:0.000260s ]
INFO: [ view_filter ] --END-- [ RunTime:0.000342s ]
INFO: [ app_end ] --START--
INFO: Run Behavior\ShowPageTraceBehavior [ RunTime:0.000716s ]
INFO: [ app_end ] --END-- [ RunTime:0.000786s ]

[ 2015-12-30T13:18:19+08:00 ] 127.0.0.1 /Blog/index.php/Index/getlist
INFO: [ app_init ] --START--
INFO: Run Behavior\BuildLiteBehavior [ RunTime:0.000049s ]
INFO: [ app_init ] --END-- [ RunTime:0.001045s ]
INFO: [ app_begin ] --START--
INFO: Run Behavior\ReadHtmlCacheBehavior [ RunTime:0.001802s ]
INFO: [ app_begin ] --END-- [ RunTime:0.002045s ]
NOTIC: [2048] Declaration of Home\Model\CommonModel::delete() should be compatible with Think\Model::delete($options = Array) /Applications/MAMP/htdocs/Blog/Apps/Home/Model/CommonModel.class.php 第 7 行.
SQL: SHOW COLUMNS FROM `article` [ RunTime:0.0094s ]
SQL: SELECT `aid`,`title`,`content`,`if_delete`,`cuid`,`cid`,`rnum`,`create_time`,`update_time` FROM `article` WHERE (  if_delete = 0 ) ORDER BY aid desc  [ RunTime:0.0007s ]
SQL: SELECT COUNT(*) AS tp_count FROM `article` WHERE (  if_delete = 0 ) LIMIT 1   [ RunTime:0.0004s ]
SQL: SHOW COLUMNS FROM `category` [ RunTime:0.0010s ]
SQL: SELECT `cname` FROM `category` WHERE `cid` = 0 LIMIT 1   [ RunTime:0.0002s ]
SQL: SELECT `cname` FROM `category` WHERE `cid` = 0 LIMIT 1   [ RunTime:0.0002s ]
SQL: SELECT `cname` FROM `category` WHERE `cid` = 0 LIMIT 1   [ RunTime:0.0002s ]
SQL: SELECT `cname` FROM `category` WHERE `cid` = 2 LIMIT 1   [ RunTime:0.0002s ]
SQL: SELECT `cname` FROM `category` WHERE `cid` = 2 LIMIT 1   [ RunTime:0.0002s ]
SQL: SELECT `cname` FROM `category` WHERE `cid` = 2 LIMIT 1   [ RunTime:0.0002s ]
SQL: SELECT `cname` FROM `category` WHERE `cid` = 2 LIMIT 1   [ RunTime:0.0002s ]
SQL: SELECT `cname` FROM `category` WHERE `cid` = 2 LIMIT 1   [ RunTime:0.0002s ]
SQL: SELECT `cname` FROM `category` WHERE `cid` = 1 LIMIT 1   [ RunTime:0.0002s ]
SQL: SELECT `cname` FROM `category` WHERE `cid` = 1 LIMIT 1   [ RunTime:0.0002s ]

[ 2015-12-30T13:20:18+08:00 ] 127.0.0.1 /Blog/
INFO: [ app_init ] --START--
INFO: Run Behavior\BuildLiteBehavior [ RunTime:0.000020s ]
INFO: [ app_init ] --END-- [ RunTime:0.000499s ]
INFO: [ app_begin ] --START--
INFO: Run Behavior\ReadHtmlCacheBehavior [ RunTime:0.000513s ]
INFO: [ app_begin ] --END-- [ RunTime:0.000575s ]
INFO: [ view_parse ] --START--
INFO: [ template_filter ] --START--
INFO: Run Behavior\ContentReplaceBehavior [ RunTime:0.000086s ]
INFO: [ template_filter ] --END-- [ RunTime:0.000158s ]
INFO: Run Behavior\ParseTemplateBehavior [ RunTime:0.016340s ]
INFO: [ view_parse ] --END-- [ RunTime:0.016526s ]
INFO: [ view_filter ] --START--
INFO: Run Behavior\WriteHtmlCacheBehavior [ RunTime:0.000972s ]
INFO: [ view_filter ] --END-- [ RunTime:0.001134s ]
INFO: [ app_end ] --START--
INFO: Run Behavior\ShowPageTraceBehavior [ RunTime:0.000933s ]
INFO: [ app_end ] --END-- [ RunTime:0.001038s ]

[ 2015-12-30T13:20:18+08:00 ] 127.0.0.1 /Blog/index.php/Index/getlist
INFO: [ app_init ] --START--
INFO: Run Behavior\BuildLiteBehavior [ RunTime:0.000025s ]
INFO: [ app_init ] --END-- [ RunTime:0.000550s ]
INFO: [ app_begin ] --START--
INFO: Run Behavior\ReadHtmlCacheBehavior [ RunTime:0.000671s ]
INFO: [ app_begin ] --END-- [ RunTime:0.000752s ]
NOTIC: [2048] Declaration of Home\Model\CommonModel::delete() should be compatible with Think\Model::delete($options = Array) /Applications/MAMP/htdocs/Blog/Apps/Home/Model/CommonModel.class.php 第 7 行.
SQL: SHOW COLUMNS FROM `article` [ RunTime:0.0085s ]
SQL: SELECT `aid`,`title`,`content`,`if_delete`,`cuid`,`cid`,`rnum`,`create_time`,`update_time` FROM `article` WHERE (  if_delete = 0 ) ORDER BY aid desc  [ RunTime:0.0010s ]
SQL: SELECT COUNT(*) AS tp_count FROM `article` WHERE (  if_delete = 0 ) LIMIT 1   [ RunTime:0.0003s ]
SQL: SHOW COLUMNS FROM `category` [ RunTime:0.0011s ]
SQL: SELECT `cname` FROM `category` WHERE `cid` = 0 LIMIT 1   [ RunTime:0.0003s ]
SQL: SELECT `cname` FROM `category` WHERE `cid` = 0 LIMIT 1   [ RunTime:0.0002s ]
SQL: SELECT `cname` FROM `category` WHERE `cid` = 0 LIMIT 1   [ RunTime:0.0002s ]
SQL: SELECT `cname` FROM `category` WHERE `cid` = 2 LIMIT 1   [ RunTime:0.0002s ]
SQL: SELECT `cname` FROM `category` WHERE `cid` = 2 LIMIT 1   [ RunTime:0.0002s ]
SQL: SELECT `cname` FROM `category` WHERE `cid` = 2 LIMIT 1   [ RunTime:0.0002s ]
SQL: SELECT `cname` FROM `category` WHERE `cid` = 2 LIMIT 1   [ RunTime:0.0002s ]
SQL: SELECT `cname` FROM `category` WHERE `cid` = 2 LIMIT 1   [ RunTime:0.0002s ]
SQL: SELECT `cname` FROM `category` WHERE `cid` = 1 LIMIT 1   [ RunTime:0.0002s ]
SQL: SELECT `cname` FROM `category` WHERE `cid` = 1 LIMIT 1   [ RunTime:0.0002s ]

[ 2015-12-30T13:22:52+08:00 ] 127.0.0.1 /Blog/
INFO: [ app_init ] --START--
INFO: Run Behavior\BuildLiteBehavior [ RunTime:0.000022s ]
INFO: [ app_init ] --END-- [ RunTime:0.000722s ]
INFO: [ app_begin ] --START--
INFO: Run Behavior\ReadHtmlCacheBehavior [ RunTime:0.000987s ]
INFO: [ app_begin ] --END-- [ RunTime:0.001086s ]
INFO: [ view_parse ] --START--
INFO: [ template_filter ] --START--
INFO: Run Behavior\ContentReplaceBehavior [ RunTime:0.000055s ]
INFO: [ template_filter ] --END-- [ RunTime:0.000133s ]
INFO: Run Behavior\ParseTemplateBehavior [ RunTime:0.011111s ]
INFO: [ view_parse ] --END-- [ RunTime:0.011178s ]
INFO: [ view_filter ] --START--
INFO: Run Behavior\WriteHtmlCacheBehavior [ RunTime:0.000457s ]
INFO: [ view_filter ] --END-- [ RunTime:0.000524s ]
INFO: [ app_end ] --START--
INFO: Run Behavior\ShowPageTraceBehavior [ RunTime:0.000922s ]
INFO: [ app_end ] --END-- [ RunTime:0.001002s ]

[ 2015-12-30T13:22:52+08:00 ] 127.0.0.1 /Blog/index.php/Index/getlist
INFO: [ app_init ] --START--
INFO: Run Behavior\BuildLiteBehavior [ RunTime:0.000017s ]
INFO: [ app_init ] --END-- [ RunTime:0.000447s ]
INFO: [ app_begin ] --START--
INFO: Run Behavior\ReadHtmlCacheBehavior [ RunTime:0.000542s ]
INFO: [ app_begin ] --END-- [ RunTime:0.000663s ]
NOTIC: [2048] Declaration of Home\Model\CommonModel::delete() should be compatible with Think\Model::delete($options = Array) /Applications/MAMP/htdocs/Blog/Apps/Home/Model/CommonModel.class.php 第 7 行.
SQL: SHOW COLUMNS FROM `article` [ RunTime:0.0016s ]
SQL: SELECT `aid`,`title`,`content`,`if_delete`,`cuid`,`cid`,`rnum`,`create_time`,`update_time` FROM `article` WHERE (  if_delete = 0 ) ORDER BY aid desc  [ RunTime:0.0017s ]
SQL: SELECT COUNT(*) AS tp_count FROM `article` WHERE (  if_delete = 0 ) LIMIT 1   [ RunTime:0.0007s ]
SQL: SHOW COLUMNS FROM `category` [ RunTime:0.0023s ]
SQL: SELECT `cname` FROM `category` WHERE `cid` = 0 LIMIT 1   [ RunTime:0.0003s ]
SQL: SELECT `cname` FROM `category` WHERE `cid` = 0 LIMIT 1   [ RunTime:0.0002s ]
SQL: SELECT `cname` FROM `category` WHERE `cid` = 0 LIMIT 1   [ RunTime:0.0002s ]
SQL: SELECT `cname` FROM `category` WHERE `cid` = 2 LIMIT 1   [ RunTime:0.0002s ]
SQL: SELECT `cname` FROM `category` WHERE `cid` = 2 LIMIT 1   [ RunTime:0.0002s ]
SQL: SELECT `cname` FROM `category` WHERE `cid` = 2 LIMIT 1   [ RunTime:0.0002s ]
SQL: SELECT `cname` FROM `category` WHERE `cid` = 2 LIMIT 1   [ RunTime:0.0002s ]
SQL: SELECT `cname` FROM `category` WHERE `cid` = 2 LIMIT 1   [ RunTime:0.0002s ]
SQL: SELECT `cname` FROM `category` WHERE `cid` = 1 LIMIT 1   [ RunTime:0.0002s ]
SQL: SELECT `cname` FROM `category` WHERE `cid` = 1 LIMIT 1   [ RunTime:0.0002s ]
NOTIC: [8] Undefined index: content /Applications/MAMP/htdocs/Blog/Apps/Home/Controller/IndexController.class.php 第 29 行.

[ 2015-12-30T13:22:53+08:00 ] 127.0.0.1 /Blog/
INFO: [ app_init ] --START--
INFO: Run Behavior\BuildLiteBehavior [ RunTime:0.000014s ]
INFO: [ app_init ] --END-- [ RunTime:0.000330s ]
INFO: [ app_begin ] --START--
INFO: Run Behavior\ReadHtmlCacheBehavior [ RunTime:0.000418s ]
INFO: [ app_begin ] --END-- [ RunTime:0.000470s ]
INFO: [ view_parse ] --START--
INFO: [ template_filter ] --START--
INFO: Run Behavior\ContentReplaceBehavior [ RunTime:0.000057s ]
INFO: [ template_filter ] --END-- [ RunTime:0.000137s ]
INFO: Run Behavior\ParseTemplateBehavior [ RunTime:0.016675s ]
INFO: [ view_parse ] --END-- [ RunTime:0.016784s ]
INFO: [ view_filter ] --START--
INFO: Run Behavior\WriteHtmlCacheBehavior [ RunTime:0.000264s ]
INFO: [ view_filter ] --END-- [ RunTime:0.000347s ]
INFO: [ app_end ] --START--
INFO: Run Behavior\ShowPageTraceBehavior [ RunTime:0.000823s ]
INFO: [ app_end ] --END-- [ RunTime:0.000914s ]

[ 2015-12-30T13:22:53+08:00 ] 127.0.0.1 /Blog/index.php/Index/getlist
INFO: [ app_init ] --START--
INFO: Run Behavior\BuildLiteBehavior [ RunTime:0.000027s ]
INFO: [ app_init ] --END-- [ RunTime:0.000623s ]
INFO: [ app_begin ] --START--
INFO: Run Behavior\ReadHtmlCacheBehavior [ RunTime:0.000454s ]
INFO: [ app_begin ] --END-- [ RunTime:0.000514s ]
NOTIC: [2048] Declaration of Home\Model\CommonModel::delete() should be compatible with Think\Model::delete($options = Array) /Applications/MAMP/htdocs/Blog/Apps/Home/Model/CommonModel.class.php 第 7 行.
SQL: SHOW COLUMNS FROM `article` [ RunTime:0.0097s ]
SQL: SELECT `aid`,`title`,`content`,`if_delete`,`cuid`,`cid`,`rnum`,`create_time`,`update_time` FROM `article` WHERE (  if_delete = 0 ) ORDER BY aid desc  [ RunTime:0.0010s ]
SQL: SELECT COUNT(*) AS tp_count FROM `article` WHERE (  if_delete = 0 ) LIMIT 1   [ RunTime:0.0003s ]
SQL: SHOW COLUMNS FROM `category` [ RunTime:0.0011s ]
SQL: SELECT `cname` FROM `category` WHERE `cid` = 0 LIMIT 1   [ RunTime:0.0002s ]
SQL: SELECT `cname` FROM `category` WHERE `cid` = 0 LIMIT 1   [ RunTime:0.0002s ]
SQL: SELECT `cname` FROM `category` WHERE `cid` = 0 LIMIT 1   [ RunTime:0.0002s ]
SQL: SELECT `cname` FROM `category` WHERE `cid` = 2 LIMIT 1   [ RunTime:0.0002s ]
SQL: SELECT `cname` FROM `category` WHERE `cid` = 2 LIMIT 1   [ RunTime:0.0002s ]
SQL: SELECT `cname` FROM `category` WHERE `cid` = 2 LIMIT 1   [ RunTime:0.0002s ]
SQL: SELECT `cname` FROM `category` WHERE `cid` = 2 LIMIT 1   [ RunTime:0.0002s ]
SQL: SELECT `cname` FROM `category` WHERE `cid` = 2 LIMIT 1   [ RunTime:0.0002s ]
SQL: SELECT `cname` FROM `category` WHERE `cid` = 1 LIMIT 1   [ RunTime:0.0002s ]
SQL: SELECT `cname` FROM `category` WHERE `cid` = 1 LIMIT 1   [ RunTime:0.0002s ]
NOTIC: [8] Undefined index: content /Applications/MAMP/htdocs/Blog/Apps/Home/Controller/IndexController.class.php 第 29 行.

[ 2015-12-30T13:22:54+08:00 ] 127.0.0.1 /Blog/
INFO: [ app_init ] --START--
INFO: Run Behavior\BuildLiteBehavior [ RunTime:0.000017s ]
INFO: [ app_init ] --END-- [ RunTime:0.000386s ]
INFO: [ app_begin ] --START--
INFO: Run Behavior\ReadHtmlCacheBehavior [ RunTime:0.000511s ]
INFO: [ app_begin ] --END-- [ RunTime:0.000574s ]
INFO: [ view_parse ] --START--
INFO: [ template_filter ] --START--
INFO: Run Behavior\ContentReplaceBehavior [ RunTime:0.000070s ]
INFO: [ template_filter ] --END-- [ RunTime:0.000147s ]
INFO: Run Behavior\ParseTemplateBehavior [ RunTime:0.014837s ]
INFO: [ view_parse ] --END-- [ RunTime:0.014924s ]
INFO: [ view_filter ] --START--
INFO: Run Behavior\WriteHtmlCacheBehavior [ RunTime:0.000185s ]
INFO: [ view_filter ] --END-- [ RunTime:0.000243s ]
INFO: [ app_end ] --START--
INFO: Run Behavior\ShowPageTraceBehavior [ RunTime:0.000586s ]
INFO: [ app_end ] --END-- [ RunTime:0.000657s ]

[ 2015-12-30T13:22:54+08:00 ] 127.0.0.1 /Blog/index.php/Index/getlist
INFO: [ app_init ] --START--
INFO: Run Behavior\BuildLiteBehavior [ RunTime:0.000052s ]
INFO: [ app_init ] --END-- [ RunTime:0.000791s ]
INFO: [ app_begin ] --START--
INFO: Run Behavior\ReadHtmlCacheBehavior [ RunTime:0.000758s ]
INFO: [ app_begin ] --END-- [ RunTime:0.000884s ]
NOTIC: [2048] Declaration of Home\Model\CommonModel::delete() should be compatible with Think\Model::delete($options = Array) /Applications/MAMP/htdocs/Blog/Apps/Home/Model/CommonModel.class.php 第 7 行.
SQL: SHOW COLUMNS FROM `article` [ RunTime:0.0092s ]
SQL: SELECT `aid`,`title`,`content`,`if_delete`,`cuid`,`cid`,`rnum`,`create_time`,`update_time` FROM `article` WHERE (  if_delete = 0 ) ORDER BY aid desc  [ RunTime:0.0006s ]
SQL: SELECT COUNT(*) AS tp_count FROM `article` WHERE (  if_delete = 0 ) LIMIT 1   [ RunTime:0.0003s ]
SQL: SHOW COLUMNS FROM `category` [ RunTime:0.0009s ]
SQL: SELECT `cname` FROM `category` WHERE `cid` = 0 LIMIT 1   [ RunTime:0.0002s ]
SQL: SELECT `cname` FROM `category` WHERE `cid` = 0 LIMIT 1   [ RunTime:0.0001s ]
SQL: SELECT `cname` FROM `category` WHERE `cid` = 0 LIMIT 1   [ RunTime:0.0001s ]
SQL: SELECT `cname` FROM `category` WHERE `cid` = 2 LIMIT 1   [ RunTime:0.0001s ]
SQL: SELECT `cname` FROM `category` WHERE `cid` = 2 LIMIT 1   [ RunTime:0.0001s ]
SQL: SELECT `cname` FROM `category` WHERE `cid` = 2 LIMIT 1   [ RunTime:0.0001s ]
SQL: SELECT `cname` FROM `category` WHERE `cid` = 2 LIMIT 1   [ RunTime:0.0001s ]
SQL: SELECT `cname` FROM `category` WHERE `cid` = 2 LIMIT 1   [ RunTime:0.0002s ]
SQL: SELECT `cname` FROM `category` WHERE `cid` = 1 LIMIT 1   [ RunTime:0.0002s ]
SQL: SELECT `cname` FROM `category` WHERE `cid` = 1 LIMIT 1   [ RunTime:0.0002s ]
NOTIC: [8] Undefined index: content /Applications/MAMP/htdocs/Blog/Apps/Home/Controller/IndexController.class.php 第 29 行.

[ 2015-12-30T13:23:08+08:00 ] 127.0.0.1 /Blog/
INFO: [ app_init ] --START--
INFO: Run Behavior\BuildLiteBehavior [ RunTime:0.000066s ]
INFO: [ app_init ] --END-- [ RunTime:0.001729s ]
INFO: [ app_begin ] --START--
INFO: Run Behavior\ReadHtmlCacheBehavior [ RunTime:0.001183s ]
INFO: [ app_begin ] --END-- [ RunTime:0.001425s ]
INFO: [ view_parse ] --START--
INFO: [ template_filter ] --START--
INFO: Run Behavior\ContentReplaceBehavior [ RunTime:0.000104s ]
INFO: [ template_filter ] --END-- [ RunTime:0.000195s ]
INFO: Run Behavior\ParseTemplateBehavior [ RunTime:0.018601s ]
INFO: [ view_parse ] --END-- [ RunTime:0.018734s ]
INFO: [ view_filter ] --START--
INFO: Run Behavior\WriteHtmlCacheBehavior [ RunTime:0.000269s ]
INFO: [ view_filter ] --END-- [ RunTime:0.000350s ]
INFO: [ app_end ] --START--
INFO: Run Behavior\ShowPageTraceBehavior [ RunTime:0.001761s ]
INFO: [ app_end ] --END-- [ RunTime:0.002076s ]

[ 2015-12-30T13:23:08+08:00 ] 127.0.0.1 /Blog/index.php/Index/getlist
INFO: [ app_init ] --START--
INFO: Run Behavior\BuildLiteBehavior [ RunTime:0.000018s ]
INFO: [ app_init ] --END-- [ RunTime:0.000453s ]
INFO: [ app_begin ] --START--
INFO: Run Behavior\ReadHtmlCacheBehavior [ RunTime:0.000603s ]
INFO: [ app_begin ] --END-- [ RunTime:0.000697s ]
NOTIC: [2048] Declaration of Home\Model\CommonModel::delete() should be compatible with Think\Model::delete($options = Array) /Applications/MAMP/htdocs/Blog/Apps/Home/Model/CommonModel.class.php 第 7 行.
SQL: SHOW COLUMNS FROM `article` [ RunTime:0.0101s ]
SQL: SELECT `aid`,`title`,`content`,`if_delete`,`cuid`,`cid`,`rnum`,`create_time`,`update_time` FROM `article` WHERE (  if_delete = 0 ) ORDER BY aid desc  [ RunTime:0.0010s ]
SQL: SELECT COUNT(*) AS tp_count FROM `article` WHERE (  if_delete = 0 ) LIMIT 1   [ RunTime:0.0003s ]
SQL: SHOW COLUMNS FROM `category` [ RunTime:0.0012s ]
SQL: SELECT `cname` FROM `category` WHERE `cid` = 0 LIMIT 1   [ RunTime:0.0002s ]
SQL: SELECT `cname` FROM `category` WHERE `cid` = 0 LIMIT 1   [ RunTime:0.0002s ]
SQL: SELECT `cname` FROM `category` WHERE `cid` = 0 LIMIT 1   [ RunTime:0.0002s ]
SQL: SELECT `cname` FROM `category` WHERE `cid` = 2 LIMIT 1   [ RunTime:0.0002s ]
SQL: SELECT `cname` FROM `category` WHERE `cid` = 2 LIMIT 1   [ RunTime:0.0002s ]
SQL: SELECT `cname` FROM `category` WHERE `cid` = 2 LIMIT 1   [ RunTime:0.0002s ]
SQL: SELECT `cname` FROM `category` WHERE `cid` = 2 LIMIT 1   [ RunTime:0.0002s ]
SQL: SELECT `cname` FROM `category` WHERE `cid` = 2 LIMIT 1   [ RunTime:0.0002s ]
SQL: SELECT `cname` FROM `category` WHERE `cid` = 1 LIMIT 1   [ RunTime:0.0002s ]
SQL: SELECT `cname` FROM `category` WHERE `cid` = 1 LIMIT 1   [ RunTime:0.0002s ]

[ 2015-12-30T13:28:17+08:00 ] 127.0.0.1 /Blog/
INFO: [ app_init ] --START--
INFO: Run Behavior\BuildLiteBehavior [ RunTime:0.000038s ]
INFO: [ app_init ] --END-- [ RunTime:0.001179s ]
INFO: [ app_begin ] --START--
INFO: Run Behavior\ReadHtmlCacheBehavior [ RunTime:0.001238s ]
INFO: [ app_begin ] --END-- [ RunTime:0.001376s ]
INFO: [ view_parse ] --START--
INFO: [ template_filter ] --START--
INFO: Run Behavior\ContentReplaceBehavior [ RunTime:0.000251s ]
INFO: [ template_filter ] --END-- [ RunTime:0.000522s ]
INFO: Run Behavior\ParseTemplateBehavior [ RunTime:0.020568s ]
INFO: [ view_parse ] --END-- [ RunTime:0.020847s ]
INFO: [ view_filter ] --START--
INFO: Run Behavior\WriteHtmlCacheBehavior [ RunTime:0.011734s ]
INFO: [ view_filter ] --END-- [ RunTime:0.011865s ]
INFO: [ app_end ] --START--
INFO: Run Behavior\ShowPageTraceBehavior [ RunTime:0.017591s ]
INFO: [ app_end ] --END-- [ RunTime:0.017748s ]

[ 2015-12-30T13:28:17+08:00 ] 127.0.0.1 /Blog/index.php/Index/getlist
INFO: [ app_init ] --START--
INFO: Run Behavior\BuildLiteBehavior [ RunTime:0.000031s ]
INFO: [ app_init ] --END-- [ RunTime:0.001457s ]
INFO: [ app_begin ] --START--
INFO: Run Behavior\ReadHtmlCacheBehavior [ RunTime:0.001080s ]
INFO: [ app_begin ] --END-- [ RunTime:0.001185s ]
NOTIC: [2048] Declaration of Home\Model\CommonModel::delete() should be compatible with Think\Model::delete($options = Array) /Applications/MAMP/htdocs/Blog/Apps/Home/Model/CommonModel.class.php 第 7 行.
SQL: SHOW COLUMNS FROM `article` [ RunTime:0.0019s ]
SQL: SELECT `aid`,`title`,`content`,`if_delete`,`cuid`,`cid`,`rnum`,`create_time`,`update_time` FROM `article` WHERE (  if_delete = 0 ) ORDER BY aid desc  [ RunTime:0.0010s ]
SQL: SELECT COUNT(*) AS tp_count FROM `article` WHERE (  if_delete = 0 ) LIMIT 1   [ RunTime:0.0003s ]
SQL: SHOW COLUMNS FROM `category` [ RunTime:0.0016s ]
SQL: SELECT `cname` FROM `category` WHERE `cid` = 0 LIMIT 1   [ RunTime:0.0003s ]
SQL: SELECT `cname` FROM `category` WHERE `cid` = 0 LIMIT 1   [ RunTime:0.0003s ]
SQL: SELECT `cname` FROM `category` WHERE `cid` = 0 LIMIT 1   [ RunTime:0.0004s ]
SQL: SELECT `cname` FROM `category` WHERE `cid` = 2 LIMIT 1   [ RunTime:0.0010s ]
SQL: SELECT `cname` FROM `category` WHERE `cid` = 2 LIMIT 1   [ RunTime:0.0014s ]
SQL: SELECT `cname` FROM `category` WHERE `cid` = 2 LIMIT 1   [ RunTime:0.0003s ]
SQL: SELECT `cname` FROM `category` WHERE `cid` = 2 LIMIT 1   [ RunTime:0.0003s ]
SQL: SELECT `cname` FROM `category` WHERE `cid` = 2 LIMIT 1   [ RunTime:0.0003s ]
SQL: SELECT `cname` FROM `category` WHERE `cid` = 1 LIMIT 1   [ RunTime:0.0002s ]
SQL: SELECT `cname` FROM `category` WHERE `cid` = 1 LIMIT 1   [ RunTime:0.0002s ]

[ 2015-12-30T13:29:23+08:00 ] 127.0.0.1 /Blog/
INFO: [ app_init ] --START--
INFO: Run Behavior\BuildLiteBehavior [ RunTime:0.000017s ]
INFO: [ app_init ] --END-- [ RunTime:0.000631s ]
INFO: [ app_begin ] --START--
INFO: Run Behavior\ReadHtmlCacheBehavior [ RunTime:0.000745s ]
INFO: [ app_begin ] --END-- [ RunTime:0.000814s ]
INFO: [ view_parse ] --START--
INFO: [ template_filter ] --START--
INFO: Run Behavior\ContentReplaceBehavior [ RunTime:0.000053s ]
INFO: [ template_filter ] --END-- [ RunTime:0.000125s ]
INFO: Run Behavior\ParseTemplateBehavior [ RunTime:0.009554s ]
INFO: [ view_parse ] --END-- [ RunTime:0.009612s ]
INFO: [ view_filter ] --START--
INFO: Run Behavior\WriteHtmlCacheBehavior [ RunTime:0.000474s ]
INFO: [ view_filter ] --END-- [ RunTime:0.000539s ]
INFO: [ app_end ] --START--
INFO: Run Behavior\ShowPageTraceBehavior [ RunTime:0.000898s ]
INFO: [ app_end ] --END-- [ RunTime:0.000964s ]

[ 2015-12-30T13:29:23+08:00 ] 127.0.0.1 /Blog/index.php/Index/getlist
INFO: [ app_init ] --START--
INFO: Run Behavior\BuildLiteBehavior [ RunTime:0.000027s ]
INFO: [ app_init ] --END-- [ RunTime:0.000588s ]
INFO: [ app_begin ] --START--
INFO: Run Behavior\ReadHtmlCacheBehavior [ RunTime:0.000732s ]
INFO: [ app_begin ] --END-- [ RunTime:0.000846s ]
NOTIC: [2048] Declaration of Home\Model\CommonModel::delete() should be compatible with Think\Model::delete($options = Array) /Applications/MAMP/htdocs/Blog/Apps/Home/Model/CommonModel.class.php 第 7 行.
SQL: SHOW COLUMNS FROM `article` [ RunTime:0.0039s ]
SQL: SELECT `aid`,`title`,`content`,`if_delete`,`cuid`,`cid`,`rnum`,`create_time`,`update_time` FROM `article` WHERE (  if_delete = 0 ) ORDER BY aid desc  [ RunTime:0.0065s ]
SQL: SELECT COUNT(*) AS tp_count FROM `article` WHERE (  if_delete = 0 ) LIMIT 1   [ RunTime:0.0004s ]
SQL: SHOW COLUMNS FROM `category` [ RunTime:0.0014s ]
SQL: SELECT `cname` FROM `category` WHERE `cid` = 0 LIMIT 1   [ RunTime:0.0005s ]
SQL: SELECT `cname` FROM `category` WHERE `cid` = 0 LIMIT 1   [ RunTime:0.0003s ]
SQL: SELECT `cname` FROM `category` WHERE `cid` = 0 LIMIT 1   [ RunTime:0.0003s ]
SQL: SELECT `cname` FROM `category` WHERE `cid` = 2 LIMIT 1   [ RunTime:0.0003s ]
SQL: SELECT `cname` FROM `category` WHERE `cid` = 2 LIMIT 1   [ RunTime:0.0003s ]
SQL: SELECT `cname` FROM `category` WHERE `cid` = 2 LIMIT 1   [ RunTime:0.0003s ]
SQL: SELECT `cname` FROM `category` WHERE `cid` = 2 LIMIT 1   [ RunTime:0.0004s ]
SQL: SELECT `cname` FROM `category` WHERE `cid` = 2 LIMIT 1   [ RunTime:0.0003s ]
SQL: SELECT `cname` FROM `category` WHERE `cid` = 1 LIMIT 1   [ RunTime:0.0003s ]
SQL: SELECT `cname` FROM `category` WHERE `cid` = 1 LIMIT 1   [ RunTime:0.0003s ]

[ 2015-12-30T13:30:11+08:00 ] 127.0.0.1 /Blog/
INFO: [ app_init ] --START--
INFO: Run Behavior\BuildLiteBehavior [ RunTime:0.000024s ]
INFO: [ app_init ] --END-- [ RunTime:0.000788s ]
INFO: [ app_begin ] --START--
INFO: Run Behavior\ReadHtmlCacheBehavior [ RunTime:0.001069s ]
INFO: [ app_begin ] --END-- [ RunTime:0.001162s ]
INFO: [ view_parse ] --START--
INFO: [ template_filter ] --START--
INFO: Run Behavior\ContentReplaceBehavior [ RunTime:0.000083s ]
INFO: [ template_filter ] --END-- [ RunTime:0.000158s ]
INFO: Run Behavior\ParseTemplateBehavior [ RunTime:0.011269s ]
INFO: [ view_parse ] --END-- [ RunTime:0.011380s ]
INFO: [ view_filter ] --START--
INFO: Run Behavior\WriteHtmlCacheBehavior [ RunTime:0.000553s ]
INFO: [ view_filter ] --END-- [ RunTime:0.000647s ]
INFO: [ app_end ] --START--
INFO: Run Behavior\ShowPageTraceBehavior [ RunTime:0.000918s ]
INFO: [ app_end ] --END-- [ RunTime:0.000995s ]

[ 2015-12-30T13:30:11+08:00 ] 127.0.0.1 /Blog/index.php/Index/getlist
INFO: [ app_init ] --START--
INFO: Run Behavior\BuildLiteBehavior [ RunTime:0.000030s ]
INFO: [ app_init ] --END-- [ RunTime:0.000622s ]
INFO: [ app_begin ] --START--
INFO: Run Behavior\ReadHtmlCacheBehavior [ RunTime:0.002000s ]
INFO: [ app_begin ] --END-- [ RunTime:0.002316s ]
NOTIC: [2048] Declaration of Home\Model\CommonModel::delete() should be compatible with Think\Model::delete($options = Array) /Applications/MAMP/htdocs/Blog/Apps/Home/Model/CommonModel.class.php 第 7 行.
SQL: SHOW COLUMNS FROM `article` [ RunTime:0.0026s ]
SQL: SELECT `aid`,`title`,`content`,`if_delete`,`cuid`,`cid`,`rnum`,`create_time`,`update_time` FROM `article` WHERE (  if_delete = 0 ) ORDER BY aid desc  [ RunTime:0.0012s ]
SQL: SELECT COUNT(*) AS tp_count FROM `article` WHERE (  if_delete = 0 ) LIMIT 1   [ RunTime:0.0004s ]
SQL: SHOW COLUMNS FROM `category` [ RunTime:0.0015s ]
SQL: SELECT `cname` FROM `category` WHERE `cid` = 0 LIMIT 1   [ RunTime:0.0005s ]
SQL: SELECT `cname` FROM `category` WHERE `cid` = 0 LIMIT 1   [ RunTime:0.0011s ]
SQL: SELECT `cname` FROM `category` WHERE `cid` = 0 LIMIT 1   [ RunTime:0.0008s ]
SQL: SELECT `cname` FROM `category` WHERE `cid` = 2 LIMIT 1   [ RunTime:0.0005s ]
SQL: SELECT `cname` FROM `category` WHERE `cid` = 2 LIMIT 1   [ RunTime:0.0002s ]
SQL: SELECT `cname` FROM `category` WHERE `cid` = 2 LIMIT 1   [ RunTime:0.0003s ]
SQL: SELECT `cname` FROM `category` WHERE `cid` = 2 LIMIT 1   [ RunTime:0.0002s ]
SQL: SELECT `cname` FROM `category` WHERE `cid` = 2 LIMIT 1   [ RunTime:0.0003s ]
SQL: SELECT `cname` FROM `category` WHERE `cid` = 1 LIMIT 1   [ RunTime:0.0002s ]
SQL: SELECT `cname` FROM `category` WHERE `cid` = 1 LIMIT 1   [ RunTime:0.0002s ]

[ 2015-12-30T13:30:35+08:00 ] 127.0.0.1 /Blog/
INFO: [ app_init ] --START--
INFO: Run Behavior\BuildLiteBehavior [ RunTime:0.000021s ]
INFO: [ app_init ] --END-- [ RunTime:0.000444s ]
INFO: [ app_begin ] --START--
INFO: Run Behavior\ReadHtmlCacheBehavior [ RunTime:0.000490s ]
INFO: [ app_begin ] --END-- [ RunTime:0.000548s ]
INFO: [ view_parse ] --START--
INFO: [ template_filter ] --START--
INFO: Run Behavior\ContentReplaceBehavior [ RunTime:0.000087s ]
INFO: [ template_filter ] --END-- [ RunTime:0.000165s ]
INFO: Run Behavior\ParseTemplateBehavior [ RunTime:0.016180s ]
INFO: [ view_parse ] --END-- [ RunTime:0.016261s ]
INFO: [ view_filter ] --START--
INFO: Run Behavior\WriteHtmlCacheBehavior [ RunTime:0.000215s ]
INFO: [ view_filter ] --END-- [ RunTime:0.000281s ]
INFO: [ app_end ] --START--
INFO: Run Behavior\ShowPageTraceBehavior [ RunTime:0.000709s ]
INFO: [ app_end ] --END-- [ RunTime:0.000808s ]

[ 2015-12-30T13:30:35+08:00 ] 127.0.0.1 /Blog/index.php/Index/getlist
INFO: [ app_init ] --START--
INFO: Run Behavior\BuildLiteBehavior [ RunTime:0.000025s ]
INFO: [ app_init ] --END-- [ RunTime:0.000429s ]
INFO: [ app_begin ] --START--
INFO: Run Behavior\ReadHtmlCacheBehavior [ RunTime:0.000913s ]
INFO: [ app_begin ] --END-- [ RunTime:0.001178s ]
NOTIC: [2048] Declaration of Home\Model\CommonModel::delete() should be compatible with Think\Model::delete($options = Array) /Applications/MAMP/htdocs/Blog/Apps/Home/Model/CommonModel.class.php 第 7 行.
SQL: SHOW COLUMNS FROM `article` [ RunTime:0.0095s ]
SQL: SELECT `aid`,`title`,`content`,`if_delete`,`cuid`,`cid`,`rnum`,`create_time`,`update_time` FROM `article` WHERE (  if_delete = 0 ) ORDER BY aid desc  [ RunTime:0.0012s ]
SQL: SELECT COUNT(*) AS tp_count FROM `article` WHERE (  if_delete = 0 ) LIMIT 1   [ RunTime:0.0004s ]
SQL: SHOW COLUMNS FROM `category` [ RunTime:0.0017s ]
SQL: SELECT `cname` FROM `category` WHERE `cid` = 0 LIMIT 1   [ RunTime:0.0009s ]
SQL: SELECT `cname` FROM `category` WHERE `cid` = 0 LIMIT 1   [ RunTime:0.0013s ]
SQL: SELECT `cname` FROM `category` WHERE `cid` = 0 LIMIT 1   [ RunTime:0.0014s ]
SQL: SELECT `cname` FROM `category` WHERE `cid` = 2 LIMIT 1   [ RunTime:0.0011s ]
SQL: SELECT `cname` FROM `category` WHERE `cid` = 2 LIMIT 1   [ RunTime:0.0003s ]
SQL: SELECT `cname` FROM `category` WHERE `cid` = 2 LIMIT 1   [ RunTime:0.0003s ]
SQL: SELECT `cname` FROM `category` WHERE `cid` = 2 LIMIT 1   [ RunTime:0.0002s ]
SQL: SELECT `cname` FROM `category` WHERE `cid` = 2 LIMIT 1   [ RunTime:0.0003s ]
SQL: SELECT `cname` FROM `category` WHERE `cid` = 1 LIMIT 1   [ RunTime:0.0002s ]
SQL: SELECT `cname` FROM `category` WHERE `cid` = 1 LIMIT 1   [ RunTime:0.0008s ]

[ 2015-12-30T13:31:35+08:00 ] 127.0.0.1 /Blog/
INFO: [ app_init ] --START--
INFO: Run Behavior\BuildLiteBehavior [ RunTime:0.000034s ]
INFO: [ app_init ] --END-- [ RunTime:0.000798s ]
INFO: [ app_begin ] --START--
INFO: Run Behavior\ReadHtmlCacheBehavior [ RunTime:0.000628s ]
INFO: [ app_begin ] --END-- [ RunTime:0.000707s ]
INFO: [ view_parse ] --START--
INFO: [ template_filter ] --START--
INFO: Run Behavior\ContentReplaceBehavior [ RunTime:0.000081s ]
INFO: [ template_filter ] --END-- [ RunTime:0.000145s ]
INFO: Run Behavior\ParseTemplateBehavior [ RunTime:0.015571s ]
INFO: [ view_parse ] --END-- [ RunTime:0.015695s ]
INFO: [ view_filter ] --START--
INFO: Run Behavior\WriteHtmlCacheBehavior [ RunTime:0.000272s ]
INFO: [ view_filter ] --END-- [ RunTime:0.000410s ]
INFO: [ app_end ] --START--
INFO: Run Behavior\ShowPageTraceBehavior [ RunTime:0.000908s ]
INFO: [ app_end ] --END-- [ RunTime:0.001006s ]

[ 2015-12-30T13:31:35+08:00 ] 127.0.0.1 /Blog/index.php/Index/getlist
INFO: [ app_init ] --START--
INFO: Run Behavior\BuildLiteBehavior [ RunTime:0.000026s ]
INFO: [ app_init ] --END-- [ RunTime:0.000772s ]
INFO: [ app_begin ] --START--
INFO: Run Behavior\ReadHtmlCacheBehavior [ RunTime:0.000526s ]
INFO: [ app_begin ] --END-- [ RunTime:0.000606s ]
NOTIC: [2048] Declaration of Home\Model\CommonModel::delete() should be compatible with Think\Model::delete($options = Array) /Applications/MAMP/htdocs/Blog/Apps/Home/Model/CommonModel.class.php 第 7 行.
SQL: SHOW COLUMNS FROM `article` [ RunTime:0.0108s ]
SQL: SELECT `aid`,`title`,`content`,`if_delete`,`cuid`,`cid`,`rnum`,`create_time`,`update_time` FROM `article` WHERE (  if_delete = 0 ) ORDER BY aid desc  [ RunTime:0.0016s ]
SQL: SELECT COUNT(*) AS tp_count FROM `article` WHERE (  if_delete = 0 ) LIMIT 1   [ RunTime:0.0003s ]
SQL: SHOW COLUMNS FROM `category` [ RunTime:0.0012s ]
SQL: SELECT `cname` FROM `category` WHERE `cid` = 0 LIMIT 1   [ RunTime:0.0002s ]
SQL: SELECT `cname` FROM `category` WHERE `cid` = 0 LIMIT 1   [ RunTime:0.0001s ]
SQL: SELECT `cname` FROM `category` WHERE `cid` = 0 LIMIT 1   [ RunTime:0.0002s ]
SQL: SELECT `cname` FROM `category` WHERE `cid` = 2 LIMIT 1   [ RunTime:0.0002s ]
SQL: SELECT `cname` FROM `category` WHERE `cid` = 2 LIMIT 1   [ RunTime:0.0002s ]
SQL: SELECT `cname` FROM `category` WHERE `cid` = 2 LIMIT 1   [ RunTime:0.0002s ]
SQL: SELECT `cname` FROM `category` WHERE `cid` = 2 LIMIT 1   [ RunTime:0.0002s ]
SQL: SELECT `cname` FROM `category` WHERE `cid` = 2 LIMIT 1   [ RunTime:0.0002s ]
SQL: SELECT `cname` FROM `category` WHERE `cid` = 1 LIMIT 1   [ RunTime:0.0002s ]
SQL: SELECT `cname` FROM `category` WHERE `cid` = 1 LIMIT 1   [ RunTime:0.0002s ]

[ 2015-12-30T13:34:44+08:00 ] 127.0.0.1 /Blog/
INFO: [ app_init ] --START--
INFO: Run Behavior\BuildLiteBehavior [ RunTime:0.000022s ]
INFO: [ app_init ] --END-- [ RunTime:0.000789s ]
INFO: [ app_begin ] --START--
INFO: Run Behavior\ReadHtmlCacheBehavior [ RunTime:0.001262s ]
INFO: [ app_begin ] --END-- [ RunTime:0.001370s ]
INFO: [ view_parse ] --START--
INFO: [ template_filter ] --START--
INFO: Run Behavior\ContentReplaceBehavior [ RunTime:0.000053s ]
INFO: [ template_filter ] --END-- [ RunTime:0.000129s ]
INFO: Run Behavior\ParseTemplateBehavior [ RunTime:0.009864s ]
INFO: [ view_parse ] --END-- [ RunTime:0.009930s ]
INFO: [ view_filter ] --START--
INFO: Run Behavior\WriteHtmlCacheBehavior [ RunTime:0.000432s ]
INFO: [ view_filter ] --END-- [ RunTime:0.000499s ]
INFO: [ app_end ] --START--
INFO: Run Behavior\ShowPageTraceBehavior [ RunTime:0.000912s ]
INFO: [ app_end ] --END-- [ RunTime:0.000993s ]

[ 2015-12-30T13:34:44+08:00 ] 127.0.0.1 /Blog/index.php/Index/getlist
INFO: [ app_init ] --START--
INFO: Run Behavior\BuildLiteBehavior [ RunTime:0.000028s ]
INFO: [ app_init ] --END-- [ RunTime:0.002151s ]
INFO: [ app_begin ] --START--
INFO: Run Behavior\ReadHtmlCacheBehavior [ RunTime:0.001549s ]
INFO: [ app_begin ] --END-- [ RunTime:0.001672s ]
NOTIC: [2048] Declaration of Home\Model\CommonModel::delete() should be compatible with Think\Model::delete($options = Array) /Applications/MAMP/htdocs/Blog/Apps/Home/Model/CommonModel.class.php 第 7 行.
SQL: SHOW COLUMNS FROM `article` [ RunTime:0.0012s ]
SQL: SELECT `aid`,`title`,`content`,`if_delete`,`cuid`,`cid`,`rnum`,`create_time`,`update_time` FROM `article` WHERE (  if_delete = 0 ) ORDER BY aid desc  [ RunTime:0.0007s ]
SQL: SELECT COUNT(*) AS tp_count FROM `article` WHERE (  if_delete = 0 ) LIMIT 1   [ RunTime:0.0003s ]
SQL: SHOW COLUMNS FROM `category` [ RunTime:0.0010s ]
SQL: SELECT `cname` FROM `category` WHERE `cid` = 0 LIMIT 1   [ RunTime:0.0002s ]
SQL: SELECT `cname` FROM `category` WHERE `cid` = 0 LIMIT 1   [ RunTime:0.0002s ]
SQL: SELECT `cname` FROM `category` WHERE `cid` = 0 LIMIT 1   [ RunTime:0.0002s ]
SQL: SELECT `cname` FROM `category` WHERE `cid` = 2 LIMIT 1   [ RunTime:0.0002s ]
SQL: SELECT `cname` FROM `category` WHERE `cid` = 2 LIMIT 1   [ RunTime:0.0002s ]
SQL: SELECT `cname` FROM `category` WHERE `cid` = 2 LIMIT 1   [ RunTime:0.0003s ]
SQL: SELECT `cname` FROM `category` WHERE `cid` = 2 LIMIT 1   [ RunTime:0.0003s ]
SQL: SELECT `cname` FROM `category` WHERE `cid` = 2 LIMIT 1   [ RunTime:0.0002s ]
SQL: SELECT `cname` FROM `category` WHERE `cid` = 1 LIMIT 1   [ RunTime:0.0002s ]
SQL: SELECT `cname` FROM `category` WHERE `cid` = 1 LIMIT 1   [ RunTime:0.0002s ]

