[ 2016-01-11T13:00:41+08:00 ] 127.0.0.1 /Blog/
INFO: [ app_init ] --START--
INFO: Run Behavior\BuildLiteBehavior [ RunTime:0.000038s ]
INFO: [ app_init ] --END-- [ RunTime:0.003093s ]
INFO: [ app_begin ] --START--
INFO: Run Behavior\ReadHtmlCacheBehavior [ RunTime:0.001068s ]
INFO: [ app_begin ] --END-- [ RunTime:0.001170s ]
SQL: SHOW COLUMNS FROM `article` [ RunTime:0.0143s ]
SQL: SELECT COUNT(*) AS tp_count FROM `article` WHERE (  if_delete = 0 ) LIMIT 1   [ RunTime:0.0154s ]
SQL: SELECT * FROM `article` WHERE (  if_delete = 0 ) ORDER BY aid asc LIMIT 0,5   [ RunTime:0.0008s ]
NOTIC: [2048] Declaration of Home\Model\CommonModel::delete() should be compatible with Think\Model::delete($options = Array) /Applications/MAMP/htdocs/Blog/Apps/Home/Model/CommonModel.class.php 第 7 行.
SQL: SHOW COLUMNS FROM `category` [ RunTime:0.0014s ]
SQL: SELECT `cname` FROM `category` WHERE `cid` = 1 LIMIT 1   [ RunTime:0.0004s ]
SQL: SELECT `cname` FROM `category` WHERE `cid` = 2 LIMIT 1   [ RunTime:0.0002s ]
SQL: SELECT `cname` FROM `category` WHERE `cid` = 2 LIMIT 1   [ RunTime:0.0002s ]
SQL: SELECT `cname` FROM `category` WHERE `cid` = 1 LIMIT 1   [ RunTime:0.0002s ]
INFO: [ view_parse ] --START--
INFO: [ template_filter ] --START--
INFO: Run Behavior\ContentReplaceBehavior [ RunTime:0.000744s ]
INFO: [ template_filter ] --END-- [ RunTime:0.000840s ]
INFO: Run Behavior\ParseTemplateBehavior [ RunTime:0.031883s ]
INFO: [ view_parse ] --END-- [ RunTime:0.032001s ]
INFO: [ view_filter ] --START--
INFO: Run Behavior\WriteHtmlCacheBehavior [ RunTime:0.000602s ]
INFO: [ view_filter ] --END-- [ RunTime:0.000678s ]
INFO: [ app_end ] --START--
INFO: Run Behavior\ShowPageTraceBehavior [ RunTime:0.001000s ]
INFO: [ app_end ] --END-- [ RunTime:0.001082s ]

[ 2016-01-11T13:03:14+08:00 ] 127.0.0.1 /Blog/Public/admin//Blog/Public/admin/images/logo.png
INFO: [ app_init ] --START--
INFO: Run Behavior\BuildLiteBehavior [ RunTime:0.000015s ]
INFO: [ app_init ] --END-- [ RunTime:0.000330s ]

[ 2016-01-11T13:03:14+08:00 ] 127.0.0.1 /Blog/Public/admin//Blog/Public/admin/images/logo.png
INFO: [ app_init ] --START--
INFO: Run Behavior\BuildLiteBehavior [ RunTime:0.000026s ]
INFO: [ app_init ] --END-- [ RunTime:0.000582s ]

