[ 2016-02-02T12:00:47+08:00 ] 127.0.0.1 /Blog/Public/js/angular.min.js.map
INFO: [ app_init ] --START--
INFO: Run Behavior\BuildLiteBehavior [ RunTime:0.000016s ]
INFO: [ app_init ] --END-- [ RunTime:0.000356s ]
INFO: [ app_begin ] --START--
INFO: Run Behavior\ReadHtmlCacheBehavior [ RunTime:0.000493s ]
INFO: [ app_begin ] --END-- [ RunTime:0.000562s ]
ERR: 无法加载控制器:Public

[ 2016-02-02T12:00:47+08:00 ] 127.0.0.1 /Blog/Public/admin/css/bootstrap.css.map
INFO: [ app_init ] --START--
INFO: Run Behavior\BuildLiteBehavior [ RunTime:0.000026s ]
INFO: [ app_init ] --END-- [ RunTime:0.000584s ]
INFO: [ app_begin ] --START--
INFO: Run Behavior\ReadHtmlCacheBehavior [ RunTime:0.002260s ]
INFO: [ app_begin ] --END-- [ RunTime:0.002522s ]
ERR: 无法加载控制器:Public

[ 2016-02-02T12:01:23+08:00 ] 127.0.0.1 /Blog/Public/admin/css/bootstrap.css.map
INFO: [ app_init ] --START--
INFO: Run Behavior\BuildLiteBehavior [ RunTime:0.000017s ]
INFO: [ app_init ] --END-- [ RunTime:0.000356s ]
INFO: [ app_begin ] --START--
INFO: Run Behavior\ReadHtmlCacheBehavior [ RunTime:0.000568s ]
INFO: [ app_begin ] --END-- [ RunTime:0.000632s ]
ERR: 无法加载控制器:Public

[ 2016-02-02T12:01:23+08:00 ] 127.0.0.1 /Blog/Public/js/angular.min.js.map
INFO: [ app_init ] --START--
INFO: Run Behavior\BuildLiteBehavior [ RunTime:0.000020s ]
INFO: [ app_init ] --END-- [ RunTime:0.000502s ]
INFO: [ app_begin ] --START--
INFO: Run Behavior\ReadHtmlCacheBehavior [ RunTime:0.000752s ]
INFO: [ app_begin ] --END-- [ RunTime:0.000858s ]
ERR: 无法加载控制器:Public

[ 2016-02-02T12:01:24+08:00 ] 127.0.0.1 /Blog/Public/admin/css/bootstrap.css.map
INFO: [ app_init ] --START--
INFO: Run Behavior\BuildLiteBehavior [ RunTime:0.000030s ]
INFO: [ app_init ] --END-- [ RunTime:0.000484s ]
INFO: [ app_begin ] --START--
INFO: Run Behavior\ReadHtmlCacheBehavior [ RunTime:0.000655s ]
INFO: [ app_begin ] --END-- [ RunTime:0.000737s ]
ERR: 无法加载控制器:Public

[ 2016-02-02T12:01:24+08:00 ] 127.0.0.1 /Blog/Public/js/angular.min.js.map
INFO: [ app_init ] --START--
INFO: Run Behavior\BuildLiteBehavior [ RunTime:0.000025s ]
INFO: [ app_init ] --END-- [ RunTime:0.000736s ]
INFO: [ app_begin ] --START--
INFO: Run Behavior\ReadHtmlCacheBehavior [ RunTime:0.000671s ]
INFO: [ app_begin ] --END-- [ RunTime:0.000760s ]
ERR: 无法加载控制器:Public

[ 2016-02-02T12:01:41+08:00 ] 127.0.0.1 /Blog/Public/admin/css/bootstrap.css.map
INFO: [ app_init ] --START--
INFO: Run Behavior\BuildLiteBehavior [ RunTime:0.000016s ]
INFO: [ app_init ] --END-- [ RunTime:0.000356s ]
INFO: [ app_begin ] --START--
INFO: Run Behavior\ReadHtmlCacheBehavior [ RunTime:0.000456s ]
INFO: [ app_begin ] --END-- [ RunTime:0.000518s ]
ERR: 无法加载控制器:Public

[ 2016-02-02T12:01:41+08:00 ] 127.0.0.1 /Blog/Public/js/angular.min.js.map
INFO: [ app_init ] --START--
INFO: Run Behavior\BuildLiteBehavior [ RunTime:0.000027s ]
INFO: [ app_init ] --END-- [ RunTime:0.000549s ]
INFO: [ app_begin ] --START--
INFO: Run Behavior\ReadHtmlCacheBehavior [ RunTime:0.000872s ]
INFO: [ app_begin ] --END-- [ RunTime:0.000992s ]
ERR: 无法加载控制器:Public

[ 2016-02-02T12:01:42+08:00 ] 127.0.0.1 /Blog/Public/admin/css/bootstrap.css.map
INFO: [ app_init ] --START--
INFO: Run Behavior\BuildLiteBehavior [ RunTime:0.000034s ]
INFO: [ app_init ] --END-- [ RunTime:0.000509s ]
INFO: [ app_begin ] --START--
INFO: Run Behavior\ReadHtmlCacheBehavior [ RunTime:0.000941s ]
INFO: [ app_begin ] --END-- [ RunTime:0.001291s ]
ERR: 无法加载控制器:Public

[ 2016-02-02T12:01:42+08:00 ] 127.0.0.1 /Blog/Public/js/angular.min.js.map
INFO: [ app_init ] --START--
INFO: Run Behavior\BuildLiteBehavior [ RunTime:0.000025s ]
INFO: [ app_init ] --END-- [ RunTime:0.000481s ]
INFO: [ app_begin ] --START--
INFO: Run Behavior\ReadHtmlCacheBehavior [ RunTime:0.000728s ]
INFO: [ app_begin ] --END-- [ RunTime:0.000831s ]
ERR: 无法加载控制器:Public

[ 2016-02-02T12:02:04+08:00 ] 127.0.0.1 /Blog/Public/admin/css/bootstrap.css.map
INFO: [ app_init ] --START--
INFO: Run Behavior\BuildLiteBehavior [ RunTime:0.000031s ]
INFO: [ app_init ] --END-- [ RunTime:0.000614s ]
INFO: [ app_begin ] --START--
INFO: Run Behavior\ReadHtmlCacheBehavior [ RunTime:0.000771s ]
INFO: [ app_begin ] --END-- [ RunTime:0.000905s ]
ERR: 无法加载控制器:Public

[ 2016-02-02T12:02:04+08:00 ] 127.0.0.1 /Blog/Public/js/angular.min.js.map
INFO: [ app_init ] --START--
INFO: Run Behavior\BuildLiteBehavior [ RunTime:0.000029s ]
INFO: [ app_init ] --END-- [ RunTime:0.000589s ]
INFO: [ app_begin ] --START--
INFO: Run Behavior\ReadHtmlCacheBehavior [ RunTime:0.000780s ]
INFO: [ app_begin ] --END-- [ RunTime:0.000961s ]
ERR: 无法加载控制器:Public

[ 2016-02-02T12:02:11+08:00 ] 127.0.0.1 /Blog/Public/admin/css/bootstrap.css.map
INFO: [ app_init ] --START--
INFO: Run Behavior\BuildLiteBehavior [ RunTime:0.000028s ]
INFO: [ app_init ] --END-- [ RunTime:0.000643s ]
INFO: [ app_begin ] --START--
INFO: Run Behavior\ReadHtmlCacheBehavior [ RunTime:0.000677s ]
INFO: [ app_begin ] --END-- [ RunTime:0.000777s ]
ERR: 无法加载控制器:Public

[ 2016-02-02T12:02:11+08:00 ] 127.0.0.1 /Blog/Public/js/angular.min.js.map
INFO: [ app_init ] --START--
INFO: Run Behavior\BuildLiteBehavior [ RunTime:0.000029s ]
INFO: [ app_init ] --END-- [ RunTime:0.000745s ]
INFO: [ app_begin ] --START--
INFO: Run Behavior\ReadHtmlCacheBehavior [ RunTime:0.000726s ]
INFO: [ app_begin ] --END-- [ RunTime:0.000828s ]
ERR: 无法加载控制器:Public

[ 2016-02-02T12:02:29+08:00 ] 127.0.0.1 /Blog/Public/admin/css/bootstrap.css.map
INFO: [ app_init ] --START--
INFO: Run Behavior\BuildLiteBehavior [ RunTime:0.000029s ]
INFO: [ app_init ] --END-- [ RunTime:0.000599s ]
INFO: [ app_begin ] --START--
INFO: Run Behavior\ReadHtmlCacheBehavior [ RunTime:0.000924s ]
INFO: [ app_begin ] --END-- [ RunTime:0.001041s ]
ERR: 无法加载控制器:Public

[ 2016-02-02T12:02:29+08:00 ] 127.0.0.1 /Blog/Public/js/angular.min.js.map
INFO: [ app_init ] --START--
INFO: Run Behavior\BuildLiteBehavior [ RunTime:0.000025s ]
INFO: [ app_init ] --END-- [ RunTime:0.000539s ]
INFO: [ app_begin ] --START--
INFO: Run Behavior\ReadHtmlCacheBehavior [ RunTime:0.000805s ]
INFO: [ app_begin ] --END-- [ RunTime:0.000915s ]
ERR: 无法加载控制器:Public

[ 2016-02-02T12:02:45+08:00 ] 127.0.0.1 /Blog/Public/admin/css/bootstrap.css.map
INFO: [ app_init ] --START--
INFO: Run Behavior\BuildLiteBehavior [ RunTime:0.000034s ]
INFO: [ app_init ] --END-- [ RunTime:0.000709s ]
INFO: [ app_begin ] --START--
INFO: Run Behavior\ReadHtmlCacheBehavior [ RunTime:0.001029s ]
INFO: [ app_begin ] --END-- [ RunTime:0.001167s ]
ERR: 无法加载控制器:Public

[ 2016-02-02T12:02:45+08:00 ] 127.0.0.1 /Blog/Public/js/angular.min.js.map
INFO: [ app_init ] --START--
INFO: Run Behavior\BuildLiteBehavior [ RunTime:0.000028s ]
INFO: [ app_init ] --END-- [ RunTime:0.000617s ]
INFO: [ app_begin ] --START--
INFO: Run Behavior\ReadHtmlCacheBehavior [ RunTime:0.000728s ]
INFO: [ app_begin ] --END-- [ RunTime:0.000834s ]
ERR: 无法加载控制器:Public

[ 2016-02-02T12:02:46+08:00 ] 127.0.0.1 /Blog/Public/admin/css/bootstrap.css.map
INFO: [ app_init ] --START--
INFO: Run Behavior\BuildLiteBehavior [ RunTime:0.000017s ]
INFO: [ app_init ] --END-- [ RunTime:0.000355s ]
INFO: [ app_begin ] --START--
INFO: Run Behavior\ReadHtmlCacheBehavior [ RunTime:0.000521s ]
INFO: [ app_begin ] --END-- [ RunTime:0.000599s ]
ERR: 无法加载控制器:Public

[ 2016-02-02T12:02:46+08:00 ] 127.0.0.1 /Blog/Public/js/angular.min.js.map
INFO: [ app_init ] --START--
INFO: Run Behavior\BuildLiteBehavior [ RunTime:0.000015s ]
INFO: [ app_init ] --END-- [ RunTime:0.000342s ]
INFO: [ app_begin ] --START--
INFO: Run Behavior\ReadHtmlCacheBehavior [ RunTime:0.000524s ]
INFO: [ app_begin ] --END-- [ RunTime:0.000592s ]
ERR: 无法加载控制器:Public

[ 2016-02-02T13:55:37+08:00 ] 127.0.0.1 /Blog/Public/js/angular.min.js.map
INFO: [ app_init ] --START--
INFO: Run Behavior\BuildLiteBehavior [ RunTime:0.000021s ]
INFO: [ app_init ] --END-- [ RunTime:0.000623s ]
INFO: [ app_begin ] --START--
INFO: Run Behavior\ReadHtmlCacheBehavior [ RunTime:0.000509s ]
INFO: [ app_begin ] --END-- [ RunTime:0.000582s ]
ERR: 无法加载控制器:Public

[ 2016-02-02T13:55:37+08:00 ] 127.0.0.1 /Blog/Public/admin/css/bootstrap.css.map
INFO: [ app_init ] --START--
INFO: Run Behavior\BuildLiteBehavior [ RunTime:0.000028s ]
INFO: [ app_init ] --END-- [ RunTime:0.000573s ]
INFO: [ app_begin ] --START--
INFO: Run Behavior\ReadHtmlCacheBehavior [ RunTime:0.000740s ]
INFO: [ app_begin ] --END-- [ RunTime:0.000846s ]
ERR: 无法加载控制器:Public

[ 2016-02-02T15:34:41+08:00 ] 127.0.0.1 /Blog/Public/js/angular.min.js.map
INFO: [ app_init ] --START--
INFO: Run Behavior\BuildLiteBehavior [ RunTime:0.000017s ]
INFO: [ app_init ] --END-- [ RunTime:0.000345s ]
INFO: [ app_begin ] --START--
INFO: Run Behavior\ReadHtmlCacheBehavior [ RunTime:0.000476s ]
INFO: [ app_begin ] --END-- [ RunTime:0.000541s ]
ERR: 无法加载控制器:Public

[ 2016-02-02T15:34:41+08:00 ] 127.0.0.1 /Blog/Public/admin/css/bootstrap.css.map
INFO: [ app_init ] --START--
INFO: Run Behavior\BuildLiteBehavior [ RunTime:0.000044s ]
INFO: [ app_init ] --END-- [ RunTime:0.000667s ]
INFO: [ app_begin ] --START--
INFO: Run Behavior\ReadHtmlCacheBehavior [ RunTime:0.000799s ]
INFO: [ app_begin ] --END-- [ RunTime:0.000893s ]
ERR: 无法加载控制器:Public

[ 2016-02-02T15:34:46+08:00 ] 127.0.0.1 /Blog/Public/admin/css/bootstrap.css.map
INFO: [ app_init ] --START--
INFO: Run Behavior\BuildLiteBehavior [ RunTime:0.000017s ]
INFO: [ app_init ] --END-- [ RunTime:0.000350s ]
INFO: [ app_begin ] --START--
INFO: Run Behavior\ReadHtmlCacheBehavior [ RunTime:0.000451s ]
INFO: [ app_begin ] --END-- [ RunTime:0.000510s ]
ERR: 无法加载控制器:Public

[ 2016-02-02T15:34:46+08:00 ] 127.0.0.1 /Blog/Public/js/angular.min.js.map
INFO: [ app_init ] --START--
INFO: Run Behavior\BuildLiteBehavior [ RunTime:0.000026s ]
INFO: [ app_init ] --END-- [ RunTime:0.000623s ]
INFO: [ app_begin ] --START--
INFO: Run Behavior\ReadHtmlCacheBehavior [ RunTime:0.000760s ]
INFO: [ app_begin ] --END-- [ RunTime:0.000872s ]
ERR: 无法加载控制器:Public

[ 2016-02-02T15:35:18+08:00 ] 127.0.0.1 /Blog/Public/admin/css/bootstrap.css.map
INFO: [ app_init ] --START--
INFO: Run Behavior\BuildLiteBehavior [ RunTime:0.000025s ]
INFO: [ app_init ] --END-- [ RunTime:0.000533s ]
INFO: [ app_begin ] --START--
INFO: Run Behavior\ReadHtmlCacheBehavior [ RunTime:0.000679s ]
INFO: [ app_begin ] --END-- [ RunTime:0.000782s ]
ERR: 无法加载控制器:Public

[ 2016-02-02T15:35:18+08:00 ] 127.0.0.1 /Blog/Public/js/angular.min.js.map
INFO: [ app_init ] --START--
INFO: Run Behavior\BuildLiteBehavior [ RunTime:0.000015s ]
INFO: [ app_init ] --END-- [ RunTime:0.000350s ]
INFO: [ app_begin ] --START--
INFO: Run Behavior\ReadHtmlCacheBehavior [ RunTime:0.000450s ]
INFO: [ app_begin ] --END-- [ RunTime:0.000510s ]
ERR: 无法加载控制器:Public

[ 2016-02-02T15:35:50+08:00 ] 127.0.0.1 /Blog/Public/admin/css/bootstrap.css.map
INFO: [ app_init ] --START--
INFO: Run Behavior\BuildLiteBehavior [ RunTime:0.000027s ]
INFO: [ app_init ] --END-- [ RunTime:0.000650s ]
INFO: [ app_begin ] --START--
INFO: Run Behavior\ReadHtmlCacheBehavior [ RunTime:0.000495s ]
INFO: [ app_begin ] --END-- [ RunTime:0.000561s ]
ERR: 无法加载控制器:Public

[ 2016-02-02T15:35:50+08:00 ] 127.0.0.1 /Blog/Public/js/angular.min.js.map
INFO: [ app_init ] --START--
INFO: Run Behavior\BuildLiteBehavior [ RunTime:0.000018s ]
INFO: [ app_init ] --END-- [ RunTime:0.000424s ]
INFO: [ app_begin ] --START--
INFO: Run Behavior\ReadHtmlCacheBehavior [ RunTime:0.000508s ]
INFO: [ app_begin ] --END-- [ RunTime:0.000574s ]
ERR: 无法加载控制器:Public

[ 2016-02-02T15:35:53+08:00 ] 127.0.0.1 /Blog/Public/admin/css/bootstrap.css.map
INFO: [ app_init ] --START--
INFO: Run Behavior\BuildLiteBehavior [ RunTime:0.000021s ]
INFO: [ app_init ] --END-- [ RunTime:0.000452s ]
INFO: [ app_begin ] --START--
INFO: Run Behavior\ReadHtmlCacheBehavior [ RunTime:0.000539s ]
INFO: [ app_begin ] --END-- [ RunTime:0.000615s ]
ERR: 无法加载控制器:Public

[ 2016-02-02T15:35:53+08:00 ] 127.0.0.1 /Blog/Public/js/angular.min.js.map
INFO: [ app_init ] --START--
INFO: Run Behavior\BuildLiteBehavior [ RunTime:0.000025s ]
INFO: [ app_init ] --END-- [ RunTime:0.000552s ]
INFO: [ app_begin ] --START--
INFO: Run Behavior\ReadHtmlCacheBehavior [ RunTime:0.000720s ]
INFO: [ app_begin ] --END-- [ RunTime:0.000834s ]
ERR: 无法加载控制器:Public

[ 2016-02-02T15:45:45+08:00 ] 127.0.0.1 /Blog/
INFO: [ app_init ] --START--
INFO: Run Behavior\BuildLiteBehavior [ RunTime:0.000016s ]
INFO: [ app_init ] --END-- [ RunTime:0.000361s ]
INFO: [ app_begin ] --START--
INFO: Run Behavior\ReadHtmlCacheBehavior [ RunTime:0.000463s ]
INFO: [ app_begin ] --END-- [ RunTime:0.000524s ]
NOTIC: [2048] Declaration of Home\Controller\IndexController::show() should be compatible with Think\Controller::show($content, $charset = '', $contentType = '', $prefix = '') /Applications/MAMP/htdocs/Blog/Apps/Home/Controller/IndexController.class.php 第 59 行.
INFO: [ view_parse ] --START--
INFO: [ template_filter ] --START--
INFO: Run Behavior\ContentReplaceBehavior [ RunTime:0.000078s ]
INFO: [ template_filter ] --END-- [ RunTime:0.000142s ]
INFO: Run Behavior\ParseTemplateBehavior [ RunTime:0.018241s ]
INFO: [ view_parse ] --END-- [ RunTime:0.018375s ]
INFO: [ view_filter ] --START--
INFO: Run Behavior\WriteHtmlCacheBehavior [ RunTime:0.000179s ]
INFO: [ view_filter ] --END-- [ RunTime:0.000227s ]
INFO: [ app_end ] --START--
INFO: Run Behavior\ShowPageTraceBehavior [ RunTime:0.000590s ]
INFO: [ app_end ] --END-- [ RunTime:0.000675s ]

[ 2016-02-02T15:45:45+08:00 ] 127.0.0.1 /Blog/%7B%7Barticle.path.path%7D%7D
INFO: [ app_init ] --START--
INFO: Run Behavior\BuildLiteBehavior [ RunTime:0.000016s ]
INFO: [ app_init ] --END-- [ RunTime:0.000352s ]
INFO: [ app_begin ] --START--
INFO: Run Behavior\ReadHtmlCacheBehavior [ RunTime:0.000477s ]
INFO: [ app_begin ] --END-- [ RunTime:0.000537s ]
ERR: 无法加载控制器:{{article.path

[ 2016-02-02T15:45:45+08:00 ] 127.0.0.1 /Blog/%7B%7Barticle.path.path%7D%7D
INFO: [ app_init ] --START--
INFO: Run Behavior\BuildLiteBehavior [ RunTime:0.000027s ]
INFO: [ app_init ] --END-- [ RunTime:0.000698s ]
INFO: [ app_begin ] --START--
INFO: Run Behavior\ReadHtmlCacheBehavior [ RunTime:0.000499s ]
INFO: [ app_begin ] --END-- [ RunTime:0.000576s ]
ERR: 无法加载控制器:{{article.path

[ 2016-02-02T15:45:46+08:00 ] 127.0.0.1 /Blog/Home/Index/getlist
INFO: [ app_init ] --START--
INFO: Run Behavior\BuildLiteBehavior [ RunTime:0.000018s ]
INFO: [ app_init ] --END-- [ RunTime:0.000366s ]
INFO: [ app_begin ] --START--
INFO: Run Behavior\ReadHtmlCacheBehavior [ RunTime:0.000542s ]
INFO: [ app_begin ] --END-- [ RunTime:0.000619s ]
NOTIC: [2048] Declaration of Home\Controller\IndexController::show() should be compatible with Think\Controller::show($content, $charset = '', $contentType = '', $prefix = '') /Applications/MAMP/htdocs/Blog/Apps/Home/Controller/IndexController.class.php 第 59 行.
SQL: SHOW COLUMNS FROM `article` [ RunTime:0.0012s ]
NOTIC: [2] array_intersect(): Argument #1 is not an array /Applications/MAMP/htdocs/Blog/Apps/Admin/Model/CommonModel.class.php 第 62 行.
SQL: SELECT * FROM `article` WHERE (  if_delete = 0 ) ORDER BY aid desc  [ RunTime:0.0007s ]
SQL: SELECT COUNT(*) AS tp_count FROM `article` WHERE (  if_delete = 0 ) LIMIT 1   [ RunTime:0.0003s ]
NOTIC: [2] Missing argument 2 for Home\Service\CategoryService::getCateByid(), called in /Applications/MAMP/htdocs/Blog/Apps/Home/Controller/IndexController.class.php on line 23 and defined /Applications/MAMP/htdocs/Blog/Apps/Home/Service/CategoryService.class.php 第 12 行.
SQL: SHOW COLUMNS FROM `category` [ RunTime:0.0011s ]
NOTIC: [8] Undefined variable: fields /Applications/MAMP/htdocs/Blog/Apps/Home/Service/CategoryService.class.php 第 15 行.
SQL: SELECT `cid`,`cname`,`created_at`,`updated_at` FROM `category` WHERE `cid` = 7 LIMIT 1   [ RunTime:0.0003s ]
SQL: SHOW COLUMNS FROM `coverimg` [ RunTime:0.0014s ]
SQL: SELECT `cid`,`path`,`aid` FROM `coverimg` WHERE `aid` = 108 LIMIT 1   [ RunTime:0.0004s ]
NOTIC: [2] Missing argument 2 for Home\Service\CategoryService::getCateByid(), called in /Applications/MAMP/htdocs/Blog/Apps/Home/Controller/IndexController.class.php on line 23 and defined /Applications/MAMP/htdocs/Blog/Apps/Home/Service/CategoryService.class.php 第 12 行.
NOTIC: [8] Undefined variable: fields /Applications/MAMP/htdocs/Blog/Apps/Home/Service/CategoryService.class.php 第 15 行.
SQL: SELECT `cid`,`cname`,`created_at`,`updated_at` FROM `category` WHERE `cid` = 1 LIMIT 1   [ RunTime:0.0003s ]
SQL: SELECT `cid`,`path`,`aid` FROM `coverimg` WHERE `aid` = 107 LIMIT 1   [ RunTime:0.0003s ]
NOTIC: [2] Missing argument 2 for Home\Service\CategoryService::getCateByid(), called in /Applications/MAMP/htdocs/Blog/Apps/Home/Controller/IndexController.class.php on line 23 and defined /Applications/MAMP/htdocs/Blog/Apps/Home/Service/CategoryService.class.php 第 12 行.
NOTIC: [8] Undefined variable: fields /Applications/MAMP/htdocs/Blog/Apps/Home/Service/CategoryService.class.php 第 15 行.
SQL: SELECT `cid`,`cname`,`created_at`,`updated_at` FROM `category` WHERE `cid` = 1 LIMIT 1   [ RunTime:0.0003s ]
SQL: SELECT `cid`,`path`,`aid` FROM `coverimg` WHERE `aid` = 106 LIMIT 1   [ RunTime:0.0002s ]
NOTIC: [2] Missing argument 2 for Home\Service\CategoryService::getCateByid(), called in /Applications/MAMP/htdocs/Blog/Apps/Home/Controller/IndexController.class.php on line 23 and defined /Applications/MAMP/htdocs/Blog/Apps/Home/Service/CategoryService.class.php 第 12 行.
NOTIC: [8] Undefined variable: fields /Applications/MAMP/htdocs/Blog/Apps/Home/Service/CategoryService.class.php 第 15 行.
SQL: SELECT `cid`,`cname`,`created_at`,`updated_at` FROM `category` WHERE `cid` = 1 LIMIT 1   [ RunTime:0.0003s ]
SQL: SELECT `cid`,`path`,`aid` FROM `coverimg` WHERE `aid` = 105 LIMIT 1   [ RunTime:0.0003s ]
NOTIC: [2] Missing argument 2 for Home\Service\CategoryService::getCateByid(), called in /Applications/MAMP/htdocs/Blog/Apps/Home/Controller/IndexController.class.php on line 23 and defined /Applications/MAMP/htdocs/Blog/Apps/Home/Service/CategoryService.class.php 第 12 行.
NOTIC: [8] Undefined variable: fields /Applications/MAMP/htdocs/Blog/Apps/Home/Service/CategoryService.class.php 第 15 行.
SQL: SELECT `cid`,`cname`,`created_at`,`updated_at` FROM `category` WHERE `cid` = 1 LIMIT 1   [ RunTime:0.0005s ]
SQL: SELECT `cid`,`path`,`aid` FROM `coverimg` WHERE `aid` = 104 LIMIT 1   [ RunTime:0.0004s ]
NOTIC: [2] Missing argument 2 for Home\Service\CategoryService::getCateByid(), called in /Applications/MAMP/htdocs/Blog/Apps/Home/Controller/IndexController.class.php on line 23 and defined /Applications/MAMP/htdocs/Blog/Apps/Home/Service/CategoryService.class.php 第 12 行.
NOTIC: [8] Undefined variable: fields /Applications/MAMP/htdocs/Blog/Apps/Home/Service/CategoryService.class.php 第 15 行.
SQL: SELECT `cid`,`cname`,`created_at`,`updated_at` FROM `category` WHERE `cid` = 6 LIMIT 1   [ RunTime:0.0006s ]
SQL: SELECT `cid`,`path`,`aid` FROM `coverimg` WHERE `aid` = 103 LIMIT 1   [ RunTime:0.0006s ]
NOTIC: [2] Missing argument 2 for Home\Service\CategoryService::getCateByid(), called in /Applications/MAMP/htdocs/Blog/Apps/Home/Controller/IndexController.class.php on line 23 and defined /Applications/MAMP/htdocs/Blog/Apps/Home/Service/CategoryService.class.php 第 12 行.
NOTIC: [8] Undefined variable: fields /Applications/MAMP/htdocs/Blog/Apps/Home/Service/CategoryService.class.php 第 15 行.
SQL: SELECT `cid`,`cname`,`created_at`,`updated_at` FROM `category` WHERE `cid` = 5 LIMIT 1   [ RunTime:0.0008s ]
SQL: SELECT `cid`,`path`,`aid` FROM `coverimg` WHERE `aid` = 101 LIMIT 1   [ RunTime:0.0007s ]
NOTIC: [2] Missing argument 2 for Home\Service\CategoryService::getCateByid(), called in /Applications/MAMP/htdocs/Blog/Apps/Home/Controller/IndexController.class.php on line 23 and defined /Applications/MAMP/htdocs/Blog/Apps/Home/Service/CategoryService.class.php 第 12 行.
NOTIC: [8] Undefined variable: fields /Applications/MAMP/htdocs/Blog/Apps/Home/Service/CategoryService.class.php 第 15 行.
SQL: SELECT `cid`,`cname`,`created_at`,`updated_at` FROM `category` WHERE `cid` = 2 LIMIT 1   [ RunTime:0.0002s ]
SQL: SELECT `cid`,`path`,`aid` FROM `coverimg` WHERE `aid` = 100 LIMIT 1   [ RunTime:0.0002s ]

[ 2016-02-02T15:45:46+08:00 ] 127.0.0.1 /Blog/Public/imgages/shadow1.png
INFO: [ app_init ] --START--
INFO: Run Behavior\BuildLiteBehavior [ RunTime:0.000031s ]
INFO: [ app_init ] --END-- [ RunTime:0.000974s ]

[ 2016-02-02T15:45:52+08:00 ] 127.0.0.1 /Blog/Public/admin/css/bootstrap.css.map
INFO: [ app_init ] --START--
INFO: Run Behavior\BuildLiteBehavior [ RunTime:0.000034s ]
INFO: [ app_init ] --END-- [ RunTime:0.000715s ]
INFO: [ app_begin ] --START--
INFO: Run Behavior\ReadHtmlCacheBehavior [ RunTime:0.000565s ]
INFO: [ app_begin ] --END-- [ RunTime:0.000657s ]
ERR: 无法加载控制器:Public

[ 2016-02-02T17:58:13+08:00 ] 127.0.0.1 /Blog/
INFO: [ app_init ] --START--
INFO: Run Behavior\BuildLiteBehavior [ RunTime:0.000022s ]
INFO: [ app_init ] --END-- [ RunTime:0.000878s ]
INFO: [ app_begin ] --START--
INFO: Run Behavior\ReadHtmlCacheBehavior [ RunTime:0.001171s ]
INFO: [ app_begin ] --END-- [ RunTime:0.001277s ]
NOTIC: [2048] Declaration of Home\Controller\IndexController::show() should be compatible with Think\Controller::show($content, $charset = '', $contentType = '', $prefix = '') /Applications/MAMP/htdocs/Blog/Apps/Home/Controller/IndexController.class.php 第 59 行.
INFO: [ view_parse ] --START--
INFO: [ template_filter ] --START--
INFO: Run Behavior\ContentReplaceBehavior [ RunTime:0.000082s ]
INFO: [ template_filter ] --END-- [ RunTime:0.000151s ]
INFO: Run Behavior\ParseTemplateBehavior [ RunTime:0.020824s ]
INFO: [ view_parse ] --END-- [ RunTime:0.020921s ]
INFO: [ view_filter ] --START--
INFO: Run Behavior\WriteHtmlCacheBehavior [ RunTime:0.000501s ]
INFO: [ view_filter ] --END-- [ RunTime:0.000582s ]
INFO: [ app_end ] --START--
INFO: Run Behavior\ShowPageTraceBehavior [ RunTime:0.001429s ]
INFO: [ app_end ] --END-- [ RunTime:0.001540s ]

[ 2016-02-02T17:58:13+08:00 ] 127.0.0.1 /Blog/%7B%7Barticle.path.path%7D%7D
INFO: [ app_init ] --START--
INFO: Run Behavior\BuildLiteBehavior [ RunTime:0.000015s ]
INFO: [ app_init ] --END-- [ RunTime:0.000368s ]
INFO: [ app_begin ] --START--
INFO: Run Behavior\ReadHtmlCacheBehavior [ RunTime:0.000668s ]
INFO: [ app_begin ] --END-- [ RunTime:0.000734s ]
ERR: 无法加载控制器:{{article.path

[ 2016-02-02T17:58:13+08:00 ] 127.0.0.1 /Blog/%7B%7Barticle.path.path%7D%7D
INFO: [ app_init ] --START--
INFO: Run Behavior\BuildLiteBehavior [ RunTime:0.000026s ]
INFO: [ app_init ] --END-- [ RunTime:0.000532s ]
INFO: [ app_begin ] --START--
INFO: Run Behavior\ReadHtmlCacheBehavior [ RunTime:0.000704s ]
INFO: [ app_begin ] --END-- [ RunTime:0.000825s ]
ERR: 无法加载控制器:{{article.path

[ 2016-02-02T17:58:13+08:00 ] 127.0.0.1 /Blog/Home/Index/getlist
INFO: [ app_init ] --START--
INFO: Run Behavior\BuildLiteBehavior [ RunTime:0.000026s ]
INFO: [ app_init ] --END-- [ RunTime:0.000557s ]
INFO: [ app_begin ] --START--
INFO: Run Behavior\ReadHtmlCacheBehavior [ RunTime:0.000750s ]
INFO: [ app_begin ] --END-- [ RunTime:0.000854s ]
NOTIC: [2048] Declaration of Home\Controller\IndexController::show() should be compatible with Think\Controller::show($content, $charset = '', $contentType = '', $prefix = '') /Applications/MAMP/htdocs/Blog/Apps/Home/Controller/IndexController.class.php 第 59 行.
SQL: SHOW COLUMNS FROM `article` [ RunTime:0.0012s ]
NOTIC: [2] array_intersect(): Argument #1 is not an array /Applications/MAMP/htdocs/Blog/Apps/Admin/Model/CommonModel.class.php 第 62 行.
SQL: SELECT * FROM `article` WHERE (  if_delete = 0 ) ORDER BY aid desc  [ RunTime:0.0004s ]
SQL: SELECT COUNT(*) AS tp_count FROM `article` WHERE (  if_delete = 0 ) LIMIT 1   [ RunTime:0.0003s ]
NOTIC: [2] Missing argument 2 for Home\Service\CategoryService::getCateByid(), called in /Applications/MAMP/htdocs/Blog/Apps/Home/Controller/IndexController.class.php on line 23 and defined /Applications/MAMP/htdocs/Blog/Apps/Home/Service/CategoryService.class.php 第 12 行.
SQL: SHOW COLUMNS FROM `category` [ RunTime:0.0009s ]
NOTIC: [8] Undefined variable: fields /Applications/MAMP/htdocs/Blog/Apps/Home/Service/CategoryService.class.php 第 15 行.
SQL: SELECT `cid`,`cname`,`created_at`,`updated_at` FROM `category` WHERE `cid` = 7 LIMIT 1   [ RunTime:0.0003s ]
SQL: SHOW COLUMNS FROM `coverimg` [ RunTime:0.0014s ]
SQL: SELECT `cid`,`path`,`aid` FROM `coverimg` WHERE `aid` = 108 LIMIT 1   [ RunTime:0.0002s ]
NOTIC: [2] Missing argument 2 for Home\Service\CategoryService::getCateByid(), called in /Applications/MAMP/htdocs/Blog/Apps/Home/Controller/IndexController.class.php on line 23 and defined /Applications/MAMP/htdocs/Blog/Apps/Home/Service/CategoryService.class.php 第 12 行.
NOTIC: [8] Undefined variable: fields /Applications/MAMP/htdocs/Blog/Apps/Home/Service/CategoryService.class.php 第 15 行.
SQL: SELECT `cid`,`cname`,`created_at`,`updated_at` FROM `category` WHERE `cid` = 1 LIMIT 1   [ RunTime:0.0002s ]
SQL: SELECT `cid`,`path`,`aid` FROM `coverimg` WHERE `aid` = 107 LIMIT 1   [ RunTime:0.0002s ]
NOTIC: [2] Missing argument 2 for Home\Service\CategoryService::getCateByid(), called in /Applications/MAMP/htdocs/Blog/Apps/Home/Controller/IndexController.class.php on line 23 and defined /Applications/MAMP/htdocs/Blog/Apps/Home/Service/CategoryService.class.php 第 12 行.
NOTIC: [8] Undefined variable: fields /Applications/MAMP/htdocs/Blog/Apps/Home/Service/CategoryService.class.php 第 15 行.
SQL: SELECT `cid`,`cname`,`created_at`,`updated_at` FROM `category` WHERE `cid` = 1 LIMIT 1   [ RunTime:0.0002s ]
SQL: SELECT `cid`,`path`,`aid` FROM `coverimg` WHERE `aid` = 106 LIMIT 1   [ RunTime:0.0003s ]
NOTIC: [2] Missing argument 2 for Home\Service\CategoryService::getCateByid(), called in /Applications/MAMP/htdocs/Blog/Apps/Home/Controller/IndexController.class.php on line 23 and defined /Applications/MAMP/htdocs/Blog/Apps/Home/Service/CategoryService.class.php 第 12 行.
NOTIC: [8] Undefined variable: fields /Applications/MAMP/htdocs/Blog/Apps/Home/Service/CategoryService.class.php 第 15 行.
SQL: SELECT `cid`,`cname`,`created_at`,`updated_at` FROM `category` WHERE `cid` = 1 LIMIT 1   [ RunTime:0.0002s ]
SQL: SELECT `cid`,`path`,`aid` FROM `coverimg` WHERE `aid` = 105 LIMIT 1   [ RunTime:0.0002s ]
NOTIC: [2] Missing argument 2 for Home\Service\CategoryService::getCateByid(), called in /Applications/MAMP/htdocs/Blog/Apps/Home/Controller/IndexController.class.php on line 23 and defined /Applications/MAMP/htdocs/Blog/Apps/Home/Service/CategoryService.class.php 第 12 行.
NOTIC: [8] Undefined variable: fields /Applications/MAMP/htdocs/Blog/Apps/Home/Service/CategoryService.class.php 第 15 行.
SQL: SELECT `cid`,`cname`,`created_at`,`updated_at` FROM `category` WHERE `cid` = 1 LIMIT 1   [ RunTime:0.0003s ]
SQL: SELECT `cid`,`path`,`aid` FROM `coverimg` WHERE `aid` = 104 LIMIT 1   [ RunTime:0.0003s ]
NOTIC: [2] Missing argument 2 for Home\Service\CategoryService::getCateByid(), called in /Applications/MAMP/htdocs/Blog/Apps/Home/Controller/IndexController.class.php on line 23 and defined /Applications/MAMP/htdocs/Blog/Apps/Home/Service/CategoryService.class.php 第 12 行.
NOTIC: [8] Undefined variable: fields /Applications/MAMP/htdocs/Blog/Apps/Home/Service/CategoryService.class.php 第 15 行.
SQL: SELECT `cid`,`cname`,`created_at`,`updated_at` FROM `category` WHERE `cid` = 6 LIMIT 1   [ RunTime:0.0003s ]
SQL: SELECT `cid`,`path`,`aid` FROM `coverimg` WHERE `aid` = 103 LIMIT 1   [ RunTime:0.0003s ]
NOTIC: [2] Missing argument 2 for Home\Service\CategoryService::getCateByid(), called in /Applications/MAMP/htdocs/Blog/Apps/Home/Controller/IndexController.class.php on line 23 and defined /Applications/MAMP/htdocs/Blog/Apps/Home/Service/CategoryService.class.php 第 12 行.
NOTIC: [8] Undefined variable: fields /Applications/MAMP/htdocs/Blog/Apps/Home/Service/CategoryService.class.php 第 15 行.
SQL: SELECT `cid`,`cname`,`created_at`,`updated_at` FROM `category` WHERE `cid` = 5 LIMIT 1   [ RunTime:0.0003s ]
SQL: SELECT `cid`,`path`,`aid` FROM `coverimg` WHERE `aid` = 101 LIMIT 1   [ RunTime:0.0003s ]
NOTIC: [2] Missing argument 2 for Home\Service\CategoryService::getCateByid(), called in /Applications/MAMP/htdocs/Blog/Apps/Home/Controller/IndexController.class.php on line 23 and defined /Applications/MAMP/htdocs/Blog/Apps/Home/Service/CategoryService.class.php 第 12 行.
NOTIC: [8] Undefined variable: fields /Applications/MAMP/htdocs/Blog/Apps/Home/Service/CategoryService.class.php 第 15 行.
SQL: SELECT `cid`,`cname`,`created_at`,`updated_at` FROM `category` WHERE `cid` = 2 LIMIT 1   [ RunTime:0.0003s ]
SQL: SELECT `cid`,`path`,`aid` FROM `coverimg` WHERE `aid` = 100 LIMIT 1   [ RunTime:0.0003s ]

[ 2016-02-02T17:58:13+08:00 ] 127.0.0.1 /Blog/Public/imgages/shadow1.png
INFO: [ app_init ] --START--
INFO: Run Behavior\BuildLiteBehavior [ RunTime:0.000023s ]
INFO: [ app_init ] --END-- [ RunTime:0.000496s ]

[ 2016-02-02T17:59:00+08:00 ] 127.0.0.1 /Blog/article-100
INFO: [ app_init ] --START--
INFO: Run Behavior\BuildLiteBehavior [ RunTime:0.000017s ]
INFO: [ app_init ] --END-- [ RunTime:0.000406s ]
INFO: [ app_begin ] --START--
INFO: Run Behavior\ReadHtmlCacheBehavior [ RunTime:0.000585s ]
INFO: [ app_begin ] --END-- [ RunTime:0.000668s ]
NOTIC: [2048] Declaration of Home\Controller\IndexController::show() should be compatible with Think\Controller::show($content, $charset = '', $contentType = '', $prefix = '') /Applications/MAMP/htdocs/Blog/Apps/Home/Controller/IndexController.class.php 第 59 行.
SQL: SHOW COLUMNS FROM `article` [ RunTime:0.0013s ]
NOTIC: [2] Missing argument 3 for Admin\Model\CommonModel::getone(), called in /Applications/MAMP/htdocs/Blog/Apps/Home/Controller/IndexController.class.php on line 49 and defined /Applications/MAMP/htdocs/Blog/Apps/Admin/Model/CommonModel.class.php 第 35 行.
SQL: SELECT `aid`,`title`,`content`,`plaintxt`,`if_delete`,`cuid`,`cid`,`rnum`,`coverid`,`create_time`,`update_time` FROM `article` WHERE `aid` = 100 LIMIT 1   [ RunTime:0.0004s ]
SQL: SHOW COLUMNS FROM `category` [ RunTime:0.0010s ]
NOTIC: [2] Missing argument 3 for Admin\Model\CommonModel::getone(), called in /Applications/MAMP/htdocs/Blog/Apps/Home/Controller/IndexController.class.php on line 50 and defined /Applications/MAMP/htdocs/Blog/Apps/Admin/Model/CommonModel.class.php 第 35 行.
SQL: SELECT `cid`,`cname`,`created_at`,`updated_at` FROM `category` WHERE `cid` = 2 LIMIT 1   [ RunTime:0.0002s ]
SQL: SHOW COLUMNS FROM `users` [ RunTime:0.0014s ]
NOTIC: [2] Missing argument 3 for Admin\Model\CommonModel::getone(), called in /Applications/MAMP/htdocs/Blog/Apps/Home/Controller/IndexController.class.php on line 51 and defined /Applications/MAMP/htdocs/Blog/Apps/Admin/Model/CommonModel.class.php 第 35 行.
SQL: SELECT `uid`,`username`,`login_name`,`role`,`password`,`email`,`head`,`gender`,`domain`,`last_login`,`ip`,`if_blacklist`,`if_delete` FROM `users` WHERE `uid` = 2 LIMIT 1   [ RunTime:0.0003s ]
SQL: UPDATE `article` SET `rnum`=rnum+1 WHERE `aid` = 100 [ RunTime:0.0023s ]
INFO: [ view_parse ] --START--
INFO: [ template_filter ] --START--
INFO: Run Behavior\ContentReplaceBehavior [ RunTime:0.000083s ]
INFO: [ template_filter ] --END-- [ RunTime:0.000161s ]
INFO: Run Behavior\ParseTemplateBehavior [ RunTime:0.014214s ]
INFO: [ view_parse ] --END-- [ RunTime:0.014330s ]
INFO: [ view_filter ] --START--
INFO: Run Behavior\WriteHtmlCacheBehavior [ RunTime:0.000333s ]
INFO: [ view_filter ] --END-- [ RunTime:0.000422s ]
INFO: [ app_end ] --START--
INFO: Run Behavior\ShowPageTraceBehavior [ RunTime:0.000602s ]
INFO: [ app_end ] --END-- [ RunTime:0.000665s ]

[ 2016-02-02T17:59:00+08:00 ] 127.0.0.1 /Blog/Public/Ueditor/third-party/SyntaxHighlighter/shCore.min.css
INFO: [ app_init ] --START--
INFO: Run Behavior\BuildLiteBehavior [ RunTime:0.000016s ]
INFO: [ app_init ] --END-- [ RunTime:0.000369s ]
INFO: [ app_begin ] --START--
INFO: Run Behavior\ReadHtmlCacheBehavior [ RunTime:0.000656s ]
INFO: [ app_begin ] --END-- [ RunTime:0.000727s ]
ERR: 无法加载控制器:Public

[ 2016-02-02T17:59:00+08:00 ] 127.0.0.1 /Blog/Public/Ueditor/third-party/SyntaxHighlighter/shCore.min.js
INFO: [ app_init ] --START--
INFO: Run Behavior\BuildLiteBehavior [ RunTime:0.000014s ]
INFO: [ app_init ] --END-- [ RunTime:0.000342s ]
INFO: [ app_begin ] --START--
INFO: Run Behavior\ReadHtmlCacheBehavior [ RunTime:0.000651s ]
INFO: [ app_begin ] --END-- [ RunTime:0.000733s ]
ERR: 无法加载控制器:Public

[ 2016-02-02T17:59:24+08:00 ] 127.0.0.1 /Blog/index
INFO: [ app_init ] --START--
INFO: Run Behavior\BuildLiteBehavior [ RunTime:0.000020s ]
INFO: [ app_init ] --END-- [ RunTime:0.000442s ]
INFO: [ app_begin ] --START--
INFO: Run Behavior\ReadHtmlCacheBehavior [ RunTime:0.000492s ]
INFO: [ app_begin ] --END-- [ RunTime:0.000550s ]
NOTIC: [2048] Declaration of Home\Controller\IndexController::show() should be compatible with Think\Controller::show($content, $charset = '', $contentType = '', $prefix = '') /Applications/MAMP/htdocs/Blog/Apps/Home/Controller/IndexController.class.php 第 59 行.
INFO: [ view_parse ] --START--
INFO: [ template_filter ] --START--
INFO: Run Behavior\ContentReplaceBehavior [ RunTime:0.000125s ]
INFO: [ template_filter ] --END-- [ RunTime:0.000195s ]
INFO: Run Behavior\ParseTemplateBehavior [ RunTime:0.025028s ]
INFO: [ view_parse ] --END-- [ RunTime:0.025100s ]
INFO: [ view_filter ] --START--
INFO: Run Behavior\WriteHtmlCacheBehavior [ RunTime:0.000218s ]
INFO: [ view_filter ] --END-- [ RunTime:0.000280s ]
INFO: [ app_end ] --START--
INFO: Run Behavior\ShowPageTraceBehavior [ RunTime:0.000812s ]
INFO: [ app_end ] --END-- [ RunTime:0.000898s ]

[ 2016-02-02T17:59:24+08:00 ] 127.0.0.1 /Blog/%7B%7Barticle.path.path%7D%7D
INFO: [ app_init ] --START--
INFO: Run Behavior\BuildLiteBehavior [ RunTime:0.000017s ]
INFO: [ app_init ] --END-- [ RunTime:0.000361s ]
INFO: [ app_begin ] --START--
INFO: Run Behavior\ReadHtmlCacheBehavior [ RunTime:0.000507s ]
INFO: [ app_begin ] --END-- [ RunTime:0.000601s ]
ERR: 无法加载控制器:{{article.path

[ 2016-02-02T17:59:24+08:00 ] 127.0.0.1 /Blog/%7B%7Barticle.path.path%7D%7D
INFO: [ app_init ] --START--
INFO: Run Behavior\BuildLiteBehavior [ RunTime:0.000024s ]
INFO: [ app_init ] --END-- [ RunTime:0.000434s ]
INFO: [ app_begin ] --START--
INFO: Run Behavior\ReadHtmlCacheBehavior [ RunTime:0.000756s ]
INFO: [ app_begin ] --END-- [ RunTime:0.000886s ]
ERR: 无法加载控制器:{{article.path

[ 2016-02-02T17:59:25+08:00 ] 127.0.0.1 /Blog/Home/Index/getlist
INFO: [ app_init ] --START--
INFO: Run Behavior\BuildLiteBehavior [ RunTime:0.000016s ]
INFO: [ app_init ] --END-- [ RunTime:0.000351s ]
INFO: [ app_begin ] --START--
INFO: Run Behavior\ReadHtmlCacheBehavior [ RunTime:0.000473s ]
INFO: [ app_begin ] --END-- [ RunTime:0.000538s ]
NOTIC: [2048] Declaration of Home\Controller\IndexController::show() should be compatible with Think\Controller::show($content, $charset = '', $contentType = '', $prefix = '') /Applications/MAMP/htdocs/Blog/Apps/Home/Controller/IndexController.class.php 第 59 行.
SQL: SHOW COLUMNS FROM `article` [ RunTime:0.0014s ]
NOTIC: [2] array_intersect(): Argument #1 is not an array /Applications/MAMP/htdocs/Blog/Apps/Admin/Model/CommonModel.class.php 第 62 行.
SQL: SELECT * FROM `article` WHERE (  if_delete = 0 ) ORDER BY aid desc  [ RunTime:0.0005s ]
SQL: SELECT COUNT(*) AS tp_count FROM `article` WHERE (  if_delete = 0 ) LIMIT 1   [ RunTime:0.0002s ]
NOTIC: [2] Missing argument 2 for Home\Service\CategoryService::getCateByid(), called in /Applications/MAMP/htdocs/Blog/Apps/Home/Controller/IndexController.class.php on line 23 and defined /Applications/MAMP/htdocs/Blog/Apps/Home/Service/CategoryService.class.php 第 12 行.
SQL: SHOW COLUMNS FROM `category` [ RunTime:0.0011s ]
NOTIC: [8] Undefined variable: fields /Applications/MAMP/htdocs/Blog/Apps/Home/Service/CategoryService.class.php 第 15 行.
SQL: SELECT `cid`,`cname`,`created_at`,`updated_at` FROM `category` WHERE `cid` = 7 LIMIT 1   [ RunTime:0.0003s ]
SQL: SHOW COLUMNS FROM `coverimg` [ RunTime:0.0012s ]
SQL: SELECT `cid`,`path`,`aid` FROM `coverimg` WHERE `aid` = 108 LIMIT 1   [ RunTime:0.0004s ]
NOTIC: [2] Missing argument 2 for Home\Service\CategoryService::getCateByid(), called in /Applications/MAMP/htdocs/Blog/Apps/Home/Controller/IndexController.class.php on line 23 and defined /Applications/MAMP/htdocs/Blog/Apps/Home/Service/CategoryService.class.php 第 12 行.
NOTIC: [8] Undefined variable: fields /Applications/MAMP/htdocs/Blog/Apps/Home/Service/CategoryService.class.php 第 15 行.
SQL: SELECT `cid`,`cname`,`created_at`,`updated_at` FROM `category` WHERE `cid` = 1 LIMIT 1   [ RunTime:0.0004s ]
SQL: SELECT `cid`,`path`,`aid` FROM `coverimg` WHERE `aid` = 107 LIMIT 1   [ RunTime:0.0003s ]
NOTIC: [2] Missing argument 2 for Home\Service\CategoryService::getCateByid(), called in /Applications/MAMP/htdocs/Blog/Apps/Home/Controller/IndexController.class.php on line 23 and defined /Applications/MAMP/htdocs/Blog/Apps/Home/Service/CategoryService.class.php 第 12 行.
NOTIC: [8] Undefined variable: fields /Applications/MAMP/htdocs/Blog/Apps/Home/Service/CategoryService.class.php 第 15 行.
SQL: SELECT `cid`,`cname`,`created_at`,`updated_at` FROM `category` WHERE `cid` = 1 LIMIT 1   [ RunTime:0.0003s ]
SQL: SELECT `cid`,`path`,`aid` FROM `coverimg` WHERE `aid` = 106 LIMIT 1   [ RunTime:0.0003s ]
NOTIC: [2] Missing argument 2 for Home\Service\CategoryService::getCateByid(), called in /Applications/MAMP/htdocs/Blog/Apps/Home/Controller/IndexController.class.php on line 23 and defined /Applications/MAMP/htdocs/Blog/Apps/Home/Service/CategoryService.class.php 第 12 行.
NOTIC: [8] Undefined variable: fields /Applications/MAMP/htdocs/Blog/Apps/Home/Service/CategoryService.class.php 第 15 行.
SQL: SELECT `cid`,`cname`,`created_at`,`updated_at` FROM `category` WHERE `cid` = 1 LIMIT 1   [ RunTime:0.0002s ]
SQL: SELECT `cid`,`path`,`aid` FROM `coverimg` WHERE `aid` = 105 LIMIT 1   [ RunTime:0.0003s ]
NOTIC: [2] Missing argument 2 for Home\Service\CategoryService::getCateByid(), called in /Applications/MAMP/htdocs/Blog/Apps/Home/Controller/IndexController.class.php on line 23 and defined /Applications/MAMP/htdocs/Blog/Apps/Home/Service/CategoryService.class.php 第 12 行.
NOTIC: [8] Undefined variable: fields /Applications/MAMP/htdocs/Blog/Apps/Home/Service/CategoryService.class.php 第 15 行.
SQL: SELECT `cid`,`cname`,`created_at`,`updated_at` FROM `category` WHERE `cid` = 1 LIMIT 1   [ RunTime:0.0003s ]
SQL: SELECT `cid`,`path`,`aid` FROM `coverimg` WHERE `aid` = 104 LIMIT 1   [ RunTime:0.0003s ]
NOTIC: [2] Missing argument 2 for Home\Service\CategoryService::getCateByid(), called in /Applications/MAMP/htdocs/Blog/Apps/Home/Controller/IndexController.class.php on line 23 and defined /Applications/MAMP/htdocs/Blog/Apps/Home/Service/CategoryService.class.php 第 12 行.
NOTIC: [8] Undefined variable: fields /Applications/MAMP/htdocs/Blog/Apps/Home/Service/CategoryService.class.php 第 15 行.
SQL: SELECT `cid`,`cname`,`created_at`,`updated_at` FROM `category` WHERE `cid` = 6 LIMIT 1   [ RunTime:0.0003s ]
SQL: SELECT `cid`,`path`,`aid` FROM `coverimg` WHERE `aid` = 103 LIMIT 1   [ RunTime:0.0002s ]
NOTIC: [2] Missing argument 2 for Home\Service\CategoryService::getCateByid(), called in /Applications/MAMP/htdocs/Blog/Apps/Home/Controller/IndexController.class.php on line 23 and defined /Applications/MAMP/htdocs/Blog/Apps/Home/Service/CategoryService.class.php 第 12 行.
NOTIC: [8] Undefined variable: fields /Applications/MAMP/htdocs/Blog/Apps/Home/Service/CategoryService.class.php 第 15 行.
SQL: SELECT `cid`,`cname`,`created_at`,`updated_at` FROM `category` WHERE `cid` = 5 LIMIT 1   [ RunTime:0.0002s ]
SQL: SELECT `cid`,`path`,`aid` FROM `coverimg` WHERE `aid` = 101 LIMIT 1   [ RunTime:0.0002s ]
NOTIC: [2] Missing argument 2 for Home\Service\CategoryService::getCateByid(), called in /Applications/MAMP/htdocs/Blog/Apps/Home/Controller/IndexController.class.php on line 23 and defined /Applications/MAMP/htdocs/Blog/Apps/Home/Service/CategoryService.class.php 第 12 行.
NOTIC: [8] Undefined variable: fields /Applications/MAMP/htdocs/Blog/Apps/Home/Service/CategoryService.class.php 第 15 行.
SQL: SELECT `cid`,`cname`,`created_at`,`updated_at` FROM `category` WHERE `cid` = 2 LIMIT 1   [ RunTime:0.0002s ]
SQL: SELECT `cid`,`path`,`aid` FROM `coverimg` WHERE `aid` = 100 LIMIT 1   [ RunTime:0.0002s ]

