[ 2015-12-29T09:24:39+08:00 ] 127.0.0.1 /Blog/admin.php/Article/create.html
INFO: [ app_init ] --START--
INFO: Run Behavior\BuildLiteBehavior [ RunTime:0.000031s ]
INFO: [ app_init ] --END-- [ RunTime:0.001003s ]
INFO: [ app_begin ] --START--
INFO: Run Behavior\ReadHtmlCacheBehavior [ RunTime:0.001211s ]
INFO: [ app_begin ] --END-- [ RunTime:0.001330s ]
INFO: [ view_parse ] --START--
INFO: [ template_filter ] --START--
INFO: Run Behavior\ContentReplaceBehavior [ RunTime:0.000219s ]
INFO: [ template_filter ] --END-- [ RunTime:0.000293s ]
INFO: Run Behavior\ParseTemplateBehavior [ RunTime:0.025340s ]
INFO: [ view_parse ] --END-- [ RunTime:0.025438s ]
INFO: [ view_filter ] --START--
INFO: Run Behavior\WriteHtmlCacheBehavior [ RunTime:0.000432s ]
INFO: [ view_filter ] --END-- [ RunTime:0.000504s ]
INFO: [ app_end ] --START--
INFO: Run Behavior\ShowPageTraceBehavior [ RunTime:0.000957s ]
INFO: [ app_end ] --END-- [ RunTime:0.001045s ]

[ 2015-12-29T09:24:39+08:00 ] 127.0.0.1 /Blog/admin.php/Article/getlist
INFO: [ app_init ] --START--
INFO: Run Behavior\BuildLiteBehavior [ RunTime:0.000018s ]
INFO: [ app_init ] --END-- [ RunTime:0.000531s ]
INFO: [ app_begin ] --START--
INFO: Run Behavior\ReadHtmlCacheBehavior [ RunTime:0.000608s ]
INFO: [ app_begin ] --END-- [ RunTime:0.000695s ]
NOTIC: [2048] Declaration of Admin\Model\CommonModel::delete() should be compatible with Think\Model::delete($options = Array) /Applications/MAMP/htdocs/Blog/Apps/Admin/Model/CommonModel.class.php 第 7 行.
ERR: SQLSTATE[HY000] [2002] Connection refused

[ 2015-12-29T09:24:58+08:00 ] 127.0.0.1 /Blog/admin.php/Article/addone
INFO: [ app_init ] --START--
INFO: Run Behavior\BuildLiteBehavior [ RunTime:0.000022s ]
INFO: [ app_init ] --END-- [ RunTime:0.000729s ]
INFO: [ app_begin ] --START--
INFO: Run Behavior\ReadHtmlCacheBehavior [ RunTime:0.001901s ]
INFO: [ app_begin ] --END-- [ RunTime:0.002208s ]
NOTIC: [2048] Declaration of Admin\Model\CommonModel::delete() should be compatible with Think\Model::delete($options = Array) /Applications/MAMP/htdocs/Blog/Apps/Admin/Model/CommonModel.class.php 第 7 行.
ERR: SQLSTATE[HY000] [2002] Connection refused

[ 2015-12-29T09:25:12+08:00 ] 127.0.0.1 /Blog/admin.php/Article/addone
INFO: [ app_init ] --START--
INFO: Run Behavior\BuildLiteBehavior [ RunTime:0.000017s ]
INFO: [ app_init ] --END-- [ RunTime:0.000559s ]
INFO: [ app_begin ] --START--
INFO: Run Behavior\ReadHtmlCacheBehavior [ RunTime:0.000603s ]
INFO: [ app_begin ] --END-- [ RunTime:0.000682s ]
NOTIC: [2048] Declaration of Admin\Model\CommonModel::delete() should be compatible with Think\Model::delete($options = Array) /Applications/MAMP/htdocs/Blog/Apps/Admin/Model/CommonModel.class.php 第 7 行.
ERR: SQLSTATE[HY000] [2002] Connection refused

[ 2015-12-29T09:25:40+08:00 ] 127.0.0.1 /Blog/admin.php/Article/
INFO: [ app_init ] --START--
INFO: Run Behavior\BuildLiteBehavior [ RunTime:0.000022s ]
INFO: [ app_init ] --END-- [ RunTime:0.000450s ]
INFO: [ app_begin ] --START--
INFO: Run Behavior\ReadHtmlCacheBehavior [ RunTime:0.000494s ]
INFO: [ app_begin ] --END-- [ RunTime:0.000553s ]
INFO: [ view_parse ] --START--
INFO: [ template_filter ] --START--
INFO: Run Behavior\ContentReplaceBehavior [ RunTime:0.000141s ]
INFO: [ template_filter ] --END-- [ RunTime:0.000218s ]
INFO: Run Behavior\ParseTemplateBehavior [ RunTime:0.022148s ]
INFO: [ view_parse ] --END-- [ RunTime:0.022205s ]
INFO: [ view_filter ] --START--
INFO: Run Behavior\WriteHtmlCacheBehavior [ RunTime:0.000153s ]
INFO: [ view_filter ] --END-- [ RunTime:0.000199s ]
INFO: [ app_end ] --START--
INFO: Run Behavior\ShowPageTraceBehavior [ RunTime:0.000614s ]
INFO: [ app_end ] --END-- [ RunTime:0.000702s ]

[ 2015-12-29T09:25:40+08:00 ] 127.0.0.1 /Blog/admin.php/Article/getlist
INFO: [ app_init ] --START--
INFO: Run Behavior\BuildLiteBehavior [ RunTime:0.000018s ]
INFO: [ app_init ] --END-- [ RunTime:0.000395s ]
INFO: [ app_begin ] --START--
INFO: Run Behavior\ReadHtmlCacheBehavior [ RunTime:0.000484s ]
INFO: [ app_begin ] --END-- [ RunTime:0.000549s ]
NOTIC: [2048] Declaration of Admin\Model\CommonModel::delete() should be compatible with Think\Model::delete($options = Array) /Applications/MAMP/htdocs/Blog/Apps/Admin/Model/CommonModel.class.php 第 7 行.
ERR: SQLSTATE[HY000] [2002] Connection refused

[ 2015-12-29T09:25:51+08:00 ] 127.0.0.1 /Blog/admin.php/Article/
INFO: [ app_init ] --START--
INFO: Run Behavior\BuildLiteBehavior [ RunTime:0.000022s ]
INFO: [ app_init ] --END-- [ RunTime:0.000538s ]
INFO: [ app_begin ] --START--
INFO: Run Behavior\ReadHtmlCacheBehavior [ RunTime:0.000595s ]
INFO: [ app_begin ] --END-- [ RunTime:0.000674s ]
INFO: [ view_parse ] --START--
INFO: [ template_filter ] --START--
INFO: Run Behavior\ContentReplaceBehavior [ RunTime:0.000187s ]
INFO: [ template_filter ] --END-- [ RunTime:0.000261s ]
INFO: Run Behavior\ParseTemplateBehavior [ RunTime:0.027355s ]
INFO: [ view_parse ] --END-- [ RunTime:0.027460s ]
INFO: [ view_filter ] --START--
INFO: Run Behavior\WriteHtmlCacheBehavior [ RunTime:0.000269s ]
INFO: [ view_filter ] --END-- [ RunTime:0.000354s ]
INFO: [ app_end ] --START--
INFO: Run Behavior\ShowPageTraceBehavior [ RunTime:0.001340s ]
INFO: [ app_end ] --END-- [ RunTime:0.001485s ]

[ 2015-12-29T09:25:51+08:00 ] 127.0.0.1 /Blog/admin.php/Article/getlist
INFO: [ app_init ] --START--
INFO: Run Behavior\BuildLiteBehavior [ RunTime:0.000016s ]
INFO: [ app_init ] --END-- [ RunTime:0.000360s ]
INFO: [ app_begin ] --START--
INFO: Run Behavior\ReadHtmlCacheBehavior [ RunTime:0.000507s ]
INFO: [ app_begin ] --END-- [ RunTime:0.000569s ]
NOTIC: [2048] Declaration of Admin\Model\CommonModel::delete() should be compatible with Think\Model::delete($options = Array) /Applications/MAMP/htdocs/Blog/Apps/Admin/Model/CommonModel.class.php 第 7 行.
ERR: SQLSTATE[HY000] [2002] Connection refused

[ 2015-12-29T09:26:12+08:00 ] 127.0.0.1 /Blog/admin.php/Article/
INFO: [ app_init ] --START--
INFO: Run Behavior\BuildLiteBehavior [ RunTime:0.000019s ]
INFO: [ app_init ] --END-- [ RunTime:0.000450s ]
INFO: [ app_begin ] --START--
INFO: Run Behavior\ReadHtmlCacheBehavior [ RunTime:0.000580s ]
INFO: [ app_begin ] --END-- [ RunTime:0.000655s ]
INFO: [ view_parse ] --START--
INFO: [ template_filter ] --START--
INFO: Run Behavior\ContentReplaceBehavior [ RunTime:0.000185s ]
INFO: [ template_filter ] --END-- [ RunTime:0.000262s ]
INFO: Run Behavior\ParseTemplateBehavior [ RunTime:0.030443s ]
INFO: [ view_parse ] --END-- [ RunTime:0.030551s ]
INFO: [ view_filter ] --START--
INFO: Run Behavior\WriteHtmlCacheBehavior [ RunTime:0.000263s ]
INFO: [ view_filter ] --END-- [ RunTime:0.000349s ]
INFO: [ app_end ] --START--
INFO: Run Behavior\ShowPageTraceBehavior [ RunTime:0.001191s ]
INFO: [ app_end ] --END-- [ RunTime:0.001335s ]

[ 2015-12-29T09:26:12+08:00 ] 127.0.0.1 /Blog/admin.php/Article/getlist
INFO: [ app_init ] --START--
INFO: Run Behavior\BuildLiteBehavior [ RunTime:0.000025s ]
INFO: [ app_init ] --END-- [ RunTime:0.000471s ]
INFO: [ app_begin ] --START--
INFO: Run Behavior\ReadHtmlCacheBehavior [ RunTime:0.000520s ]
INFO: [ app_begin ] --END-- [ RunTime:0.000587s ]
NOTIC: [2048] Declaration of Admin\Model\CommonModel::delete() should be compatible with Think\Model::delete($options = Array) /Applications/MAMP/htdocs/Blog/Apps/Admin/Model/CommonModel.class.php 第 7 行.
SQL: SHOW COLUMNS FROM `article` [ RunTime:0.0028s ]
SQL: SELECT `aid`,`title`,`content`,`if_delete`,`cuid`,`cid`,`rnum`,`create_time`,`update_time` FROM `article` WHERE (  if_delete = 0 ) ORDER BY aid desc  [ RunTime:0.0009s ]
SQL: SELECT COUNT(*) AS tp_count FROM `article` WHERE (  if_delete = 0 ) LIMIT 1   [ RunTime:0.0008s ]
SQL: SHOW COLUMNS FROM `category` [ RunTime:0.0033s ]
SQL: SELECT `cname` FROM `category` WHERE `cid` = 3 LIMIT 1   [ RunTime:0.0003s ]
SQL: SELECT `cname` FROM `category` WHERE `cid` = 2 LIMIT 1   [ RunTime:0.0002s ]
SQL: SELECT `cname` FROM `category` WHERE `cid` = 3 LIMIT 1   [ RunTime:0.0002s ]
SQL: SELECT `cname` FROM `category` WHERE `cid` = 2 LIMIT 1   [ RunTime:0.0002s ]

[ 2015-12-29T09:26:15+08:00 ] 127.0.0.1 /Blog/admin.php/Article/create.html
INFO: [ app_init ] --START--
INFO: Run Behavior\BuildLiteBehavior [ RunTime:0.000016s ]
INFO: [ app_init ] --END-- [ RunTime:0.000326s ]
INFO: [ app_begin ] --START--
INFO: Run Behavior\ReadHtmlCacheBehavior [ RunTime:0.000420s ]
INFO: [ app_begin ] --END-- [ RunTime:0.000472s ]
INFO: [ view_parse ] --START--
INFO: [ template_filter ] --START--
INFO: Run Behavior\ContentReplaceBehavior [ RunTime:0.000119s ]
INFO: [ template_filter ] --END-- [ RunTime:0.000196s ]
INFO: Run Behavior\ParseTemplateBehavior [ RunTime:0.027674s ]
INFO: [ view_parse ] --END-- [ RunTime:0.027770s ]
INFO: [ view_filter ] --START--
INFO: Run Behavior\WriteHtmlCacheBehavior [ RunTime:0.000281s ]
INFO: [ view_filter ] --END-- [ RunTime:0.000365s ]
INFO: [ app_end ] --START--
INFO: Run Behavior\ShowPageTraceBehavior [ RunTime:0.001098s ]
INFO: [ app_end ] --END-- [ RunTime:0.001244s ]

[ 2015-12-29T09:26:15+08:00 ] 127.0.0.1 /Blog/admin.php/Article/getlist
INFO: [ app_init ] --START--
INFO: Run Behavior\BuildLiteBehavior [ RunTime:0.000017s ]
INFO: [ app_init ] --END-- [ RunTime:0.000361s ]
INFO: [ app_begin ] --START--
INFO: Run Behavior\ReadHtmlCacheBehavior [ RunTime:0.000460s ]
INFO: [ app_begin ] --END-- [ RunTime:0.000522s ]
NOTIC: [2048] Declaration of Admin\Model\CommonModel::delete() should be compatible with Think\Model::delete($options = Array) /Applications/MAMP/htdocs/Blog/Apps/Admin/Model/CommonModel.class.php 第 7 行.
SQL: SHOW COLUMNS FROM `article` [ RunTime:0.0018s ]
SQL: SELECT `aid`,`title`,`content`,`if_delete`,`cuid`,`cid`,`rnum`,`create_time`,`update_time` FROM `article` WHERE (  if_delete = 0 ) ORDER BY aid desc  [ RunTime:0.0004s ]
SQL: SELECT COUNT(*) AS tp_count FROM `article` WHERE (  if_delete = 0 ) LIMIT 1   [ RunTime:0.0002s ]
SQL: SHOW COLUMNS FROM `category` [ RunTime:0.0013s ]
SQL: SELECT `cname` FROM `category` WHERE `cid` = 3 LIMIT 1   [ RunTime:0.0004s ]
SQL: SELECT `cname` FROM `category` WHERE `cid` = 2 LIMIT 1   [ RunTime:0.0003s ]
SQL: SELECT `cname` FROM `category` WHERE `cid` = 3 LIMIT 1   [ RunTime:0.0003s ]
SQL: SELECT `cname` FROM `category` WHERE `cid` = 2 LIMIT 1   [ RunTime:0.0002s ]

[ 2015-12-29T09:26:45+08:00 ] 127.0.0.1 /Blog/admin.php/Article/addone
INFO: [ app_init ] --START--
INFO: Run Behavior\BuildLiteBehavior [ RunTime:0.000016s ]
INFO: [ app_init ] --END-- [ RunTime:0.000338s ]
INFO: [ app_begin ] --START--
INFO: Run Behavior\ReadHtmlCacheBehavior [ RunTime:0.000423s ]
INFO: [ app_begin ] --END-- [ RunTime:0.000480s ]
NOTIC: [2048] Declaration of Admin\Model\CommonModel::delete() should be compatible with Think\Model::delete($options = Array) /Applications/MAMP/htdocs/Blog/Apps/Admin/Model/CommonModel.class.php 第 7 行.
SQL: SHOW COLUMNS FROM `article` [ RunTime:0.0012s ]
SQL: INSERT INTO `article` (`title`,`content`,`cid`,`create_time`,`update_time`) VALUES ('宪政之至','有四五声','1','2015-12-29 09:26:45','2015-12-29 09:26:45') [ RunTime:0.0022s ]

[ 2015-12-29T09:26:52+08:00 ] 127.0.0.1 /Blog/admin.php/Article/index.html
INFO: [ app_init ] --START--
INFO: Run Behavior\BuildLiteBehavior [ RunTime:0.000021s ]
INFO: [ app_init ] --END-- [ RunTime:0.000480s ]
INFO: [ app_begin ] --START--
INFO: Run Behavior\ReadHtmlCacheBehavior [ RunTime:0.000622s ]
INFO: [ app_begin ] --END-- [ RunTime:0.000706s ]
INFO: [ view_parse ] --START--
INFO: [ template_filter ] --START--
INFO: Run Behavior\ContentReplaceBehavior [ RunTime:0.000092s ]
INFO: [ template_filter ] --END-- [ RunTime:0.000162s ]
INFO: Run Behavior\ParseTemplateBehavior [ RunTime:0.019055s ]
INFO: [ view_parse ] --END-- [ RunTime:0.019116s ]
INFO: [ view_filter ] --START--
INFO: Run Behavior\WriteHtmlCacheBehavior [ RunTime:0.000146s ]
INFO: [ view_filter ] --END-- [ RunTime:0.000185s ]
INFO: [ app_end ] --START--
INFO: Run Behavior\ShowPageTraceBehavior [ RunTime:0.000491s ]
INFO: [ app_end ] --END-- [ RunTime:0.000576s ]

[ 2015-12-29T09:26:53+08:00 ] 127.0.0.1 /Blog/admin.php/Article/index.html
INFO: [ app_init ] --START--
INFO: Run Behavior\BuildLiteBehavior [ RunTime:0.000018s ]
INFO: [ app_init ] --END-- [ RunTime:0.000557s ]
INFO: [ app_begin ] --START--
INFO: Run Behavior\ReadHtmlCacheBehavior [ RunTime:0.001344s ]
INFO: [ app_begin ] --END-- [ RunTime:0.001459s ]
INFO: [ view_parse ] --START--
INFO: [ template_filter ] --START--
INFO: Run Behavior\ContentReplaceBehavior [ RunTime:0.000194s ]
INFO: [ template_filter ] --END-- [ RunTime:0.000370s ]
INFO: Run Behavior\ParseTemplateBehavior [ RunTime:0.030762s ]
INFO: [ view_parse ] --END-- [ RunTime:0.030883s ]
INFO: [ view_filter ] --START--
INFO: Run Behavior\WriteHtmlCacheBehavior [ RunTime:0.000349s ]
INFO: [ view_filter ] --END-- [ RunTime:0.000426s ]
INFO: [ app_end ] --START--
INFO: Run Behavior\ShowPageTraceBehavior [ RunTime:0.002584s ]
INFO: [ app_end ] --END-- [ RunTime:0.003044s ]

[ 2015-12-29T09:26:55+08:00 ] 127.0.0.1 /Blog/admin.php/Article/index.html
INFO: [ app_init ] --START--
INFO: Run Behavior\BuildLiteBehavior [ RunTime:0.000016s ]
INFO: [ app_init ] --END-- [ RunTime:0.000412s ]
INFO: [ app_begin ] --START--
INFO: Run Behavior\ReadHtmlCacheBehavior [ RunTime:0.000510s ]
INFO: [ app_begin ] --END-- [ RunTime:0.000566s ]
INFO: [ view_parse ] --START--
INFO: [ template_filter ] --START--
INFO: Run Behavior\ContentReplaceBehavior [ RunTime:0.000090s ]
INFO: [ template_filter ] --END-- [ RunTime:0.000163s ]
INFO: Run Behavior\ParseTemplateBehavior [ RunTime:0.026340s ]
INFO: [ view_parse ] --END-- [ RunTime:0.026440s ]
INFO: [ view_filter ] --START--
INFO: Run Behavior\WriteHtmlCacheBehavior [ RunTime:0.000362s ]
INFO: [ view_filter ] --END-- [ RunTime:0.000468s ]
INFO: [ app_end ] --START--
INFO: Run Behavior\ShowPageTraceBehavior [ RunTime:0.001160s ]
INFO: [ app_end ] --END-- [ RunTime:0.001290s ]

[ 2015-12-29T09:26:55+08:00 ] 127.0.0.1 /Blog/admin.php/Article/getlist
INFO: [ app_init ] --START--
INFO: Run Behavior\BuildLiteBehavior [ RunTime:0.000017s ]
INFO: [ app_init ] --END-- [ RunTime:0.000348s ]
INFO: [ app_begin ] --START--
INFO: Run Behavior\ReadHtmlCacheBehavior [ RunTime:0.000472s ]
INFO: [ app_begin ] --END-- [ RunTime:0.000540s ]
NOTIC: [2048] Declaration of Admin\Model\CommonModel::delete() should be compatible with Think\Model::delete($options = Array) /Applications/MAMP/htdocs/Blog/Apps/Admin/Model/CommonModel.class.php 第 7 行.
SQL: SHOW COLUMNS FROM `article` [ RunTime:0.0014s ]
SQL: SELECT `aid`,`title`,`content`,`if_delete`,`cuid`,`cid`,`rnum`,`create_time`,`update_time` FROM `article` WHERE (  if_delete = 0 ) ORDER BY aid desc  [ RunTime:0.0004s ]
SQL: SELECT COUNT(*) AS tp_count FROM `article` WHERE (  if_delete = 0 ) LIMIT 1   [ RunTime:0.0002s ]
SQL: SHOW COLUMNS FROM `category` [ RunTime:0.0011s ]
SQL: SELECT `cname` FROM `category` WHERE `cid` = 1 LIMIT 1   [ RunTime:0.0002s ]
SQL: SELECT `cname` FROM `category` WHERE `cid` = 3 LIMIT 1   [ RunTime:0.0002s ]
SQL: SELECT `cname` FROM `category` WHERE `cid` = 2 LIMIT 1   [ RunTime:0.0002s ]
SQL: SELECT `cname` FROM `category` WHERE `cid` = 3 LIMIT 1   [ RunTime:0.0002s ]
SQL: SELECT `cname` FROM `category` WHERE `cid` = 2 LIMIT 1   [ RunTime:0.0002s ]

[ 2015-12-29T09:27:05+08:00 ] 127.0.0.1 /Blog/admin.php/Article/delete
INFO: [ app_init ] --START--
INFO: Run Behavior\BuildLiteBehavior [ RunTime:0.000022s ]
INFO: [ app_init ] --END-- [ RunTime:0.000473s ]
INFO: [ app_begin ] --START--
INFO: Run Behavior\ReadHtmlCacheBehavior [ RunTime:0.000593s ]
INFO: [ app_begin ] --END-- [ RunTime:0.000673s ]
NOTIC: [2048] Declaration of Admin\Model\CommonModel::delete() should be compatible with Think\Model::delete($options = Array) /Applications/MAMP/htdocs/Blog/Apps/Admin/Model/CommonModel.class.php 第 7 行.
SQL: SHOW COLUMNS FROM `article` [ RunTime:0.0096s ]
SQL: UPDATE `article` SET `if_delete`='1' WHERE `aid` = 2 [ RunTime:0.0007s ]

[ 2015-12-29T09:27:09+08:00 ] 127.0.0.1 /Blog/admin.php/Article/delete
INFO: [ app_init ] --START--
INFO: Run Behavior\BuildLiteBehavior [ RunTime:0.000016s ]
INFO: [ app_init ] --END-- [ RunTime:0.000381s ]
INFO: [ app_begin ] --START--
INFO: Run Behavior\ReadHtmlCacheBehavior [ RunTime:0.000506s ]
INFO: [ app_begin ] --END-- [ RunTime:0.000562s ]
NOTIC: [2048] Declaration of Admin\Model\CommonModel::delete() should be compatible with Think\Model::delete($options = Array) /Applications/MAMP/htdocs/Blog/Apps/Admin/Model/CommonModel.class.php 第 7 行.
SQL: SHOW COLUMNS FROM `article` [ RunTime:0.0098s ]
SQL: UPDATE `article` SET `if_delete`='1' WHERE `aid` = 3 [ RunTime:0.0007s ]

[ 2015-12-29T09:27:14+08:00 ] 127.0.0.1 /Blog/admin.php/Article/delete
INFO: [ app_init ] --START--
INFO: Run Behavior\BuildLiteBehavior [ RunTime:0.000014s ]
INFO: [ app_init ] --END-- [ RunTime:0.000322s ]
INFO: [ app_begin ] --START--
INFO: Run Behavior\ReadHtmlCacheBehavior [ RunTime:0.000432s ]
INFO: [ app_begin ] --END-- [ RunTime:0.000487s ]
NOTIC: [2048] Declaration of Admin\Model\CommonModel::delete() should be compatible with Think\Model::delete($options = Array) /Applications/MAMP/htdocs/Blog/Apps/Admin/Model/CommonModel.class.php 第 7 行.
SQL: SHOW COLUMNS FROM `article` [ RunTime:0.0097s ]
SQL: UPDATE `article` SET `if_delete`='1' WHERE `aid` = 15 [ RunTime:0.0009s ]

[ 2015-12-29T09:27:17+08:00 ] 127.0.0.1 /Blog/admin.php/Article/delete
INFO: [ app_init ] --START--
INFO: Run Behavior\BuildLiteBehavior [ RunTime:0.000015s ]
INFO: [ app_init ] --END-- [ RunTime:0.000347s ]
INFO: [ app_begin ] --START--
INFO: Run Behavior\ReadHtmlCacheBehavior [ RunTime:0.000433s ]
INFO: [ app_begin ] --END-- [ RunTime:0.000491s ]
NOTIC: [2048] Declaration of Admin\Model\CommonModel::delete() should be compatible with Think\Model::delete($options = Array) /Applications/MAMP/htdocs/Blog/Apps/Admin/Model/CommonModel.class.php 第 7 行.
SQL: SHOW COLUMNS FROM `article` [ RunTime:0.0099s ]
SQL: UPDATE `article` SET `if_delete`='1' WHERE `aid` = 26 [ RunTime:0.0007s ]

[ 2015-12-29T09:27:21+08:00 ] 127.0.0.1 /Blog/admin.php/Article/delete
INFO: [ app_init ] --START--
INFO: Run Behavior\BuildLiteBehavior [ RunTime:0.000016s ]
INFO: [ app_init ] --END-- [ RunTime:0.000364s ]
INFO: [ app_begin ] --START--
INFO: Run Behavior\ReadHtmlCacheBehavior [ RunTime:0.000429s ]
INFO: [ app_begin ] --END-- [ RunTime:0.000482s ]
NOTIC: [2048] Declaration of Admin\Model\CommonModel::delete() should be compatible with Think\Model::delete($options = Array) /Applications/MAMP/htdocs/Blog/Apps/Admin/Model/CommonModel.class.php 第 7 行.
SQL: SHOW COLUMNS FROM `article` [ RunTime:0.0088s ]
SQL: UPDATE `article` SET `if_delete`='1' WHERE `aid` = 4 [ RunTime:0.0005s ]

[ 2015-12-29T09:27:37+08:00 ] 127.0.0.1 /Blog/admin.php/Article/index.html
INFO: [ app_init ] --START--
INFO: Run Behavior\BuildLiteBehavior [ RunTime:0.000017s ]
INFO: [ app_init ] --END-- [ RunTime:0.000373s ]
INFO: [ app_begin ] --START--
INFO: Run Behavior\ReadHtmlCacheBehavior [ RunTime:0.000668s ]
INFO: [ app_begin ] --END-- [ RunTime:0.000762s ]
INFO: [ view_parse ] --START--
INFO: [ template_filter ] --START--
INFO: Run Behavior\ContentReplaceBehavior [ RunTime:0.000103s ]
INFO: [ template_filter ] --END-- [ RunTime:0.000175s ]
INFO: Run Behavior\ParseTemplateBehavior [ RunTime:0.028564s ]
INFO: [ view_parse ] --END-- [ RunTime:0.028683s ]
INFO: [ view_filter ] --START--
INFO: Run Behavior\WriteHtmlCacheBehavior [ RunTime:0.000261s ]
INFO: [ view_filter ] --END-- [ RunTime:0.000341s ]
INFO: [ app_end ] --START--
INFO: Run Behavior\ShowPageTraceBehavior [ RunTime:0.001451s ]
INFO: [ app_end ] --END-- [ RunTime:0.001611s ]

[ 2015-12-29T09:27:37+08:00 ] 127.0.0.1 /Blog/admin.php/Article/getlist
INFO: [ app_init ] --START--
INFO: Run Behavior\BuildLiteBehavior [ RunTime:0.000016s ]
INFO: [ app_init ] --END-- [ RunTime:0.000351s ]
INFO: [ app_begin ] --START--
INFO: Run Behavior\ReadHtmlCacheBehavior [ RunTime:0.000442s ]
INFO: [ app_begin ] --END-- [ RunTime:0.000498s ]
NOTIC: [2048] Declaration of Admin\Model\CommonModel::delete() should be compatible with Think\Model::delete($options = Array) /Applications/MAMP/htdocs/Blog/Apps/Admin/Model/CommonModel.class.php 第 7 行.
SQL: SHOW COLUMNS FROM `article` [ RunTime:0.0012s ]
SQL: SELECT `aid`,`title`,`content`,`if_delete`,`cuid`,`cid`,`rnum`,`create_time`,`update_time` FROM `article` WHERE (  if_delete = 0 ) ORDER BY aid desc  [ RunTime:0.0003s ]
SQL: SELECT COUNT(*) AS tp_count FROM `article` WHERE (  if_delete = 0 ) LIMIT 1   [ RunTime:0.0002s ]

[ 2015-12-29T09:33:15+08:00 ] 127.0.0.1 /Blog/admin.php/Article/index.html
INFO: [ app_init ] --START--
INFO: Run Behavior\BuildLiteBehavior [ RunTime:0.000015s ]
INFO: [ app_init ] --END-- [ RunTime:0.000362s ]
INFO: [ app_begin ] --START--
INFO: Run Behavior\ReadHtmlCacheBehavior [ RunTime:0.000439s ]
INFO: [ app_begin ] --END-- [ RunTime:0.000495s ]
INFO: [ view_parse ] --START--
INFO: [ template_filter ] --START--
INFO: Run Behavior\ContentReplaceBehavior [ RunTime:0.000101s ]
INFO: [ template_filter ] --END-- [ RunTime:0.000165s ]
INFO: Run Behavior\ParseTemplateBehavior [ RunTime:0.028762s ]
INFO: [ view_parse ] --END-- [ RunTime:0.028861s ]
INFO: [ view_filter ] --START--
INFO: Run Behavior\WriteHtmlCacheBehavior [ RunTime:0.000263s ]
INFO: [ view_filter ] --END-- [ RunTime:0.000347s ]
INFO: [ app_end ] --START--
INFO: Run Behavior\ShowPageTraceBehavior [ RunTime:0.001179s ]
INFO: [ app_end ] --END-- [ RunTime:0.001322s ]

[ 2015-12-29T09:33:15+08:00 ] 127.0.0.1 /Blog/admin.php/Article/getlist
INFO: [ app_init ] --START--
INFO: Run Behavior\BuildLiteBehavior [ RunTime:0.000016s ]
INFO: [ app_init ] --END-- [ RunTime:0.000343s ]
INFO: [ app_begin ] --START--
INFO: Run Behavior\ReadHtmlCacheBehavior [ RunTime:0.000439s ]
INFO: [ app_begin ] --END-- [ RunTime:0.000495s ]
NOTIC: [2048] Declaration of Admin\Model\CommonModel::delete() should be compatible with Think\Model::delete($options = Array) /Applications/MAMP/htdocs/Blog/Apps/Admin/Model/CommonModel.class.php 第 7 行.
SQL: SHOW COLUMNS FROM `article` [ RunTime:0.0094s ]
SQL: SELECT `aid`,`title`,`content`,`if_delete`,`cuid`,`cid`,`rnum`,`create_time`,`update_time` FROM `article` WHERE (  if_delete = 0 ) ORDER BY aid desc  [ RunTime:0.0003s ]
SQL: SELECT COUNT(*) AS tp_count FROM `article` WHERE (  if_delete = 0 ) LIMIT 1   [ RunTime:0.0003s ]

[ 2015-12-29T09:33:50+08:00 ] 127.0.0.1 /Blog/admin.php/Article/index.html
INFO: [ app_init ] --START--
INFO: Run Behavior\BuildLiteBehavior [ RunTime:0.000017s ]
INFO: [ app_init ] --END-- [ RunTime:0.000387s ]
INFO: [ app_begin ] --START--
INFO: Run Behavior\ReadHtmlCacheBehavior [ RunTime:0.000476s ]
INFO: [ app_begin ] --END-- [ RunTime:0.000536s ]
INFO: [ view_parse ] --START--
INFO: [ template_filter ] --START--
INFO: Run Behavior\ContentReplaceBehavior [ RunTime:0.000093s ]
INFO: [ template_filter ] --END-- [ RunTime:0.000157s ]
INFO: Run Behavior\ParseTemplateBehavior [ RunTime:0.024565s ]
INFO: [ view_parse ] --END-- [ RunTime:0.024660s ]
INFO: [ view_filter ] --START--
INFO: Run Behavior\WriteHtmlCacheBehavior [ RunTime:0.000272s ]
INFO: [ view_filter ] --END-- [ RunTime:0.000355s ]
INFO: [ app_end ] --START--
INFO: Run Behavior\ShowPageTraceBehavior [ RunTime:0.001142s ]
INFO: [ app_end ] --END-- [ RunTime:0.001327s ]

[ 2015-12-29T09:33:50+08:00 ] 127.0.0.1 /Blog/admin.php/Article/getlist
INFO: [ app_init ] --START--
INFO: Run Behavior\BuildLiteBehavior [ RunTime:0.000018s ]
INFO: [ app_init ] --END-- [ RunTime:0.000428s ]
INFO: [ app_begin ] --START--
INFO: Run Behavior\ReadHtmlCacheBehavior [ RunTime:0.000493s ]
INFO: [ app_begin ] --END-- [ RunTime:0.000558s ]
NOTIC: [2048] Declaration of Admin\Model\CommonModel::delete() should be compatible with Think\Model::delete($options = Array) /Applications/MAMP/htdocs/Blog/Apps/Admin/Model/CommonModel.class.php 第 7 行.
SQL: SHOW COLUMNS FROM `article` [ RunTime:0.0016s ]
SQL: SELECT `aid`,`title`,`content`,`if_delete`,`cuid`,`cid`,`rnum`,`create_time`,`update_time` FROM `article` WHERE (  if_delete = 0 ) ORDER BY aid desc  [ RunTime:0.0005s ]
SQL: SELECT COUNT(*) AS tp_count FROM `article` WHERE (  if_delete = 0 ) LIMIT 1   [ RunTime:0.0003s ]
SQL: SHOW COLUMNS FROM `category` [ RunTime:0.0014s ]
SQL: SELECT `cname` FROM `category` WHERE `cid` = 1 LIMIT 1   [ RunTime:0.0003s ]
SQL: SELECT `cname` FROM `category` WHERE `cid` = 2 LIMIT 1   [ RunTime:0.0004s ]
SQL: SELECT `cname` FROM `category` WHERE `cid` = 1 LIMIT 1   [ RunTime:0.0005s ]
SQL: SELECT `cname` FROM `category` WHERE `cid` = 1 LIMIT 1   [ RunTime:0.0003s ]
SQL: SELECT `cname` FROM `category` WHERE `cid` = 1 LIMIT 1   [ RunTime:0.0004s ]
SQL: SELECT `cname` FROM `category` WHERE `cid` = 1 LIMIT 1   [ RunTime:0.0004s ]
SQL: SELECT `cname` FROM `category` WHERE `cid` = 1 LIMIT 1   [ RunTime:0.0003s ]
SQL: SELECT `cname` FROM `category` WHERE `cid` = 1 LIMIT 1   [ RunTime:0.0003s ]
SQL: SELECT `cname` FROM `category` WHERE `cid` = 2 LIMIT 1   [ RunTime:0.0003s ]
SQL: SELECT `cname` FROM `category` WHERE `cid` = 1 LIMIT 1   [ RunTime:0.0003s ]
SQL: SELECT `cname` FROM `category` WHERE `cid` = 3 LIMIT 1   [ RunTime:0.0003s ]
SQL: SELECT `cname` FROM `category` WHERE `cid` = 3 LIMIT 1   [ RunTime:0.0003s ]
SQL: SELECT `cname` FROM `category` WHERE `cid` = 2 LIMIT 1   [ RunTime:0.0003s ]
SQL: SELECT `cname` FROM `category` WHERE `cid` = 3 LIMIT 1   [ RunTime:0.0003s ]
SQL: SELECT `cname` FROM `category` WHERE `cid` = 2 LIMIT 1   [ RunTime:0.0003s ]
SQL: SELECT `cname` FROM `category` WHERE `cid` = 1 LIMIT 1   [ RunTime:0.0006s ]

[ 2015-12-29T09:33:52+08:00 ] 127.0.0.1 /Blog/admin.php/Article/create.html
INFO: [ app_init ] --START--
INFO: Run Behavior\BuildLiteBehavior [ RunTime:0.000015s ]
INFO: [ app_init ] --END-- [ RunTime:0.000336s ]
INFO: [ app_begin ] --START--
INFO: Run Behavior\ReadHtmlCacheBehavior [ RunTime:0.000418s ]
INFO: [ app_begin ] --END-- [ RunTime:0.000470s ]
INFO: [ view_parse ] --START--
INFO: [ template_filter ] --START--
INFO: Run Behavior\ContentReplaceBehavior [ RunTime:0.000109s ]
INFO: [ template_filter ] --END-- [ RunTime:0.000181s ]
INFO: Run Behavior\ParseTemplateBehavior [ RunTime:0.025955s ]
INFO: [ view_parse ] --END-- [ RunTime:0.026072s ]
INFO: [ view_filter ] --START--
INFO: Run Behavior\WriteHtmlCacheBehavior [ RunTime:0.000266s ]
INFO: [ view_filter ] --END-- [ RunTime:0.000351s ]
INFO: [ app_end ] --START--
INFO: Run Behavior\ShowPageTraceBehavior [ RunTime:0.000987s ]
INFO: [ app_end ] --END-- [ RunTime:0.001102s ]

[ 2015-12-29T09:33:52+08:00 ] 127.0.0.1 /Blog/admin.php/Article/getlist
INFO: [ app_init ] --START--
INFO: Run Behavior\BuildLiteBehavior [ RunTime:0.000017s ]
INFO: [ app_init ] --END-- [ RunTime:0.000361s ]
INFO: [ app_begin ] --START--
INFO: Run Behavior\ReadHtmlCacheBehavior [ RunTime:0.000441s ]
INFO: [ app_begin ] --END-- [ RunTime:0.000501s ]
NOTIC: [2048] Declaration of Admin\Model\CommonModel::delete() should be compatible with Think\Model::delete($options = Array) /Applications/MAMP/htdocs/Blog/Apps/Admin/Model/CommonModel.class.php 第 7 行.
SQL: SHOW COLUMNS FROM `article` [ RunTime:0.0097s ]
SQL: SELECT `aid`,`title`,`content`,`if_delete`,`cuid`,`cid`,`rnum`,`create_time`,`update_time` FROM `article` WHERE (  if_delete = 0 ) ORDER BY aid desc  [ RunTime:0.0009s ]
SQL: SELECT COUNT(*) AS tp_count FROM `article` WHERE (  if_delete = 0 ) LIMIT 1   [ RunTime:0.0003s ]
SQL: SHOW COLUMNS FROM `category` [ RunTime:0.0010s ]
SQL: SELECT `cname` FROM `category` WHERE `cid` = 1 LIMIT 1   [ RunTime:0.0002s ]
SQL: SELECT `cname` FROM `category` WHERE `cid` = 2 LIMIT 1   [ RunTime:0.0002s ]
SQL: SELECT `cname` FROM `category` WHERE `cid` = 1 LIMIT 1   [ RunTime:0.0005s ]
SQL: SELECT `cname` FROM `category` WHERE `cid` = 1 LIMIT 1   [ RunTime:0.0013s ]
SQL: SELECT `cname` FROM `category` WHERE `cid` = 1 LIMIT 1   [ RunTime:0.0004s ]
SQL: SELECT `cname` FROM `category` WHERE `cid` = 1 LIMIT 1   [ RunTime:0.0002s ]
SQL: SELECT `cname` FROM `category` WHERE `cid` = 1 LIMIT 1   [ RunTime:0.0002s ]
SQL: SELECT `cname` FROM `category` WHERE `cid` = 1 LIMIT 1   [ RunTime:0.0002s ]
SQL: SELECT `cname` FROM `category` WHERE `cid` = 2 LIMIT 1   [ RunTime:0.0002s ]
SQL: SELECT `cname` FROM `category` WHERE `cid` = 1 LIMIT 1   [ RunTime:0.0003s ]
SQL: SELECT `cname` FROM `category` WHERE `cid` = 3 LIMIT 1   [ RunTime:0.0002s ]
SQL: SELECT `cname` FROM `category` WHERE `cid` = 3 LIMIT 1   [ RunTime:0.0002s ]
SQL: SELECT `cname` FROM `category` WHERE `cid` = 2 LIMIT 1   [ RunTime:0.0002s ]
SQL: SELECT `cname` FROM `category` WHERE `cid` = 3 LIMIT 1   [ RunTime:0.0002s ]
SQL: SELECT `cname` FROM `category` WHERE `cid` = 2 LIMIT 1   [ RunTime:0.0003s ]
SQL: SELECT `cname` FROM `category` WHERE `cid` = 1 LIMIT 1   [ RunTime:0.0002s ]

[ 2015-12-29T09:34:08+08:00 ] 127.0.0.1 /Blog/admin.php/Article/addone
INFO: [ app_init ] --START--
INFO: Run Behavior\BuildLiteBehavior [ RunTime:0.000028s ]
INFO: [ app_init ] --END-- [ RunTime:0.000587s ]
INFO: [ app_begin ] --START--
INFO: Run Behavior\ReadHtmlCacheBehavior [ RunTime:0.000966s ]
INFO: [ app_begin ] --END-- [ RunTime:0.001122s ]
NOTIC: [2048] Declaration of Admin\Model\CommonModel::delete() should be compatible with Think\Model::delete($options = Array) /Applications/MAMP/htdocs/Blog/Apps/Admin/Model/CommonModel.class.php 第 7 行.
SQL: SHOW COLUMNS FROM `article` [ RunTime:0.0018s ]
SQL: INSERT INTO `article` (`title`,`cid`,`content`,`create_time`,`update_time`) VALUES ('犯我中华者','1','虽远必诛','2015-12-29 09:34:08','2015-12-29 09:34:08') [ RunTime:0.0005s ]

[ 2015-12-29T09:37:43+08:00 ] 127.0.0.1 /Blog/admin.php/Article/create.html
INFO: [ app_init ] --START--
INFO: Run Behavior\BuildLiteBehavior [ RunTime:0.000021s ]
INFO: [ app_init ] --END-- [ RunTime:0.000598s ]
INFO: [ app_begin ] --START--
INFO: Run Behavior\ReadHtmlCacheBehavior [ RunTime:0.000657s ]
INFO: [ app_begin ] --END-- [ RunTime:0.000749s ]
INFO: [ view_parse ] --START--
INFO: [ template_filter ] --START--
INFO: Run Behavior\ContentReplaceBehavior [ RunTime:0.000082s ]
INFO: [ template_filter ] --END-- [ RunTime:0.000150s ]
INFO: Run Behavior\ParseTemplateBehavior [ RunTime:0.026227s ]
INFO: [ view_parse ] --END-- [ RunTime:0.026328s ]
INFO: [ view_filter ] --START--
INFO: Run Behavior\WriteHtmlCacheBehavior [ RunTime:0.000181s ]
INFO: [ view_filter ] --END-- [ RunTime:0.000237s ]
INFO: [ app_end ] --START--
INFO: Run Behavior\ShowPageTraceBehavior [ RunTime:0.000652s ]
INFO: [ app_end ] --END-- [ RunTime:0.000751s ]

[ 2015-12-29T09:37:43+08:00 ] 127.0.0.1 /Blog/admin.php/Article/getlist
INFO: [ app_init ] --START--
INFO: Run Behavior\BuildLiteBehavior [ RunTime:0.000018s ]
INFO: [ app_init ] --END-- [ RunTime:0.000378s ]
INFO: [ app_begin ] --START--
INFO: Run Behavior\ReadHtmlCacheBehavior [ RunTime:0.000461s ]
INFO: [ app_begin ] --END-- [ RunTime:0.000525s ]
NOTIC: [2048] Declaration of Admin\Model\CommonModel::delete() should be compatible with Think\Model::delete($options = Array) /Applications/MAMP/htdocs/Blog/Apps/Admin/Model/CommonModel.class.php 第 7 行.
SQL: SHOW COLUMNS FROM `article` [ RunTime:0.0094s ]
SQL: SELECT `aid`,`title`,`content`,`if_delete`,`cuid`,`cid`,`rnum`,`create_time`,`update_time` FROM `article` WHERE (  if_delete = 0 ) ORDER BY aid desc  [ RunTime:0.0005s ]
SQL: SELECT COUNT(*) AS tp_count FROM `article` WHERE (  if_delete = 0 ) LIMIT 1   [ RunTime:0.0003s ]
SQL: SHOW COLUMNS FROM `category` [ RunTime:0.0011s ]
SQL: SELECT `cname` FROM `category` WHERE `cid` = 1 LIMIT 1   [ RunTime:0.0002s ]
SQL: SELECT `cname` FROM `category` WHERE `cid` = 1 LIMIT 1   [ RunTime:0.0002s ]
SQL: SELECT `cname` FROM `category` WHERE `cid` = 2 LIMIT 1   [ RunTime:0.0002s ]
SQL: SELECT `cname` FROM `category` WHERE `cid` = 1 LIMIT 1   [ RunTime:0.0002s ]
SQL: SELECT `cname` FROM `category` WHERE `cid` = 1 LIMIT 1   [ RunTime:0.0002s ]
SQL: SELECT `cname` FROM `category` WHERE `cid` = 1 LIMIT 1   [ RunTime:0.0002s ]
SQL: SELECT `cname` FROM `category` WHERE `cid` = 1 LIMIT 1   [ RunTime:0.0002s ]
SQL: SELECT `cname` FROM `category` WHERE `cid` = 1 LIMIT 1   [ RunTime:0.0002s ]
SQL: SELECT `cname` FROM `category` WHERE `cid` = 1 LIMIT 1   [ RunTime:0.0002s ]
SQL: SELECT `cname` FROM `category` WHERE `cid` = 2 LIMIT 1   [ RunTime:0.0002s ]
SQL: SELECT `cname` FROM `category` WHERE `cid` = 1 LIMIT 1   [ RunTime:0.0002s ]
SQL: SELECT `cname` FROM `category` WHERE `cid` = 3 LIMIT 1   [ RunTime:0.0002s ]
SQL: SELECT `cname` FROM `category` WHERE `cid` = 3 LIMIT 1   [ RunTime:0.0002s ]
SQL: SELECT `cname` FROM `category` WHERE `cid` = 2 LIMIT 1   [ RunTime:0.0002s ]
SQL: SELECT `cname` FROM `category` WHERE `cid` = 3 LIMIT 1   [ RunTime:0.0001s ]
SQL: SELECT `cname` FROM `category` WHERE `cid` = 2 LIMIT 1   [ RunTime:0.0002s ]
SQL: SELECT `cname` FROM `category` WHERE `cid` = 1 LIMIT 1   [ RunTime:0.0002s ]

[ 2015-12-29T09:37:52+08:00 ] 127.0.0.1 /Blog/admin.php/Article/index.html
INFO: [ app_init ] --START--
INFO: Run Behavior\BuildLiteBehavior [ RunTime:0.000026s ]
INFO: [ app_init ] --END-- [ RunTime:0.000542s ]
INFO: [ app_begin ] --START--
INFO: Run Behavior\ReadHtmlCacheBehavior [ RunTime:0.000777s ]
INFO: [ app_begin ] --END-- [ RunTime:0.000880s ]
INFO: [ view_parse ] --START--
INFO: [ template_filter ] --START--
INFO: Run Behavior\ContentReplaceBehavior [ RunTime:0.000096s ]
INFO: [ template_filter ] --END-- [ RunTime:0.000172s ]
INFO: Run Behavior\ParseTemplateBehavior [ RunTime:0.030116s ]
INFO: [ view_parse ] --END-- [ RunTime:0.030326s ]
INFO: [ view_filter ] --START--
INFO: Run Behavior\WriteHtmlCacheBehavior [ RunTime:0.000288s ]
INFO: [ view_filter ] --END-- [ RunTime:0.000352s ]
INFO: [ app_end ] --START--
INFO: Run Behavior\ShowPageTraceBehavior [ RunTime:0.000951s ]
INFO: [ app_end ] --END-- [ RunTime:0.001493s ]

[ 2015-12-29T09:37:52+08:00 ] 127.0.0.1 /Blog/admin.php/Article/index.html
INFO: [ app_init ] --START--
INFO: Run Behavior\BuildLiteBehavior [ RunTime:0.000042s ]
INFO: [ app_init ] --END-- [ RunTime:0.000799s ]
INFO: [ app_begin ] --START--
INFO: Run Behavior\ReadHtmlCacheBehavior [ RunTime:0.001183s ]
INFO: [ app_begin ] --END-- [ RunTime:0.001474s ]
INFO: [ view_parse ] --START--
INFO: [ template_filter ] --START--
INFO: Run Behavior\ContentReplaceBehavior [ RunTime:0.000099s ]
INFO: [ template_filter ] --END-- [ RunTime:0.000173s ]
INFO: Run Behavior\ParseTemplateBehavior [ RunTime:0.026139s ]
INFO: [ view_parse ] --END-- [ RunTime:0.026376s ]
INFO: [ view_filter ] --START--
INFO: Run Behavior\WriteHtmlCacheBehavior [ RunTime:0.000945s ]
INFO: [ view_filter ] --END-- [ RunTime:0.001196s ]
INFO: [ app_end ] --START--
INFO: Run Behavior\ShowPageTraceBehavior [ RunTime:0.002753s ]
INFO: [ app_end ] --END-- [ RunTime:0.003103s ]

[ 2015-12-29T09:37:54+08:00 ] 127.0.0.1 /Blog/admin.php/Article/create.html
INFO: [ app_init ] --START--
INFO: Run Behavior\BuildLiteBehavior [ RunTime:0.000016s ]
INFO: [ app_init ] --END-- [ RunTime:0.000358s ]
INFO: [ app_begin ] --START--
INFO: Run Behavior\ReadHtmlCacheBehavior [ RunTime:0.000442s ]
INFO: [ app_begin ] --END-- [ RunTime:0.000498s ]
INFO: [ view_parse ] --START--
INFO: [ template_filter ] --START--
INFO: Run Behavior\ContentReplaceBehavior [ RunTime:0.000099s ]
INFO: [ template_filter ] --END-- [ RunTime:0.000182s ]
INFO: Run Behavior\ParseTemplateBehavior [ RunTime:0.028234s ]
INFO: [ view_parse ] --END-- [ RunTime:0.028336s ]
INFO: [ view_filter ] --START--
INFO: Run Behavior\WriteHtmlCacheBehavior [ RunTime:0.000255s ]
INFO: [ view_filter ] --END-- [ RunTime:0.000336s ]
INFO: [ app_end ] --START--
INFO: Run Behavior\ShowPageTraceBehavior [ RunTime:0.001188s ]
INFO: [ app_end ] --END-- [ RunTime:0.001340s ]

[ 2015-12-29T09:37:54+08:00 ] 127.0.0.1 /Blog/admin.php/Article/getlist
INFO: [ app_init ] --START--
INFO: Run Behavior\BuildLiteBehavior [ RunTime:0.000015s ]
INFO: [ app_init ] --END-- [ RunTime:0.000344s ]
INFO: [ app_begin ] --START--
INFO: Run Behavior\ReadHtmlCacheBehavior [ RunTime:0.000440s ]
INFO: [ app_begin ] --END-- [ RunTime:0.000498s ]
NOTIC: [2048] Declaration of Admin\Model\CommonModel::delete() should be compatible with Think\Model::delete($options = Array) /Applications/MAMP/htdocs/Blog/Apps/Admin/Model/CommonModel.class.php 第 7 行.
SQL: SHOW COLUMNS FROM `article` [ RunTime:0.0093s ]
SQL: SELECT `aid`,`title`,`content`,`if_delete`,`cuid`,`cid`,`rnum`,`create_time`,`update_time` FROM `article` WHERE (  if_delete = 0 ) ORDER BY aid desc  [ RunTime:0.0008s ]
SQL: SELECT COUNT(*) AS tp_count FROM `article` WHERE (  if_delete = 0 ) LIMIT 1   [ RunTime:0.0004s ]
SQL: SHOW COLUMNS FROM `category` [ RunTime:0.0015s ]
SQL: SELECT `cname` FROM `category` WHERE `cid` = 1 LIMIT 1   [ RunTime:0.0002s ]
SQL: SELECT `cname` FROM `category` WHERE `cid` = 1 LIMIT 1   [ RunTime:0.0008s ]
SQL: SELECT `cname` FROM `category` WHERE `cid` = 2 LIMIT 1   [ RunTime:0.0004s ]
SQL: SELECT `cname` FROM `category` WHERE `cid` = 1 LIMIT 1   [ RunTime:0.0002s ]
SQL: SELECT `cname` FROM `category` WHERE `cid` = 1 LIMIT 1   [ RunTime:0.0002s ]
SQL: SELECT `cname` FROM `category` WHERE `cid` = 1 LIMIT 1   [ RunTime:0.0003s ]
SQL: SELECT `cname` FROM `category` WHERE `cid` = 1 LIMIT 1   [ RunTime:0.0002s ]
SQL: SELECT `cname` FROM `category` WHERE `cid` = 1 LIMIT 1   [ RunTime:0.0003s ]
SQL: SELECT `cname` FROM `category` WHERE `cid` = 1 LIMIT 1   [ RunTime:0.0002s ]
SQL: SELECT `cname` FROM `category` WHERE `cid` = 2 LIMIT 1   [ RunTime:0.0002s ]
SQL: SELECT `cname` FROM `category` WHERE `cid` = 1 LIMIT 1   [ RunTime:0.0002s ]
SQL: SELECT `cname` FROM `category` WHERE `cid` = 3 LIMIT 1   [ RunTime:0.0002s ]
SQL: SELECT `cname` FROM `category` WHERE `cid` = 3 LIMIT 1   [ RunTime:0.0002s ]
SQL: SELECT `cname` FROM `category` WHERE `cid` = 2 LIMIT 1   [ RunTime:0.0002s ]
SQL: SELECT `cname` FROM `category` WHERE `cid` = 3 LIMIT 1   [ RunTime:0.0002s ]
SQL: SELECT `cname` FROM `category` WHERE `cid` = 2 LIMIT 1   [ RunTime:0.0002s ]
SQL: SELECT `cname` FROM `category` WHERE `cid` = 1 LIMIT 1   [ RunTime:0.0002s ]

[ 2015-12-29T09:38:02+08:00 ] 127.0.0.1 /Blog/admin.php/Article/addone
INFO: [ app_init ] --START--
INFO: Run Behavior\BuildLiteBehavior [ RunTime:0.000016s ]
INFO: [ app_init ] --END-- [ RunTime:0.000352s ]
INFO: [ app_begin ] --START--
INFO: Run Behavior\ReadHtmlCacheBehavior [ RunTime:0.000429s ]
INFO: [ app_begin ] --END-- [ RunTime:0.000487s ]
NOTIC: [2048] Declaration of Admin\Model\CommonModel::delete() should be compatible with Think\Model::delete($options = Array) /Applications/MAMP/htdocs/Blog/Apps/Admin/Model/CommonModel.class.php 第 7 行.
SQL: SHOW COLUMNS FROM `article` [ RunTime:0.0012s ]
SQL: INSERT INTO `article` (`title`,`content`,`cid`,`create_time`,`update_time`) VALUES ('测试','德德','2','2015-12-29 09:38:02','2015-12-29 09:38:02') [ RunTime:0.0005s ]

[ 2015-12-29T09:42:08+08:00 ] 127.0.0.1 /Blog/admin.php/Article/index.html
INFO: [ app_init ] --START--
INFO: Run Behavior\BuildLiteBehavior [ RunTime:0.000026s ]
INFO: [ app_init ] --END-- [ RunTime:0.000548s ]
INFO: [ app_begin ] --START--
INFO: Run Behavior\ReadHtmlCacheBehavior [ RunTime:0.000733s ]
INFO: [ app_begin ] --END-- [ RunTime:0.000834s ]
INFO: [ view_parse ] --START--
INFO: [ template_filter ] --START--
INFO: Run Behavior\ContentReplaceBehavior [ RunTime:0.000292s ]
INFO: [ template_filter ] --END-- [ RunTime:0.000515s ]
INFO: Run Behavior\ParseTemplateBehavior [ RunTime:0.033403s ]
INFO: [ view_parse ] --END-- [ RunTime:0.033512s ]
INFO: [ view_filter ] --START--
INFO: Run Behavior\WriteHtmlCacheBehavior [ RunTime:0.000714s ]
INFO: [ view_filter ] --END-- [ RunTime:0.000979s ]
INFO: [ app_end ] --START--
INFO: Run Behavior\ShowPageTraceBehavior [ RunTime:0.002273s ]
INFO: [ app_end ] --END-- [ RunTime:0.002785s ]

[ 2015-12-29T09:42:08+08:00 ] 127.0.0.1 /Blog/admin.php/Article/index.html
INFO: [ app_init ] --START--
INFO: Run Behavior\BuildLiteBehavior [ RunTime:0.000083s ]
INFO: [ app_init ] --END-- [ RunTime:0.000820s ]
INFO: [ app_begin ] --START--
INFO: Run Behavior\ReadHtmlCacheBehavior [ RunTime:0.002195s ]
INFO: [ app_begin ] --END-- [ RunTime:0.002626s ]
INFO: [ view_parse ] --START--
INFO: [ template_filter ] --START--
INFO: Run Behavior\ContentReplaceBehavior [ RunTime:0.000093s ]
INFO: [ template_filter ] --END-- [ RunTime:0.000163s ]
INFO: Run Behavior\ParseTemplateBehavior [ RunTime:0.020301s ]
INFO: [ view_parse ] --END-- [ RunTime:0.020390s ]
INFO: [ view_filter ] --START--
INFO: Run Behavior\WriteHtmlCacheBehavior [ RunTime:0.000168s ]
INFO: [ view_filter ] --END-- [ RunTime:0.000211s ]
INFO: [ app_end ] --START--
INFO: Run Behavior\ShowPageTraceBehavior [ RunTime:0.000615s ]
INFO: [ app_end ] --END-- [ RunTime:0.000697s ]

[ 2015-12-29T09:42:10+08:00 ] 127.0.0.1 /Blog/admin.php/Article/create.html
INFO: [ app_init ] --START--
INFO: Run Behavior\BuildLiteBehavior [ RunTime:0.000048s ]
INFO: [ app_init ] --END-- [ RunTime:0.000931s ]
INFO: [ app_begin ] --START--
INFO: Run Behavior\ReadHtmlCacheBehavior [ RunTime:0.000475s ]
INFO: [ app_begin ] --END-- [ RunTime:0.000534s ]
INFO: [ view_parse ] --START--
INFO: [ template_filter ] --START--
INFO: Run Behavior\ContentReplaceBehavior [ RunTime:0.000094s ]
INFO: [ template_filter ] --END-- [ RunTime:0.000175s ]
INFO: Run Behavior\ParseTemplateBehavior [ RunTime:0.028093s ]
INFO: [ view_parse ] --END-- [ RunTime:0.028225s ]
INFO: [ view_filter ] --START--
INFO: Run Behavior\WriteHtmlCacheBehavior [ RunTime:0.000373s ]
INFO: [ view_filter ] --END-- [ RunTime:0.000548s ]
INFO: [ app_end ] --START--
INFO: Run Behavior\ShowPageTraceBehavior [ RunTime:0.000906s ]
INFO: [ app_end ] --END-- [ RunTime:0.001064s ]

[ 2015-12-29T09:42:11+08:00 ] 127.0.0.1 /Blog/admin.php/Article/getlist
INFO: [ app_init ] --START--
INFO: Run Behavior\BuildLiteBehavior [ RunTime:0.000017s ]
INFO: [ app_init ] --END-- [ RunTime:0.000362s ]
INFO: [ app_begin ] --START--
INFO: Run Behavior\ReadHtmlCacheBehavior [ RunTime:0.000454s ]
INFO: [ app_begin ] --END-- [ RunTime:0.000516s ]
NOTIC: [2048] Declaration of Admin\Model\CommonModel::delete() should be compatible with Think\Model::delete($options = Array) /Applications/MAMP/htdocs/Blog/Apps/Admin/Model/CommonModel.class.php 第 7 行.
SQL: SHOW COLUMNS FROM `article` [ RunTime:0.0086s ]
SQL: SELECT `aid`,`title`,`content`,`if_delete`,`cuid`,`cid`,`rnum`,`create_time`,`update_time` FROM `article` WHERE (  if_delete = 0 ) ORDER BY aid desc  [ RunTime:0.0006s ]
SQL: SELECT COUNT(*) AS tp_count FROM `article` WHERE (  if_delete = 0 ) LIMIT 1   [ RunTime:0.0003s ]
SQL: SHOW COLUMNS FROM `category` [ RunTime:0.0011s ]
SQL: SELECT `cname` FROM `category` WHERE `cid` = 2 LIMIT 1   [ RunTime:0.0002s ]
SQL: SELECT `cname` FROM `category` WHERE `cid` = 1 LIMIT 1   [ RunTime:0.0002s ]
SQL: SELECT `cname` FROM `category` WHERE `cid` = 1 LIMIT 1   [ RunTime:0.0002s ]
SQL: SELECT `cname` FROM `category` WHERE `cid` = 2 LIMIT 1   [ RunTime:0.0002s ]
SQL: SELECT `cname` FROM `category` WHERE `cid` = 1 LIMIT 1   [ RunTime:0.0002s ]
SQL: SELECT `cname` FROM `category` WHERE `cid` = 1 LIMIT 1   [ RunTime:0.0002s ]
SQL: SELECT `cname` FROM `category` WHERE `cid` = 1 LIMIT 1   [ RunTime:0.0002s ]
SQL: SELECT `cname` FROM `category` WHERE `cid` = 1 LIMIT 1   [ RunTime:0.0002s ]
SQL: SELECT `cname` FROM `category` WHERE `cid` = 1 LIMIT 1   [ RunTime:0.0002s ]
SQL: SELECT `cname` FROM `category` WHERE `cid` = 1 LIMIT 1   [ RunTime:0.0002s ]
SQL: SELECT `cname` FROM `category` WHERE `cid` = 2 LIMIT 1   [ RunTime:0.0002s ]
SQL: SELECT `cname` FROM `category` WHERE `cid` = 1 LIMIT 1   [ RunTime:0.0001s ]
SQL: SELECT `cname` FROM `category` WHERE `cid` = 3 LIMIT 1   [ RunTime:0.0002s ]
SQL: SELECT `cname` FROM `category` WHERE `cid` = 3 LIMIT 1   [ RunTime:0.0001s ]
SQL: SELECT `cname` FROM `category` WHERE `cid` = 2 LIMIT 1   [ RunTime:0.0002s ]
SQL: SELECT `cname` FROM `category` WHERE `cid` = 3 LIMIT 1   [ RunTime:0.0002s ]
SQL: SELECT `cname` FROM `category` WHERE `cid` = 2 LIMIT 1   [ RunTime:0.0002s ]
SQL: SELECT `cname` FROM `category` WHERE `cid` = 1 LIMIT 1   [ RunTime:0.0002s ]

[ 2015-12-29T09:42:19+08:00 ] 127.0.0.1 /Blog/admin.php/Article/addone
INFO: [ app_init ] --START--
INFO: Run Behavior\BuildLiteBehavior [ RunTime:0.000041s ]
INFO: [ app_init ] --END-- [ RunTime:0.000865s ]
INFO: [ app_begin ] --START--
INFO: Run Behavior\ReadHtmlCacheBehavior [ RunTime:0.000876s ]
INFO: [ app_begin ] --END-- [ RunTime:0.001005s ]
NOTIC: [2048] Declaration of Admin\Model\CommonModel::delete() should be compatible with Think\Model::delete($options = Array) /Applications/MAMP/htdocs/Blog/Apps/Admin/Model/CommonModel.class.php 第 7 行.
SQL: SHOW COLUMNS FROM `article` [ RunTime:0.0018s ]
SQL: INSERT INTO `article` (`title`,`cid`,`content`,`create_time`,`update_time`) VALUES ('测试','2','人人人人人','2015-12-29 09:42:19','2015-12-29 09:42:19') [ RunTime:0.0011s ]

[ 2015-12-29T09:43:30+08:00 ] 127.0.0.1 /Blog/admin.php/Article/index.html
INFO: [ app_init ] --START--
INFO: Run Behavior\BuildLiteBehavior [ RunTime:0.000019s ]
INFO: [ app_init ] --END-- [ RunTime:0.000538s ]
INFO: [ app_begin ] --START--
INFO: Run Behavior\ReadHtmlCacheBehavior [ RunTime:0.000500s ]
INFO: [ app_begin ] --END-- [ RunTime:0.000552s ]
INFO: [ view_parse ] --START--
INFO: [ template_filter ] --START--
INFO: Run Behavior\ContentReplaceBehavior [ RunTime:0.000094s ]
INFO: [ template_filter ] --END-- [ RunTime:0.000163s ]
INFO: Run Behavior\ParseTemplateBehavior [ RunTime:0.028168s ]
INFO: [ view_parse ] --END-- [ RunTime:0.028300s ]
INFO: [ view_filter ] --START--
INFO: Run Behavior\WriteHtmlCacheBehavior [ RunTime:0.000391s ]
INFO: [ view_filter ] --END-- [ RunTime:0.000458s ]
INFO: [ app_end ] --START--
INFO: Run Behavior\ShowPageTraceBehavior [ RunTime:0.001254s ]
INFO: [ app_end ] --END-- [ RunTime:0.001480s ]

[ 2015-12-29T09:43:30+08:00 ] 127.0.0.1 /Blog/admin.php/Article/index.html
INFO: [ app_init ] --START--
INFO: Run Behavior\BuildLiteBehavior [ RunTime:0.000026s ]
INFO: [ app_init ] --END-- [ RunTime:0.000485s ]
INFO: [ app_begin ] --START--
INFO: Run Behavior\ReadHtmlCacheBehavior [ RunTime:0.001139s ]
INFO: [ app_begin ] --END-- [ RunTime:0.001295s ]
INFO: [ view_parse ] --START--
INFO: [ template_filter ] --START--
INFO: Run Behavior\ContentReplaceBehavior [ RunTime:0.000090s ]
INFO: [ template_filter ] --END-- [ RunTime:0.000156s ]
INFO: Run Behavior\ParseTemplateBehavior [ RunTime:0.025237s ]
INFO: [ view_parse ] --END-- [ RunTime:0.025338s ]
INFO: [ view_filter ] --START--
INFO: Run Behavior\WriteHtmlCacheBehavior [ RunTime:0.000610s ]
INFO: [ view_filter ] --END-- [ RunTime:0.000808s ]
INFO: [ app_end ] --START--
INFO: Run Behavior\ShowPageTraceBehavior [ RunTime:0.002144s ]
INFO: [ app_end ] --END-- [ RunTime:0.002623s ]

[ 2015-12-29T09:43:32+08:00 ] 127.0.0.1 /Blog/admin.php/Article/index.html
INFO: [ app_init ] --START--
INFO: Run Behavior\BuildLiteBehavior [ RunTime:0.000014s ]
INFO: [ app_init ] --END-- [ RunTime:0.000320s ]
INFO: [ app_begin ] --START--
INFO: Run Behavior\ReadHtmlCacheBehavior [ RunTime:0.000417s ]
INFO: [ app_begin ] --END-- [ RunTime:0.000469s ]
INFO: [ view_parse ] --START--
INFO: [ template_filter ] --START--
INFO: Run Behavior\ContentReplaceBehavior [ RunTime:0.000230s ]
INFO: [ template_filter ] --END-- [ RunTime:0.000439s ]
INFO: Run Behavior\ParseTemplateBehavior [ RunTime:0.027429s ]
INFO: [ view_parse ] --END-- [ RunTime:0.027563s ]
INFO: [ view_filter ] --START--
INFO: Run Behavior\WriteHtmlCacheBehavior [ RunTime:0.000250s ]
INFO: [ view_filter ] --END-- [ RunTime:0.000331s ]
INFO: [ app_end ] --START--
INFO: Run Behavior\ShowPageTraceBehavior [ RunTime:0.001208s ]
INFO: [ app_end ] --END-- [ RunTime:0.001355s ]

[ 2015-12-29T09:43:32+08:00 ] 127.0.0.1 /Blog/admin.php/Article/getlist
INFO: [ app_init ] --START--
INFO: Run Behavior\BuildLiteBehavior [ RunTime:0.000024s ]
INFO: [ app_init ] --END-- [ RunTime:0.000453s ]
INFO: [ app_begin ] --START--
INFO: Run Behavior\ReadHtmlCacheBehavior [ RunTime:0.000504s ]
INFO: [ app_begin ] --END-- [ RunTime:0.000570s ]
NOTIC: [2048] Declaration of Admin\Model\CommonModel::delete() should be compatible with Think\Model::delete($options = Array) /Applications/MAMP/htdocs/Blog/Apps/Admin/Model/CommonModel.class.php 第 7 行.
SQL: SHOW COLUMNS FROM `article` [ RunTime:0.0094s ]
SQL: SELECT `aid`,`title`,`content`,`if_delete`,`cuid`,`cid`,`rnum`,`create_time`,`update_time` FROM `article` WHERE (  if_delete = 0 ) ORDER BY aid desc  [ RunTime:0.0005s ]
SQL: SELECT COUNT(*) AS tp_count FROM `article` WHERE (  if_delete = 0 ) LIMIT 1   [ RunTime:0.0003s ]
SQL: SHOW COLUMNS FROM `category` [ RunTime:0.0012s ]
SQL: SELECT `cname` FROM `category` WHERE `cid` = 2 LIMIT 1   [ RunTime:0.0002s ]
SQL: SELECT `cname` FROM `category` WHERE `cid` = 2 LIMIT 1   [ RunTime:0.0002s ]
SQL: SELECT `cname` FROM `category` WHERE `cid` = 1 LIMIT 1   [ RunTime:0.0002s ]
SQL: SELECT `cname` FROM `category` WHERE `cid` = 1 LIMIT 1   [ RunTime:0.0002s ]
SQL: SELECT `cname` FROM `category` WHERE `cid` = 2 LIMIT 1   [ RunTime:0.0001s ]
SQL: SELECT `cname` FROM `category` WHERE `cid` = 1 LIMIT 1   [ RunTime:0.0002s ]
SQL: SELECT `cname` FROM `category` WHERE `cid` = 1 LIMIT 1   [ RunTime:0.0002s ]
SQL: SELECT `cname` FROM `category` WHERE `cid` = 1 LIMIT 1   [ RunTime:0.0002s ]
SQL: SELECT `cname` FROM `category` WHERE `cid` = 1 LIMIT 1   [ RunTime:0.0001s ]
SQL: SELECT `cname` FROM `category` WHERE `cid` = 1 LIMIT 1   [ RunTime:0.0002s ]
SQL: SELECT `cname` FROM `category` WHERE `cid` = 1 LIMIT 1   [ RunTime:0.0001s ]
SQL: SELECT `cname` FROM `category` WHERE `cid` = 2 LIMIT 1   [ RunTime:0.0002s ]
SQL: SELECT `cname` FROM `category` WHERE `cid` = 1 LIMIT 1   [ RunTime:0.0001s ]
SQL: SELECT `cname` FROM `category` WHERE `cid` = 3 LIMIT 1   [ RunTime:0.0002s ]
SQL: SELECT `cname` FROM `category` WHERE `cid` = 3 LIMIT 1   [ RunTime:0.0001s ]
SQL: SELECT `cname` FROM `category` WHERE `cid` = 2 LIMIT 1   [ RunTime:0.0001s ]
SQL: SELECT `cname` FROM `category` WHERE `cid` = 3 LIMIT 1   [ RunTime:0.0002s ]
SQL: SELECT `cname` FROM `category` WHERE `cid` = 2 LIMIT 1   [ RunTime:0.0002s ]
SQL: SELECT `cname` FROM `category` WHERE `cid` = 1 LIMIT 1   [ RunTime:0.0002s ]

[ 2015-12-29T09:43:34+08:00 ] 127.0.0.1 /Blog/admin.php/Article/create.html
INFO: [ app_init ] --START--
INFO: Run Behavior\BuildLiteBehavior [ RunTime:0.000016s ]
INFO: [ app_init ] --END-- [ RunTime:0.000336s ]
INFO: [ app_begin ] --START--
INFO: Run Behavior\ReadHtmlCacheBehavior [ RunTime:0.000424s ]
INFO: [ app_begin ] --END-- [ RunTime:0.000475s ]
INFO: [ view_parse ] --START--
INFO: [ template_filter ] --START--
INFO: Run Behavior\ContentReplaceBehavior [ RunTime:0.000113s ]
INFO: [ template_filter ] --END-- [ RunTime:0.000187s ]
INFO: Run Behavior\ParseTemplateBehavior [ RunTime:0.027833s ]
INFO: [ view_parse ] --END-- [ RunTime:0.027907s ]
INFO: [ view_filter ] --START--
INFO: Run Behavior\WriteHtmlCacheBehavior [ RunTime:0.000183s ]
INFO: [ view_filter ] --END-- [ RunTime:0.000236s ]
INFO: [ app_end ] --START--
INFO: Run Behavior\ShowPageTraceBehavior [ RunTime:0.000668s ]
INFO: [ app_end ] --END-- [ RunTime:0.000764s ]

[ 2015-12-29T09:43:34+08:00 ] 127.0.0.1 /Blog/admin.php/Article/getlist
INFO: [ app_init ] --START--
INFO: Run Behavior\BuildLiteBehavior [ RunTime:0.000016s ]
INFO: [ app_init ] --END-- [ RunTime:0.000353s ]
INFO: [ app_begin ] --START--
INFO: Run Behavior\ReadHtmlCacheBehavior [ RunTime:0.000455s ]
INFO: [ app_begin ] --END-- [ RunTime:0.000515s ]
NOTIC: [2048] Declaration of Admin\Model\CommonModel::delete() should be compatible with Think\Model::delete($options = Array) /Applications/MAMP/htdocs/Blog/Apps/Admin/Model/CommonModel.class.php 第 7 行.
SQL: SHOW COLUMNS FROM `article` [ RunTime:0.0092s ]
SQL: SELECT `aid`,`title`,`content`,`if_delete`,`cuid`,`cid`,`rnum`,`create_time`,`update_time` FROM `article` WHERE (  if_delete = 0 ) ORDER BY aid desc  [ RunTime:0.0007s ]
SQL: SELECT COUNT(*) AS tp_count FROM `article` WHERE (  if_delete = 0 ) LIMIT 1   [ RunTime:0.0004s ]
SQL: SHOW COLUMNS FROM `category` [ RunTime:0.0014s ]
SQL: SELECT `cname` FROM `category` WHERE `cid` = 2 LIMIT 1   [ RunTime:0.0004s ]
SQL: SELECT `cname` FROM `category` WHERE `cid` = 2 LIMIT 1   [ RunTime:0.0003s ]
SQL: SELECT `cname` FROM `category` WHERE `cid` = 1 LIMIT 1   [ RunTime:0.0003s ]
SQL: SELECT `cname` FROM `category` WHERE `cid` = 1 LIMIT 1   [ RunTime:0.0003s ]
SQL: SELECT `cname` FROM `category` WHERE `cid` = 2 LIMIT 1   [ RunTime:0.0003s ]
SQL: SELECT `cname` FROM `category` WHERE `cid` = 1 LIMIT 1   [ RunTime:0.0002s ]
SQL: SELECT `cname` FROM `category` WHERE `cid` = 1 LIMIT 1   [ RunTime:0.0002s ]
SQL: SELECT `cname` FROM `category` WHERE `cid` = 1 LIMIT 1   [ RunTime:0.0002s ]
SQL: SELECT `cname` FROM `category` WHERE `cid` = 1 LIMIT 1   [ RunTime:0.0003s ]
SQL: SELECT `cname` FROM `category` WHERE `cid` = 1 LIMIT 1   [ RunTime:0.0002s ]
SQL: SELECT `cname` FROM `category` WHERE `cid` = 1 LIMIT 1   [ RunTime:0.0003s ]
SQL: SELECT `cname` FROM `category` WHERE `cid` = 2 LIMIT 1   [ RunTime:0.0006s ]
SQL: SELECT `cname` FROM `category` WHERE `cid` = 1 LIMIT 1   [ RunTime:0.0004s ]
SQL: SELECT `cname` FROM `category` WHERE `cid` = 3 LIMIT 1   [ RunTime:0.0004s ]
SQL: SELECT `cname` FROM `category` WHERE `cid` = 3 LIMIT 1   [ RunTime:0.0002s ]
SQL: SELECT `cname` FROM `category` WHERE `cid` = 2 LIMIT 1   [ RunTime:0.0002s ]
SQL: SELECT `cname` FROM `category` WHERE `cid` = 3 LIMIT 1   [ RunTime:0.0002s ]
SQL: SELECT `cname` FROM `category` WHERE `cid` = 2 LIMIT 1   [ RunTime:0.0003s ]
SQL: SELECT `cname` FROM `category` WHERE `cid` = 1 LIMIT 1   [ RunTime:0.0003s ]

[ 2015-12-29T09:43:43+08:00 ] 127.0.0.1 /Blog/admin.php/Article/addone
INFO: [ app_init ] --START--
INFO: Run Behavior\BuildLiteBehavior [ RunTime:0.000029s ]
INFO: [ app_init ] --END-- [ RunTime:0.000653s ]
INFO: [ app_begin ] --START--
INFO: Run Behavior\ReadHtmlCacheBehavior [ RunTime:0.000997s ]
INFO: [ app_begin ] --END-- [ RunTime:0.001175s ]
NOTIC: [2048] Declaration of Admin\Model\CommonModel::delete() should be compatible with Think\Model::delete($options = Array) /Applications/MAMP/htdocs/Blog/Apps/Admin/Model/CommonModel.class.php 第 7 行.
SQL: SHOW COLUMNS FROM `article` [ RunTime:0.0011s ]
SQL: INSERT INTO `article` (`title`,`cid`,`content`,`create_time`,`update_time`) VALUES ('ceshi','2','测 drew','2015-12-29 09:43:43','2015-12-29 09:43:43') [ RunTime:0.0005s ]

[ 2015-12-29T09:48:10+08:00 ] 127.0.0.1 /Blog/admin.php/Article/
INFO: [ app_init ] --START--
INFO: Run Behavior\BuildLiteBehavior [ RunTime:0.000014s ]
INFO: [ app_init ] --END-- [ RunTime:0.000333s ]
INFO: [ app_begin ] --START--
INFO: Run Behavior\ReadHtmlCacheBehavior [ RunTime:0.000425s ]
INFO: [ app_begin ] --END-- [ RunTime:0.000479s ]
INFO: [ view_parse ] --START--
INFO: [ template_filter ] --START--
INFO: Run Behavior\ContentReplaceBehavior [ RunTime:0.000233s ]
INFO: [ template_filter ] --END-- [ RunTime:0.000808s ]
INFO: Run Behavior\ParseTemplateBehavior [ RunTime:0.017929s ]
INFO: [ view_parse ] --END-- [ RunTime:0.017993s ]
INFO: [ view_filter ] --START--
INFO: Run Behavior\WriteHtmlCacheBehavior [ RunTime:0.000173s ]
INFO: [ view_filter ] --END-- [ RunTime:0.000222s ]
INFO: [ app_end ] --START--
INFO: Run Behavior\ShowPageTraceBehavior [ RunTime:0.000583s ]
INFO: [ app_end ] --END-- [ RunTime:0.000664s ]

[ 2015-12-29T09:48:12+08:00 ] 127.0.0.1 /Blog/admin.php/Article/
INFO: [ app_init ] --START--
INFO: Run Behavior\BuildLiteBehavior [ RunTime:0.000013s ]
INFO: [ app_init ] --END-- [ RunTime:0.000319s ]
INFO: [ app_begin ] --START--
INFO: Run Behavior\ReadHtmlCacheBehavior [ RunTime:0.000549s ]
INFO: [ app_begin ] --END-- [ RunTime:0.000623s ]
INFO: [ view_parse ] --START--
INFO: [ template_filter ] --START--
INFO: Run Behavior\ContentReplaceBehavior [ RunTime:0.000092s ]
INFO: [ template_filter ] --END-- [ RunTime:0.000169s ]
INFO: Run Behavior\ParseTemplateBehavior [ RunTime:0.029622s ]
INFO: [ view_parse ] --END-- [ RunTime:0.029745s ]
INFO: [ view_filter ] --START--
INFO: Run Behavior\WriteHtmlCacheBehavior [ RunTime:0.000261s ]
INFO: [ view_filter ] --END-- [ RunTime:0.000342s ]
INFO: [ app_end ] --START--
INFO: Run Behavior\ShowPageTraceBehavior [ RunTime:0.000981s ]
INFO: [ app_end ] --END-- [ RunTime:0.001120s ]

[ 2015-12-29T09:48:14+08:00 ] 127.0.0.1 /Blog/admin.php/Article/
INFO: [ app_init ] --START--
INFO: Run Behavior\BuildLiteBehavior [ RunTime:0.000018s ]
INFO: [ app_init ] --END-- [ RunTime:0.000427s ]
INFO: [ app_begin ] --START--
INFO: Run Behavior\ReadHtmlCacheBehavior [ RunTime:0.000520s ]
INFO: [ app_begin ] --END-- [ RunTime:0.000578s ]
INFO: [ view_parse ] --START--
INFO: [ template_filter ] --START--
INFO: Run Behavior\ContentReplaceBehavior [ RunTime:0.000084s ]
INFO: [ template_filter ] --END-- [ RunTime:0.000148s ]
INFO: Run Behavior\ParseTemplateBehavior [ RunTime:0.025058s ]
INFO: [ view_parse ] --END-- [ RunTime:0.025156s ]
INFO: [ view_filter ] --START--
INFO: Run Behavior\WriteHtmlCacheBehavior [ RunTime:0.000265s ]
INFO: [ view_filter ] --END-- [ RunTime:0.000348s ]
INFO: [ app_end ] --START--
INFO: Run Behavior\ShowPageTraceBehavior [ RunTime:0.001129s ]
INFO: [ app_end ] --END-- [ RunTime:0.001258s ]

[ 2015-12-29T09:48:15+08:00 ] 127.0.0.1 /Blog/admin.php/Article/
INFO: [ app_init ] --START--
INFO: Run Behavior\BuildLiteBehavior [ RunTime:0.000020s ]
INFO: [ app_init ] --END-- [ RunTime:0.000419s ]
INFO: [ app_begin ] --START--
INFO: Run Behavior\ReadHtmlCacheBehavior [ RunTime:0.000730s ]
INFO: [ app_begin ] --END-- [ RunTime:0.000822s ]
INFO: [ view_parse ] --START--
INFO: [ template_filter ] --START--
INFO: Run Behavior\ContentReplaceBehavior [ RunTime:0.000100s ]
INFO: [ template_filter ] --END-- [ RunTime:0.000163s ]
INFO: Run Behavior\ParseTemplateBehavior [ RunTime:0.025974s ]
INFO: [ view_parse ] --END-- [ RunTime:0.026077s ]
INFO: [ view_filter ] --START--
INFO: Run Behavior\WriteHtmlCacheBehavior [ RunTime:0.000275s ]
INFO: [ view_filter ] --END-- [ RunTime:0.000355s ]
INFO: [ app_end ] --START--
INFO: Run Behavior\ShowPageTraceBehavior [ RunTime:0.001018s ]
INFO: [ app_end ] --END-- [ RunTime:0.001150s ]

[ 2015-12-29T09:48:15+08:00 ] 127.0.0.1 /Blog/admin.php/Article/
INFO: [ app_init ] --START--
INFO: Run Behavior\BuildLiteBehavior [ RunTime:0.000029s ]
INFO: [ app_init ] --END-- [ RunTime:0.000700s ]
INFO: [ app_begin ] --START--
INFO: Run Behavior\ReadHtmlCacheBehavior [ RunTime:0.000999s ]
INFO: [ app_begin ] --END-- [ RunTime:0.001164s ]
INFO: [ view_parse ] --START--
INFO: [ template_filter ] --START--
INFO: Run Behavior\ContentReplaceBehavior [ RunTime:0.000156s ]
INFO: [ template_filter ] --END-- [ RunTime:0.000236s ]
INFO: Run Behavior\ParseTemplateBehavior [ RunTime:0.029543s ]
INFO: [ view_parse ] --END-- [ RunTime:0.029700s ]
INFO: [ view_filter ] --START--
INFO: Run Behavior\WriteHtmlCacheBehavior [ RunTime:0.000262s ]
INFO: [ view_filter ] --END-- [ RunTime:0.000343s ]
INFO: [ app_end ] --START--
INFO: Run Behavior\ShowPageTraceBehavior [ RunTime:0.001042s ]
INFO: [ app_end ] --END-- [ RunTime:0.001199s ]

[ 2015-12-29T09:48:16+08:00 ] 127.0.0.1 /Blog/admin.php/Article/
INFO: [ app_init ] --START--
INFO: Run Behavior\BuildLiteBehavior [ RunTime:0.000016s ]
INFO: [ app_init ] --END-- [ RunTime:0.000600s ]
INFO: [ app_begin ] --START--
INFO: Run Behavior\ReadHtmlCacheBehavior [ RunTime:0.000428s ]
INFO: [ app_begin ] --END-- [ RunTime:0.000481s ]
INFO: [ view_parse ] --START--
INFO: [ template_filter ] --START--
INFO: Run Behavior\ContentReplaceBehavior [ RunTime:0.000087s ]
INFO: [ template_filter ] --END-- [ RunTime:0.000157s ]
INFO: Run Behavior\ParseTemplateBehavior [ RunTime:0.025184s ]
INFO: [ view_parse ] --END-- [ RunTime:0.025279s ]
INFO: [ view_filter ] --START--
INFO: Run Behavior\WriteHtmlCacheBehavior [ RunTime:0.000275s ]
INFO: [ view_filter ] --END-- [ RunTime:0.000355s ]
INFO: [ app_end ] --START--
INFO: Run Behavior\ShowPageTraceBehavior [ RunTime:0.000978s ]
INFO: [ app_end ] --END-- [ RunTime:0.001117s ]

[ 2015-12-29T09:50:13+08:00 ] 127.0.0.1 /Blog/admin.php/Article/
INFO: [ app_init ] --START--
INFO: Run Behavior\BuildLiteBehavior [ RunTime:0.000051s ]
INFO: [ app_init ] --END-- [ RunTime:0.000836s ]
INFO: [ app_begin ] --START--
INFO: Run Behavior\ReadHtmlCacheBehavior [ RunTime:0.000998s ]
INFO: [ app_begin ] --END-- [ RunTime:0.001153s ]
INFO: [ view_parse ] --START--
INFO: [ template_filter ] --START--
INFO: Run Behavior\ContentReplaceBehavior [ RunTime:0.000169s ]
INFO: [ template_filter ] --END-- [ RunTime:0.000242s ]
INFO: Run Behavior\ParseTemplateBehavior [ RunTime:0.026336s ]
INFO: [ view_parse ] --END-- [ RunTime:0.026420s ]
INFO: [ view_filter ] --START--
INFO: Run Behavior\WriteHtmlCacheBehavior [ RunTime:0.000189s ]
INFO: [ view_filter ] --END-- [ RunTime:0.000244s ]
INFO: [ app_end ] --START--
INFO: Run Behavior\ShowPageTraceBehavior [ RunTime:0.000686s ]
INFO: [ app_end ] --END-- [ RunTime:0.000938s ]

[ 2015-12-29T09:50:14+08:00 ] 127.0.0.1 /Blog/admin.php/Article/
INFO: [ app_init ] --START--
INFO: Run Behavior\BuildLiteBehavior [ RunTime:0.000017s ]
INFO: [ app_init ] --END-- [ RunTime:0.000383s ]
INFO: [ app_begin ] --START--
INFO: Run Behavior\ReadHtmlCacheBehavior [ RunTime:0.000554s ]
INFO: [ app_begin ] --END-- [ RunTime:0.000616s ]
INFO: [ view_parse ] --START--
INFO: [ template_filter ] --START--
INFO: Run Behavior\ContentReplaceBehavior [ RunTime:0.000084s ]
INFO: [ template_filter ] --END-- [ RunTime:0.000148s ]
INFO: Run Behavior\ParseTemplateBehavior [ RunTime:0.024876s ]
INFO: [ view_parse ] --END-- [ RunTime:0.024950s ]
INFO: [ view_filter ] --START--
INFO: Run Behavior\WriteHtmlCacheBehavior [ RunTime:0.000184s ]
INFO: [ view_filter ] --END-- [ RunTime:0.000237s ]
INFO: [ app_end ] --START--
INFO: Run Behavior\ShowPageTraceBehavior [ RunTime:0.000858s ]
INFO: [ app_end ] --END-- [ RunTime:0.000984s ]

[ 2015-12-29T09:50:15+08:00 ] 127.0.0.1 /Blog/admin.php/Article/
INFO: [ app_init ] --START--
INFO: Run Behavior\BuildLiteBehavior [ RunTime:0.000023s ]
INFO: [ app_init ] --END-- [ RunTime:0.000437s ]
INFO: [ app_begin ] --START--
INFO: Run Behavior\ReadHtmlCacheBehavior [ RunTime:0.000484s ]
INFO: [ app_begin ] --END-- [ RunTime:0.000545s ]
INFO: [ view_parse ] --START--
INFO: [ template_filter ] --START--
INFO: Run Behavior\ContentReplaceBehavior [ RunTime:0.000157s ]
INFO: [ template_filter ] --END-- [ RunTime:0.000239s ]
INFO: Run Behavior\ParseTemplateBehavior [ RunTime:0.028426s ]
INFO: [ view_parse ] --END-- [ RunTime:0.028502s ]
INFO: [ view_filter ] --START--
INFO: Run Behavior\WriteHtmlCacheBehavior [ RunTime:0.000194s ]
INFO: [ view_filter ] --END-- [ RunTime:0.000247s ]
INFO: [ app_end ] --START--
INFO: Run Behavior\ShowPageTraceBehavior [ RunTime:0.000793s ]
INFO: [ app_end ] --END-- [ RunTime:0.000897s ]

[ 2015-12-29T09:50:25+08:00 ] 127.0.0.1 /Blog/admin.php/Article/
INFO: [ app_init ] --START--
INFO: Run Behavior\BuildLiteBehavior [ RunTime:0.000016s ]
INFO: [ app_init ] --END-- [ RunTime:0.000362s ]
INFO: [ app_begin ] --START--
INFO: Run Behavior\ReadHtmlCacheBehavior [ RunTime:0.000466s ]
INFO: [ app_begin ] --END-- [ RunTime:0.000525s ]
INFO: [ view_parse ] --START--
INFO: [ template_filter ] --START--
INFO: Run Behavior\ContentReplaceBehavior [ RunTime:0.000103s ]
INFO: [ template_filter ] --END-- [ RunTime:0.000182s ]
INFO: Run Behavior\ParseTemplateBehavior [ RunTime:0.026200s ]
INFO: [ view_parse ] --END-- [ RunTime:0.026295s ]
INFO: [ view_filter ] --START--
INFO: Run Behavior\WriteHtmlCacheBehavior [ RunTime:0.000266s ]
INFO: [ view_filter ] --END-- [ RunTime:0.000346s ]
INFO: [ app_end ] --START--
INFO: Run Behavior\ShowPageTraceBehavior [ RunTime:0.001030s ]
INFO: [ app_end ] --END-- [ RunTime:0.001174s ]

[ 2015-12-29T09:51:02+08:00 ] 127.0.0.1 /Blog/admin.php/Article/
INFO: [ app_init ] --START--
INFO: Run Behavior\BuildLiteBehavior [ RunTime:0.000018s ]
INFO: [ app_init ] --END-- [ RunTime:0.000388s ]
INFO: [ app_begin ] --START--
INFO: Run Behavior\ReadHtmlCacheBehavior [ RunTime:0.000495s ]
INFO: [ app_begin ] --END-- [ RunTime:0.000559s ]
INFO: [ view_parse ] --START--
INFO: [ template_filter ] --START--
INFO: Run Behavior\ContentReplaceBehavior [ RunTime:0.000088s ]
INFO: [ template_filter ] --END-- [ RunTime:0.000158s ]
INFO: Run Behavior\ParseTemplateBehavior [ RunTime:0.026685s ]
INFO: [ view_parse ] --END-- [ RunTime:0.026782s ]
INFO: [ view_filter ] --START--
INFO: Run Behavior\WriteHtmlCacheBehavior [ RunTime:0.000271s ]
INFO: [ view_filter ] --END-- [ RunTime:0.000553s ]
INFO: [ app_end ] --START--
INFO: Run Behavior\ShowPageTraceBehavior [ RunTime:0.001147s ]
INFO: [ app_end ] --END-- [ RunTime:0.001312s ]

[ 2015-12-29T09:51:02+08:00 ] 127.0.0.1 /Blog/admin.php/Article/getlist
INFO: [ app_init ] --START--
INFO: Run Behavior\BuildLiteBehavior [ RunTime:0.000023s ]
INFO: [ app_init ] --END-- [ RunTime:0.000450s ]
INFO: [ app_begin ] --START--
INFO: Run Behavior\ReadHtmlCacheBehavior [ RunTime:0.000560s ]
INFO: [ app_begin ] --END-- [ RunTime:0.000632s ]
NOTIC: [2048] Declaration of Admin\Model\CommonModel::delete() should be compatible with Think\Model::delete($options = Array) /Applications/MAMP/htdocs/Blog/Apps/Admin/Model/CommonModel.class.php 第 7 行.
SQL: SHOW COLUMNS FROM `article` [ RunTime:0.0093s ]
SQL: SELECT `aid`,`title`,`content`,`if_delete`,`cuid`,`cid`,`rnum`,`create_time`,`update_time` FROM `article` WHERE (  if_delete = 0 ) ORDER BY aid desc  [ RunTime:0.0006s ]
SQL: SELECT COUNT(*) AS tp_count FROM `article` WHERE (  if_delete = 0 ) LIMIT 1   [ RunTime:0.0004s ]
SQL: SHOW COLUMNS FROM `category` [ RunTime:0.0013s ]
SQL: SELECT `cname` FROM `category` WHERE `cid` = 2 LIMIT 1   [ RunTime:0.0003s ]
SQL: SELECT `cname` FROM `category` WHERE `cid` = 2 LIMIT 1   [ RunTime:0.0003s ]
SQL: SELECT `cname` FROM `category` WHERE `cid` = 2 LIMIT 1   [ RunTime:0.0003s ]
SQL: SELECT `cname` FROM `category` WHERE `cid` = 1 LIMIT 1   [ RunTime:0.0003s ]
SQL: SELECT `cname` FROM `category` WHERE `cid` = 1 LIMIT 1   [ RunTime:0.0003s ]
SQL: SELECT `cname` FROM `category` WHERE `cid` = 2 LIMIT 1   [ RunTime:0.0003s ]
SQL: SELECT `cname` FROM `category` WHERE `cid` = 1 LIMIT 1   [ RunTime:0.0003s ]
SQL: SELECT `cname` FROM `category` WHERE `cid` = 1 LIMIT 1   [ RunTime:0.0003s ]
SQL: SELECT `cname` FROM `category` WHERE `cid` = 1 LIMIT 1   [ RunTime:0.0003s ]
SQL: SELECT `cname` FROM `category` WHERE `cid` = 1 LIMIT 1   [ RunTime:0.0003s ]
SQL: SELECT `cname` FROM `category` WHERE `cid` = 1 LIMIT 1   [ RunTime:0.0004s ]
SQL: SELECT `cname` FROM `category` WHERE `cid` = 1 LIMIT 1   [ RunTime:0.0003s ]
SQL: SELECT `cname` FROM `category` WHERE `cid` = 2 LIMIT 1   [ RunTime:0.0005s ]
SQL: SELECT `cname` FROM `category` WHERE `cid` = 1 LIMIT 1   [ RunTime:0.0006s ]
SQL: SELECT `cname` FROM `category` WHERE `cid` = 3 LIMIT 1   [ RunTime:0.0004s ]
SQL: SELECT `cname` FROM `category` WHERE `cid` = 3 LIMIT 1   [ RunTime:0.0004s ]
SQL: SELECT `cname` FROM `category` WHERE `cid` = 2 LIMIT 1   [ RunTime:0.0003s ]
SQL: SELECT `cname` FROM `category` WHERE `cid` = 3 LIMIT 1   [ RunTime:0.0003s ]
SQL: SELECT `cname` FROM `category` WHERE `cid` = 2 LIMIT 1   [ RunTime:0.0003s ]
SQL: SELECT `cname` FROM `category` WHERE `cid` = 1 LIMIT 1   [ RunTime:0.0007s ]

[ 2015-12-29T09:51:09+08:00 ] 127.0.0.1 /Blog/admin.php/Article/delete
INFO: [ app_init ] --START--
INFO: Run Behavior\BuildLiteBehavior [ RunTime:0.000141s ]
INFO: [ app_init ] --END-- [ RunTime:0.000627s ]
INFO: [ app_begin ] --START--
INFO: Run Behavior\ReadHtmlCacheBehavior [ RunTime:0.000948s ]
INFO: [ app_begin ] --END-- [ RunTime:0.001050s ]
NOTIC: [2048] Declaration of Admin\Model\CommonModel::delete() should be compatible with Think\Model::delete($options = Array) /Applications/MAMP/htdocs/Blog/Apps/Admin/Model/CommonModel.class.php 第 7 行.
SQL: SHOW COLUMNS FROM `article` [ RunTime:0.0094s ]
SQL: UPDATE `article` SET `if_delete`='1' WHERE `aid` = 30 [ RunTime:0.0006s ]

[ 2015-12-29T09:51:12+08:00 ] 127.0.0.1 /Blog/admin.php/Article/delete
INFO: [ app_init ] --START--
INFO: Run Behavior\BuildLiteBehavior [ RunTime:0.000018s ]
INFO: [ app_init ] --END-- [ RunTime:0.000382s ]
INFO: [ app_begin ] --START--
INFO: Run Behavior\ReadHtmlCacheBehavior [ RunTime:0.000828s ]
INFO: [ app_begin ] --END-- [ RunTime:0.000928s ]
NOTIC: [2048] Declaration of Admin\Model\CommonModel::delete() should be compatible with Think\Model::delete($options = Array) /Applications/MAMP/htdocs/Blog/Apps/Admin/Model/CommonModel.class.php 第 7 行.
SQL: SHOW COLUMNS FROM `article` [ RunTime:0.0093s ]
SQL: UPDATE `article` SET `if_delete`='1' WHERE `aid` = 29 [ RunTime:0.0005s ]

[ 2015-12-29T09:51:16+08:00 ] 127.0.0.1 /Blog/admin.php/Article/delete
INFO: [ app_init ] --START--
INFO: Run Behavior\BuildLiteBehavior [ RunTime:0.000016s ]
INFO: [ app_init ] --END-- [ RunTime:0.000331s ]
INFO: [ app_begin ] --START--
INFO: Run Behavior\ReadHtmlCacheBehavior [ RunTime:0.000423s ]
INFO: [ app_begin ] --END-- [ RunTime:0.000477s ]
NOTIC: [2048] Declaration of Admin\Model\CommonModel::delete() should be compatible with Think\Model::delete($options = Array) /Applications/MAMP/htdocs/Blog/Apps/Admin/Model/CommonModel.class.php 第 7 行.
SQL: SHOW COLUMNS FROM `article` [ RunTime:0.0096s ]
SQL: UPDATE `article` SET `if_delete`='1' WHERE `aid` = 28 [ RunTime:0.0007s ]

[ 2015-12-29T09:51:19+08:00 ] 127.0.0.1 /Blog/admin.php/Article/delete
INFO: [ app_init ] --START--
INFO: Run Behavior\BuildLiteBehavior [ RunTime:0.000014s ]
INFO: [ app_init ] --END-- [ RunTime:0.000324s ]
INFO: [ app_begin ] --START--
INFO: Run Behavior\ReadHtmlCacheBehavior [ RunTime:0.000421s ]
INFO: [ app_begin ] --END-- [ RunTime:0.000475s ]
NOTIC: [2048] Declaration of Admin\Model\CommonModel::delete() should be compatible with Think\Model::delete($options = Array) /Applications/MAMP/htdocs/Blog/Apps/Admin/Model/CommonModel.class.php 第 7 行.
SQL: SHOW COLUMNS FROM `article` [ RunTime:0.0088s ]
SQL: UPDATE `article` SET `if_delete`='1' WHERE `aid` = 27 [ RunTime:0.0007s ]

[ 2015-12-29T09:51:23+08:00 ] 127.0.0.1 /Blog/admin.php/Article/delete
INFO: [ app_init ] --START--
INFO: Run Behavior\BuildLiteBehavior [ RunTime:0.000031s ]
INFO: [ app_init ] --END-- [ RunTime:0.000528s ]
INFO: [ app_begin ] --START--
INFO: Run Behavior\ReadHtmlCacheBehavior [ RunTime:0.000428s ]
INFO: [ app_begin ] --END-- [ RunTime:0.000481s ]
NOTIC: [2048] Declaration of Admin\Model\CommonModel::delete() should be compatible with Think\Model::delete($options = Array) /Applications/MAMP/htdocs/Blog/Apps/Admin/Model/CommonModel.class.php 第 7 行.
SQL: SHOW COLUMNS FROM `article` [ RunTime:0.0106s ]
SQL: UPDATE `article` SET `if_delete`='1' WHERE `aid` = 26 [ RunTime:0.0006s ]

[ 2015-12-29T09:51:30+08:00 ] 127.0.0.1 /Blog/admin.php/Article/delete
INFO: [ app_init ] --START--
INFO: Run Behavior\BuildLiteBehavior [ RunTime:0.000015s ]
INFO: [ app_init ] --END-- [ RunTime:0.000335s ]
INFO: [ app_begin ] --START--
INFO: Run Behavior\ReadHtmlCacheBehavior [ RunTime:0.000421s ]
INFO: [ app_begin ] --END-- [ RunTime:0.000477s ]
NOTIC: [2048] Declaration of Admin\Model\CommonModel::delete() should be compatible with Think\Model::delete($options = Array) /Applications/MAMP/htdocs/Blog/Apps/Admin/Model/CommonModel.class.php 第 7 行.
SQL: SHOW COLUMNS FROM `article` [ RunTime:0.0104s ]
SQL: UPDATE `article` SET `if_delete`='1' WHERE `aid` = 24 [ RunTime:0.0007s ]

[ 2015-12-29T09:51:37+08:00 ] 127.0.0.1 /Blog/admin.php/Article/
INFO: [ app_init ] --START--
INFO: Run Behavior\BuildLiteBehavior [ RunTime:0.000014s ]
INFO: [ app_init ] --END-- [ RunTime:0.000321s ]
INFO: [ app_begin ] --START--
INFO: Run Behavior\ReadHtmlCacheBehavior [ RunTime:0.000414s ]
INFO: [ app_begin ] --END-- [ RunTime:0.000467s ]
INFO: [ view_parse ] --START--
INFO: [ template_filter ] --START--
INFO: Run Behavior\ContentReplaceBehavior [ RunTime:0.000082s ]
INFO: [ template_filter ] --END-- [ RunTime:0.000142s ]
INFO: Run Behavior\ParseTemplateBehavior [ RunTime:0.024908s ]
INFO: [ view_parse ] --END-- [ RunTime:0.025007s ]
INFO: [ view_filter ] --START--
INFO: Run Behavior\WriteHtmlCacheBehavior [ RunTime:0.000254s ]
INFO: [ view_filter ] --END-- [ RunTime:0.000337s ]
INFO: [ app_end ] --START--
INFO: Run Behavior\ShowPageTraceBehavior [ RunTime:0.001082s ]
INFO: [ app_end ] --END-- [ RunTime:0.001274s ]

[ 2015-12-29T09:51:37+08:00 ] 127.0.0.1 /Blog/admin.php/Article/getlist
INFO: [ app_init ] --START--
INFO: Run Behavior\BuildLiteBehavior [ RunTime:0.000017s ]
INFO: [ app_init ] --END-- [ RunTime:0.000362s ]
INFO: [ app_begin ] --START--
INFO: Run Behavior\ReadHtmlCacheBehavior [ RunTime:0.000464s ]
INFO: [ app_begin ] --END-- [ RunTime:0.000527s ]
NOTIC: [2048] Declaration of Admin\Model\CommonModel::delete() should be compatible with Think\Model::delete($options = Array) /Applications/MAMP/htdocs/Blog/Apps/Admin/Model/CommonModel.class.php 第 7 行.
SQL: SHOW COLUMNS FROM `article` [ RunTime:0.0011s ]
SQL: SELECT `aid`,`title`,`content`,`if_delete`,`cuid`,`cid`,`rnum`,`create_time`,`update_time` FROM `article` WHERE (  if_delete = 0 ) ORDER BY aid desc  [ RunTime:0.0004s ]
SQL: SELECT COUNT(*) AS tp_count FROM `article` WHERE (  if_delete = 0 ) LIMIT 1   [ RunTime:0.0002s ]
SQL: SHOW COLUMNS FROM `category` [ RunTime:0.0009s ]
SQL: SELECT `cname` FROM `category` WHERE `cid` = 2 LIMIT 1   [ RunTime:0.0002s ]
SQL: SELECT `cname` FROM `category` WHERE `cid` = 1 LIMIT 1   [ RunTime:0.0002s ]
SQL: SELECT `cname` FROM `category` WHERE `cid` = 1 LIMIT 1   [ RunTime:0.0002s ]
SQL: SELECT `cname` FROM `category` WHERE `cid` = 1 LIMIT 1   [ RunTime:0.0002s ]
SQL: SELECT `cname` FROM `category` WHERE `cid` = 1 LIMIT 1   [ RunTime:0.0002s ]
SQL: SELECT `cname` FROM `category` WHERE `cid` = 1 LIMIT 1   [ RunTime:0.0002s ]
SQL: SELECT `cname` FROM `category` WHERE `cid` = 2 LIMIT 1   [ RunTime:0.0002s ]
SQL: SELECT `cname` FROM `category` WHERE `cid` = 1 LIMIT 1   [ RunTime:0.0002s ]
SQL: SELECT `cname` FROM `category` WHERE `cid` = 3 LIMIT 1   [ RunTime:0.0002s ]
SQL: SELECT `cname` FROM `category` WHERE `cid` = 3 LIMIT 1   [ RunTime:0.0002s ]
SQL: SELECT `cname` FROM `category` WHERE `cid` = 2 LIMIT 1   [ RunTime:0.0002s ]
SQL: SELECT `cname` FROM `category` WHERE `cid` = 3 LIMIT 1   [ RunTime:0.0002s ]
SQL: SELECT `cname` FROM `category` WHERE `cid` = 2 LIMIT 1   [ RunTime:0.0002s ]
SQL: SELECT `cname` FROM `category` WHERE `cid` = 1 LIMIT 1   [ RunTime:0.0002s ]

[ 2015-12-29T10:09:41+08:00 ] 127.0.0.1 /Blog/admin.php/Article/
INFO: [ app_init ] --START--
INFO: Run Behavior\BuildLiteBehavior [ RunTime:0.000041s ]
INFO: [ app_init ] --END-- [ RunTime:0.000739s ]
INFO: [ app_begin ] --START--
INFO: Run Behavior\ReadHtmlCacheBehavior [ RunTime:0.000530s ]
INFO: [ app_begin ] --END-- [ RunTime:0.000602s ]
INFO: [ view_parse ] --START--
INFO: [ template_filter ] --START--
INFO: Run Behavior\ContentReplaceBehavior [ RunTime:0.000113s ]
INFO: [ template_filter ] --END-- [ RunTime:0.000183s ]
INFO: Run Behavior\ParseTemplateBehavior [ RunTime:0.027909s ]
INFO: [ view_parse ] --END-- [ RunTime:0.028033s ]
INFO: [ view_filter ] --START--
INFO: Run Behavior\WriteHtmlCacheBehavior [ RunTime:0.000197s ]
INFO: [ view_filter ] --END-- [ RunTime:0.000252s ]
INFO: [ app_end ] --START--
INFO: Run Behavior\ShowPageTraceBehavior [ RunTime:0.000821s ]
INFO: [ app_end ] --END-- [ RunTime:0.000926s ]

[ 2015-12-29T10:09:41+08:00 ] 127.0.0.1 /Blog/admin.php/Article/getlist
INFO: [ app_init ] --START--
INFO: Run Behavior\BuildLiteBehavior [ RunTime:0.000016s ]
INFO: [ app_init ] --END-- [ RunTime:0.000368s ]
INFO: [ app_begin ] --START--
INFO: Run Behavior\ReadHtmlCacheBehavior [ RunTime:0.000474s ]
INFO: [ app_begin ] --END-- [ RunTime:0.000541s ]
NOTIC: [2048] Declaration of Admin\Model\CommonModel::delete() should be compatible with Think\Model::delete($options = Array) /Applications/MAMP/htdocs/Blog/Apps/Admin/Model/CommonModel.class.php 第 7 行.
SQL: SHOW COLUMNS FROM `article` [ RunTime:0.0082s ]
SQL: SELECT `aid`,`title`,`content`,`if_delete`,`cuid`,`cid`,`rnum`,`create_time`,`update_time` FROM `article` WHERE (  if_delete = 0 ) ORDER BY aid desc  [ RunTime:0.0004s ]
SQL: SELECT COUNT(*) AS tp_count FROM `article` WHERE (  if_delete = 0 ) LIMIT 1   [ RunTime:0.0002s ]
SQL: SHOW COLUMNS FROM `category` [ RunTime:0.0011s ]
SQL: SELECT `cname` FROM `category` WHERE `cid` = 2 LIMIT 1   [ RunTime:0.0002s ]
SQL: SELECT `cname` FROM `category` WHERE `cid` = 1 LIMIT 1   [ RunTime:0.0002s ]
SQL: SELECT `cname` FROM `category` WHERE `cid` = 1 LIMIT 1   [ RunTime:0.0002s ]
SQL: SELECT `cname` FROM `category` WHERE `cid` = 1 LIMIT 1   [ RunTime:0.0002s ]
SQL: SELECT `cname` FROM `category` WHERE `cid` = 1 LIMIT 1   [ RunTime:0.0002s ]
SQL: SELECT `cname` FROM `category` WHERE `cid` = 1 LIMIT 1   [ RunTime:0.0002s ]
SQL: SELECT `cname` FROM `category` WHERE `cid` = 2 LIMIT 1   [ RunTime:0.0002s ]
SQL: SELECT `cname` FROM `category` WHERE `cid` = 1 LIMIT 1   [ RunTime:0.0002s ]
SQL: SELECT `cname` FROM `category` WHERE `cid` = 3 LIMIT 1   [ RunTime:0.0002s ]
SQL: SELECT `cname` FROM `category` WHERE `cid` = 3 LIMIT 1   [ RunTime:0.0002s ]
SQL: SELECT `cname` FROM `category` WHERE `cid` = 2 LIMIT 1   [ RunTime:0.0002s ]
SQL: SELECT `cname` FROM `category` WHERE `cid` = 3 LIMIT 1   [ RunTime:0.0002s ]
SQL: SELECT `cname` FROM `category` WHERE `cid` = 2 LIMIT 1   [ RunTime:0.0002s ]
SQL: SELECT `cname` FROM `category` WHERE `cid` = 1 LIMIT 1   [ RunTime:0.0002s ]

[ 2015-12-29T10:09:43+08:00 ] 127.0.0.1 /Blog/admin.php/Article/edit
INFO: [ app_init ] --START--
INFO: Run Behavior\BuildLiteBehavior [ RunTime:0.000023s ]
INFO: [ app_init ] --END-- [ RunTime:0.000711s ]
INFO: [ app_begin ] --START--
INFO: Run Behavior\ReadHtmlCacheBehavior [ RunTime:0.000449s ]
INFO: [ app_begin ] --END-- [ RunTime:0.000508s ]
NOTIC: [2048] Declaration of Admin\Model\CommonModel::delete() should be compatible with Think\Model::delete($options = Array) /Applications/MAMP/htdocs/Blog/Apps/Admin/Model/CommonModel.class.php 第 7 行.
SQL: SHOW COLUMNS FROM `article` [ RunTime:0.0095s ]
SQL: SELECT `aid`,`title`,`content`,`if_delete`,`cuid`,`cid`,`rnum`,`create_time`,`update_time` FROM `article` WHERE `aid` = 0 LIMIT 1   [ RunTime:0.0005s ]

[ 2015-12-29T10:09:46+08:00 ] 127.0.0.1 /Blog/admin.php/Article/edit
INFO: [ app_init ] --START--
INFO: Run Behavior\BuildLiteBehavior [ RunTime:0.000014s ]
INFO: [ app_init ] --END-- [ RunTime:0.000325s ]
INFO: [ app_begin ] --START--
INFO: Run Behavior\ReadHtmlCacheBehavior [ RunTime:0.000514s ]
INFO: [ app_begin ] --END-- [ RunTime:0.000568s ]
NOTIC: [2048] Declaration of Admin\Model\CommonModel::delete() should be compatible with Think\Model::delete($options = Array) /Applications/MAMP/htdocs/Blog/Apps/Admin/Model/CommonModel.class.php 第 7 行.
SQL: SHOW COLUMNS FROM `article` [ RunTime:0.0087s ]
SQL: SELECT `aid`,`title`,`content`,`if_delete`,`cuid`,`cid`,`rnum`,`create_time`,`update_time` FROM `article` WHERE `aid` = 0 LIMIT 1   [ RunTime:0.0003s ]

[ 2015-12-29T10:09:50+08:00 ] 127.0.0.1 /Blog/admin.php/Article/edit
INFO: [ app_init ] --START--
INFO: Run Behavior\BuildLiteBehavior [ RunTime:0.000017s ]
INFO: [ app_init ] --END-- [ RunTime:0.000384s ]
INFO: [ app_begin ] --START--
INFO: Run Behavior\ReadHtmlCacheBehavior [ RunTime:0.000508s ]
INFO: [ app_begin ] --END-- [ RunTime:0.000571s ]
NOTIC: [2048] Declaration of Admin\Model\CommonModel::delete() should be compatible with Think\Model::delete($options = Array) /Applications/MAMP/htdocs/Blog/Apps/Admin/Model/CommonModel.class.php 第 7 行.
SQL: SHOW COLUMNS FROM `article` [ RunTime:0.0097s ]
SQL: SELECT `aid`,`title`,`content`,`if_delete`,`cuid`,`cid`,`rnum`,`create_time`,`update_time` FROM `article` WHERE `aid` = 0 LIMIT 1   [ RunTime:0.0006s ]

[ 2015-12-29T10:10:12+08:00 ] 127.0.0.1 /Blog/admin.php/Article/edit
INFO: [ app_init ] --START--
INFO: Run Behavior\BuildLiteBehavior [ RunTime:0.000017s ]
INFO: [ app_init ] --END-- [ RunTime:0.000378s ]
INFO: [ app_begin ] --START--
INFO: Run Behavior\ReadHtmlCacheBehavior [ RunTime:0.000479s ]
INFO: [ app_begin ] --END-- [ RunTime:0.000539s ]
NOTIC: [2048] Declaration of Admin\Model\CommonModel::delete() should be compatible with Think\Model::delete($options = Array) /Applications/MAMP/htdocs/Blog/Apps/Admin/Model/CommonModel.class.php 第 7 行.
SQL: SHOW COLUMNS FROM `article` [ RunTime:0.0087s ]
SQL: SELECT `aid`,`title`,`content`,`if_delete`,`cuid`,`cid`,`rnum`,`create_time`,`update_time` FROM `article` WHERE `aid` = 0 LIMIT 1   [ RunTime:0.0004s ]

[ 2015-12-29T10:10:14+08:00 ] 127.0.0.1 /Blog/admin.php/Article/
INFO: [ app_init ] --START--
INFO: Run Behavior\BuildLiteBehavior [ RunTime:0.000015s ]
INFO: [ app_init ] --END-- [ RunTime:0.000328s ]
INFO: [ app_begin ] --START--
INFO: Run Behavior\ReadHtmlCacheBehavior [ RunTime:0.000421s ]
INFO: [ app_begin ] --END-- [ RunTime:0.000474s ]
INFO: [ view_parse ] --START--
INFO: [ template_filter ] --START--
INFO: Run Behavior\ContentReplaceBehavior [ RunTime:0.000088s ]
INFO: [ template_filter ] --END-- [ RunTime:0.000153s ]
INFO: Run Behavior\ParseTemplateBehavior [ RunTime:0.025654s ]
INFO: [ view_parse ] --END-- [ RunTime:0.025750s ]
INFO: [ view_filter ] --START--
INFO: Run Behavior\WriteHtmlCacheBehavior [ RunTime:0.000259s ]
INFO: [ view_filter ] --END-- [ RunTime:0.000342s ]
INFO: [ app_end ] --START--
INFO: Run Behavior\ShowPageTraceBehavior [ RunTime:0.001118s ]
INFO: [ app_end ] --END-- [ RunTime:0.001281s ]

[ 2015-12-29T10:10:15+08:00 ] 127.0.0.1 /Blog/admin.php/Article/getlist
INFO: [ app_init ] --START--
INFO: Run Behavior\BuildLiteBehavior [ RunTime:0.000031s ]
INFO: [ app_init ] --END-- [ RunTime:0.000636s ]
INFO: [ app_begin ] --START--
INFO: Run Behavior\ReadHtmlCacheBehavior [ RunTime:0.000557s ]
INFO: [ app_begin ] --END-- [ RunTime:0.000632s ]
NOTIC: [2048] Declaration of Admin\Model\CommonModel::delete() should be compatible with Think\Model::delete($options = Array) /Applications/MAMP/htdocs/Blog/Apps/Admin/Model/CommonModel.class.php 第 7 行.
SQL: SHOW COLUMNS FROM `article` [ RunTime:0.0089s ]
SQL: SELECT `aid`,`title`,`content`,`if_delete`,`cuid`,`cid`,`rnum`,`create_time`,`update_time` FROM `article` WHERE (  if_delete = 0 ) ORDER BY aid desc  [ RunTime:0.0007s ]
SQL: SELECT COUNT(*) AS tp_count FROM `article` WHERE (  if_delete = 0 ) LIMIT 1   [ RunTime:0.0006s ]
SQL: SHOW COLUMNS FROM `category` [ RunTime:0.0015s ]
SQL: SELECT `cname` FROM `category` WHERE `cid` = 2 LIMIT 1   [ RunTime:0.0006s ]
SQL: SELECT `cname` FROM `category` WHERE `cid` = 1 LIMIT 1   [ RunTime:0.0018s ]
SQL: SELECT `cname` FROM `category` WHERE `cid` = 1 LIMIT 1   [ RunTime:0.0008s ]
SQL: SELECT `cname` FROM `category` WHERE `cid` = 1 LIMIT 1   [ RunTime:0.0008s ]
SQL: SELECT `cname` FROM `category` WHERE `cid` = 1 LIMIT 1   [ RunTime:0.0004s ]
SQL: SELECT `cname` FROM `category` WHERE `cid` = 1 LIMIT 1   [ RunTime:0.0006s ]
SQL: SELECT `cname` FROM `category` WHERE `cid` = 2 LIMIT 1   [ RunTime:0.0009s ]
SQL: SELECT `cname` FROM `category` WHERE `cid` = 1 LIMIT 1   [ RunTime:0.0004s ]
SQL: SELECT `cname` FROM `category` WHERE `cid` = 3 LIMIT 1   [ RunTime:0.0003s ]
SQL: SELECT `cname` FROM `category` WHERE `cid` = 3 LIMIT 1   [ RunTime:0.0005s ]
SQL: SELECT `cname` FROM `category` WHERE `cid` = 2 LIMIT 1   [ RunTime:0.0023s ]
SQL: SELECT `cname` FROM `category` WHERE `cid` = 3 LIMIT 1   [ RunTime:0.0033s ]
SQL: SELECT `cname` FROM `category` WHERE `cid` = 2 LIMIT 1   [ RunTime:0.0016s ]
SQL: SELECT `cname` FROM `category` WHERE `cid` = 1 LIMIT 1   [ RunTime:0.0004s ]

[ 2015-12-29T10:10:17+08:00 ] 127.0.0.1 /Blog/admin.php/Article/edit
INFO: [ app_init ] --START--
INFO: Run Behavior\BuildLiteBehavior [ RunTime:0.000020s ]
INFO: [ app_init ] --END-- [ RunTime:0.000545s ]
INFO: [ app_begin ] --START--
INFO: Run Behavior\ReadHtmlCacheBehavior [ RunTime:0.000436s ]
INFO: [ app_begin ] --END-- [ RunTime:0.000488s ]
NOTIC: [2048] Declaration of Admin\Model\CommonModel::delete() should be compatible with Think\Model::delete($options = Array) /Applications/MAMP/htdocs/Blog/Apps/Admin/Model/CommonModel.class.php 第 7 行.
SQL: SHOW COLUMNS FROM `article` [ RunTime:0.0013s ]
SQL: SELECT `aid`,`title`,`content`,`if_delete`,`cuid`,`cid`,`rnum`,`create_time`,`update_time` FROM `article` WHERE `aid` = 0 LIMIT 1   [ RunTime:0.0003s ]

[ 2015-12-29T10:10:50+08:00 ] 127.0.0.1 /Blog/admin.php/Article/
INFO: [ app_init ] --START--
INFO: Run Behavior\BuildLiteBehavior [ RunTime:0.000025s ]
INFO: [ app_init ] --END-- [ RunTime:0.000583s ]
INFO: [ app_begin ] --START--
INFO: Run Behavior\ReadHtmlCacheBehavior [ RunTime:0.000792s ]
INFO: [ app_begin ] --END-- [ RunTime:0.000896s ]
INFO: [ view_parse ] --START--
INFO: [ template_filter ] --START--
INFO: Run Behavior\ContentReplaceBehavior [ RunTime:0.000159s ]
INFO: [ template_filter ] --END-- [ RunTime:0.000271s ]
INFO: Run Behavior\ParseTemplateBehavior [ RunTime:0.026979s ]
INFO: [ view_parse ] --END-- [ RunTime:0.027095s ]
INFO: [ view_filter ] --START--
INFO: Run Behavior\WriteHtmlCacheBehavior [ RunTime:0.000252s ]
INFO: [ view_filter ] --END-- [ RunTime:0.000333s ]
INFO: [ app_end ] --START--
INFO: Run Behavior\ShowPageTraceBehavior [ RunTime:0.000991s ]
INFO: [ app_end ] --END-- [ RunTime:0.001125s ]

[ 2015-12-29T10:10:51+08:00 ] 127.0.0.1 /Blog/admin.php/Article/getlist
INFO: [ app_init ] --START--
INFO: Run Behavior\BuildLiteBehavior [ RunTime:0.000015s ]
INFO: [ app_init ] --END-- [ RunTime:0.000402s ]
INFO: [ app_begin ] --START--
INFO: Run Behavior\ReadHtmlCacheBehavior [ RunTime:0.000472s ]
INFO: [ app_begin ] --END-- [ RunTime:0.000538s ]
NOTIC: [2048] Declaration of Admin\Model\CommonModel::delete() should be compatible with Think\Model::delete($options = Array) /Applications/MAMP/htdocs/Blog/Apps/Admin/Model/CommonModel.class.php 第 7 行.
SQL: SHOW COLUMNS FROM `article` [ RunTime:0.0092s ]
SQL: SELECT `aid`,`title`,`content`,`if_delete`,`cuid`,`cid`,`rnum`,`create_time`,`update_time` FROM `article` WHERE (  if_delete = 0 ) ORDER BY aid desc  [ RunTime:0.0004s ]
SQL: SELECT COUNT(*) AS tp_count FROM `article` WHERE (  if_delete = 0 ) LIMIT 1   [ RunTime:0.0003s ]
SQL: SHOW COLUMNS FROM `category` [ RunTime:0.0014s ]
SQL: SELECT `cname` FROM `category` WHERE `cid` = 2 LIMIT 1   [ RunTime:0.0004s ]
SQL: SELECT `cname` FROM `category` WHERE `cid` = 1 LIMIT 1   [ RunTime:0.0002s ]
SQL: SELECT `cname` FROM `category` WHERE `cid` = 1 LIMIT 1   [ RunTime:0.0002s ]
SQL: SELECT `cname` FROM `category` WHERE `cid` = 1 LIMIT 1   [ RunTime:0.0002s ]
SQL: SELECT `cname` FROM `category` WHERE `cid` = 1 LIMIT 1   [ RunTime:0.0002s ]
SQL: SELECT `cname` FROM `category` WHERE `cid` = 1 LIMIT 1   [ RunTime:0.0003s ]
SQL: SELECT `cname` FROM `category` WHERE `cid` = 2 LIMIT 1   [ RunTime:0.0003s ]
SQL: SELECT `cname` FROM `category` WHERE `cid` = 1 LIMIT 1   [ RunTime:0.0002s ]
SQL: SELECT `cname` FROM `category` WHERE `cid` = 3 LIMIT 1   [ RunTime:0.0002s ]
SQL: SELECT `cname` FROM `category` WHERE `cid` = 3 LIMIT 1   [ RunTime:0.0002s ]
SQL: SELECT `cname` FROM `category` WHERE `cid` = 2 LIMIT 1   [ RunTime:0.0003s ]
SQL: SELECT `cname` FROM `category` WHERE `cid` = 3 LIMIT 1   [ RunTime:0.0003s ]
SQL: SELECT `cname` FROM `category` WHERE `cid` = 2 LIMIT 1   [ RunTime:0.0003s ]
SQL: SELECT `cname` FROM `category` WHERE `cid` = 1 LIMIT 1   [ RunTime:0.0003s ]

[ 2015-12-29T10:10:52+08:00 ] 127.0.0.1 /Blog/admin.php/Article/edit
INFO: [ app_init ] --START--
INFO: Run Behavior\BuildLiteBehavior [ RunTime:0.000027s ]
INFO: [ app_init ] --END-- [ RunTime:0.000570s ]
INFO: [ app_begin ] --START--
INFO: Run Behavior\ReadHtmlCacheBehavior [ RunTime:0.000759s ]
INFO: [ app_begin ] --END-- [ RunTime:0.000843s ]
NOTIC: [2048] Declaration of Admin\Model\CommonModel::delete() should be compatible with Think\Model::delete($options = Array) /Applications/MAMP/htdocs/Blog/Apps/Admin/Model/CommonModel.class.php 第 7 行.
SQL: SHOW COLUMNS FROM `article` [ RunTime:0.0089s ]
SQL: SELECT `aid`,`title`,`content`,`if_delete`,`cuid`,`cid`,`rnum`,`create_time`,`update_time` FROM `article` WHERE `aid` = 0 LIMIT 1   [ RunTime:0.0009s ]
NOTIC: [2] Cannot modify header information - headers already sent by (output started at /Applications/MAMP/htdocs/Blog/Apps/Admin/Controller/ArticleController.class.php:83) /Applications/MAMP/htdocs/Blog/ThinkPHP/Library/Think/Controller.class.php 第 215 行.

[ 2015-12-29T10:11:02+08:00 ] 127.0.0.1 /Blog/admin.php/Article/edit
INFO: [ app_init ] --START--
INFO: Run Behavior\BuildLiteBehavior [ RunTime:0.000037s ]
INFO: [ app_init ] --END-- [ RunTime:0.000568s ]
INFO: [ app_begin ] --START--
INFO: Run Behavior\ReadHtmlCacheBehavior [ RunTime:0.001194s ]
INFO: [ app_begin ] --END-- [ RunTime:0.001422s ]
NOTIC: [2048] Declaration of Admin\Model\CommonModel::delete() should be compatible with Think\Model::delete($options = Array) /Applications/MAMP/htdocs/Blog/Apps/Admin/Model/CommonModel.class.php 第 7 行.
SQL: SHOW COLUMNS FROM `article` [ RunTime:0.0095s ]
SQL: SELECT `aid`,`title`,`content`,`if_delete`,`cuid`,`cid`,`rnum`,`create_time`,`update_time` FROM `article` WHERE `aid` = 0 LIMIT 1   [ RunTime:0.0004s ]
NOTIC: [2] Cannot modify header information - headers already sent by (output started at /Applications/MAMP/htdocs/Blog/Apps/Admin/Controller/ArticleController.class.php:83) /Applications/MAMP/htdocs/Blog/ThinkPHP/Library/Think/Controller.class.php 第 215 行.

[ 2015-12-29T10:11:40+08:00 ] 127.0.0.1 /Blog/admin.php/Article/
INFO: [ app_init ] --START--
INFO: Run Behavior\BuildLiteBehavior [ RunTime:0.000021s ]
INFO: [ app_init ] --END-- [ RunTime:0.000623s ]
INFO: [ app_begin ] --START--
INFO: Run Behavior\ReadHtmlCacheBehavior [ RunTime:0.000711s ]
INFO: [ app_begin ] --END-- [ RunTime:0.000818s ]
INFO: [ view_parse ] --START--
INFO: [ template_filter ] --START--
INFO: Run Behavior\ContentReplaceBehavior [ RunTime:0.000100s ]
INFO: [ template_filter ] --END-- [ RunTime:0.000181s ]
INFO: Run Behavior\ParseTemplateBehavior [ RunTime:0.031913s ]
INFO: [ view_parse ] --END-- [ RunTime:0.032023s ]
INFO: [ view_filter ] --START--
INFO: Run Behavior\WriteHtmlCacheBehavior [ RunTime:0.000257s ]
INFO: [ view_filter ] --END-- [ RunTime:0.000338s ]
INFO: [ app_end ] --START--
INFO: Run Behavior\ShowPageTraceBehavior [ RunTime:0.000876s ]
INFO: [ app_end ] --END-- [ RunTime:0.000982s ]

[ 2015-12-29T10:11:41+08:00 ] 127.0.0.1 /Blog/admin.php/Article/
INFO: [ app_init ] --START--
INFO: Run Behavior\BuildLiteBehavior [ RunTime:0.000023s ]
INFO: [ app_init ] --END-- [ RunTime:0.000434s ]
INFO: [ app_begin ] --START--
INFO: Run Behavior\ReadHtmlCacheBehavior [ RunTime:0.000479s ]
INFO: [ app_begin ] --END-- [ RunTime:0.000540s ]
INFO: [ view_parse ] --START--
INFO: [ template_filter ] --START--
INFO: Run Behavior\ContentReplaceBehavior [ RunTime:0.000142s ]
INFO: [ template_filter ] --END-- [ RunTime:0.000220s ]
INFO: Run Behavior\ParseTemplateBehavior [ RunTime:0.026977s ]
INFO: [ view_parse ] --END-- [ RunTime:0.027075s ]
INFO: [ view_filter ] --START--
INFO: Run Behavior\WriteHtmlCacheBehavior [ RunTime:0.000263s ]
INFO: [ view_filter ] --END-- [ RunTime:0.000344s ]
INFO: [ app_end ] --START--
INFO: Run Behavior\ShowPageTraceBehavior [ RunTime:0.001111s ]
INFO: [ app_end ] --END-- [ RunTime:0.001313s ]

[ 2015-12-29T10:11:51+08:00 ] 127.0.0.1 /Blog/admin.php/Article/
INFO: [ app_init ] --START--
INFO: Run Behavior\BuildLiteBehavior [ RunTime:0.000021s ]
INFO: [ app_init ] --END-- [ RunTime:0.000432s ]
INFO: [ app_begin ] --START--
INFO: Run Behavior\ReadHtmlCacheBehavior [ RunTime:0.000487s ]
INFO: [ app_begin ] --END-- [ RunTime:0.000579s ]
INFO: [ view_parse ] --START--
INFO: [ template_filter ] --START--
INFO: Run Behavior\ContentReplaceBehavior [ RunTime:0.000134s ]
INFO: [ template_filter ] --END-- [ RunTime:0.000205s ]
INFO: Run Behavior\ParseTemplateBehavior [ RunTime:0.026230s ]
INFO: [ view_parse ] --END-- [ RunTime:0.026328s ]
INFO: [ view_filter ] --START--
INFO: Run Behavior\WriteHtmlCacheBehavior [ RunTime:0.000260s ]
INFO: [ view_filter ] --END-- [ RunTime:0.000341s ]
INFO: [ app_end ] --START--
INFO: Run Behavior\ShowPageTraceBehavior [ RunTime:0.001002s ]
INFO: [ app_end ] --END-- [ RunTime:0.001183s ]

[ 2015-12-29T10:12:56+08:00 ] 127.0.0.1 /Blog/admin.php/Article/
INFO: [ app_init ] --START--
INFO: Run Behavior\BuildLiteBehavior [ RunTime:0.000017s ]
INFO: [ app_init ] --END-- [ RunTime:0.000382s ]
INFO: [ app_begin ] --START--
INFO: Run Behavior\ReadHtmlCacheBehavior [ RunTime:0.000430s ]
INFO: [ app_begin ] --END-- [ RunTime:0.000486s ]
INFO: [ view_parse ] --START--
INFO: [ template_filter ] --START--
INFO: Run Behavior\ContentReplaceBehavior [ RunTime:0.000173s ]
INFO: [ template_filter ] --END-- [ RunTime:0.000278s ]
INFO: Run Behavior\ParseTemplateBehavior [ RunTime:0.026816s ]
INFO: [ view_parse ] --END-- [ RunTime:0.026891s ]
INFO: [ view_filter ] --START--
INFO: Run Behavior\WriteHtmlCacheBehavior [ RunTime:0.000178s ]
INFO: [ view_filter ] --END-- [ RunTime:0.000231s ]
INFO: [ app_end ] --START--
INFO: Run Behavior\ShowPageTraceBehavior [ RunTime:0.000650s ]
INFO: [ app_end ] --END-- [ RunTime:0.000768s ]

[ 2015-12-29T10:12:56+08:00 ] 127.0.0.1 /Blog/admin.php/Article/getlist
INFO: [ app_init ] --START--
INFO: Run Behavior\BuildLiteBehavior [ RunTime:0.000017s ]
INFO: [ app_init ] --END-- [ RunTime:0.000372s ]
INFO: [ app_begin ] --START--
INFO: Run Behavior\ReadHtmlCacheBehavior [ RunTime:0.000462s ]
INFO: [ app_begin ] --END-- [ RunTime:0.000524s ]
NOTIC: [2048] Declaration of Admin\Model\CommonModel::delete() should be compatible with Think\Model::delete($options = Array) /Applications/MAMP/htdocs/Blog/Apps/Admin/Model/CommonModel.class.php 第 7 行.
SQL: SHOW COLUMNS FROM `article` [ RunTime:0.0086s ]
SQL: SELECT `aid`,`title`,`content`,`if_delete`,`cuid`,`cid`,`rnum`,`create_time`,`update_time` FROM `article` WHERE (  if_delete = 0 ) ORDER BY aid desc  [ RunTime:0.0006s ]
SQL: SELECT COUNT(*) AS tp_count FROM `article` WHERE (  if_delete = 0 ) LIMIT 1   [ RunTime:0.0003s ]
SQL: SHOW COLUMNS FROM `category` [ RunTime:0.0012s ]
SQL: SELECT `cname` FROM `category` WHERE `cid` = 2 LIMIT 1   [ RunTime:0.0003s ]
SQL: SELECT `cname` FROM `category` WHERE `cid` = 1 LIMIT 1   [ RunTime:0.0003s ]
SQL: SELECT `cname` FROM `category` WHERE `cid` = 1 LIMIT 1   [ RunTime:0.0004s ]
SQL: SELECT `cname` FROM `category` WHERE `cid` = 1 LIMIT 1   [ RunTime:0.0005s ]
SQL: SELECT `cname` FROM `category` WHERE `cid` = 1 LIMIT 1   [ RunTime:0.0015s ]
SQL: SELECT `cname` FROM `category` WHERE `cid` = 1 LIMIT 1   [ RunTime:0.0007s ]
SQL: SELECT `cname` FROM `category` WHERE `cid` = 2 LIMIT 1   [ RunTime:0.0004s ]
SQL: SELECT `cname` FROM `category` WHERE `cid` = 1 LIMIT 1   [ RunTime:0.0004s ]
SQL: SELECT `cname` FROM `category` WHERE `cid` = 3 LIMIT 1   [ RunTime:0.0008s ]
SQL: SELECT `cname` FROM `category` WHERE `cid` = 3 LIMIT 1   [ RunTime:0.0015s ]
SQL: SELECT `cname` FROM `category` WHERE `cid` = 2 LIMIT 1   [ RunTime:0.0008s ]
SQL: SELECT `cname` FROM `category` WHERE `cid` = 3 LIMIT 1   [ RunTime:0.0017s ]
SQL: SELECT `cname` FROM `category` WHERE `cid` = 2 LIMIT 1   [ RunTime:0.0007s ]
SQL: SELECT `cname` FROM `category` WHERE `cid` = 1 LIMIT 1   [ RunTime:0.0004s ]

[ 2015-12-29T10:12:58+08:00 ] 127.0.0.1 /Blog/admin.php/Article/edit?aid=25
INFO: [ app_init ] --START--
INFO: Run Behavior\BuildLiteBehavior [ RunTime:0.000025s ]
INFO: [ app_init ] --END-- [ RunTime:0.000555s ]
INFO: [ app_begin ] --START--
INFO: Run Behavior\ReadHtmlCacheBehavior [ RunTime:0.000885s ]
INFO: [ app_begin ] --END-- [ RunTime:0.000981s ]
NOTIC: [2048] Declaration of Admin\Model\CommonModel::delete() should be compatible with Think\Model::delete($options = Array) /Applications/MAMP/htdocs/Blog/Apps/Admin/Model/CommonModel.class.php 第 7 行.
SQL: SHOW COLUMNS FROM `article` [ RunTime:0.0096s ]
SQL: SELECT `aid`,`title`,`content`,`if_delete`,`cuid`,`cid`,`rnum`,`create_time`,`update_time` FROM `article` WHERE `aid` = 25 LIMIT 1   [ RunTime:0.0005s ]

[ 2015-12-29T10:14:27+08:00 ] 127.0.0.1 /Blog/admin.php/Article/edit?aid=23
INFO: [ app_init ] --START--
INFO: Run Behavior\BuildLiteBehavior [ RunTime:0.000016s ]
INFO: [ app_init ] --END-- [ RunTime:0.000381s ]
INFO: [ app_begin ] --START--
INFO: Run Behavior\ReadHtmlCacheBehavior [ RunTime:0.000635s ]
INFO: [ app_begin ] --END-- [ RunTime:0.000727s ]
NOTIC: [2048] Declaration of Admin\Model\CommonModel::delete() should be compatible with Think\Model::delete($options = Array) /Applications/MAMP/htdocs/Blog/Apps/Admin/Model/CommonModel.class.php 第 7 行.
SQL: SHOW COLUMNS FROM `article` [ RunTime:0.0098s ]
SQL: SELECT `aid`,`title`,`content`,`if_delete`,`cuid`,`cid`,`rnum`,`create_time`,`update_time` FROM `article` WHERE `aid` = 23 LIMIT 1   [ RunTime:0.0007s ]

[ 2015-12-29T10:15:13+08:00 ] 127.0.0.1 /Blog/admin.php/Article/edit?aid=23
INFO: [ app_init ] --START--
INFO: Run Behavior\BuildLiteBehavior [ RunTime:0.000049s ]
INFO: [ app_init ] --END-- [ RunTime:0.000654s ]
INFO: [ app_begin ] --START--
INFO: Run Behavior\ReadHtmlCacheBehavior [ RunTime:0.000952s ]
INFO: [ app_begin ] --END-- [ RunTime:0.001137s ]
NOTIC: [2048] Declaration of Admin\Model\CommonModel::delete() should be compatible with Think\Model::delete($options = Array) /Applications/MAMP/htdocs/Blog/Apps/Admin/Model/CommonModel.class.php 第 7 行.
SQL: SHOW COLUMNS FROM `article` [ RunTime:0.0015s ]
SQL: SELECT `aid`,`title`,`content`,`if_delete`,`cuid`,`cid`,`rnum`,`create_time`,`update_time` FROM `article` WHERE `aid` = 23 LIMIT 1   [ RunTime:0.0003s ]

