[ 2015-12-13T19:21:49+08:00 ] 127.0.0.1 /Blog/admin.php/Article
INFO: [ app_init ] --START--
INFO: Run Behavior\BuildLiteBehavior [ RunTime:0.000028s ]
INFO: [ app_init ] --END-- [ RunTime:0.001045s ]
INFO: [ app_begin ] --START--
INFO: Run Behavior\ReadHtmlCacheBehavior [ RunTime:0.001024s ]
INFO: [ app_begin ] --END-- [ RunTime:0.001137s ]
NOTIC: [2] Missing argument 1 for Admin\Model\CommonModel::getList(), called in /Applications/MAMP/htdocs/Blog/Apps/Admin/Controller/ArticleController.class.php on line 12 and defined /Applications/MAMP/htdocs/Blog/Apps/Admin/Model/CommonModel.class.php 第 57 行.
NOTIC: [2] Missing argument 5 for Admin\Model\CommonModel::getList(), called in /Applications/MAMP/htdocs/Blog/Apps/Admin/Controller/ArticleController.class.php on line 12 and defined /Applications/MAMP/htdocs/Blog/Apps/Admin/Model/CommonModel.class.php 第 57 行.

[ 2015-12-13T19:21:58+08:00 ] 127.0.0.1 /Blog/admin.php/Article/create
INFO: [ app_init ] --START--
INFO: Run Behavior\BuildLiteBehavior [ RunTime:0.000151s ]
INFO: [ app_init ] --END-- [ RunTime:0.000834s ]
INFO: [ app_begin ] --START--
INFO: Run Behavior\ReadHtmlCacheBehavior [ RunTime:0.000968s ]
INFO: [ app_begin ] --END-- [ RunTime:0.001104s ]
INFO: [ view_parse ] --START--
INFO: [ template_filter ] --START--
INFO: Run Behavior\ContentReplaceBehavior [ RunTime:0.000159s ]
INFO: [ template_filter ] --END-- [ RunTime:0.000242s ]
INFO: Run Behavior\ParseTemplateBehavior [ RunTime:0.031683s ]
INFO: [ view_parse ] --END-- [ RunTime:0.031747s ]
INFO: [ view_filter ] --START--
INFO: Run Behavior\WriteHtmlCacheBehavior [ RunTime:0.000460s ]
INFO: [ view_filter ] --END-- [ RunTime:0.000528s ]
INFO: [ app_end ] --START--
INFO: Run Behavior\ShowPageTraceBehavior [ RunTime:0.000928s ]
INFO: [ app_end ] --END-- [ RunTime:0.001021s ]

[ 2015-12-13T19:22:13+08:00 ] 127.0.0.1 /Blog/admin.php/Article/layout-color.html
INFO: [ app_init ] --START--
INFO: Run Behavior\BuildLiteBehavior [ RunTime:0.000023s ]
INFO: [ app_init ] --END-- [ RunTime:0.000584s ]
INFO: [ app_begin ] --START--
INFO: Run Behavior\ReadHtmlCacheBehavior [ RunTime:0.000876s ]
INFO: [ app_begin ] --END-- [ RunTime:0.000957s ]
ERR: 非法操作:layout-color

[ 2015-12-13T19:22:13+08:00 ] 127.0.0.1 /Blog/admin.php/Article/layout-color.html
INFO: [ app_init ] --START--
INFO: Run Behavior\BuildLiteBehavior [ RunTime:0.000015s ]
INFO: [ app_init ] --END-- [ RunTime:0.000329s ]
INFO: [ app_begin ] --START--
INFO: Run Behavior\ReadHtmlCacheBehavior [ RunTime:0.000422s ]
INFO: [ app_begin ] --END-- [ RunTime:0.000469s ]
ERR: 非法操作:layout-color

[ 2015-12-13T19:22:15+08:00 ] 127.0.0.1 /Blog/admin.php/Article
INFO: [ app_init ] --START--
INFO: Run Behavior\BuildLiteBehavior [ RunTime:0.000015s ]
INFO: [ app_init ] --END-- [ RunTime:0.000340s ]
INFO: [ app_begin ] --START--
INFO: Run Behavior\ReadHtmlCacheBehavior [ RunTime:0.000419s ]
INFO: [ app_begin ] --END-- [ RunTime:0.000473s ]
NOTIC: [2] Missing argument 1 for Admin\Model\CommonModel::getList(), called in /Applications/MAMP/htdocs/Blog/Apps/Admin/Controller/ArticleController.class.php on line 12 and defined /Applications/MAMP/htdocs/Blog/Apps/Admin/Model/CommonModel.class.php 第 57 行.
NOTIC: [2] Missing argument 5 for Admin\Model\CommonModel::getList(), called in /Applications/MAMP/htdocs/Blog/Apps/Admin/Controller/ArticleController.class.php on line 12 and defined /Applications/MAMP/htdocs/Blog/Apps/Admin/Model/CommonModel.class.php 第 57 行.

[ 2015-12-13T19:22:18+08:00 ] 127.0.0.1 /Blog/admin.php/Music/index.html
INFO: [ app_init ] --START--
INFO: Run Behavior\BuildLiteBehavior [ RunTime:0.000030s ]
INFO: [ app_init ] --END-- [ RunTime:0.000560s ]
INFO: [ app_begin ] --START--
INFO: Run Behavior\ReadHtmlCacheBehavior [ RunTime:0.000963s ]
INFO: [ app_begin ] --END-- [ RunTime:0.001121s ]
INFO: [ view_parse ] --START--
INFO: [ template_filter ] --START--
INFO: Run Behavior\ContentReplaceBehavior [ RunTime:0.000179s ]
INFO: [ template_filter ] --END-- [ RunTime:0.000248s ]
INFO: Run Behavior\ParseTemplateBehavior [ RunTime:0.028706s ]
INFO: [ view_parse ] --END-- [ RunTime:0.028777s ]
INFO: [ view_filter ] --START--
INFO: Run Behavior\WriteHtmlCacheBehavior [ RunTime:0.000149s ]
INFO: [ view_filter ] --END-- [ RunTime:0.000188s ]
INFO: [ app_end ] --START--
INFO: Run Behavior\ShowPageTraceBehavior [ RunTime:0.001156s ]
INFO: [ app_end ] --END-- [ RunTime:0.001437s ]

[ 2015-12-13T19:22:18+08:00 ] 127.0.0.1 /Blog/admin.php/Music/index.html
INFO: [ app_init ] --START--
INFO: Run Behavior\BuildLiteBehavior [ RunTime:0.000051s ]
INFO: [ app_init ] --END-- [ RunTime:0.001002s ]
INFO: [ app_begin ] --START--
INFO: Run Behavior\ReadHtmlCacheBehavior [ RunTime:0.001638s ]
INFO: [ app_begin ] --END-- [ RunTime:0.001860s ]
INFO: [ view_parse ] --START--
INFO: [ template_filter ] --START--
INFO: Run Behavior\ContentReplaceBehavior [ RunTime:0.000381s ]
INFO: [ template_filter ] --END-- [ RunTime:0.000569s ]
INFO: Run Behavior\ParseTemplateBehavior [ RunTime:0.039032s ]
INFO: [ view_parse ] --END-- [ RunTime:0.039128s ]
INFO: [ view_filter ] --START--
INFO: Run Behavior\WriteHtmlCacheBehavior [ RunTime:0.000183s ]
INFO: [ view_filter ] --END-- [ RunTime:0.000234s ]
INFO: [ app_end ] --START--
INFO: Run Behavior\ShowPageTraceBehavior [ RunTime:0.000774s ]
INFO: [ app_end ] --END-- [ RunTime:0.000870s ]

[ 2015-12-13T19:22:19+08:00 ] 127.0.0.1 /Blog/admin.php/Music/images/m0.jpg
INFO: [ app_init ] --START--
INFO: Run Behavior\BuildLiteBehavior [ RunTime:0.000016s ]
INFO: [ app_init ] --END-- [ RunTime:0.000325s ]

