[ 2015-12-26T22:00:07+08:00 ] 127.0.0.1 /Blog/admin.php
INFO: [ app_init ] --START--
INFO: Run Behavior\BuildLiteBehavior [ RunTime:0.000030s ]
INFO: [ app_init ] --END-- [ RunTime:0.002958s ]
INFO: [ app_begin ] --START--
INFO: Run Behavior\ReadHtmlCacheBehavior [ RunTime:0.001144s ]
INFO: [ app_begin ] --END-- [ RunTime:0.001251s ]
INFO: [ view_parse ] --START--
INFO: [ template_filter ] --START--
INFO: Run Behavior\ContentReplaceBehavior [ RunTime:0.000686s ]
INFO: [ template_filter ] --END-- [ RunTime:0.000790s ]
INFO: Run Behavior\ParseTemplateBehavior [ RunTime:0.041930s ]
INFO: [ view_parse ] --END-- [ RunTime:0.042034s ]
INFO: [ view_filter ] --START--
INFO: Run Behavior\WriteHtmlCacheBehavior [ RunTime:0.000585s ]
INFO: [ view_filter ] --END-- [ RunTime:0.000679s ]
INFO: [ app_end ] --START--
INFO: Run Behavior\ShowPageTraceBehavior [ RunTime:0.001371s ]
INFO: [ app_end ] --END-- [ RunTime:0.001472s ]

[ 2015-12-26T22:00:10+08:00 ] 127.0.0.1 /Blog/admin.php/Article/index.html
INFO: [ app_init ] --START--
INFO: Run Behavior\BuildLiteBehavior [ RunTime:0.000040s ]
INFO: [ app_init ] --END-- [ RunTime:0.000818s ]
INFO: [ app_begin ] --START--
INFO: Run Behavior\ReadHtmlCacheBehavior [ RunTime:0.001180s ]
INFO: [ app_begin ] --END-- [ RunTime:0.001336s ]
INFO: [ view_parse ] --START--
INFO: [ template_filter ] --START--
INFO: Run Behavior\ContentReplaceBehavior [ RunTime:0.000641s ]
INFO: [ template_filter ] --END-- [ RunTime:0.001111s ]
INFO: Run Behavior\ParseTemplateBehavior [ RunTime:0.062576s ]
INFO: [ view_parse ] --END-- [ RunTime:0.062999s ]
INFO: [ view_filter ] --START--
INFO: Run Behavior\WriteHtmlCacheBehavior [ RunTime:0.001137s ]
INFO: [ view_filter ] --END-- [ RunTime:0.001437s ]
INFO: [ app_end ] --START--
INFO: Run Behavior\ShowPageTraceBehavior [ RunTime:0.004788s ]
INFO: [ app_end ] --END-- [ RunTime:0.005697s ]

[ 2015-12-26T22:00:10+08:00 ] 127.0.0.1 /Blog/admin.php/Article/index.html
INFO: [ app_init ] --START--
INFO: Run Behavior\BuildLiteBehavior [ RunTime:0.000029s ]
INFO: [ app_init ] --END-- [ RunTime:0.000828s ]
INFO: [ app_begin ] --START--
INFO: Run Behavior\ReadHtmlCacheBehavior [ RunTime:0.000851s ]
INFO: [ app_begin ] --END-- [ RunTime:0.000959s ]
INFO: [ view_parse ] --START--
INFO: [ template_filter ] --START--
INFO: Run Behavior\ContentReplaceBehavior [ RunTime:0.000311s ]
INFO: [ template_filter ] --END-- [ RunTime:0.000771s ]
INFO: Run Behavior\ParseTemplateBehavior [ RunTime:0.043763s ]
INFO: [ view_parse ] --END-- [ RunTime:0.044117s ]
INFO: [ view_filter ] --START--
INFO: Run Behavior\WriteHtmlCacheBehavior [ RunTime:0.000952s ]
INFO: [ view_filter ] --END-- [ RunTime:0.001174s ]
INFO: [ app_end ] --START--
INFO: Run Behavior\ShowPageTraceBehavior [ RunTime:0.002900s ]
INFO: [ app_end ] --END-- [ RunTime:0.003316s ]

[ 2015-12-26T22:00:14+08:00 ] 127.0.0.1 /Blog/admin.php/Article/index.html
INFO: [ app_init ] --START--
INFO: Run Behavior\BuildLiteBehavior [ RunTime:0.000015s ]
INFO: [ app_init ] --END-- [ RunTime:0.000338s ]
INFO: [ app_begin ] --START--
INFO: Run Behavior\ReadHtmlCacheBehavior [ RunTime:0.000429s ]
INFO: [ app_begin ] --END-- [ RunTime:0.000481s ]
INFO: [ view_parse ] --START--
INFO: [ template_filter ] --START--
INFO: Run Behavior\ContentReplaceBehavior [ RunTime:0.000088s ]
INFO: [ template_filter ] --END-- [ RunTime:0.000159s ]
INFO: Run Behavior\ParseTemplateBehavior [ RunTime:0.017745s ]
INFO: [ view_parse ] --END-- [ RunTime:0.017825s ]
INFO: [ view_filter ] --START--
INFO: Run Behavior\WriteHtmlCacheBehavior [ RunTime:0.000147s ]
INFO: [ view_filter ] --END-- [ RunTime:0.000193s ]
INFO: [ app_end ] --START--
INFO: Run Behavior\ShowPageTraceBehavior [ RunTime:0.000649s ]
INFO: [ app_end ] --END-- [ RunTime:0.000733s ]

[ 2015-12-26T22:00:14+08:00 ] 127.0.0.1 /Blog/admin.php/Article/getlist
INFO: [ app_init ] --START--
INFO: Run Behavior\BuildLiteBehavior [ RunTime:0.000018s ]
INFO: [ app_init ] --END-- [ RunTime:0.000366s ]
INFO: [ app_begin ] --START--
INFO: Run Behavior\ReadHtmlCacheBehavior [ RunTime:0.000455s ]
INFO: [ app_begin ] --END-- [ RunTime:0.000516s ]
NOTIC: [2048] Declaration of Admin\Model\CommonModel::add() should be compatible with Think\Model::add($data = '', $options = Array, $replace = false) /Applications/MAMP/htdocs/Blog/Apps/Admin/Model/CommonModel.class.php 第 7 行.
NOTIC: [2048] Declaration of Admin\Model\CommonModel::delete() should be compatible with Think\Model::delete($options = Array) /Applications/MAMP/htdocs/Blog/Apps/Admin/Model/CommonModel.class.php 第 7 行.
SQL: SHOW COLUMNS FROM `article` [ RunTime:0.0166s ]
SQL: SELECT `aid`,`title`,`content`,`if_delete`,`cuid`,`cid`,`rnum`,`create_time`,`update_time` FROM `article` WHERE (  if_delete = 0 ) ORDER BY aid desc  [ RunTime:0.0116s ]
SQL: SELECT COUNT(*) AS tp_count FROM `article` WHERE (  if_delete = 0 ) LIMIT 1   [ RunTime:0.0008s ]
SQL: SHOW COLUMNS FROM `category` [ RunTime:0.0011s ]
SQL: SELECT `cname` FROM `category` WHERE `cid` = 3 LIMIT 1   [ RunTime:0.0003s ]
SQL: SELECT `cname` FROM `category` WHERE `cid` = 2 LIMIT 1   [ RunTime:0.0002s ]
SQL: SELECT `cname` FROM `category` WHERE `cid` = 1 LIMIT 1   [ RunTime:0.0002s ]

[ 2015-12-26T22:00:21+08:00 ] 127.0.0.1 /Blog/admin.php/Article/index.html
INFO: [ app_init ] --START--
INFO: Run Behavior\BuildLiteBehavior [ RunTime:0.000026s ]
INFO: [ app_init ] --END-- [ RunTime:0.000639s ]
INFO: [ app_begin ] --START--
INFO: Run Behavior\ReadHtmlCacheBehavior [ RunTime:0.000583s ]
INFO: [ app_begin ] --END-- [ RunTime:0.000654s ]
INFO: [ view_parse ] --START--
INFO: [ template_filter ] --START--
INFO: Run Behavior\ContentReplaceBehavior [ RunTime:0.000150s ]
INFO: [ template_filter ] --END-- [ RunTime:0.000229s ]
INFO: Run Behavior\ParseTemplateBehavior [ RunTime:0.029461s ]
INFO: [ view_parse ] --END-- [ RunTime:0.029561s ]
INFO: [ view_filter ] --START--
INFO: Run Behavior\WriteHtmlCacheBehavior [ RunTime:0.000268s ]
INFO: [ view_filter ] --END-- [ RunTime:0.000351s ]
INFO: [ app_end ] --START--
INFO: Run Behavior\ShowPageTraceBehavior [ RunTime:0.001258s ]
INFO: [ app_end ] --END-- [ RunTime:0.001398s ]

[ 2015-12-26T22:00:21+08:00 ] 127.0.0.1 /Blog/admin.php/Article/getlist
INFO: [ app_init ] --START--
INFO: Run Behavior\BuildLiteBehavior [ RunTime:0.000019s ]
INFO: [ app_init ] --END-- [ RunTime:0.000404s ]
INFO: [ app_begin ] --START--
INFO: Run Behavior\ReadHtmlCacheBehavior [ RunTime:0.000459s ]
INFO: [ app_begin ] --END-- [ RunTime:0.000519s ]
NOTIC: [2048] Declaration of Admin\Model\CommonModel::add() should be compatible with Think\Model::add($data = '', $options = Array, $replace = false) /Applications/MAMP/htdocs/Blog/Apps/Admin/Model/CommonModel.class.php 第 7 行.
NOTIC: [2048] Declaration of Admin\Model\CommonModel::delete() should be compatible with Think\Model::delete($options = Array) /Applications/MAMP/htdocs/Blog/Apps/Admin/Model/CommonModel.class.php 第 7 行.
SQL: SHOW COLUMNS FROM `article` [ RunTime:0.0037s ]
SQL: SELECT `aid`,`title`,`content`,`if_delete`,`cuid`,`cid`,`rnum`,`create_time`,`update_time` FROM `article` WHERE (  if_delete = 0 ) ORDER BY aid desc  [ RunTime:0.0015s ]
SQL: SELECT COUNT(*) AS tp_count FROM `article` WHERE (  if_delete = 0 ) LIMIT 1   [ RunTime:0.0003s ]
SQL: SHOW COLUMNS FROM `category` [ RunTime:0.0010s ]
SQL: SELECT `cname` FROM `category` WHERE `cid` = 3 LIMIT 1   [ RunTime:0.0003s ]
SQL: SELECT `cname` FROM `category` WHERE `cid` = 2 LIMIT 1   [ RunTime:0.0002s ]
SQL: SELECT `cname` FROM `category` WHERE `cid` = 1 LIMIT 1   [ RunTime:0.0002s ]

[ 2015-12-26T22:00:26+08:00 ] 127.0.0.1 /Blog/admin.php/
INFO: [ app_init ] --START--
INFO: Run Behavior\BuildLiteBehavior [ RunTime:0.000015s ]
INFO: [ app_init ] --END-- [ RunTime:0.000331s ]
INFO: [ app_begin ] --START--
INFO: Run Behavior\ReadHtmlCacheBehavior [ RunTime:0.000504s ]
INFO: [ app_begin ] --END-- [ RunTime:0.000569s ]
INFO: [ view_parse ] --START--
INFO: [ template_filter ] --START--
INFO: Run Behavior\ContentReplaceBehavior [ RunTime:0.000126s ]
INFO: [ template_filter ] --END-- [ RunTime:0.000225s ]
INFO: Run Behavior\ParseTemplateBehavior [ RunTime:0.027505s ]
INFO: [ view_parse ] --END-- [ RunTime:0.027572s ]
INFO: [ view_filter ] --START--
INFO: Run Behavior\WriteHtmlCacheBehavior [ RunTime:0.000175s ]
INFO: [ view_filter ] --END-- [ RunTime:0.000229s ]
INFO: [ app_end ] --START--
INFO: Run Behavior\ShowPageTraceBehavior [ RunTime:0.000687s ]
INFO: [ app_end ] --END-- [ RunTime:0.000769s ]

[ 2015-12-26T22:00:27+08:00 ] 127.0.0.1 /Blog/admin.php/images/m0.jpg
INFO: [ app_init ] --START--
INFO: Run Behavior\BuildLiteBehavior [ RunTime:0.000018s ]
INFO: [ app_init ] --END-- [ RunTime:0.000399s ]

[ 2015-12-26T22:00:28+08:00 ] 127.0.0.1 /Blog/admin.php/Article/index.html
INFO: [ app_init ] --START--
INFO: Run Behavior\BuildLiteBehavior [ RunTime:0.000077s ]
INFO: [ app_init ] --END-- [ RunTime:0.000982s ]
INFO: [ app_begin ] --START--
INFO: Run Behavior\ReadHtmlCacheBehavior [ RunTime:0.001534s ]
INFO: [ app_begin ] --END-- [ RunTime:0.001734s ]
INFO: [ view_parse ] --START--
INFO: [ template_filter ] --START--
INFO: Run Behavior\ContentReplaceBehavior [ RunTime:0.000103s ]
INFO: [ template_filter ] --END-- [ RunTime:0.000208s ]
INFO: Run Behavior\ParseTemplateBehavior [ RunTime:0.037083s ]
INFO: [ view_parse ] --END-- [ RunTime:0.037267s ]
INFO: [ view_filter ] --START--
INFO: Run Behavior\WriteHtmlCacheBehavior [ RunTime:0.000691s ]
INFO: [ view_filter ] --END-- [ RunTime:0.001257s ]
INFO: [ app_end ] --START--
INFO: Run Behavior\ShowPageTraceBehavior [ RunTime:0.002361s ]
INFO: [ app_end ] --END-- [ RunTime:0.002577s ]

[ 2015-12-26T22:00:28+08:00 ] 127.0.0.1 /Blog/admin.php/Article/index.html
INFO: [ app_init ] --START--
INFO: Run Behavior\BuildLiteBehavior [ RunTime:0.000036s ]
INFO: [ app_init ] --END-- [ RunTime:0.003193s ]
INFO: [ app_begin ] --START--
INFO: Run Behavior\ReadHtmlCacheBehavior [ RunTime:0.002847s ]
INFO: [ app_begin ] --END-- [ RunTime:0.003499s ]
INFO: [ view_parse ] --START--
INFO: [ template_filter ] --START--
INFO: Run Behavior\ContentReplaceBehavior [ RunTime:0.000102s ]
INFO: [ template_filter ] --END-- [ RunTime:0.000192s ]
INFO: Run Behavior\ParseTemplateBehavior [ RunTime:0.083038s ]
INFO: [ view_parse ] --END-- [ RunTime:0.083120s ]
INFO: [ view_filter ] --START--
INFO: Run Behavior\WriteHtmlCacheBehavior [ RunTime:0.000196s ]
INFO: [ view_filter ] --END-- [ RunTime:0.000247s ]
INFO: [ app_end ] --START--
INFO: Run Behavior\ShowPageTraceBehavior [ RunTime:0.001944s ]
INFO: [ app_end ] --END-- [ RunTime:0.002190s ]

[ 2015-12-26T22:03:30+08:00 ] 127.0.0.1 /Blog/admin.php/Article/index.html
INFO: [ app_init ] --START--
INFO: Run Behavior\BuildLiteBehavior [ RunTime:0.000022s ]
INFO: [ app_init ] --END-- [ RunTime:0.000507s ]
INFO: [ app_begin ] --START--
INFO: Run Behavior\ReadHtmlCacheBehavior [ RunTime:0.000649s ]
INFO: [ app_begin ] --END-- [ RunTime:0.000742s ]
INFO: [ view_parse ] --START--
INFO: [ template_filter ] --START--
INFO: Run Behavior\ContentReplaceBehavior [ RunTime:0.000239s ]
INFO: [ template_filter ] --END-- [ RunTime:0.000368s ]
INFO: Run Behavior\ParseTemplateBehavior [ RunTime:0.025430s ]
INFO: [ view_parse ] --END-- [ RunTime:0.025532s ]
INFO: [ view_filter ] --START--
INFO: Run Behavior\WriteHtmlCacheBehavior [ RunTime:0.000175s ]
INFO: [ view_filter ] --END-- [ RunTime:0.000225s ]
INFO: [ app_end ] --START--
INFO: Run Behavior\ShowPageTraceBehavior [ RunTime:0.000754s ]
INFO: [ app_end ] --END-- [ RunTime:0.000847s ]

[ 2015-12-26T22:03:30+08:00 ] 127.0.0.1 /Blog/admin.php/Article/getlist
INFO: [ app_init ] --START--
INFO: Run Behavior\BuildLiteBehavior [ RunTime:0.000028s ]
INFO: [ app_init ] --END-- [ RunTime:0.000680s ]
INFO: [ app_begin ] --START--
INFO: Run Behavior\ReadHtmlCacheBehavior [ RunTime:0.000553s ]
INFO: [ app_begin ] --END-- [ RunTime:0.000625s ]
NOTIC: [2048] Declaration of Admin\Model\CommonModel::add() should be compatible with Think\Model::add($data = '', $options = Array, $replace = false) /Applications/MAMP/htdocs/Blog/Apps/Admin/Model/CommonModel.class.php 第 7 行.
NOTIC: [2048] Declaration of Admin\Model\CommonModel::delete() should be compatible with Think\Model::delete($options = Array) /Applications/MAMP/htdocs/Blog/Apps/Admin/Model/CommonModel.class.php 第 7 行.
SQL: SHOW COLUMNS FROM `article` [ RunTime:0.0012s ]
SQL: SELECT `aid`,`title`,`content`,`if_delete`,`cuid`,`cid`,`rnum`,`create_time`,`update_time` FROM `article` WHERE (  if_delete = 0 ) ORDER BY aid desc  [ RunTime:0.0004s ]
SQL: SELECT COUNT(*) AS tp_count FROM `article` WHERE (  if_delete = 0 ) LIMIT 1   [ RunTime:0.0002s ]
SQL: SHOW COLUMNS FROM `category` [ RunTime:0.0012s ]
SQL: SELECT `cname` FROM `category` WHERE `cid` = 3 LIMIT 1   [ RunTime:0.0003s ]
SQL: SELECT `cname` FROM `category` WHERE `cid` = 2 LIMIT 1   [ RunTime:0.0002s ]
SQL: SELECT `cname` FROM `category` WHERE `cid` = 1 LIMIT 1   [ RunTime:0.0002s ]

[ 2015-12-26T22:04:46+08:00 ] 127.0.0.1 /Blog/admin.php/Article/index.html
INFO: [ app_init ] --START--
INFO: Run Behavior\BuildLiteBehavior [ RunTime:0.000021s ]
INFO: [ app_init ] --END-- [ RunTime:0.000489s ]
INFO: [ app_begin ] --START--
INFO: Run Behavior\ReadHtmlCacheBehavior [ RunTime:0.000634s ]
INFO: [ app_begin ] --END-- [ RunTime:0.000766s ]
INFO: [ view_parse ] --START--
INFO: [ template_filter ] --START--
INFO: Run Behavior\ContentReplaceBehavior [ RunTime:0.000175s ]
INFO: [ template_filter ] --END-- [ RunTime:0.000249s ]
INFO: Run Behavior\ParseTemplateBehavior [ RunTime:0.020858s ]
INFO: [ view_parse ] --END-- [ RunTime:0.020930s ]
INFO: [ view_filter ] --START--
INFO: Run Behavior\WriteHtmlCacheBehavior [ RunTime:0.000154s ]
INFO: [ view_filter ] --END-- [ RunTime:0.000199s ]
INFO: [ app_end ] --START--
INFO: Run Behavior\ShowPageTraceBehavior [ RunTime:0.000575s ]
INFO: [ app_end ] --END-- [ RunTime:0.000658s ]

[ 2015-12-26T22:04:46+08:00 ] 127.0.0.1 /Blog/admin.php/Article/getlist
INFO: [ app_init ] --START--
INFO: Run Behavior\BuildLiteBehavior [ RunTime:0.000022s ]
INFO: [ app_init ] --END-- [ RunTime:0.000465s ]
INFO: [ app_begin ] --START--
INFO: Run Behavior\ReadHtmlCacheBehavior [ RunTime:0.000635s ]
INFO: [ app_begin ] --END-- [ RunTime:0.000729s ]
NOTIC: [2048] Declaration of Admin\Model\CommonModel::add() should be compatible with Think\Model::add($data = '', $options = Array, $replace = false) /Applications/MAMP/htdocs/Blog/Apps/Admin/Model/CommonModel.class.php 第 7 行.
NOTIC: [2048] Declaration of Admin\Model\CommonModel::delete() should be compatible with Think\Model::delete($options = Array) /Applications/MAMP/htdocs/Blog/Apps/Admin/Model/CommonModel.class.php 第 7 行.
SQL: SHOW COLUMNS FROM `article` [ RunTime:0.0021s ]
SQL: SELECT `aid`,`title`,`content`,`if_delete`,`cuid`,`cid`,`rnum`,`create_time`,`update_time` FROM `article` WHERE (  if_delete = 0 ) ORDER BY aid desc  [ RunTime:0.0005s ]
SQL: SELECT COUNT(*) AS tp_count FROM `article` WHERE (  if_delete = 0 ) LIMIT 1   [ RunTime:0.0008s ]
SQL: SHOW COLUMNS FROM `category` [ RunTime:0.0016s ]
SQL: SELECT `cname` FROM `category` WHERE `cid` = 3 LIMIT 1   [ RunTime:0.0003s ]
SQL: SELECT `cname` FROM `category` WHERE `cid` = 2 LIMIT 1   [ RunTime:0.0002s ]
SQL: SELECT `cname` FROM `category` WHERE `cid` = 1 LIMIT 1   [ RunTime:0.0002s ]

[ 2015-12-26T22:05:06+08:00 ] 127.0.0.1 /Blog/admin.php/Blog/index.html
INFO: [ app_init ] --START--
INFO: Run Behavior\BuildLiteBehavior [ RunTime:0.000023s ]
INFO: [ app_init ] --END-- [ RunTime:0.000535s ]
INFO: [ app_begin ] --START--
INFO: Run Behavior\ReadHtmlCacheBehavior [ RunTime:0.003452s ]
INFO: [ app_begin ] --END-- [ RunTime:0.004034s ]
INFO: [ view_parse ] --START--
INFO: [ template_filter ] --START--
INFO: Run Behavior\ContentReplaceBehavior [ RunTime:0.000109s ]
INFO: [ template_filter ] --END-- [ RunTime:0.000188s ]
INFO: Run Behavior\ParseTemplateBehavior [ RunTime:0.022458s ]
INFO: [ view_parse ] --END-- [ RunTime:0.022560s ]
INFO: [ view_filter ] --START--
INFO: Run Behavior\WriteHtmlCacheBehavior [ RunTime:0.000167s ]
INFO: [ view_filter ] --END-- [ RunTime:0.000209s ]
INFO: [ app_end ] --START--
INFO: Run Behavior\ShowPageTraceBehavior [ RunTime:0.000580s ]
INFO: [ app_end ] --END-- [ RunTime:0.000673s ]

[ 2015-12-26T22:05:06+08:00 ] 127.0.0.1 /Blog/admin.php/Blog/index.html
INFO: [ app_init ] --START--
INFO: Run Behavior\BuildLiteBehavior [ RunTime:0.000104s ]
INFO: [ app_init ] --END-- [ RunTime:0.000949s ]
INFO: [ app_begin ] --START--
INFO: Run Behavior\ReadHtmlCacheBehavior [ RunTime:0.002057s ]
INFO: [ app_begin ] --END-- [ RunTime:0.002195s ]
INFO: [ view_parse ] --START--
INFO: [ template_filter ] --START--
INFO: Run Behavior\ContentReplaceBehavior [ RunTime:0.000132s ]
INFO: [ template_filter ] --END-- [ RunTime:0.000242s ]
INFO: Run Behavior\ParseTemplateBehavior [ RunTime:0.024155s ]
INFO: [ view_parse ] --END-- [ RunTime:0.024365s ]
INFO: [ view_filter ] --START--
INFO: Run Behavior\WriteHtmlCacheBehavior [ RunTime:0.005093s ]
INFO: [ view_filter ] --END-- [ RunTime:0.005300s ]
INFO: [ app_end ] --START--
INFO: Run Behavior\ShowPageTraceBehavior [ RunTime:0.005551s ]
INFO: [ app_end ] --END-- [ RunTime:0.006130s ]

[ 2015-12-26T22:05:09+08:00 ] 127.0.0.1 /Blog/admin.php/Blog/create.html
INFO: [ app_init ] --START--
INFO: Run Behavior\BuildLiteBehavior [ RunTime:0.000016s ]
INFO: [ app_init ] --END-- [ RunTime:0.000354s ]
INFO: [ app_begin ] --START--
INFO: Run Behavior\ReadHtmlCacheBehavior [ RunTime:0.000795s ]
INFO: [ app_begin ] --END-- [ RunTime:0.000903s ]
INFO: [ view_parse ] --START--
INFO: [ template_filter ] --START--
INFO: Run Behavior\ContentReplaceBehavior [ RunTime:0.000118s ]
INFO: [ template_filter ] --END-- [ RunTime:0.000212s ]
INFO: Run Behavior\ParseTemplateBehavior [ RunTime:0.037207s ]
INFO: [ view_parse ] --END-- [ RunTime:0.037306s ]
INFO: [ view_filter ] --START--
INFO: Run Behavior\WriteHtmlCacheBehavior [ RunTime:0.000231s ]
INFO: [ view_filter ] --END-- [ RunTime:0.000294s ]
INFO: [ app_end ] --START--
INFO: Run Behavior\ShowPageTraceBehavior [ RunTime:0.000837s ]
INFO: [ app_end ] --END-- [ RunTime:0.000967s ]

[ 2015-12-26T22:05:12+08:00 ] 127.0.0.1 /Blog/admin.php/Index/index.html
INFO: [ app_init ] --START--
INFO: Run Behavior\BuildLiteBehavior [ RunTime:0.000018s ]
INFO: [ app_init ] --END-- [ RunTime:0.000576s ]
INFO: [ app_begin ] --START--
INFO: Run Behavior\ReadHtmlCacheBehavior [ RunTime:0.002529s ]
INFO: [ app_begin ] --END-- [ RunTime:0.002751s ]
INFO: [ view_parse ] --START--
INFO: [ template_filter ] --START--
INFO: Run Behavior\ContentReplaceBehavior [ RunTime:0.000511s ]
INFO: [ template_filter ] --END-- [ RunTime:0.001074s ]
INFO: Run Behavior\ParseTemplateBehavior [ RunTime:0.076890s ]
INFO: [ view_parse ] --END-- [ RunTime:0.077147s ]
INFO: [ view_filter ] --START--
INFO: Run Behavior\WriteHtmlCacheBehavior [ RunTime:0.001035s ]
INFO: [ view_filter ] --END-- [ RunTime:0.001439s ]
INFO: [ app_end ] --START--
INFO: Run Behavior\ShowPageTraceBehavior [ RunTime:0.003043s ]
INFO: [ app_end ] --END-- [ RunTime:0.004896s ]

[ 2015-12-26T22:05:12+08:00 ] 127.0.0.1 /Blog/admin.php/Index/index.html
INFO: [ app_init ] --START--
INFO: Run Behavior\BuildLiteBehavior [ RunTime:0.000099s ]
INFO: [ app_init ] --END-- [ RunTime:0.003268s ]
INFO: [ app_begin ] --START--
INFO: Run Behavior\ReadHtmlCacheBehavior [ RunTime:0.000719s ]
INFO: [ app_begin ] --END-- [ RunTime:0.000803s ]
INFO: [ view_parse ] --START--
INFO: [ template_filter ] --START--
INFO: Run Behavior\ContentReplaceBehavior [ RunTime:0.000138s ]
INFO: [ template_filter ] --END-- [ RunTime:0.000240s ]
INFO: Run Behavior\ParseTemplateBehavior [ RunTime:0.062062s ]
INFO: [ view_parse ] --END-- [ RunTime:0.062236s ]
INFO: [ view_filter ] --START--
INFO: Run Behavior\WriteHtmlCacheBehavior [ RunTime:0.000227s ]
INFO: [ view_filter ] --END-- [ RunTime:0.000286s ]
INFO: [ app_end ] --START--
INFO: Run Behavior\ShowPageTraceBehavior [ RunTime:0.000691s ]
INFO: [ app_end ] --END-- [ RunTime:0.000774s ]

[ 2015-12-26T22:05:13+08:00 ] 127.0.0.1 /Blog/admin.php/Index/images/m0.jpg
INFO: [ app_init ] --START--
INFO: Run Behavior\BuildLiteBehavior [ RunTime:0.000067s ]
INFO: [ app_init ] --END-- [ RunTime:0.000988s ]

[ 2015-12-26T22:05:14+08:00 ] 127.0.0.1 /Blog/admin.php/Music/index.html
INFO: [ app_init ] --START--
INFO: Run Behavior\BuildLiteBehavior [ RunTime:0.000118s ]
INFO: [ app_init ] --END-- [ RunTime:0.001017s ]
INFO: [ app_begin ] --START--
INFO: Run Behavior\ReadHtmlCacheBehavior [ RunTime:0.000804s ]
INFO: [ app_begin ] --END-- [ RunTime:0.000926s ]
INFO: [ view_parse ] --START--
INFO: [ template_filter ] --START--
INFO: Run Behavior\ContentReplaceBehavior [ RunTime:0.000252s ]
INFO: [ template_filter ] --END-- [ RunTime:0.000389s ]
INFO: Run Behavior\ParseTemplateBehavior [ RunTime:0.065146s ]
INFO: [ view_parse ] --END-- [ RunTime:0.065513s ]
INFO: [ view_filter ] --START--
INFO: Run Behavior\WriteHtmlCacheBehavior [ RunTime:0.000998s ]
INFO: [ view_filter ] --END-- [ RunTime:0.001190s ]
INFO: [ app_end ] --START--
INFO: Run Behavior\ShowPageTraceBehavior [ RunTime:0.001506s ]
INFO: [ app_end ] --END-- [ RunTime:0.001846s ]

[ 2015-12-26T22:05:14+08:00 ] 127.0.0.1 /Blog/admin.php/Music/index.html
INFO: [ app_init ] --START--
INFO: Run Behavior\BuildLiteBehavior [ RunTime:0.000045s ]
INFO: [ app_init ] --END-- [ RunTime:0.003494s ]
INFO: [ app_begin ] --START--
INFO: Run Behavior\ReadHtmlCacheBehavior [ RunTime:0.000759s ]
INFO: [ app_begin ] --END-- [ RunTime:0.000860s ]
INFO: [ view_parse ] --START--
INFO: [ template_filter ] --START--
INFO: Run Behavior\ContentReplaceBehavior [ RunTime:0.000202s ]
INFO: [ template_filter ] --END-- [ RunTime:0.000341s ]
INFO: Run Behavior\ParseTemplateBehavior [ RunTime:0.132625s ]
INFO: [ view_parse ] --END-- [ RunTime:0.133249s ]
INFO: [ view_filter ] --START--
INFO: Run Behavior\WriteHtmlCacheBehavior [ RunTime:0.001422s ]
INFO: [ view_filter ] --END-- [ RunTime:0.002424s ]
INFO: [ app_end ] --START--
INFO: Run Behavior\ShowPageTraceBehavior [ RunTime:0.002234s ]
INFO: [ app_end ] --END-- [ RunTime:0.002399s ]

[ 2015-12-26T22:05:15+08:00 ] 127.0.0.1 /Blog/admin.php/Music/images/m0.jpg
INFO: [ app_init ] --START--
INFO: Run Behavior\BuildLiteBehavior [ RunTime:0.000017s ]
INFO: [ app_init ] --END-- [ RunTime:0.000418s ]

[ 2015-12-26T22:05:16+08:00 ] 127.0.0.1 /Blog/admin.php/Index/index.html
INFO: [ app_init ] --START--
INFO: Run Behavior\BuildLiteBehavior [ RunTime:0.000065s ]
INFO: [ app_init ] --END-- [ RunTime:0.001481s ]
INFO: [ app_begin ] --START--
INFO: Run Behavior\ReadHtmlCacheBehavior [ RunTime:0.000914s ]
INFO: [ app_begin ] --END-- [ RunTime:0.001034s ]
INFO: [ view_parse ] --START--
INFO: [ template_filter ] --START--
INFO: Run Behavior\ContentReplaceBehavior [ RunTime:0.000526s ]
INFO: [ template_filter ] --END-- [ RunTime:0.000866s ]
INFO: Run Behavior\ParseTemplateBehavior [ RunTime:0.060467s ]
INFO: [ view_parse ] --END-- [ RunTime:0.060545s ]
INFO: [ view_filter ] --START--
INFO: Run Behavior\WriteHtmlCacheBehavior [ RunTime:0.000245s ]
INFO: [ view_filter ] --END-- [ RunTime:0.000295s ]
INFO: [ app_end ] --START--
INFO: Run Behavior\ShowPageTraceBehavior [ RunTime:0.000774s ]
INFO: [ app_end ] --END-- [ RunTime:0.000869s ]

[ 2015-12-26T22:05:16+08:00 ] 127.0.0.1 /Blog/admin.php/Index/index.html
INFO: [ app_init ] --START--
INFO: Run Behavior\BuildLiteBehavior [ RunTime:0.000028s ]
INFO: [ app_init ] --END-- [ RunTime:0.000655s ]
INFO: [ app_begin ] --START--
INFO: Run Behavior\ReadHtmlCacheBehavior [ RunTime:0.003228s ]
INFO: [ app_begin ] --END-- [ RunTime:0.003466s ]
INFO: [ view_parse ] --START--
INFO: [ template_filter ] --START--
INFO: Run Behavior\ContentReplaceBehavior [ RunTime:0.000532s ]
INFO: [ template_filter ] --END-- [ RunTime:0.001021s ]
INFO: Run Behavior\ParseTemplateBehavior [ RunTime:0.084901s ]
INFO: [ view_parse ] --END-- [ RunTime:0.085032s ]
INFO: [ view_filter ] --START--
INFO: Run Behavior\WriteHtmlCacheBehavior [ RunTime:0.000414s ]
INFO: [ view_filter ] --END-- [ RunTime:0.000509s ]
INFO: [ app_end ] --START--
INFO: Run Behavior\ShowPageTraceBehavior [ RunTime:0.002203s ]
INFO: [ app_end ] --END-- [ RunTime:0.002314s ]

[ 2015-12-26T22:05:17+08:00 ] 127.0.0.1 /Blog/admin.php/Index/images/m0.jpg
INFO: [ app_init ] --START--
INFO: Run Behavior\BuildLiteBehavior [ RunTime:0.000027s ]
INFO: [ app_init ] --END-- [ RunTime:0.000634s ]

[ 2015-12-26T22:05:18+08:00 ] 127.0.0.1 /Blog/admin.php/Blog/index.html
INFO: [ app_init ] --START--
INFO: Run Behavior\BuildLiteBehavior [ RunTime:0.000026s ]
INFO: [ app_init ] --END-- [ RunTime:0.000558s ]
INFO: [ app_begin ] --START--
INFO: Run Behavior\ReadHtmlCacheBehavior [ RunTime:0.000702s ]
INFO: [ app_begin ] --END-- [ RunTime:0.000845s ]
INFO: [ view_parse ] --START--
INFO: [ template_filter ] --START--
INFO: Run Behavior\ContentReplaceBehavior [ RunTime:0.001029s ]
INFO: [ template_filter ] --END-- [ RunTime:0.001714s ]
INFO: Run Behavior\ParseTemplateBehavior [ RunTime:0.048023s ]
INFO: [ view_parse ] --END-- [ RunTime:0.048183s ]
INFO: [ view_filter ] --START--
INFO: Run Behavior\WriteHtmlCacheBehavior [ RunTime:0.000236s ]
INFO: [ view_filter ] --END-- [ RunTime:0.000285s ]
INFO: [ app_end ] --START--
INFO: Run Behavior\ShowPageTraceBehavior [ RunTime:0.000962s ]
INFO: [ app_end ] --END-- [ RunTime:0.001064s ]

[ 2015-12-26T22:05:18+08:00 ] 127.0.0.1 /Blog/admin.php/Blog/index.html
INFO: [ app_init ] --START--
INFO: Run Behavior\BuildLiteBehavior [ RunTime:0.000116s ]
INFO: [ app_init ] --END-- [ RunTime:0.002309s ]
INFO: [ app_begin ] --START--
INFO: Run Behavior\ReadHtmlCacheBehavior [ RunTime:0.000725s ]
INFO: [ app_begin ] --END-- [ RunTime:0.000820s ]
INFO: [ view_parse ] --START--
INFO: [ template_filter ] --START--
INFO: Run Behavior\ContentReplaceBehavior [ RunTime:0.000136s ]
INFO: [ template_filter ] --END-- [ RunTime:0.000249s ]
INFO: Run Behavior\ParseTemplateBehavior [ RunTime:0.054577s ]
INFO: [ view_parse ] --END-- [ RunTime:0.054681s ]
INFO: [ view_filter ] --START--
INFO: Run Behavior\WriteHtmlCacheBehavior [ RunTime:0.000293s ]
INFO: [ view_filter ] --END-- [ RunTime:0.000353s ]
INFO: [ app_end ] --START--
INFO: Run Behavior\ShowPageTraceBehavior [ RunTime:0.001886s ]
INFO: [ app_end ] --END-- [ RunTime:0.002349s ]

[ 2015-12-26T22:05:20+08:00 ] 127.0.0.1 /Blog/admin.php/Article/index.html
INFO: [ app_init ] --START--
INFO: Run Behavior\BuildLiteBehavior [ RunTime:0.000015s ]
INFO: [ app_init ] --END-- [ RunTime:0.000337s ]
INFO: [ app_begin ] --START--
INFO: Run Behavior\ReadHtmlCacheBehavior [ RunTime:0.000651s ]
INFO: [ app_begin ] --END-- [ RunTime:0.000722s ]
INFO: [ view_parse ] --START--
INFO: [ template_filter ] --START--
INFO: Run Behavior\ContentReplaceBehavior [ RunTime:0.000436s ]
INFO: [ template_filter ] --END-- [ RunTime:0.000669s ]
INFO: Run Behavior\ParseTemplateBehavior [ RunTime:0.040210s ]
INFO: [ view_parse ] --END-- [ RunTime:0.040453s ]
INFO: [ view_filter ] --START--
INFO: Run Behavior\WriteHtmlCacheBehavior [ RunTime:0.000921s ]
INFO: [ view_filter ] --END-- [ RunTime:0.001294s ]
INFO: [ app_end ] --START--
INFO: Run Behavior\ShowPageTraceBehavior [ RunTime:0.002120s ]
INFO: [ app_end ] --END-- [ RunTime:0.002341s ]

[ 2015-12-26T22:05:20+08:00 ] 127.0.0.1 /Blog/admin.php/Article/index.html
INFO: [ app_init ] --START--
INFO: Run Behavior\BuildLiteBehavior [ RunTime:0.000015s ]
INFO: [ app_init ] --END-- [ RunTime:0.000343s ]
INFO: [ app_begin ] --START--
INFO: Run Behavior\ReadHtmlCacheBehavior [ RunTime:0.000432s ]
INFO: [ app_begin ] --END-- [ RunTime:0.000484s ]
INFO: [ view_parse ] --START--
INFO: [ template_filter ] --START--
INFO: Run Behavior\ContentReplaceBehavior [ RunTime:0.000547s ]
INFO: [ template_filter ] --END-- [ RunTime:0.000979s ]
INFO: Run Behavior\ParseTemplateBehavior [ RunTime:0.057161s ]
INFO: [ view_parse ] --END-- [ RunTime:0.057257s ]
INFO: [ view_filter ] --START--
INFO: Run Behavior\WriteHtmlCacheBehavior [ RunTime:0.000326s ]
INFO: [ view_filter ] --END-- [ RunTime:0.000396s ]
INFO: [ app_end ] --START--
INFO: Run Behavior\ShowPageTraceBehavior [ RunTime:0.001168s ]
INFO: [ app_end ] --END-- [ RunTime:0.001267s ]

[ 2015-12-26T22:05:22+08:00 ] 127.0.0.1 /Blog/admin.php/Blog/index.html
INFO: [ app_init ] --START--
INFO: Run Behavior\BuildLiteBehavior [ RunTime:0.000046s ]
INFO: [ app_init ] --END-- [ RunTime:0.000830s ]
INFO: [ app_begin ] --START--
INFO: Run Behavior\ReadHtmlCacheBehavior [ RunTime:0.000859s ]
INFO: [ app_begin ] --END-- [ RunTime:0.001115s ]
INFO: [ view_parse ] --START--
INFO: [ template_filter ] --START--
INFO: Run Behavior\ContentReplaceBehavior [ RunTime:0.000476s ]
INFO: [ template_filter ] --END-- [ RunTime:0.000854s ]
INFO: Run Behavior\ParseTemplateBehavior [ RunTime:0.038110s ]
INFO: [ view_parse ] --END-- [ RunTime:0.038271s ]
INFO: [ view_filter ] --START--
INFO: Run Behavior\WriteHtmlCacheBehavior [ RunTime:0.000724s ]
INFO: [ view_filter ] --END-- [ RunTime:0.000960s ]
INFO: [ app_end ] --START--
INFO: Run Behavior\ShowPageTraceBehavior [ RunTime:0.005902s ]
INFO: [ app_end ] --END-- [ RunTime:0.007197s ]

[ 2015-12-26T22:05:22+08:00 ] 127.0.0.1 /Blog/admin.php/Blog/index.html
INFO: [ app_init ] --START--
INFO: Run Behavior\BuildLiteBehavior [ RunTime:0.000022s ]
INFO: [ app_init ] --END-- [ RunTime:0.000500s ]
INFO: [ app_begin ] --START--
INFO: Run Behavior\ReadHtmlCacheBehavior [ RunTime:0.000699s ]
INFO: [ app_begin ] --END-- [ RunTime:0.000780s ]
INFO: [ view_parse ] --START--
INFO: [ template_filter ] --START--
INFO: Run Behavior\ContentReplaceBehavior [ RunTime:0.000136s ]
INFO: [ template_filter ] --END-- [ RunTime:0.000233s ]
INFO: Run Behavior\ParseTemplateBehavior [ RunTime:0.035957s ]
INFO: [ view_parse ] --END-- [ RunTime:0.036016s ]
INFO: [ view_filter ] --START--
INFO: Run Behavior\WriteHtmlCacheBehavior [ RunTime:0.000157s ]
INFO: [ view_filter ] --END-- [ RunTime:0.000201s ]
INFO: [ app_end ] --START--
INFO: Run Behavior\ShowPageTraceBehavior [ RunTime:0.000597s ]
INFO: [ app_end ] --END-- [ RunTime:0.000666s ]

[ 2015-12-26T22:05:35+08:00 ] 127.0.0.1 /Blog/admin.php/Blog/create.html
INFO: [ app_init ] --START--
INFO: Run Behavior\BuildLiteBehavior [ RunTime:0.000065s ]
INFO: [ app_init ] --END-- [ RunTime:0.001241s ]
INFO: [ app_begin ] --START--
INFO: Run Behavior\ReadHtmlCacheBehavior [ RunTime:0.000560s ]
INFO: [ app_begin ] --END-- [ RunTime:0.000632s ]
INFO: [ view_parse ] --START--
INFO: [ template_filter ] --START--
INFO: Run Behavior\ContentReplaceBehavior [ RunTime:0.000160s ]
INFO: [ template_filter ] --END-- [ RunTime:0.000242s ]
INFO: Run Behavior\ParseTemplateBehavior [ RunTime:0.030245s ]
INFO: [ view_parse ] --END-- [ RunTime:0.030327s ]
INFO: [ view_filter ] --START--
INFO: Run Behavior\WriteHtmlCacheBehavior [ RunTime:0.000194s ]
INFO: [ view_filter ] --END-- [ RunTime:0.000249s ]
INFO: [ app_end ] --START--
INFO: Run Behavior\ShowPageTraceBehavior [ RunTime:0.000851s ]
INFO: [ app_end ] --END-- [ RunTime:0.000992s ]

[ 2015-12-26T22:05:38+08:00 ] 127.0.0.1 /Blog/admin.php/Article/index.html
INFO: [ app_init ] --START--
INFO: Run Behavior\BuildLiteBehavior [ RunTime:0.000023s ]
INFO: [ app_init ] --END-- [ RunTime:0.000531s ]
INFO: [ app_begin ] --START--
INFO: Run Behavior\ReadHtmlCacheBehavior [ RunTime:0.000762s ]
INFO: [ app_begin ] --END-- [ RunTime:0.000872s ]
INFO: [ view_parse ] --START--
INFO: [ template_filter ] --START--
INFO: Run Behavior\ContentReplaceBehavior [ RunTime:0.000284s ]
INFO: [ template_filter ] --END-- [ RunTime:0.000601s ]
INFO: Run Behavior\ParseTemplateBehavior [ RunTime:0.044506s ]
INFO: [ view_parse ] --END-- [ RunTime:0.044775s ]
INFO: [ view_filter ] --START--
INFO: Run Behavior\WriteHtmlCacheBehavior [ RunTime:0.000617s ]
INFO: [ view_filter ] --END-- [ RunTime:0.000809s ]
INFO: [ app_end ] --START--
INFO: Run Behavior\ShowPageTraceBehavior [ RunTime:0.002233s ]
INFO: [ app_end ] --END-- [ RunTime:0.002833s ]

[ 2015-12-26T22:05:38+08:00 ] 127.0.0.1 /Blog/admin.php/Article/index.html
INFO: [ app_init ] --START--
INFO: Run Behavior\BuildLiteBehavior [ RunTime:0.000018s ]
INFO: [ app_init ] --END-- [ RunTime:0.000440s ]
INFO: [ app_begin ] --START--
INFO: Run Behavior\ReadHtmlCacheBehavior [ RunTime:0.000453s ]
INFO: [ app_begin ] --END-- [ RunTime:0.000506s ]
INFO: [ view_parse ] --START--
INFO: [ template_filter ] --START--
INFO: Run Behavior\ContentReplaceBehavior [ RunTime:0.000138s ]
INFO: [ template_filter ] --END-- [ RunTime:0.000260s ]
INFO: Run Behavior\ParseTemplateBehavior [ RunTime:0.077729s ]
INFO: [ view_parse ] --END-- [ RunTime:0.077815s ]
INFO: [ view_filter ] --START--
INFO: Run Behavior\WriteHtmlCacheBehavior [ RunTime:0.000275s ]
INFO: [ view_filter ] --END-- [ RunTime:0.000339s ]
INFO: [ app_end ] --START--
INFO: Run Behavior\ShowPageTraceBehavior [ RunTime:0.001741s ]
INFO: [ app_end ] --END-- [ RunTime:0.001884s ]

[ 2015-12-26T22:05:47+08:00 ] 127.0.0.1 /Blog/admin.php/Article/index.html
INFO: [ app_init ] --START--
INFO: Run Behavior\BuildLiteBehavior [ RunTime:0.000018s ]
INFO: [ app_init ] --END-- [ RunTime:0.000454s ]
INFO: [ app_begin ] --START--
INFO: Run Behavior\ReadHtmlCacheBehavior [ RunTime:0.000501s ]
INFO: [ app_begin ] --END-- [ RunTime:0.000567s ]
INFO: [ view_parse ] --START--
INFO: [ template_filter ] --START--
INFO: Run Behavior\ContentReplaceBehavior [ RunTime:0.000128s ]
INFO: [ template_filter ] --END-- [ RunTime:0.000213s ]
INFO: Run Behavior\ParseTemplateBehavior [ RunTime:0.030216s ]
INFO: [ view_parse ] --END-- [ RunTime:0.030330s ]
INFO: [ view_filter ] --START--
INFO: Run Behavior\WriteHtmlCacheBehavior [ RunTime:0.000182s ]
INFO: [ view_filter ] --END-- [ RunTime:0.000236s ]
INFO: [ app_end ] --START--
INFO: Run Behavior\ShowPageTraceBehavior [ RunTime:0.001495s ]
INFO: [ app_end ] --END-- [ RunTime:0.001664s ]

[ 2015-12-26T22:05:47+08:00 ] 127.0.0.1 /Blog/admin.php/Article/getlist
INFO: [ app_init ] --START--
INFO: Run Behavior\BuildLiteBehavior [ RunTime:0.000019s ]
INFO: [ app_init ] --END-- [ RunTime:0.000376s ]
INFO: [ app_begin ] --START--
INFO: Run Behavior\ReadHtmlCacheBehavior [ RunTime:0.000452s ]
INFO: [ app_begin ] --END-- [ RunTime:0.000512s ]
NOTIC: [2048] Declaration of Admin\Model\CommonModel::add() should be compatible with Think\Model::add($data = '', $options = Array, $replace = false) /Applications/MAMP/htdocs/Blog/Apps/Admin/Model/CommonModel.class.php 第 7 行.
NOTIC: [2048] Declaration of Admin\Model\CommonModel::delete() should be compatible with Think\Model::delete($options = Array) /Applications/MAMP/htdocs/Blog/Apps/Admin/Model/CommonModel.class.php 第 7 行.
SQL: SHOW COLUMNS FROM `article` [ RunTime:0.0095s ]
SQL: SELECT `aid`,`title`,`content`,`if_delete`,`cuid`,`cid`,`rnum`,`create_time`,`update_time` FROM `article` WHERE (  if_delete = 0 ) ORDER BY aid desc  [ RunTime:0.0005s ]
SQL: SELECT COUNT(*) AS tp_count FROM `article` WHERE (  if_delete = 0 ) LIMIT 1   [ RunTime:0.0003s ]
SQL: SHOW COLUMNS FROM `category` [ RunTime:0.0013s ]
SQL: SELECT `cname` FROM `category` WHERE `cid` = 3 LIMIT 1   [ RunTime:0.0003s ]
SQL: SELECT `cname` FROM `category` WHERE `cid` = 2 LIMIT 1   [ RunTime:0.0003s ]
SQL: SELECT `cname` FROM `category` WHERE `cid` = 1 LIMIT 1   [ RunTime:0.0002s ]

[ 2015-12-26T22:06:46+08:00 ] 127.0.0.1 /Blog/admin.php/Article/index.html
INFO: [ app_init ] --START--
INFO: Run Behavior\BuildLiteBehavior [ RunTime:0.000024s ]
INFO: [ app_init ] --END-- [ RunTime:0.000521s ]
INFO: [ app_begin ] --START--
INFO: Run Behavior\ReadHtmlCacheBehavior [ RunTime:0.000549s ]
INFO: [ app_begin ] --END-- [ RunTime:0.000616s ]
INFO: [ view_parse ] --START--
INFO: [ template_filter ] --START--
INFO: Run Behavior\ContentReplaceBehavior [ RunTime:0.000157s ]
INFO: [ template_filter ] --END-- [ RunTime:0.000240s ]
INFO: Run Behavior\ParseTemplateBehavior [ RunTime:0.027784s ]
INFO: [ view_parse ] --END-- [ RunTime:0.027885s ]
INFO: [ view_filter ] --START--
INFO: Run Behavior\WriteHtmlCacheBehavior [ RunTime:0.000260s ]
INFO: [ view_filter ] --END-- [ RunTime:0.000341s ]
INFO: [ app_end ] --START--
INFO: Run Behavior\ShowPageTraceBehavior [ RunTime:0.000812s ]
INFO: [ app_end ] --END-- [ RunTime:0.000942s ]

[ 2015-12-26T22:06:46+08:00 ] 127.0.0.1 /Blog/admin.php/Article/getlist
INFO: [ app_init ] --START--
INFO: Run Behavior\BuildLiteBehavior [ RunTime:0.000016s ]
INFO: [ app_init ] --END-- [ RunTime:0.000349s ]
INFO: [ app_begin ] --START--
INFO: Run Behavior\ReadHtmlCacheBehavior [ RunTime:0.000450s ]
INFO: [ app_begin ] --END-- [ RunTime:0.000513s ]
NOTIC: [2048] Declaration of Admin\Model\CommonModel::add() should be compatible with Think\Model::add($data = '', $options = Array, $replace = false) /Applications/MAMP/htdocs/Blog/Apps/Admin/Model/CommonModel.class.php 第 7 行.
NOTIC: [2048] Declaration of Admin\Model\CommonModel::delete() should be compatible with Think\Model::delete($options = Array) /Applications/MAMP/htdocs/Blog/Apps/Admin/Model/CommonModel.class.php 第 7 行.
SQL: SHOW COLUMNS FROM `article` [ RunTime:0.0095s ]
SQL: SELECT `aid`,`title`,`content`,`if_delete`,`cuid`,`cid`,`rnum`,`create_time`,`update_time` FROM `article` WHERE (  if_delete = 0 ) ORDER BY aid desc  [ RunTime:0.0006s ]
SQL: SELECT COUNT(*) AS tp_count FROM `article` WHERE (  if_delete = 0 ) LIMIT 1   [ RunTime:0.0003s ]
SQL: SHOW COLUMNS FROM `category` [ RunTime:0.0012s ]
SQL: SELECT `cname` FROM `category` WHERE `cid` = 3 LIMIT 1   [ RunTime:0.0003s ]
SQL: SELECT `cname` FROM `category` WHERE `cid` = 2 LIMIT 1   [ RunTime:0.0002s ]
SQL: SELECT `cname` FROM `category` WHERE `cid` = 1 LIMIT 1   [ RunTime:0.0002s ]

[ 2015-12-26T22:08:36+08:00 ] 127.0.0.1 /Blog/admin.php/Article/create.html
INFO: [ app_init ] --START--
INFO: Run Behavior\BuildLiteBehavior [ RunTime:0.000017s ]
INFO: [ app_init ] --END-- [ RunTime:0.000415s ]
INFO: [ app_begin ] --START--
INFO: Run Behavior\ReadHtmlCacheBehavior [ RunTime:0.000450s ]
INFO: [ app_begin ] --END-- [ RunTime:0.000508s ]
INFO: [ view_parse ] --START--
INFO: [ template_filter ] --START--
INFO: Run Behavior\ContentReplaceBehavior [ RunTime:0.000095s ]
INFO: [ template_filter ] --END-- [ RunTime:0.000174s ]
INFO: Run Behavior\ParseTemplateBehavior [ RunTime:0.035527s ]
INFO: [ view_parse ] --END-- [ RunTime:0.035593s ]
INFO: [ view_filter ] --START--
INFO: Run Behavior\WriteHtmlCacheBehavior [ RunTime:0.000190s ]
INFO: [ view_filter ] --END-- [ RunTime:0.000241s ]
INFO: [ app_end ] --START--
INFO: Run Behavior\ShowPageTraceBehavior [ RunTime:0.000790s ]
INFO: [ app_end ] --END-- [ RunTime:0.000899s ]

[ 2015-12-26T22:10:08+08:00 ] 127.0.0.1 /Blog/admin.php/Article/index.html
INFO: [ app_init ] --START--
INFO: Run Behavior\BuildLiteBehavior [ RunTime:0.000034s ]
INFO: [ app_init ] --END-- [ RunTime:0.001166s ]
INFO: [ app_begin ] --START--
INFO: Run Behavior\ReadHtmlCacheBehavior [ RunTime:0.000615s ]
INFO: [ app_begin ] --END-- [ RunTime:0.000695s ]
INFO: [ view_parse ] --START--
INFO: [ template_filter ] --START--
INFO: Run Behavior\ContentReplaceBehavior [ RunTime:0.000147s ]
INFO: [ template_filter ] --END-- [ RunTime:0.000222s ]
INFO: Run Behavior\ParseTemplateBehavior [ RunTime:0.085108s ]
INFO: [ view_parse ] --END-- [ RunTime:0.085503s ]
INFO: [ view_filter ] --START--
INFO: Run Behavior\WriteHtmlCacheBehavior [ RunTime:0.000250s ]
INFO: [ view_filter ] --END-- [ RunTime:0.000341s ]
INFO: [ app_end ] --START--
INFO: Run Behavior\ShowPageTraceBehavior [ RunTime:0.001011s ]
INFO: [ app_end ] --END-- [ RunTime:0.001112s ]

[ 2015-12-26T22:10:08+08:00 ] 127.0.0.1 /Blog/admin.php/Article/index.html
INFO: [ app_init ] --START--
INFO: Run Behavior\BuildLiteBehavior [ RunTime:0.000017s ]
INFO: [ app_init ] --END-- [ RunTime:0.000371s ]
INFO: [ app_begin ] --START--
INFO: Run Behavior\ReadHtmlCacheBehavior [ RunTime:0.000447s ]
INFO: [ app_begin ] --END-- [ RunTime:0.000498s ]
INFO: [ view_parse ] --START--
INFO: [ template_filter ] --START--
INFO: Run Behavior\ContentReplaceBehavior [ RunTime:0.000106s ]
INFO: [ template_filter ] --END-- [ RunTime:0.000188s ]
INFO: Run Behavior\ParseTemplateBehavior [ RunTime:0.062895s ]
INFO: [ view_parse ] --END-- [ RunTime:0.062979s ]
INFO: [ view_filter ] --START--
INFO: Run Behavior\WriteHtmlCacheBehavior [ RunTime:0.000174s ]
INFO: [ view_filter ] --END-- [ RunTime:0.000215s ]
INFO: [ app_end ] --START--
INFO: Run Behavior\ShowPageTraceBehavior [ RunTime:0.000734s ]
INFO: [ app_end ] --END-- [ RunTime:0.000833s ]

[ 2015-12-26T22:10:12+08:00 ] 127.0.0.1 /Blog/admin.php/Article/index.html
INFO: [ app_init ] --START--
INFO: Run Behavior\BuildLiteBehavior [ RunTime:0.000017s ]
INFO: [ app_init ] --END-- [ RunTime:0.000382s ]
INFO: [ app_begin ] --START--
INFO: Run Behavior\ReadHtmlCacheBehavior [ RunTime:0.000479s ]
INFO: [ app_begin ] --END-- [ RunTime:0.000543s ]
INFO: [ view_parse ] --START--
INFO: [ template_filter ] --START--
INFO: Run Behavior\ContentReplaceBehavior [ RunTime:0.000095s ]
INFO: [ template_filter ] --END-- [ RunTime:0.000172s ]
INFO: Run Behavior\ParseTemplateBehavior [ RunTime:0.027828s ]
INFO: [ view_parse ] --END-- [ RunTime:0.027929s ]
INFO: [ view_filter ] --START--
INFO: Run Behavior\WriteHtmlCacheBehavior [ RunTime:0.000270s ]
INFO: [ view_filter ] --END-- [ RunTime:0.000353s ]
INFO: [ app_end ] --START--
INFO: Run Behavior\ShowPageTraceBehavior [ RunTime:0.001287s ]
INFO: [ app_end ] --END-- [ RunTime:0.001537s ]

[ 2015-12-26T22:10:12+08:00 ] 127.0.0.1 /Blog/admin.php/Article/getlist
INFO: [ app_init ] --START--
INFO: Run Behavior\BuildLiteBehavior [ RunTime:0.000026s ]
INFO: [ app_init ] --END-- [ RunTime:0.000634s ]
INFO: [ app_begin ] --START--
INFO: Run Behavior\ReadHtmlCacheBehavior [ RunTime:0.000742s ]
INFO: [ app_begin ] --END-- [ RunTime:0.000834s ]
NOTIC: [2048] Declaration of Admin\Model\CommonModel::add() should be compatible with Think\Model::add($data = '', $options = Array, $replace = false) /Applications/MAMP/htdocs/Blog/Apps/Admin/Model/CommonModel.class.php 第 7 行.
NOTIC: [2048] Declaration of Admin\Model\CommonModel::delete() should be compatible with Think\Model::delete($options = Array) /Applications/MAMP/htdocs/Blog/Apps/Admin/Model/CommonModel.class.php 第 7 行.
SQL: SHOW COLUMNS FROM `article` [ RunTime:0.0099s ]
SQL: SELECT `aid`,`title`,`content`,`if_delete`,`cuid`,`cid`,`rnum`,`create_time`,`update_time` FROM `article` WHERE (  if_delete = 0 ) ORDER BY aid desc  [ RunTime:0.0004s ]
SQL: SELECT COUNT(*) AS tp_count FROM `article` WHERE (  if_delete = 0 ) LIMIT 1   [ RunTime:0.0003s ]
SQL: SHOW COLUMNS FROM `category` [ RunTime:0.0018s ]
SQL: SELECT `cname` FROM `category` WHERE `cid` = 3 LIMIT 1   [ RunTime:0.0003s ]
SQL: SELECT `cname` FROM `category` WHERE `cid` = 2 LIMIT 1   [ RunTime:0.0003s ]
SQL: SELECT `cname` FROM `category` WHERE `cid` = 1 LIMIT 1   [ RunTime:0.0002s ]

[ 2015-12-26T22:11:33+08:00 ] 127.0.0.1 /Blog/admin.php/Article/delete
INFO: [ app_init ] --START--
INFO: Run Behavior\BuildLiteBehavior [ RunTime:0.000031s ]
INFO: [ app_init ] --END-- [ RunTime:0.000565s ]
INFO: [ app_begin ] --START--
INFO: Run Behavior\ReadHtmlCacheBehavior [ RunTime:0.000517s ]
INFO: [ app_begin ] --END-- [ RunTime:0.000598s ]
NOTIC: [2048] Declaration of Admin\Model\CommonModel::add() should be compatible with Think\Model::add($data = '', $options = Array, $replace = false) /Applications/MAMP/htdocs/Blog/Apps/Admin/Model/CommonModel.class.php 第 7 行.
NOTIC: [2048] Declaration of Admin\Model\CommonModel::delete() should be compatible with Think\Model::delete($options = Array) /Applications/MAMP/htdocs/Blog/Apps/Admin/Model/CommonModel.class.php 第 7 行.
SQL: SHOW COLUMNS FROM `article` [ RunTime:0.0029s ]
SQL: UPDATE `article` SET `if_delete`='1' WHERE `aid` = 1 [ RunTime:0.0023s ]

[ 2015-12-26T22:11:37+08:00 ] 127.0.0.1 /Blog/admin.php/Article/index.html
INFO: [ app_init ] --START--
INFO: Run Behavior\BuildLiteBehavior [ RunTime:0.000017s ]
INFO: [ app_init ] --END-- [ RunTime:0.000343s ]
INFO: [ app_begin ] --START--
INFO: Run Behavior\ReadHtmlCacheBehavior [ RunTime:0.000433s ]
INFO: [ app_begin ] --END-- [ RunTime:0.000486s ]
INFO: [ view_parse ] --START--
INFO: [ template_filter ] --START--
INFO: Run Behavior\ContentReplaceBehavior [ RunTime:0.000134s ]
INFO: [ template_filter ] --END-- [ RunTime:0.000272s ]
INFO: Run Behavior\ParseTemplateBehavior [ RunTime:0.027276s ]
INFO: [ view_parse ] --END-- [ RunTime:0.027352s ]
INFO: [ view_filter ] --START--
INFO: Run Behavior\WriteHtmlCacheBehavior [ RunTime:0.000179s ]
INFO: [ view_filter ] --END-- [ RunTime:0.000229s ]
INFO: [ app_end ] --START--
INFO: Run Behavior\ShowPageTraceBehavior [ RunTime:0.000732s ]
INFO: [ app_end ] --END-- [ RunTime:0.000839s ]

[ 2015-12-26T22:11:37+08:00 ] 127.0.0.1 /Blog/admin.php/Article/getlist
INFO: [ app_init ] --START--
INFO: Run Behavior\BuildLiteBehavior [ RunTime:0.000017s ]
INFO: [ app_init ] --END-- [ RunTime:0.000373s ]
INFO: [ app_begin ] --START--
INFO: Run Behavior\ReadHtmlCacheBehavior [ RunTime:0.000680s ]
INFO: [ app_begin ] --END-- [ RunTime:0.000776s ]
NOTIC: [2048] Declaration of Admin\Model\CommonModel::add() should be compatible with Think\Model::add($data = '', $options = Array, $replace = false) /Applications/MAMP/htdocs/Blog/Apps/Admin/Model/CommonModel.class.php 第 7 行.
NOTIC: [2048] Declaration of Admin\Model\CommonModel::delete() should be compatible with Think\Model::delete($options = Array) /Applications/MAMP/htdocs/Blog/Apps/Admin/Model/CommonModel.class.php 第 7 行.
SQL: SHOW COLUMNS FROM `article` [ RunTime:0.0087s ]
SQL: SELECT `aid`,`title`,`content`,`if_delete`,`cuid`,`cid`,`rnum`,`create_time`,`update_time` FROM `article` WHERE (  if_delete = 0 ) ORDER BY aid desc  [ RunTime:0.0003s ]
SQL: SELECT COUNT(*) AS tp_count FROM `article` WHERE (  if_delete = 0 ) LIMIT 1   [ RunTime:0.0002s ]
SQL: SHOW COLUMNS FROM `category` [ RunTime:0.0012s ]
SQL: SELECT `cname` FROM `category` WHERE `cid` = 3 LIMIT 1   [ RunTime:0.0003s ]
SQL: SELECT `cname` FROM `category` WHERE `cid` = 2 LIMIT 1   [ RunTime:0.0005s ]

[ 2015-12-26T22:13:10+08:00 ] 127.0.0.1 /Blog/admin.php/Article/index.html
INFO: [ app_init ] --START--
INFO: Run Behavior\BuildLiteBehavior [ RunTime:0.000014s ]
INFO: [ app_init ] --END-- [ RunTime:0.000324s ]
INFO: [ app_begin ] --START--
INFO: Run Behavior\ReadHtmlCacheBehavior [ RunTime:0.000452s ]
INFO: [ app_begin ] --END-- [ RunTime:0.000514s ]
INFO: [ view_parse ] --START--
INFO: [ template_filter ] --START--
INFO: Run Behavior\ContentReplaceBehavior [ RunTime:0.000129s ]
INFO: [ template_filter ] --END-- [ RunTime:0.000259s ]
INFO: Run Behavior\ParseTemplateBehavior [ RunTime:0.028559s ]
INFO: [ view_parse ] --END-- [ RunTime:0.028630s ]
INFO: [ view_filter ] --START--
INFO: Run Behavior\WriteHtmlCacheBehavior [ RunTime:0.000227s ]
INFO: [ view_filter ] --END-- [ RunTime:0.000279s ]
INFO: [ app_end ] --START--
INFO: Run Behavior\ShowPageTraceBehavior [ RunTime:0.000896s ]
INFO: [ app_end ] --END-- [ RunTime:0.001004s ]

[ 2015-12-26T22:13:10+08:00 ] 127.0.0.1 /Blog/admin.php/Article/getlist
INFO: [ app_init ] --START--
INFO: Run Behavior\BuildLiteBehavior [ RunTime:0.000028s ]
INFO: [ app_init ] --END-- [ RunTime:0.000716s ]
INFO: [ app_begin ] --START--
INFO: Run Behavior\ReadHtmlCacheBehavior [ RunTime:0.000513s ]
INFO: [ app_begin ] --END-- [ RunTime:0.000578s ]
NOTIC: [2048] Declaration of Admin\Model\CommonModel::add() should be compatible with Think\Model::add($data = '', $options = Array, $replace = false) /Applications/MAMP/htdocs/Blog/Apps/Admin/Model/CommonModel.class.php 第 7 行.
NOTIC: [2048] Declaration of Admin\Model\CommonModel::delete() should be compatible with Think\Model::delete($options = Array) /Applications/MAMP/htdocs/Blog/Apps/Admin/Model/CommonModel.class.php 第 7 行.
SQL: SHOW COLUMNS FROM `article` [ RunTime:0.0093s ]
SQL: SELECT `aid`,`title`,`content`,`if_delete`,`cuid`,`cid`,`rnum`,`create_time`,`update_time` FROM `article` WHERE (  if_delete = 0 ) ORDER BY aid desc  [ RunTime:0.0004s ]
SQL: SELECT COUNT(*) AS tp_count FROM `article` WHERE (  if_delete = 0 ) LIMIT 1   [ RunTime:0.0002s ]
SQL: SHOW COLUMNS FROM `category` [ RunTime:0.0012s ]
SQL: SELECT `cname` FROM `category` WHERE `cid` = 1 LIMIT 1   [ RunTime:0.0002s ]
SQL: SELECT `cname` FROM `category` WHERE `cid` = 3 LIMIT 1   [ RunTime:0.0002s ]
SQL: SELECT `cname` FROM `category` WHERE `cid` = 3 LIMIT 1   [ RunTime:0.0002s ]
SQL: SELECT `cname` FROM `category` WHERE `cid` = 2 LIMIT 1   [ RunTime:0.0002s ]
SQL: SELECT `cname` FROM `category` WHERE `cid` = 3 LIMIT 1   [ RunTime:0.0002s ]
SQL: SELECT `cname` FROM `category` WHERE `cid` = 2 LIMIT 1   [ RunTime:0.0002s ]
SQL: SELECT `cname` FROM `category` WHERE `cid` = 1 LIMIT 1   [ RunTime:0.0002s ]

[ 2015-12-26T22:14:37+08:00 ] 127.0.0.1 /Blog/admin.php/Article/modal.lockme.html
INFO: [ app_init ] --START--
INFO: Run Behavior\BuildLiteBehavior [ RunTime:0.000015s ]
INFO: [ app_init ] --END-- [ RunTime:0.000380s ]
INFO: [ app_begin ] --START--
INFO: Run Behavior\ReadHtmlCacheBehavior [ RunTime:0.000583s ]
INFO: [ app_begin ] --END-- [ RunTime:0.000643s ]
ERR: 非法操作:modal.lockme

[ 2015-12-26T22:14:43+08:00 ] 127.0.0.1 /Blog/admin.php/Article/profile.html
INFO: [ app_init ] --START--
INFO: Run Behavior\BuildLiteBehavior [ RunTime:0.000017s ]
INFO: [ app_init ] --END-- [ RunTime:0.000405s ]
INFO: [ app_begin ] --START--
INFO: Run Behavior\ReadHtmlCacheBehavior [ RunTime:0.000610s ]
INFO: [ app_begin ] --END-- [ RunTime:0.000675s ]
ERR: 非法操作:profile

[ 2015-12-26T22:14:46+08:00 ] 127.0.0.1 /Blog/admin.php/Article/getlist
INFO: [ app_init ] --START--
INFO: Run Behavior\BuildLiteBehavior [ RunTime:0.000018s ]
INFO: [ app_init ] --END-- [ RunTime:0.000387s ]
INFO: [ app_begin ] --START--
INFO: Run Behavior\ReadHtmlCacheBehavior [ RunTime:0.000503s ]
INFO: [ app_begin ] --END-- [ RunTime:0.000585s ]
NOTIC: [2048] Declaration of Admin\Model\CommonModel::add() should be compatible with Think\Model::add($data = '', $options = Array, $replace = false) /Applications/MAMP/htdocs/Blog/Apps/Admin/Model/CommonModel.class.php 第 7 行.
NOTIC: [2048] Declaration of Admin\Model\CommonModel::delete() should be compatible with Think\Model::delete($options = Array) /Applications/MAMP/htdocs/Blog/Apps/Admin/Model/CommonModel.class.php 第 7 行.
SQL: SHOW COLUMNS FROM `article` [ RunTime:0.0092s ]
SQL: SELECT `aid`,`title`,`content`,`if_delete`,`cuid`,`cid`,`rnum`,`create_time`,`update_time` FROM `article` WHERE (  if_delete = 0 ) ORDER BY aid desc  [ RunTime:0.0004s ]
SQL: SELECT COUNT(*) AS tp_count FROM `article` WHERE (  if_delete = 0 ) LIMIT 1   [ RunTime:0.0002s ]
SQL: SHOW COLUMNS FROM `category` [ RunTime:0.0017s ]
SQL: SELECT `cname` FROM `category` WHERE `cid` = 1 LIMIT 1   [ RunTime:0.0003s ]
SQL: SELECT `cname` FROM `category` WHERE `cid` = 3 LIMIT 1   [ RunTime:0.0003s ]
SQL: SELECT `cname` FROM `category` WHERE `cid` = 3 LIMIT 1   [ RunTime:0.0002s ]
SQL: SELECT `cname` FROM `category` WHERE `cid` = 2 LIMIT 1   [ RunTime:0.0002s ]
SQL: SELECT `cname` FROM `category` WHERE `cid` = 3 LIMIT 1   [ RunTime:0.0002s ]
SQL: SELECT `cname` FROM `category` WHERE `cid` = 2 LIMIT 1   [ RunTime:0.0002s ]
SQL: SELECT `cname` FROM `category` WHERE `cid` = 1 LIMIT 1   [ RunTime:0.0002s ]

[ 2015-12-26T22:14:57+08:00 ] 127.0.0.1 /Blog/admin.php/Index/index.html
INFO: [ app_init ] --START--
INFO: Run Behavior\BuildLiteBehavior [ RunTime:0.000027s ]
INFO: [ app_init ] --END-- [ RunTime:0.000611s ]
INFO: [ app_begin ] --START--
INFO: Run Behavior\ReadHtmlCacheBehavior [ RunTime:0.000732s ]
INFO: [ app_begin ] --END-- [ RunTime:0.000825s ]
INFO: [ view_parse ] --START--
INFO: [ template_filter ] --START--
INFO: Run Behavior\ContentReplaceBehavior [ RunTime:0.000481s ]
INFO: [ template_filter ] --END-- [ RunTime:0.000821s ]
INFO: Run Behavior\ParseTemplateBehavior [ RunTime:0.043521s ]
INFO: [ view_parse ] --END-- [ RunTime:0.043606s ]
INFO: [ view_filter ] --START--
INFO: Run Behavior\WriteHtmlCacheBehavior [ RunTime:0.000184s ]
INFO: [ view_filter ] --END-- [ RunTime:0.000233s ]
INFO: [ app_end ] --START--
INFO: Run Behavior\ShowPageTraceBehavior [ RunTime:0.001428s ]
INFO: [ app_end ] --END-- [ RunTime:0.001793s ]

[ 2015-12-26T22:14:57+08:00 ] 127.0.0.1 /Blog/admin.php/Index/index.html
INFO: [ app_init ] --START--
INFO: Run Behavior\BuildLiteBehavior [ RunTime:0.000023s ]
INFO: [ app_init ] --END-- [ RunTime:0.000407s ]
INFO: [ app_begin ] --START--
INFO: Run Behavior\ReadHtmlCacheBehavior [ RunTime:0.000454s ]
INFO: [ app_begin ] --END-- [ RunTime:0.000508s ]
INFO: [ view_parse ] --START--
INFO: [ template_filter ] --START--
INFO: Run Behavior\ContentReplaceBehavior [ RunTime:0.000130s ]
INFO: [ template_filter ] --END-- [ RunTime:0.000213s ]
INFO: Run Behavior\ParseTemplateBehavior [ RunTime:0.041079s ]
INFO: [ view_parse ] --END-- [ RunTime:0.041241s ]
INFO: [ view_filter ] --START--
INFO: Run Behavior\WriteHtmlCacheBehavior [ RunTime:0.001552s ]
INFO: [ view_filter ] --END-- [ RunTime:0.002009s ]
INFO: [ app_end ] --START--
INFO: Run Behavior\ShowPageTraceBehavior [ RunTime:0.002262s ]
INFO: [ app_end ] --END-- [ RunTime:0.002596s ]

[ 2015-12-26T22:14:58+08:00 ] 127.0.0.1 /Blog/admin.php/Index/images/m0.jpg
INFO: [ app_init ] --START--
INFO: Run Behavior\BuildLiteBehavior [ RunTime:0.000037s ]
INFO: [ app_init ] --END-- [ RunTime:0.000690s ]

[ 2015-12-26T22:15:00+08:00 ] 127.0.0.1 /Blog/admin.php/Blog/index.html
INFO: [ app_init ] --START--
INFO: Run Behavior\BuildLiteBehavior [ RunTime:0.000027s ]
INFO: [ app_init ] --END-- [ RunTime:0.000613s ]
INFO: [ app_begin ] --START--
INFO: Run Behavior\ReadHtmlCacheBehavior [ RunTime:0.001651s ]
INFO: [ app_begin ] --END-- [ RunTime:0.001914s ]
INFO: [ view_parse ] --START--
INFO: [ template_filter ] --START--
INFO: Run Behavior\ContentReplaceBehavior [ RunTime:0.000229s ]
INFO: [ template_filter ] --END-- [ RunTime:0.000541s ]
INFO: Run Behavior\ParseTemplateBehavior [ RunTime:0.044364s ]
INFO: [ view_parse ] --END-- [ RunTime:0.044633s ]
INFO: [ view_filter ] --START--
INFO: Run Behavior\WriteHtmlCacheBehavior [ RunTime:0.000396s ]
INFO: [ view_filter ] --END-- [ RunTime:0.000477s ]
INFO: [ app_end ] --START--
INFO: Run Behavior\ShowPageTraceBehavior [ RunTime:0.001477s ]
INFO: [ app_end ] --END-- [ RunTime:0.001746s ]

[ 2015-12-26T22:15:00+08:00 ] 127.0.0.1 /Blog/admin.php/Blog/index.html
INFO: [ app_init ] --START--
INFO: Run Behavior\BuildLiteBehavior [ RunTime:0.000023s ]
INFO: [ app_init ] --END-- [ RunTime:0.000478s ]
INFO: [ app_begin ] --START--
INFO: Run Behavior\ReadHtmlCacheBehavior [ RunTime:0.000820s ]
INFO: [ app_begin ] --END-- [ RunTime:0.000910s ]
INFO: [ view_parse ] --START--
INFO: [ template_filter ] --START--
INFO: Run Behavior\ContentReplaceBehavior [ RunTime:0.000501s ]
INFO: [ template_filter ] --END-- [ RunTime:0.000712s ]
INFO: Run Behavior\ParseTemplateBehavior [ RunTime:0.027515s ]
INFO: [ view_parse ] --END-- [ RunTime:0.027810s ]
INFO: [ view_filter ] --START--
INFO: Run Behavior\WriteHtmlCacheBehavior [ RunTime:0.000742s ]
INFO: [ view_filter ] --END-- [ RunTime:0.001041s ]
INFO: [ app_end ] --START--
INFO: Run Behavior\ShowPageTraceBehavior [ RunTime:0.007465s ]
INFO: [ app_end ] --END-- [ RunTime:0.007788s ]

[ 2015-12-26T22:15:04+08:00 ] 127.0.0.1 /Blog/admin.php/Article/index.html
INFO: [ app_init ] --START--
INFO: Run Behavior\BuildLiteBehavior [ RunTime:0.000015s ]
INFO: [ app_init ] --END-- [ RunTime:0.000347s ]
INFO: [ app_begin ] --START--
INFO: Run Behavior\ReadHtmlCacheBehavior [ RunTime:0.000762s ]
INFO: [ app_begin ] --END-- [ RunTime:0.000953s ]
INFO: [ view_parse ] --START--
INFO: [ template_filter ] --START--
INFO: Run Behavior\ContentReplaceBehavior [ RunTime:0.000093s ]
INFO: [ template_filter ] --END-- [ RunTime:0.000163s ]
INFO: Run Behavior\ParseTemplateBehavior [ RunTime:0.030061s ]
INFO: [ view_parse ] --END-- [ RunTime:0.030258s ]
INFO: [ view_filter ] --START--
INFO: Run Behavior\WriteHtmlCacheBehavior [ RunTime:0.000817s ]
INFO: [ view_filter ] --END-- [ RunTime:0.001184s ]
INFO: [ app_end ] --START--
INFO: Run Behavior\ShowPageTraceBehavior [ RunTime:0.001446s ]
INFO: [ app_end ] --END-- [ RunTime:0.001800s ]

[ 2015-12-26T22:15:05+08:00 ] 127.0.0.1 /Blog/admin.php/Article/index.html
INFO: [ app_init ] --START--
INFO: Run Behavior\BuildLiteBehavior [ RunTime:0.000039s ]
INFO: [ app_init ] --END-- [ RunTime:0.000432s ]
INFO: [ app_begin ] --START--
INFO: Run Behavior\ReadHtmlCacheBehavior [ RunTime:0.000604s ]
INFO: [ app_begin ] --END-- [ RunTime:0.002002s ]
INFO: [ view_parse ] --START--
INFO: [ template_filter ] --START--
INFO: Run Behavior\ContentReplaceBehavior [ RunTime:0.000096s ]
INFO: [ template_filter ] --END-- [ RunTime:0.000172s ]
INFO: Run Behavior\ParseTemplateBehavior [ RunTime:0.021104s ]
INFO: [ view_parse ] --END-- [ RunTime:0.021173s ]
INFO: [ view_filter ] --START--
INFO: Run Behavior\WriteHtmlCacheBehavior [ RunTime:0.000188s ]
INFO: [ view_filter ] --END-- [ RunTime:0.000243s ]
INFO: [ app_end ] --START--
INFO: Run Behavior\ShowPageTraceBehavior [ RunTime:0.012622s ]
INFO: [ app_end ] --END-- [ RunTime:0.012930s ]

[ 2015-12-26T22:15:06+08:00 ] 127.0.0.1 /Blog/admin.php/Video/index.html
INFO: [ app_init ] --START--
INFO: Run Behavior\BuildLiteBehavior [ RunTime:0.000015s ]
INFO: [ app_init ] --END-- [ RunTime:0.000328s ]
INFO: [ app_begin ] --START--
INFO: Run Behavior\ReadHtmlCacheBehavior [ RunTime:0.000425s ]
INFO: [ app_begin ] --END-- [ RunTime:0.000474s ]
INFO: [ view_parse ] --START--
INFO: [ template_filter ] --START--
INFO: Run Behavior\ContentReplaceBehavior [ RunTime:0.000120s ]
INFO: [ template_filter ] --END-- [ RunTime:0.000198s ]
INFO: Run Behavior\ParseTemplateBehavior [ RunTime:0.033731s ]
INFO: [ view_parse ] --END-- [ RunTime:0.033812s ]
INFO: [ view_filter ] --START--
INFO: Run Behavior\WriteHtmlCacheBehavior [ RunTime:0.000184s ]
INFO: [ view_filter ] --END-- [ RunTime:0.000238s ]
INFO: [ app_end ] --START--
INFO: Run Behavior\ShowPageTraceBehavior [ RunTime:0.000637s ]
INFO: [ app_end ] --END-- [ RunTime:0.000719s ]

[ 2015-12-26T22:15:06+08:00 ] 127.0.0.1 /Blog/admin.php/Video/index.html
INFO: [ app_init ] --START--
INFO: Run Behavior\BuildLiteBehavior [ RunTime:0.000027s ]
INFO: [ app_init ] --END-- [ RunTime:0.000715s ]
INFO: [ app_begin ] --START--
INFO: Run Behavior\ReadHtmlCacheBehavior [ RunTime:0.000695s ]
INFO: [ app_begin ] --END-- [ RunTime:0.000782s ]
INFO: [ view_parse ] --START--
INFO: [ template_filter ] --START--
INFO: Run Behavior\ContentReplaceBehavior [ RunTime:0.000170s ]
INFO: [ template_filter ] --END-- [ RunTime:0.000294s ]
INFO: Run Behavior\ParseTemplateBehavior [ RunTime:0.041851s ]
INFO: [ view_parse ] --END-- [ RunTime:0.042180s ]
INFO: [ view_filter ] --START--
INFO: Run Behavior\WriteHtmlCacheBehavior [ RunTime:0.002500s ]
INFO: [ view_filter ] --END-- [ RunTime:0.002884s ]
INFO: [ app_end ] --START--
INFO: Run Behavior\ShowPageTraceBehavior [ RunTime:0.002067s ]
INFO: [ app_end ] --END-- [ RunTime:0.002222s ]

[ 2015-12-26T22:15:12+08:00 ] 127.0.0.1 /Blog/admin.php/Video/profile.html
INFO: [ app_init ] --START--
INFO: Run Behavior\BuildLiteBehavior [ RunTime:0.000056s ]
INFO: [ app_init ] --END-- [ RunTime:0.000999s ]
INFO: [ app_begin ] --START--
INFO: Run Behavior\ReadHtmlCacheBehavior [ RunTime:0.002706s ]
INFO: [ app_begin ] --END-- [ RunTime:0.003093s ]
ERR: 非法操作:profile

[ 2015-12-26T22:15:12+08:00 ] 127.0.0.1 /Blog/admin.php/Video/profile.html
INFO: [ app_init ] --START--
INFO: Run Behavior\BuildLiteBehavior [ RunTime:0.000083s ]
INFO: [ app_init ] --END-- [ RunTime:0.002271s ]
INFO: [ app_begin ] --START--
INFO: Run Behavior\ReadHtmlCacheBehavior [ RunTime:0.000727s ]
INFO: [ app_begin ] --END-- [ RunTime:0.000818s ]
ERR: 非法操作:profile

[ 2015-12-26T22:15:15+08:00 ] 127.0.0.1 /Blog/admin.php/Video/index.html
INFO: [ app_init ] --START--
INFO: Run Behavior\BuildLiteBehavior [ RunTime:0.000016s ]
INFO: [ app_init ] --END-- [ RunTime:0.000385s ]
INFO: [ app_begin ] --START--
INFO: Run Behavior\ReadHtmlCacheBehavior [ RunTime:0.000455s ]
INFO: [ app_begin ] --END-- [ RunTime:0.000516s ]
INFO: [ view_parse ] --START--
INFO: [ template_filter ] --START--
INFO: Run Behavior\ContentReplaceBehavior [ RunTime:0.000105s ]
INFO: [ template_filter ] --END-- [ RunTime:0.000190s ]
INFO: Run Behavior\ParseTemplateBehavior [ RunTime:0.031314s ]
INFO: [ view_parse ] --END-- [ RunTime:0.031387s ]
INFO: [ view_filter ] --START--
INFO: Run Behavior\WriteHtmlCacheBehavior [ RunTime:0.000186s ]
INFO: [ view_filter ] --END-- [ RunTime:0.000239s ]
INFO: [ app_end ] --START--
INFO: Run Behavior\ShowPageTraceBehavior [ RunTime:0.000612s ]
INFO: [ app_end ] --END-- [ RunTime:0.000690s ]

