[ 2016-01-27T09:19:11+08:00 ] 127.0.0.1 /Blog/Admin/Article/index
INFO: [ app_init ] --START--
INFO: Run Behavior\BuildLiteBehavior [ RunTime:0.000029s ]
INFO: [ app_init ] --END-- [ RunTime:0.002706s ]
INFO: [ app_begin ] --START--
INFO: Run Behavior\ReadHtmlCacheBehavior [ RunTime:0.001322s ]
INFO: [ app_begin ] --END-- [ RunTime:0.001445s ]
INFO: [ view_parse ] --START--
INFO: [ template_filter ] --START--
INFO: Run Behavior\ContentReplaceBehavior [ RunTime:0.000715s ]
INFO: [ template_filter ] --END-- [ RunTime:0.000867s ]
INFO: Run Behavior\ParseTemplateBehavior [ RunTime:0.038230s ]
INFO: [ view_parse ] --END-- [ RunTime:0.038332s ]
INFO: [ view_filter ] --START--
INFO: Run Behavior\WriteHtmlCacheBehavior [ RunTime:0.000436s ]
INFO: [ view_filter ] --END-- [ RunTime:0.000508s ]
INFO: [ app_end ] --START--
INFO: Run Behavior\ShowPageTraceBehavior [ RunTime:0.001131s ]
INFO: [ app_end ] --END-- [ RunTime:0.001247s ]

[ 2016-01-27T09:19:11+08:00 ] 127.0.0.1 /Blog/Admin/Article/getlist
INFO: [ app_init ] --START--
INFO: Run Behavior\BuildLiteBehavior [ RunTime:0.000023s ]
INFO: [ app_init ] --END-- [ RunTime:0.000536s ]
INFO: [ app_begin ] --START--
INFO: Run Behavior\ReadHtmlCacheBehavior [ RunTime:0.001009s ]
INFO: [ app_begin ] --END-- [ RunTime:0.001161s ]
NOTIC: [2048] Declaration of Admin\Model\CommonModel::delete() should be compatible with Think\Model::delete($options = Array) /Applications/MAMP/htdocs/Blog/Apps/Admin/Model/CommonModel.class.php 第 7 行.
SQL: SHOW COLUMNS FROM `article` [ RunTime:0.0180s ]
SQL: SELECT `aid`,`title`,`content`,`plaintxt`,`if_delete`,`cuid`,`cid`,`rnum`,`coverid`,`create_time`,`update_time` FROM `article` WHERE (  if_delete = 0 ) ORDER BY create_time desc  [ RunTime:0.0108s ]
SQL: SELECT COUNT(*) AS tp_count FROM `article` WHERE (  if_delete = 0 ) LIMIT 1   [ RunTime:0.0029s ]
SQL: SHOW COLUMNS FROM `category` [ RunTime:0.0037s ]
NOTIC: [2] Missing argument 3 for Admin\Model\CommonModel::getone(), called in /Applications/MAMP/htdocs/Blog/Apps/Admin/Service/CategoryService.class.php on line 15 and defined /Applications/MAMP/htdocs/Blog/Apps/Admin/Model/CommonModel.class.php 第 35 行.
SQL: SELECT `cname` FROM `category` WHERE `cid` = 1 LIMIT 1   [ RunTime:0.0022s ]

[ 2016-01-27T09:19:15+08:00 ] 127.0.0.1 /Blog/Admin/Users/index
INFO: [ app_init ] --START--
INFO: Run Behavior\BuildLiteBehavior [ RunTime:0.000015s ]
INFO: [ app_init ] --END-- [ RunTime:0.000326s ]
INFO: [ app_begin ] --START--
INFO: Run Behavior\ReadHtmlCacheBehavior [ RunTime:0.000417s ]
INFO: [ app_begin ] --END-- [ RunTime:0.000471s ]
INFO: [ view_parse ] --START--
INFO: [ template_filter ] --START--
INFO: Run Behavior\ContentReplaceBehavior [ RunTime:0.000372s ]
INFO: [ template_filter ] --END-- [ RunTime:0.000671s ]
INFO: Run Behavior\ParseTemplateBehavior [ RunTime:0.024718s ]
INFO: [ view_parse ] --END-- [ RunTime:0.024837s ]
INFO: [ view_filter ] --START--
INFO: Run Behavior\WriteHtmlCacheBehavior [ RunTime:0.000158s ]
INFO: [ view_filter ] --END-- [ RunTime:0.000198s ]
INFO: [ app_end ] --START--
INFO: Run Behavior\ShowPageTraceBehavior [ RunTime:0.000551s ]
INFO: [ app_end ] --END-- [ RunTime:0.000626s ]

[ 2016-01-27T09:19:15+08:00 ] 127.0.0.1 /Blog/Admin/Users/index
INFO: [ app_init ] --START--
INFO: Run Behavior\BuildLiteBehavior [ RunTime:0.000024s ]
INFO: [ app_init ] --END-- [ RunTime:0.000624s ]
INFO: [ app_begin ] --START--
INFO: Run Behavior\ReadHtmlCacheBehavior [ RunTime:0.000462s ]
INFO: [ app_begin ] --END-- [ RunTime:0.000519s ]
INFO: [ view_parse ] --START--
INFO: [ template_filter ] --START--
INFO: Run Behavior\ContentReplaceBehavior [ RunTime:0.000223s ]
INFO: [ template_filter ] --END-- [ RunTime:0.000358s ]
INFO: Run Behavior\ParseTemplateBehavior [ RunTime:0.030035s ]
INFO: [ view_parse ] --END-- [ RunTime:0.030133s ]
INFO: [ view_filter ] --START--
INFO: Run Behavior\WriteHtmlCacheBehavior [ RunTime:0.000723s ]
INFO: [ view_filter ] --END-- [ RunTime:0.000856s ]
INFO: [ app_end ] --START--
INFO: Run Behavior\ShowPageTraceBehavior [ RunTime:0.002181s ]
INFO: [ app_end ] --END-- [ RunTime:0.002534s ]

[ 2016-01-27T09:19:15+08:00 ] 127.0.0.1 /Blog/Admin/Users/getlist
INFO: [ app_init ] --START--
INFO: Run Behavior\BuildLiteBehavior [ RunTime:0.000015s ]
INFO: [ app_init ] --END-- [ RunTime:0.000345s ]
INFO: [ app_begin ] --START--
INFO: Run Behavior\ReadHtmlCacheBehavior [ RunTime:0.000455s ]
INFO: [ app_begin ] --END-- [ RunTime:0.000516s ]
NOTIC: [2048] Declaration of Admin\Model\CommonModel::delete() should be compatible with Think\Model::delete($options = Array) /Applications/MAMP/htdocs/Blog/Apps/Admin/Model/CommonModel.class.php 第 7 行.
SQL: SHOW COLUMNS FROM `users` [ RunTime:0.0014s ]
NOTIC: [2] Missing argument 3 for Admin\Model\CommonModel::getList(), called in /Applications/MAMP/htdocs/Blog/Apps/Admin/Controller/UsersController.class.php on line 21 and defined /Applications/MAMP/htdocs/Blog/Apps/Admin/Model/CommonModel.class.php 第 59 行.
NOTIC: [8] Undefined variable: order /Applications/MAMP/htdocs/Blog/Apps/Admin/Model/CommonModel.class.php 第 71 行.
SQL: SELECT `uid`,`username`,`login_name`,`role`,`password`,`email`,`head`,`gender`,`domain`,`last_login`,`ip`,`if_blacklist`,`if_delete` FROM `users` WHERE `if_delete` = 0 AND `if_blacklist` = 0  [ RunTime:0.0004s ]
SQL: SELECT COUNT(*) AS tp_count FROM `users` WHERE `if_delete` = 0 AND `if_blacklist` = 0 LIMIT 1   [ RunTime:0.0002s ]

[ 2016-01-27T09:19:20+08:00 ] 127.0.0.1 /Blog/Admin/Users/edit?uid=3
INFO: [ app_init ] --START--
INFO: Run Behavior\BuildLiteBehavior [ RunTime:0.000018s ]
INFO: [ app_init ] --END-- [ RunTime:0.000409s ]
INFO: [ app_begin ] --START--
INFO: Run Behavior\ReadHtmlCacheBehavior [ RunTime:0.000511s ]
INFO: [ app_begin ] --END-- [ RunTime:0.000575s ]
NOTIC: [2048] Declaration of Admin\Model\CommonModel::delete() should be compatible with Think\Model::delete($options = Array) /Applications/MAMP/htdocs/Blog/Apps/Admin/Model/CommonModel.class.php 第 7 行.
SQL: SHOW COLUMNS FROM `users` [ RunTime:0.0015s ]
NOTIC: [2] Missing argument 3 for Admin\Model\CommonModel::getone(), called in /Applications/MAMP/htdocs/Blog/Apps/Admin/Controller/UsersController.class.php on line 112 and defined /Applications/MAMP/htdocs/Blog/Apps/Admin/Model/CommonModel.class.php 第 35 行.
SQL: SELECT `uid`,`username`,`login_name`,`role`,`password`,`email`,`head`,`gender`,`domain`,`last_login`,`ip`,`if_blacklist`,`if_delete` FROM `users` WHERE `uid` = 3 LIMIT 1   [ RunTime:0.0004s ]
SQL: SHOW COLUMNS FROM `role` [ RunTime:0.0010s ]
NOTIC: [2] Missing argument 3 for Admin\Model\CommonModel::getone(), called in /Applications/MAMP/htdocs/Blog/Apps/Admin/Controller/UsersController.class.php on line 114 and defined /Applications/MAMP/htdocs/Blog/Apps/Admin/Model/CommonModel.class.php 第 35 行.
SQL: SELECT `rid`,`rolename` FROM `role` WHERE `rid` = 2 LIMIT 1   [ RunTime:0.0002s ]
INFO: [ view_parse ] --START--
INFO: [ template_filter ] --START--
INFO: Run Behavior\ContentReplaceBehavior [ RunTime:0.000171s ]
INFO: [ template_filter ] --END-- [ RunTime:0.000238s ]
INFO: Run Behavior\ParseTemplateBehavior [ RunTime:0.021763s ]
INFO: [ view_parse ] --END-- [ RunTime:0.021834s ]
INFO: [ view_filter ] --START--
INFO: Run Behavior\WriteHtmlCacheBehavior [ RunTime:0.000150s ]
INFO: [ view_filter ] --END-- [ RunTime:0.000196s ]
INFO: [ app_end ] --START--
INFO: Run Behavior\ShowPageTraceBehavior [ RunTime:0.000588s ]
INFO: [ app_end ] --END-- [ RunTime:0.000664s ]

[ 2016-01-27T09:20:11+08:00 ] 127.0.0.1 /Blog/Admin/User/updateHead
INFO: [ app_init ] --START--
INFO: Run Behavior\BuildLiteBehavior [ RunTime:0.000023s ]
INFO: [ app_init ] --END-- [ RunTime:0.000503s ]
INFO: [ app_begin ] --START--
INFO: Run Behavior\ReadHtmlCacheBehavior [ RunTime:0.000594s ]
INFO: [ app_begin ] --END-- [ RunTime:0.000675s ]
ERR: 无法加载控制器:User

[ 2016-01-27T09:20:33+08:00 ] 127.0.0.1 /Blog/Admin/Users/edit?uid=3
INFO: [ app_init ] --START--
INFO: Run Behavior\BuildLiteBehavior [ RunTime:0.000023s ]
INFO: [ app_init ] --END-- [ RunTime:0.000587s ]
INFO: [ app_begin ] --START--
INFO: Run Behavior\ReadHtmlCacheBehavior [ RunTime:0.000618s ]
INFO: [ app_begin ] --END-- [ RunTime:0.000697s ]
NOTIC: [2048] Declaration of Admin\Model\CommonModel::delete() should be compatible with Think\Model::delete($options = Array) /Applications/MAMP/htdocs/Blog/Apps/Admin/Model/CommonModel.class.php 第 7 行.
SQL: SHOW COLUMNS FROM `users` [ RunTime:0.0097s ]
NOTIC: [2] Missing argument 3 for Admin\Model\CommonModel::getone(), called in /Applications/MAMP/htdocs/Blog/Apps/Admin/Controller/UsersController.class.php on line 112 and defined /Applications/MAMP/htdocs/Blog/Apps/Admin/Model/CommonModel.class.php 第 35 行.
SQL: SELECT `uid`,`username`,`login_name`,`role`,`password`,`email`,`head`,`gender`,`domain`,`last_login`,`ip`,`if_blacklist`,`if_delete` FROM `users` WHERE `uid` = 3 LIMIT 1   [ RunTime:0.0006s ]
SQL: SHOW COLUMNS FROM `role` [ RunTime:0.0013s ]
NOTIC: [2] Missing argument 3 for Admin\Model\CommonModel::getone(), called in /Applications/MAMP/htdocs/Blog/Apps/Admin/Controller/UsersController.class.php on line 114 and defined /Applications/MAMP/htdocs/Blog/Apps/Admin/Model/CommonModel.class.php 第 35 行.
SQL: SELECT `rid`,`rolename` FROM `role` WHERE `rid` = 2 LIMIT 1   [ RunTime:0.0016s ]
INFO: [ view_parse ] --START--
INFO: [ template_filter ] --START--
INFO: Run Behavior\ContentReplaceBehavior [ RunTime:0.000197s ]
INFO: [ template_filter ] --END-- [ RunTime:0.000275s ]
INFO: Run Behavior\ParseTemplateBehavior [ RunTime:0.024173s ]
INFO: [ view_parse ] --END-- [ RunTime:0.024260s ]
INFO: [ view_filter ] --START--
INFO: Run Behavior\WriteHtmlCacheBehavior [ RunTime:0.000180s ]
INFO: [ view_filter ] --END-- [ RunTime:0.000239s ]
INFO: [ app_end ] --START--
INFO: Run Behavior\ShowPageTraceBehavior [ RunTime:0.000657s ]
INFO: [ app_end ] --END-- [ RunTime:0.000748s ]

[ 2016-01-27T09:20:43+08:00 ] 127.0.0.1 /Blog/Admin/User/updateHead
INFO: [ app_init ] --START--
INFO: Run Behavior\BuildLiteBehavior [ RunTime:0.000015s ]
INFO: [ app_init ] --END-- [ RunTime:0.000326s ]
INFO: [ app_begin ] --START--
INFO: Run Behavior\ReadHtmlCacheBehavior [ RunTime:0.000412s ]
INFO: [ app_begin ] --END-- [ RunTime:0.000461s ]
ERR: 无法加载控制器:User

[ 2016-01-27T09:21:15+08:00 ] 127.0.0.1 /Blog/Admin/Users/edit?uid=3
INFO: [ app_init ] --START--
INFO: Run Behavior\BuildLiteBehavior [ RunTime:0.000023s ]
INFO: [ app_init ] --END-- [ RunTime:0.000544s ]
INFO: [ app_begin ] --START--
INFO: Run Behavior\ReadHtmlCacheBehavior [ RunTime:0.000651s ]
INFO: [ app_begin ] --END-- [ RunTime:0.000756s ]
NOTIC: [2048] Declaration of Admin\Model\CommonModel::delete() should be compatible with Think\Model::delete($options = Array) /Applications/MAMP/htdocs/Blog/Apps/Admin/Model/CommonModel.class.php 第 7 行.
SQL: SHOW COLUMNS FROM `users` [ RunTime:0.0109s ]
NOTIC: [2] Missing argument 3 for Admin\Model\CommonModel::getone(), called in /Applications/MAMP/htdocs/Blog/Apps/Admin/Controller/UsersController.class.php on line 112 and defined /Applications/MAMP/htdocs/Blog/Apps/Admin/Model/CommonModel.class.php 第 35 行.
SQL: SELECT `uid`,`username`,`login_name`,`role`,`password`,`email`,`head`,`gender`,`domain`,`last_login`,`ip`,`if_blacklist`,`if_delete` FROM `users` WHERE `uid` = 3 LIMIT 1   [ RunTime:0.0005s ]
SQL: SHOW COLUMNS FROM `role` [ RunTime:0.0011s ]
NOTIC: [2] Missing argument 3 for Admin\Model\CommonModel::getone(), called in /Applications/MAMP/htdocs/Blog/Apps/Admin/Controller/UsersController.class.php on line 114 and defined /Applications/MAMP/htdocs/Blog/Apps/Admin/Model/CommonModel.class.php 第 35 行.
SQL: SELECT `rid`,`rolename` FROM `role` WHERE `rid` = 2 LIMIT 1   [ RunTime:0.0016s ]
INFO: [ view_parse ] --START--
INFO: [ template_filter ] --START--
INFO: Run Behavior\ContentReplaceBehavior [ RunTime:0.000247s ]
INFO: [ template_filter ] --END-- [ RunTime:0.000327s ]
INFO: Run Behavior\ParseTemplateBehavior [ RunTime:0.024148s ]
INFO: [ view_parse ] --END-- [ RunTime:0.024235s ]
INFO: [ view_filter ] --START--
INFO: Run Behavior\WriteHtmlCacheBehavior [ RunTime:0.000179s ]
INFO: [ view_filter ] --END-- [ RunTime:0.000231s ]
INFO: [ app_end ] --START--
INFO: Run Behavior\ShowPageTraceBehavior [ RunTime:0.001435s ]
INFO: [ app_end ] --END-- [ RunTime:0.001663s ]

[ 2016-01-27T09:21:30+08:00 ] 127.0.0.1 /Blog/Admin/Users/updateHead
INFO: [ app_init ] --START--
INFO: Run Behavior\BuildLiteBehavior [ RunTime:0.000015s ]
INFO: [ app_init ] --END-- [ RunTime:0.000334s ]
INFO: [ app_begin ] --START--
INFO: Run Behavior\ReadHtmlCacheBehavior [ RunTime:0.000427s ]
INFO: [ app_begin ] --END-- [ RunTime:0.000477s ]
ERR: 非法操作:updateHead

[ 2016-01-27T09:22:27+08:00 ] 127.0.0.1 /Blog/Admin/Users/edit?uid=3
INFO: [ app_init ] --START--
INFO: Run Behavior\BuildLiteBehavior [ RunTime:0.000022s ]
INFO: [ app_init ] --END-- [ RunTime:0.000469s ]
INFO: [ app_begin ] --START--
INFO: Run Behavior\ReadHtmlCacheBehavior [ RunTime:0.000707s ]
INFO: [ app_begin ] --END-- [ RunTime:0.000823s ]
NOTIC: [2048] Declaration of Admin\Model\CommonModel::delete() should be compatible with Think\Model::delete($options = Array) /Applications/MAMP/htdocs/Blog/Apps/Admin/Model/CommonModel.class.php 第 7 行.
SQL: SHOW COLUMNS FROM `users` [ RunTime:0.0125s ]
NOTIC: [2] Missing argument 3 for Admin\Model\CommonModel::getone(), called in /Applications/MAMP/htdocs/Blog/Apps/Admin/Controller/UsersController.class.php on line 112 and defined /Applications/MAMP/htdocs/Blog/Apps/Admin/Model/CommonModel.class.php 第 35 行.
SQL: SELECT `uid`,`username`,`login_name`,`role`,`password`,`email`,`head`,`gender`,`domain`,`last_login`,`ip`,`if_blacklist`,`if_delete` FROM `users` WHERE `uid` = 3 LIMIT 1   [ RunTime:0.0012s ]
SQL: SHOW COLUMNS FROM `role` [ RunTime:0.0036s ]
NOTIC: [2] Missing argument 3 for Admin\Model\CommonModel::getone(), called in /Applications/MAMP/htdocs/Blog/Apps/Admin/Controller/UsersController.class.php on line 114 and defined /Applications/MAMP/htdocs/Blog/Apps/Admin/Model/CommonModel.class.php 第 35 行.
SQL: SELECT `rid`,`rolename` FROM `role` WHERE `rid` = 2 LIMIT 1   [ RunTime:0.0002s ]
INFO: [ view_parse ] --START--
INFO: [ template_filter ] --START--
INFO: Run Behavior\ContentReplaceBehavior [ RunTime:0.000157s ]
INFO: [ template_filter ] --END-- [ RunTime:0.000240s ]
INFO: Run Behavior\ParseTemplateBehavior [ RunTime:0.025449s ]
INFO: [ view_parse ] --END-- [ RunTime:0.025514s ]
INFO: [ view_filter ] --START--
INFO: Run Behavior\WriteHtmlCacheBehavior [ RunTime:0.000170s ]
INFO: [ view_filter ] --END-- [ RunTime:0.000221s ]
INFO: [ app_end ] --START--
INFO: Run Behavior\ShowPageTraceBehavior [ RunTime:0.000729s ]
INFO: [ app_end ] --END-- [ RunTime:0.000895s ]

[ 2016-01-27T09:22:39+08:00 ] 127.0.0.1 /Blog/Admin/Users/updateHead
INFO: [ app_init ] --START--
INFO: Run Behavior\BuildLiteBehavior [ RunTime:0.000022s ]
INFO: [ app_init ] --END-- [ RunTime:0.000465s ]
INFO: [ app_begin ] --START--
INFO: Run Behavior\ReadHtmlCacheBehavior [ RunTime:0.000555s ]
INFO: [ app_begin ] --END-- [ RunTime:0.000626s ]

[ 2016-01-27T09:31:35+08:00 ] 127.0.0.1 /Blog/Admin/Users/edit?uid=3
INFO: [ app_init ] --START--
INFO: Run Behavior\BuildLiteBehavior [ RunTime:0.000022s ]
INFO: [ app_init ] --END-- [ RunTime:0.000449s ]
INFO: [ app_begin ] --START--
INFO: Run Behavior\ReadHtmlCacheBehavior [ RunTime:0.000625s ]
INFO: [ app_begin ] --END-- [ RunTime:0.000721s ]
NOTIC: [2048] Declaration of Admin\Model\CommonModel::delete() should be compatible with Think\Model::delete($options = Array) /Applications/MAMP/htdocs/Blog/Apps/Admin/Model/CommonModel.class.php 第 7 行.
SQL: SHOW COLUMNS FROM `users` [ RunTime:0.0096s ]
NOTIC: [2] Missing argument 3 for Admin\Model\CommonModel::getone(), called in /Applications/MAMP/htdocs/Blog/Apps/Admin/Controller/UsersController.class.php on line 112 and defined /Applications/MAMP/htdocs/Blog/Apps/Admin/Model/CommonModel.class.php 第 35 行.
SQL: SELECT `uid`,`username`,`login_name`,`role`,`password`,`email`,`head`,`gender`,`domain`,`last_login`,`ip`,`if_blacklist`,`if_delete` FROM `users` WHERE `uid` = 3 LIMIT 1   [ RunTime:0.0011s ]
SQL: SHOW COLUMNS FROM `role` [ RunTime:0.0025s ]
NOTIC: [2] Missing argument 3 for Admin\Model\CommonModel::getone(), called in /Applications/MAMP/htdocs/Blog/Apps/Admin/Controller/UsersController.class.php on line 114 and defined /Applications/MAMP/htdocs/Blog/Apps/Admin/Model/CommonModel.class.php 第 35 行.
SQL: SELECT `rid`,`rolename` FROM `role` WHERE `rid` = 2 LIMIT 1   [ RunTime:0.0008s ]
INFO: [ view_parse ] --START--
INFO: [ template_filter ] --START--
INFO: Run Behavior\ContentReplaceBehavior [ RunTime:0.000089s ]
INFO: [ template_filter ] --END-- [ RunTime:0.000154s ]
INFO: Run Behavior\ParseTemplateBehavior [ RunTime:0.021066s ]
INFO: [ view_parse ] --END-- [ RunTime:0.021144s ]
INFO: [ view_filter ] --START--
INFO: Run Behavior\WriteHtmlCacheBehavior [ RunTime:0.000151s ]
INFO: [ view_filter ] --END-- [ RunTime:0.000196s ]
INFO: [ app_end ] --START--
INFO: Run Behavior\ShowPageTraceBehavior [ RunTime:0.000538s ]
INFO: [ app_end ] --END-- [ RunTime:0.000612s ]

[ 2016-01-27T09:31:48+08:00 ] 127.0.0.1 /Blog/Admin/Users/updateHead
INFO: [ app_init ] --START--
INFO: Run Behavior\BuildLiteBehavior [ RunTime:0.000026s ]
INFO: [ app_init ] --END-- [ RunTime:0.000659s ]
INFO: [ app_begin ] --START--
INFO: Run Behavior\ReadHtmlCacheBehavior [ RunTime:0.000676s ]
INFO: [ app_begin ] --END-- [ RunTime:0.000778s ]
NOTIC: [8] Undefined variable: _FILE /Applications/MAMP/htdocs/Blog/Apps/Admin/Controller/UsersController.class.php 第 149 行.

[ 2016-01-27T09:32:26+08:00 ] 127.0.0.1 /Blog/Admin/Users/edit?uid=3
INFO: [ app_init ] --START--
INFO: Run Behavior\BuildLiteBehavior [ RunTime:0.000017s ]
INFO: [ app_init ] --END-- [ RunTime:0.000361s ]
INFO: [ app_begin ] --START--
INFO: Run Behavior\ReadHtmlCacheBehavior [ RunTime:0.000462s ]
INFO: [ app_begin ] --END-- [ RunTime:0.000520s ]
NOTIC: [2048] Declaration of Admin\Model\CommonModel::delete() should be compatible with Think\Model::delete($options = Array) /Applications/MAMP/htdocs/Blog/Apps/Admin/Model/CommonModel.class.php 第 7 行.
SQL: SHOW COLUMNS FROM `users` [ RunTime:0.0111s ]
NOTIC: [2] Missing argument 3 for Admin\Model\CommonModel::getone(), called in /Applications/MAMP/htdocs/Blog/Apps/Admin/Controller/UsersController.class.php on line 112 and defined /Applications/MAMP/htdocs/Blog/Apps/Admin/Model/CommonModel.class.php 第 35 行.
SQL: SELECT `uid`,`username`,`login_name`,`role`,`password`,`email`,`head`,`gender`,`domain`,`last_login`,`ip`,`if_blacklist`,`if_delete` FROM `users` WHERE `uid` = 3 LIMIT 1   [ RunTime:0.0011s ]
SQL: SHOW COLUMNS FROM `role` [ RunTime:0.0012s ]
NOTIC: [2] Missing argument 3 for Admin\Model\CommonModel::getone(), called in /Applications/MAMP/htdocs/Blog/Apps/Admin/Controller/UsersController.class.php on line 114 and defined /Applications/MAMP/htdocs/Blog/Apps/Admin/Model/CommonModel.class.php 第 35 行.
SQL: SELECT `rid`,`rolename` FROM `role` WHERE `rid` = 2 LIMIT 1   [ RunTime:0.0003s ]
INFO: [ view_parse ] --START--
INFO: [ template_filter ] --START--
INFO: Run Behavior\ContentReplaceBehavior [ RunTime:0.000095s ]
INFO: [ template_filter ] --END-- [ RunTime:0.000169s ]
INFO: Run Behavior\ParseTemplateBehavior [ RunTime:0.024534s ]
INFO: [ view_parse ] --END-- [ RunTime:0.024598s ]
INFO: [ view_filter ] --START--
INFO: Run Behavior\WriteHtmlCacheBehavior [ RunTime:0.000176s ]
INFO: [ view_filter ] --END-- [ RunTime:0.000231s ]
INFO: [ app_end ] --START--
INFO: Run Behavior\ShowPageTraceBehavior [ RunTime:0.000776s ]
INFO: [ app_end ] --END-- [ RunTime:0.000932s ]

[ 2016-01-27T09:32:37+08:00 ] 127.0.0.1 /Blog/Admin/Users/updateHead
INFO: [ app_init ] --START--
INFO: Run Behavior\BuildLiteBehavior [ RunTime:0.000020s ]
INFO: [ app_init ] --END-- [ RunTime:0.000547s ]
INFO: [ app_begin ] --START--
INFO: Run Behavior\ReadHtmlCacheBehavior [ RunTime:0.000519s ]
INFO: [ app_begin ] --END-- [ RunTime:0.000579s ]

