[ 2016-01-26T10:08:23+08:00 ] 127.0.0.1 /Blog/Admin/System/index
INFO: [ app_init ] --START--
INFO: Run Behavior\BuildLiteBehavior [ RunTime:0.000328s ]
INFO: [ app_init ] --END-- [ RunTime:0.001851s ]
INFO: [ app_begin ] --START--
INFO: Run Behavior\ReadHtmlCacheBehavior [ RunTime:0.001428s ]
INFO: [ app_begin ] --END-- [ RunTime:0.001602s ]

[ 2016-01-26T10:08:23+08:00 ] 127.0.0.1 /Blog/Admin/Login/login
INFO: [ app_init ] --START--
INFO: Run Behavior\BuildLiteBehavior [ RunTime:0.000015s ]
INFO: [ app_init ] --END-- [ RunTime:0.000321s ]
INFO: [ app_begin ] --START--
INFO: Run Behavior\ReadHtmlCacheBehavior [ RunTime:0.000412s ]
INFO: [ app_begin ] --END-- [ RunTime:0.000464s ]
INFO: [ view_parse ] --START--
INFO: [ template_filter ] --START--
INFO: Run Behavior\ContentReplaceBehavior [ RunTime:0.000090s ]
INFO: [ template_filter ] --END-- [ RunTime:0.000185s ]
INFO: Run Behavior\ParseTemplateBehavior [ RunTime:0.013013s ]
INFO: [ view_parse ] --END-- [ RunTime:0.013112s ]
INFO: [ view_filter ] --START--
INFO: Run Behavior\WriteHtmlCacheBehavior [ RunTime:0.000806s ]
INFO: [ view_filter ] --END-- [ RunTime:0.000891s ]
INFO: [ app_end ] --START--
INFO: Run Behavior\ShowPageTraceBehavior [ RunTime:0.000988s ]
INFO: [ app_end ] --END-- [ RunTime:0.001075s ]

[ 2016-01-26T10:08:23+08:00 ] 127.0.0.1 /Blog/Admin/Login/verify
INFO: [ app_init ] --START--
INFO: Run Behavior\BuildLiteBehavior [ RunTime:0.000033s ]
INFO: [ app_init ] --END-- [ RunTime:0.000709s ]
INFO: [ app_begin ] --START--
INFO: Run Behavior\ReadHtmlCacheBehavior [ RunTime:0.000849s ]
INFO: [ app_begin ] --END-- [ RunTime:0.000969s ]
NOTIC: [8] A non well formed numeric value encountered /Applications/MAMP/htdocs/Blog/ThinkPHP/Library/Think/Verify.class.php 第 166 行.
NOTIC: [8] A non well formed numeric value encountered /Applications/MAMP/htdocs/Blog/ThinkPHP/Library/Think/Verify.class.php 第 166 行.
NOTIC: [8] A non well formed numeric value encountered /Applications/MAMP/htdocs/Blog/ThinkPHP/Library/Think/Verify.class.php 第 166 行.
NOTIC: [8] A non well formed numeric value encountered /Applications/MAMP/htdocs/Blog/ThinkPHP/Library/Think/Verify.class.php 第 166 行.
INFO: [ app_end ] --START--
INFO: Run Behavior\ShowPageTraceBehavior [ RunTime:0.000626s ]
INFO: [ app_end ] --END-- [ RunTime:0.000727s ]

[ 2016-01-26T10:08:38+08:00 ] 127.0.0.1 /Blog/Admin/Login/loginHandle
INFO: [ app_init ] --START--
INFO: Run Behavior\BuildLiteBehavior [ RunTime:0.000021s ]
INFO: [ app_init ] --END-- [ RunTime:0.000424s ]
INFO: [ app_begin ] --START--
INFO: Run Behavior\ReadHtmlCacheBehavior [ RunTime:0.000475s ]
INFO: [ app_begin ] --END-- [ RunTime:0.000557s ]
NOTIC: [2048] Declaration of Admin\Model\CommonModel::delete() should be compatible with Think\Model::delete($options = Array) /Applications/MAMP/htdocs/Blog/Apps/Admin/Model/CommonModel.class.php 第 7 行.
SQL: SHOW COLUMNS FROM `users` [ RunTime:0.0038s ]
NOTIC: [2] Missing argument 3 for Admin\Model\CommonModel::getone(), called in /Applications/MAMP/htdocs/Blog/Apps/Admin/Model/UsersModel.class.php on line 37 and defined /Applications/MAMP/htdocs/Blog/Apps/Admin/Model/CommonModel.class.php 第 35 行.
SQL: SELECT `uid`,`username`,`login_name`,`role`,`password`,`email`,`head`,`gender`,`domain`,`last_login`,`ip`,`if_blacklist`,`if_delete` FROM `users` WHERE `login_name` = 'admin' LIMIT 1   [ RunTime:0.0024s ]
SQL: UPDATE `users` SET `last_login`='2016-01-26 10:08:38',`ip`='127.0.0.1' WHERE `uid` = 2 [ RunTime:0.0006s ]
NOTIC: [8] A non well formed numeric value encountered /Applications/MAMP/htdocs/Blog/Apps/Admin/Model/UsersModel.class.php 第 57 行.

[ 2016-01-26T10:08:38+08:00 ] 127.0.0.1 /Blog/Admin/Index/index
INFO: [ app_init ] --START--
INFO: Run Behavior\BuildLiteBehavior [ RunTime:0.000026s ]
INFO: [ app_init ] --END-- [ RunTime:0.000648s ]
INFO: [ app_begin ] --START--
INFO: Run Behavior\ReadHtmlCacheBehavior [ RunTime:0.001318s ]
INFO: [ app_begin ] --END-- [ RunTime:0.001489s ]
NOTIC: [2048] Declaration of Admin\Model\CommonModel::delete() should be compatible with Think\Model::delete($options = Array) /Applications/MAMP/htdocs/Blog/Apps/Admin/Model/CommonModel.class.php 第 7 行.
SQL: SHOW COLUMNS FROM `article` [ RunTime:0.0027s ]
SQL: SELECT COUNT(*) AS tp_count FROM `article` WHERE `if_delete` = 0 LIMIT 1   [ RunTime:0.0010s ]
SQL: SHOW COLUMNS FROM `users` [ RunTime:0.0014s ]
SQL: SELECT COUNT(*) AS tp_count FROM `users` WHERE `if_delete` = 0 AND `if_blacklist` = 0 LIMIT 1   [ RunTime:0.0004s ]
INFO: [ view_parse ] --START--
INFO: [ template_filter ] --START--
INFO: Run Behavior\ContentReplaceBehavior [ RunTime:0.000107s ]
INFO: [ template_filter ] --END-- [ RunTime:0.000190s ]
INFO: Run Behavior\ParseTemplateBehavior [ RunTime:0.043092s ]
INFO: [ view_parse ] --END-- [ RunTime:0.043297s ]
INFO: [ view_filter ] --START--
INFO: Run Behavior\WriteHtmlCacheBehavior [ RunTime:0.000493s ]
INFO: [ view_filter ] --END-- [ RunTime:0.000628s ]
INFO: [ app_end ] --START--
INFO: Run Behavior\ShowPageTraceBehavior [ RunTime:0.000985s ]
INFO: [ app_end ] --END-- [ RunTime:0.001119s ]

[ 2016-01-26T19:20:47+08:00 ] 127.0.0.1 /Blog/Admin/System/index
INFO: [ app_init ] --START--
INFO: Run Behavior\BuildLiteBehavior [ RunTime:0.000022s ]
INFO: [ app_init ] --END-- [ RunTime:0.001119s ]
INFO: [ app_begin ] --START--
INFO: Run Behavior\ReadHtmlCacheBehavior [ RunTime:0.001231s ]
INFO: [ app_begin ] --END-- [ RunTime:0.001356s ]
SQL: SHOW COLUMNS FROM `system` [ RunTime:0.0051s ]
SQL: SELECT * FROM `system` WHERE ( 1 ) LIMIT 1   [ RunTime:0.0009s ]
INFO: [ view_parse ] --START--
INFO: [ template_filter ] --START--
INFO: Run Behavior\ContentReplaceBehavior [ RunTime:0.000166s ]
INFO: [ template_filter ] --END-- [ RunTime:0.000247s ]
INFO: Run Behavior\ParseTemplateBehavior [ RunTime:0.026417s ]
INFO: [ view_parse ] --END-- [ RunTime:0.026498s ]
INFO: [ view_filter ] --START--
INFO: Run Behavior\WriteHtmlCacheBehavior [ RunTime:0.000488s ]
INFO: [ view_filter ] --END-- [ RunTime:0.000552s ]
INFO: [ app_end ] --START--
INFO: Run Behavior\ShowPageTraceBehavior [ RunTime:0.001145s ]
INFO: [ app_end ] --END-- [ RunTime:0.001272s ]

[ 2016-01-26T19:20:49+08:00 ] 127.0.0.1 /Blog/Admin/Users/index
INFO: [ app_init ] --START--
INFO: Run Behavior\BuildLiteBehavior [ RunTime:0.000017s ]
INFO: [ app_init ] --END-- [ RunTime:0.000393s ]
INFO: [ app_begin ] --START--
INFO: Run Behavior\ReadHtmlCacheBehavior [ RunTime:0.000841s ]
INFO: [ app_begin ] --END-- [ RunTime:0.000935s ]
INFO: [ view_parse ] --START--
INFO: [ template_filter ] --START--
INFO: Run Behavior\ContentReplaceBehavior [ RunTime:0.000331s ]
INFO: [ template_filter ] --END-- [ RunTime:0.000541s ]
INFO: Run Behavior\ParseTemplateBehavior [ RunTime:0.036074s ]
INFO: [ view_parse ] --END-- [ RunTime:0.036431s ]
INFO: [ view_filter ] --START--
INFO: Run Behavior\WriteHtmlCacheBehavior [ RunTime:0.000594s ]
INFO: [ view_filter ] --END-- [ RunTime:0.000724s ]
INFO: [ app_end ] --START--
INFO: Run Behavior\ShowPageTraceBehavior [ RunTime:0.003263s ]
INFO: [ app_end ] --END-- [ RunTime:0.003608s ]

[ 2016-01-26T19:20:49+08:00 ] 127.0.0.1 /Blog/Admin/Users/index
INFO: [ app_init ] --START--
INFO: Run Behavior\BuildLiteBehavior [ RunTime:0.000061s ]
INFO: [ app_init ] --END-- [ RunTime:0.001105s ]
INFO: [ app_begin ] --START--
INFO: Run Behavior\ReadHtmlCacheBehavior [ RunTime:0.001923s ]
INFO: [ app_begin ] --END-- [ RunTime:0.002424s ]
INFO: [ view_parse ] --START--
INFO: [ template_filter ] --START--
INFO: Run Behavior\ContentReplaceBehavior [ RunTime:0.000238s ]
INFO: [ template_filter ] --END-- [ RunTime:0.000459s ]
INFO: Run Behavior\ParseTemplateBehavior [ RunTime:0.033061s ]
INFO: [ view_parse ] --END-- [ RunTime:0.033255s ]
INFO: [ view_filter ] --START--
INFO: Run Behavior\WriteHtmlCacheBehavior [ RunTime:0.000232s ]
INFO: [ view_filter ] --END-- [ RunTime:0.000282s ]
INFO: [ app_end ] --START--
INFO: Run Behavior\ShowPageTraceBehavior [ RunTime:0.001216s ]
INFO: [ app_end ] --END-- [ RunTime:0.001463s ]

[ 2016-01-26T19:20:50+08:00 ] 127.0.0.1 /Blog/Admin/Users/getlist
INFO: [ app_init ] --START--
INFO: Run Behavior\BuildLiteBehavior [ RunTime:0.000019s ]
INFO: [ app_init ] --END-- [ RunTime:0.000419s ]
INFO: [ app_begin ] --START--
INFO: Run Behavior\ReadHtmlCacheBehavior [ RunTime:0.000793s ]
INFO: [ app_begin ] --END-- [ RunTime:0.000890s ]
NOTIC: [2048] Declaration of Admin\Model\CommonModel::delete() should be compatible with Think\Model::delete($options = Array) /Applications/MAMP/htdocs/Blog/Apps/Admin/Model/CommonModel.class.php 第 7 行.
SQL: SHOW COLUMNS FROM `users` [ RunTime:0.0014s ]
NOTIC: [2] Missing argument 3 for Admin\Model\CommonModel::getList(), called in /Applications/MAMP/htdocs/Blog/Apps/Admin/Controller/UsersController.class.php on line 21 and defined /Applications/MAMP/htdocs/Blog/Apps/Admin/Model/CommonModel.class.php 第 59 行.
NOTIC: [8] Undefined variable: order /Applications/MAMP/htdocs/Blog/Apps/Admin/Model/CommonModel.class.php 第 71 行.
SQL: SELECT `uid`,`username`,`login_name`,`role`,`password`,`email`,`head`,`gender`,`domain`,`last_login`,`ip`,`if_blacklist`,`if_delete` FROM `users` WHERE `if_delete` = 0 AND `if_blacklist` = 0  [ RunTime:0.0010s ]
SQL: SELECT COUNT(*) AS tp_count FROM `users` WHERE `if_delete` = 0 AND `if_blacklist` = 0 LIMIT 1   [ RunTime:0.0007s ]

[ 2016-01-26T19:20:52+08:00 ] 127.0.0.1 /Blog/Admin/Users/edit?uid=3
INFO: [ app_init ] --START--
INFO: Run Behavior\BuildLiteBehavior [ RunTime:0.000077s ]
INFO: [ app_init ] --END-- [ RunTime:0.001596s ]
INFO: [ app_begin ] --START--
INFO: Run Behavior\ReadHtmlCacheBehavior [ RunTime:0.001394s ]
INFO: [ app_begin ] --END-- [ RunTime:0.001528s ]
NOTIC: [2048] Declaration of Admin\Model\CommonModel::delete() should be compatible with Think\Model::delete($options = Array) /Applications/MAMP/htdocs/Blog/Apps/Admin/Model/CommonModel.class.php 第 7 行.
SQL: SHOW COLUMNS FROM `users` [ RunTime:0.0092s ]
NOTIC: [2] Missing argument 3 for Admin\Model\CommonModel::getone(), called in /Applications/MAMP/htdocs/Blog/Apps/Admin/Controller/UsersController.class.php on line 112 and defined /Applications/MAMP/htdocs/Blog/Apps/Admin/Model/CommonModel.class.php 第 35 行.
SQL: SELECT `uid`,`username`,`login_name`,`role`,`password`,`email`,`head`,`gender`,`domain`,`last_login`,`ip`,`if_blacklist`,`if_delete` FROM `users` WHERE `uid` = 3 LIMIT 1   [ RunTime:0.0017s ]
SQL: SHOW COLUMNS FROM `role` [ RunTime:0.0027s ]
NOTIC: [2] Missing argument 3 for Admin\Model\CommonModel::getone(), called in /Applications/MAMP/htdocs/Blog/Apps/Admin/Controller/UsersController.class.php on line 114 and defined /Applications/MAMP/htdocs/Blog/Apps/Admin/Model/CommonModel.class.php 第 35 行.
SQL: SELECT `rid`,`rolename` FROM `role` WHERE `rid` = 2 LIMIT 1   [ RunTime:0.0003s ]
INFO: [ view_parse ] --START--
INFO: [ template_filter ] --START--
INFO: Run Behavior\ContentReplaceBehavior [ RunTime:0.000133s ]
INFO: [ template_filter ] --END-- [ RunTime:0.000226s ]
INFO: Run Behavior\ParseTemplateBehavior [ RunTime:0.020752s ]
INFO: [ view_parse ] --END-- [ RunTime:0.020811s ]
INFO: [ view_filter ] --START--
INFO: Run Behavior\WriteHtmlCacheBehavior [ RunTime:0.000151s ]
INFO: [ view_filter ] --END-- [ RunTime:0.000199s ]
INFO: [ app_end ] --START--
INFO: Run Behavior\ShowPageTraceBehavior [ RunTime:0.000628s ]
INFO: [ app_end ] --END-- [ RunTime:0.000719s ]

[ 2016-01-26T19:30:05+08:00 ] 127.0.0.1 /Blog/Admin/Users/edit?uid=3
INFO: [ app_init ] --START--
INFO: Run Behavior\BuildLiteBehavior [ RunTime:0.000025s ]
INFO: [ app_init ] --END-- [ RunTime:0.000805s ]
INFO: [ app_begin ] --START--
INFO: Run Behavior\ReadHtmlCacheBehavior [ RunTime:0.001117s ]
INFO: [ app_begin ] --END-- [ RunTime:0.001231s ]
NOTIC: [2048] Declaration of Admin\Model\CommonModel::delete() should be compatible with Think\Model::delete($options = Array) /Applications/MAMP/htdocs/Blog/Apps/Admin/Model/CommonModel.class.php 第 7 行.
SQL: SHOW COLUMNS FROM `users` [ RunTime:0.0017s ]
NOTIC: [2] Missing argument 3 for Admin\Model\CommonModel::getone(), called in /Applications/MAMP/htdocs/Blog/Apps/Admin/Controller/UsersController.class.php on line 112 and defined /Applications/MAMP/htdocs/Blog/Apps/Admin/Model/CommonModel.class.php 第 35 行.
SQL: SELECT `uid`,`username`,`login_name`,`role`,`password`,`email`,`head`,`gender`,`domain`,`last_login`,`ip`,`if_blacklist`,`if_delete` FROM `users` WHERE `uid` = 3 LIMIT 1   [ RunTime:0.0005s ]
SQL: SHOW COLUMNS FROM `role` [ RunTime:0.0011s ]
NOTIC: [2] Missing argument 3 for Admin\Model\CommonModel::getone(), called in /Applications/MAMP/htdocs/Blog/Apps/Admin/Controller/UsersController.class.php on line 114 and defined /Applications/MAMP/htdocs/Blog/Apps/Admin/Model/CommonModel.class.php 第 35 行.
SQL: SELECT `rid`,`rolename` FROM `role` WHERE `rid` = 2 LIMIT 1   [ RunTime:0.0003s ]
INFO: [ view_parse ] --START--
INFO: [ template_filter ] --START--
INFO: Run Behavior\ContentReplaceBehavior [ RunTime:0.000174s ]
INFO: [ template_filter ] --END-- [ RunTime:0.000267s ]
INFO: Run Behavior\ParseTemplateBehavior [ RunTime:0.024717s ]
INFO: [ view_parse ] --END-- [ RunTime:0.024802s ]
INFO: [ view_filter ] --START--
INFO: Run Behavior\WriteHtmlCacheBehavior [ RunTime:0.000799s ]
INFO: [ view_filter ] --END-- [ RunTime:0.000922s ]
INFO: [ app_end ] --START--
INFO: Run Behavior\ShowPageTraceBehavior [ RunTime:0.001325s ]
INFO: [ app_end ] --END-- [ RunTime:0.001434s ]

[ 2016-01-26T19:31:51+08:00 ] 127.0.0.1 /Blog/Admin/Users/edit?uid=3
INFO: [ app_init ] --START--
INFO: Run Behavior\BuildLiteBehavior [ RunTime:0.000019s ]
INFO: [ app_init ] --END-- [ RunTime:0.000524s ]
INFO: [ app_begin ] --START--
INFO: Run Behavior\ReadHtmlCacheBehavior [ RunTime:0.000910s ]
INFO: [ app_begin ] --END-- [ RunTime:0.001037s ]
NOTIC: [2048] Declaration of Admin\Model\CommonModel::delete() should be compatible with Think\Model::delete($options = Array) /Applications/MAMP/htdocs/Blog/Apps/Admin/Model/CommonModel.class.php 第 7 行.
SQL: SHOW COLUMNS FROM `users` [ RunTime:0.0096s ]
NOTIC: [2] Missing argument 3 for Admin\Model\CommonModel::getone(), called in /Applications/MAMP/htdocs/Blog/Apps/Admin/Controller/UsersController.class.php on line 112 and defined /Applications/MAMP/htdocs/Blog/Apps/Admin/Model/CommonModel.class.php 第 35 行.
SQL: SELECT `uid`,`username`,`login_name`,`role`,`password`,`email`,`head`,`gender`,`domain`,`last_login`,`ip`,`if_blacklist`,`if_delete` FROM `users` WHERE `uid` = 3 LIMIT 1   [ RunTime:0.0004s ]
SQL: SHOW COLUMNS FROM `role` [ RunTime:0.0012s ]
NOTIC: [2] Missing argument 3 for Admin\Model\CommonModel::getone(), called in /Applications/MAMP/htdocs/Blog/Apps/Admin/Controller/UsersController.class.php on line 114 and defined /Applications/MAMP/htdocs/Blog/Apps/Admin/Model/CommonModel.class.php 第 35 行.
SQL: SELECT `rid`,`rolename` FROM `role` WHERE `rid` = 2 LIMIT 1   [ RunTime:0.0002s ]
INFO: [ view_parse ] --START--
INFO: [ template_filter ] --START--
INFO: Run Behavior\ContentReplaceBehavior [ RunTime:0.000131s ]
INFO: [ template_filter ] --END-- [ RunTime:0.000206s ]
INFO: Run Behavior\ParseTemplateBehavior [ RunTime:0.023974s ]
INFO: [ view_parse ] --END-- [ RunTime:0.024048s ]
INFO: [ view_filter ] --START--
INFO: Run Behavior\WriteHtmlCacheBehavior [ RunTime:0.000164s ]
INFO: [ view_filter ] --END-- [ RunTime:0.000213s ]
INFO: [ app_end ] --START--
INFO: Run Behavior\ShowPageTraceBehavior [ RunTime:0.000641s ]
INFO: [ app_end ] --END-- [ RunTime:0.000721s ]

[ 2016-01-26T19:32:00+08:00 ] 127.0.0.1 /Blog/Admin/Users/edit?uid=3
INFO: [ app_init ] --START--
INFO: Run Behavior\BuildLiteBehavior [ RunTime:0.000024s ]
INFO: [ app_init ] --END-- [ RunTime:0.000557s ]
INFO: [ app_begin ] --START--
INFO: Run Behavior\ReadHtmlCacheBehavior [ RunTime:0.000552s ]
INFO: [ app_begin ] --END-- [ RunTime:0.000636s ]
NOTIC: [2048] Declaration of Admin\Model\CommonModel::delete() should be compatible with Think\Model::delete($options = Array) /Applications/MAMP/htdocs/Blog/Apps/Admin/Model/CommonModel.class.php 第 7 行.
SQL: SHOW COLUMNS FROM `users` [ RunTime:0.0091s ]
NOTIC: [2] Missing argument 3 for Admin\Model\CommonModel::getone(), called in /Applications/MAMP/htdocs/Blog/Apps/Admin/Controller/UsersController.class.php on line 112 and defined /Applications/MAMP/htdocs/Blog/Apps/Admin/Model/CommonModel.class.php 第 35 行.
SQL: SELECT `uid`,`username`,`login_name`,`role`,`password`,`email`,`head`,`gender`,`domain`,`last_login`,`ip`,`if_blacklist`,`if_delete` FROM `users` WHERE `uid` = 3 LIMIT 1   [ RunTime:0.0004s ]
SQL: SHOW COLUMNS FROM `role` [ RunTime:0.0011s ]
NOTIC: [2] Missing argument 3 for Admin\Model\CommonModel::getone(), called in /Applications/MAMP/htdocs/Blog/Apps/Admin/Controller/UsersController.class.php on line 114 and defined /Applications/MAMP/htdocs/Blog/Apps/Admin/Model/CommonModel.class.php 第 35 行.
SQL: SELECT `rid`,`rolename` FROM `role` WHERE `rid` = 2 LIMIT 1   [ RunTime:0.0003s ]
INFO: [ view_parse ] --START--
INFO: [ template_filter ] --START--
INFO: Run Behavior\ContentReplaceBehavior [ RunTime:0.000092s ]
INFO: [ template_filter ] --END-- [ RunTime:0.000160s ]
INFO: Run Behavior\ParseTemplateBehavior [ RunTime:0.022516s ]
INFO: [ view_parse ] --END-- [ RunTime:0.022629s ]
INFO: [ view_filter ] --START--
INFO: Run Behavior\WriteHtmlCacheBehavior [ RunTime:0.000718s ]
INFO: [ view_filter ] --END-- [ RunTime:0.000864s ]
INFO: [ app_end ] --START--
INFO: Run Behavior\ShowPageTraceBehavior [ RunTime:0.000966s ]
INFO: [ app_end ] --END-- [ RunTime:0.001083s ]

[ 2016-01-26T19:32:47+08:00 ] 127.0.0.1 /Blog/Admin/Users/edit?uid=3
INFO: [ app_init ] --START--
INFO: Run Behavior\BuildLiteBehavior [ RunTime:0.000021s ]
INFO: [ app_init ] --END-- [ RunTime:0.000547s ]
INFO: [ app_begin ] --START--
INFO: Run Behavior\ReadHtmlCacheBehavior [ RunTime:0.000704s ]
INFO: [ app_begin ] --END-- [ RunTime:0.000795s ]
NOTIC: [2048] Declaration of Admin\Model\CommonModel::delete() should be compatible with Think\Model::delete($options = Array) /Applications/MAMP/htdocs/Blog/Apps/Admin/Model/CommonModel.class.php 第 7 行.
SQL: SHOW COLUMNS FROM `users` [ RunTime:0.0098s ]
NOTIC: [2] Missing argument 3 for Admin\Model\CommonModel::getone(), called in /Applications/MAMP/htdocs/Blog/Apps/Admin/Controller/UsersController.class.php on line 112 and defined /Applications/MAMP/htdocs/Blog/Apps/Admin/Model/CommonModel.class.php 第 35 行.
SQL: SELECT `uid`,`username`,`login_name`,`role`,`password`,`email`,`head`,`gender`,`domain`,`last_login`,`ip`,`if_blacklist`,`if_delete` FROM `users` WHERE `uid` = 3 LIMIT 1   [ RunTime:0.0004s ]
SQL: SHOW COLUMNS FROM `role` [ RunTime:0.0013s ]
NOTIC: [2] Missing argument 3 for Admin\Model\CommonModel::getone(), called in /Applications/MAMP/htdocs/Blog/Apps/Admin/Controller/UsersController.class.php on line 114 and defined /Applications/MAMP/htdocs/Blog/Apps/Admin/Model/CommonModel.class.php 第 35 行.
SQL: SELECT `rid`,`rolename` FROM `role` WHERE `rid` = 2 LIMIT 1   [ RunTime:0.0002s ]
INFO: [ view_parse ] --START--
INFO: [ template_filter ] --START--
INFO: Run Behavior\ContentReplaceBehavior [ RunTime:0.000121s ]
INFO: [ template_filter ] --END-- [ RunTime:0.000195s ]
INFO: Run Behavior\ParseTemplateBehavior [ RunTime:0.020865s ]
INFO: [ view_parse ] --END-- [ RunTime:0.020926s ]
INFO: [ view_filter ] --START--
INFO: Run Behavior\WriteHtmlCacheBehavior [ RunTime:0.000160s ]
INFO: [ view_filter ] --END-- [ RunTime:0.000205s ]
INFO: [ app_end ] --START--
INFO: Run Behavior\ShowPageTraceBehavior [ RunTime:0.000562s ]
INFO: [ app_end ] --END-- [ RunTime:0.000643s ]

[ 2016-01-26T19:33:01+08:00 ] 127.0.0.1 /Blog/Admin/Users/edit?uid=3
INFO: [ app_init ] --START--
INFO: Run Behavior\BuildLiteBehavior [ RunTime:0.000055s ]
INFO: [ app_init ] --END-- [ RunTime:0.001288s ]
INFO: [ app_begin ] --START--
INFO: Run Behavior\ReadHtmlCacheBehavior [ RunTime:0.000763s ]
INFO: [ app_begin ] --END-- [ RunTime:0.000872s ]
NOTIC: [2048] Declaration of Admin\Model\CommonModel::delete() should be compatible with Think\Model::delete($options = Array) /Applications/MAMP/htdocs/Blog/Apps/Admin/Model/CommonModel.class.php 第 7 行.
SQL: SHOW COLUMNS FROM `users` [ RunTime:0.0097s ]
NOTIC: [2] Missing argument 3 for Admin\Model\CommonModel::getone(), called in /Applications/MAMP/htdocs/Blog/Apps/Admin/Controller/UsersController.class.php on line 112 and defined /Applications/MAMP/htdocs/Blog/Apps/Admin/Model/CommonModel.class.php 第 35 行.
SQL: SELECT `uid`,`username`,`login_name`,`role`,`password`,`email`,`head`,`gender`,`domain`,`last_login`,`ip`,`if_blacklist`,`if_delete` FROM `users` WHERE `uid` = 3 LIMIT 1   [ RunTime:0.0005s ]
SQL: SHOW COLUMNS FROM `role` [ RunTime:0.0010s ]
NOTIC: [2] Missing argument 3 for Admin\Model\CommonModel::getone(), called in /Applications/MAMP/htdocs/Blog/Apps/Admin/Controller/UsersController.class.php on line 114 and defined /Applications/MAMP/htdocs/Blog/Apps/Admin/Model/CommonModel.class.php 第 35 行.
SQL: SELECT `rid`,`rolename` FROM `role` WHERE `rid` = 2 LIMIT 1   [ RunTime:0.0002s ]
INFO: [ view_parse ] --START--
INFO: [ template_filter ] --START--
INFO: Run Behavior\ContentReplaceBehavior [ RunTime:0.000092s ]
INFO: [ template_filter ] --END-- [ RunTime:0.000161s ]
INFO: Run Behavior\ParseTemplateBehavior [ RunTime:0.020644s ]
INFO: [ view_parse ] --END-- [ RunTime:0.020737s ]
INFO: [ view_filter ] --START--
INFO: Run Behavior\WriteHtmlCacheBehavior [ RunTime:0.000284s ]
INFO: [ view_filter ] --END-- [ RunTime:0.000352s ]
INFO: [ app_end ] --START--
INFO: Run Behavior\ShowPageTraceBehavior [ RunTime:0.000754s ]
INFO: [ app_end ] --END-- [ RunTime:0.000855s ]

[ 2016-01-26T19:33:31+08:00 ] 127.0.0.1 /Blog/Admin/Users/edit?uid=3
INFO: [ app_init ] --START--
INFO: Run Behavior\BuildLiteBehavior [ RunTime:0.000021s ]
INFO: [ app_init ] --END-- [ RunTime:0.000454s ]
INFO: [ app_begin ] --START--
INFO: Run Behavior\ReadHtmlCacheBehavior [ RunTime:0.000514s ]
INFO: [ app_begin ] --END-- [ RunTime:0.000582s ]
NOTIC: [2048] Declaration of Admin\Model\CommonModel::delete() should be compatible with Think\Model::delete($options = Array) /Applications/MAMP/htdocs/Blog/Apps/Admin/Model/CommonModel.class.php 第 7 行.
SQL: SHOW COLUMNS FROM `users` [ RunTime:0.0091s ]
NOTIC: [2] Missing argument 3 for Admin\Model\CommonModel::getone(), called in /Applications/MAMP/htdocs/Blog/Apps/Admin/Controller/UsersController.class.php on line 112 and defined /Applications/MAMP/htdocs/Blog/Apps/Admin/Model/CommonModel.class.php 第 35 行.
SQL: SELECT `uid`,`username`,`login_name`,`role`,`password`,`email`,`head`,`gender`,`domain`,`last_login`,`ip`,`if_blacklist`,`if_delete` FROM `users` WHERE `uid` = 3 LIMIT 1   [ RunTime:0.0004s ]
SQL: SHOW COLUMNS FROM `role` [ RunTime:0.0010s ]
NOTIC: [2] Missing argument 3 for Admin\Model\CommonModel::getone(), called in /Applications/MAMP/htdocs/Blog/Apps/Admin/Controller/UsersController.class.php on line 114 and defined /Applications/MAMP/htdocs/Blog/Apps/Admin/Model/CommonModel.class.php 第 35 行.
SQL: SELECT `rid`,`rolename` FROM `role` WHERE `rid` = 2 LIMIT 1   [ RunTime:0.0003s ]
INFO: [ view_parse ] --START--
INFO: [ template_filter ] --START--
INFO: Run Behavior\ContentReplaceBehavior [ RunTime:0.000141s ]
INFO: [ template_filter ] --END-- [ RunTime:0.000212s ]
INFO: Run Behavior\ParseTemplateBehavior [ RunTime:0.021989s ]
INFO: [ view_parse ] --END-- [ RunTime:0.022080s ]
INFO: [ view_filter ] --START--
INFO: Run Behavior\WriteHtmlCacheBehavior [ RunTime:0.000298s ]
INFO: [ view_filter ] --END-- [ RunTime:0.000372s ]
INFO: [ app_end ] --START--
INFO: Run Behavior\ShowPageTraceBehavior [ RunTime:0.001387s ]
INFO: [ app_end ] --END-- [ RunTime:0.001480s ]

[ 2016-01-26T19:33:32+08:00 ] 127.0.0.1 /Blog/Admin/Users/edit?uid=3
INFO: [ app_init ] --START--
INFO: Run Behavior\BuildLiteBehavior [ RunTime:0.000016s ]
INFO: [ app_init ] --END-- [ RunTime:0.000447s ]
INFO: [ app_begin ] --START--
INFO: Run Behavior\ReadHtmlCacheBehavior [ RunTime:0.000582s ]
INFO: [ app_begin ] --END-- [ RunTime:0.000669s ]
NOTIC: [2048] Declaration of Admin\Model\CommonModel::delete() should be compatible with Think\Model::delete($options = Array) /Applications/MAMP/htdocs/Blog/Apps/Admin/Model/CommonModel.class.php 第 7 行.
SQL: SHOW COLUMNS FROM `users` [ RunTime:0.0094s ]
NOTIC: [2] Missing argument 3 for Admin\Model\CommonModel::getone(), called in /Applications/MAMP/htdocs/Blog/Apps/Admin/Controller/UsersController.class.php on line 112 and defined /Applications/MAMP/htdocs/Blog/Apps/Admin/Model/CommonModel.class.php 第 35 行.
SQL: SELECT `uid`,`username`,`login_name`,`role`,`password`,`email`,`head`,`gender`,`domain`,`last_login`,`ip`,`if_blacklist`,`if_delete` FROM `users` WHERE `uid` = 3 LIMIT 1   [ RunTime:0.0004s ]
SQL: SHOW COLUMNS FROM `role` [ RunTime:0.0011s ]
NOTIC: [2] Missing argument 3 for Admin\Model\CommonModel::getone(), called in /Applications/MAMP/htdocs/Blog/Apps/Admin/Controller/UsersController.class.php on line 114 and defined /Applications/MAMP/htdocs/Blog/Apps/Admin/Model/CommonModel.class.php 第 35 行.
SQL: SELECT `rid`,`rolename` FROM `role` WHERE `rid` = 2 LIMIT 1   [ RunTime:0.0003s ]
INFO: [ view_parse ] --START--
INFO: [ template_filter ] --START--
INFO: Run Behavior\ContentReplaceBehavior [ RunTime:0.000091s ]
INFO: [ template_filter ] --END-- [ RunTime:0.000159s ]
INFO: Run Behavior\ParseTemplateBehavior [ RunTime:0.020466s ]
INFO: [ view_parse ] --END-- [ RunTime:0.020523s ]
INFO: [ view_filter ] --START--
INFO: Run Behavior\WriteHtmlCacheBehavior [ RunTime:0.000153s ]
INFO: [ view_filter ] --END-- [ RunTime:0.000198s ]
INFO: [ app_end ] --START--
INFO: Run Behavior\ShowPageTraceBehavior [ RunTime:0.000547s ]
INFO: [ app_end ] --END-- [ RunTime:0.000624s ]

[ 2016-01-26T19:33:36+08:00 ] 127.0.0.1 /Blog/Admin/Users/edit?uid=3
INFO: [ app_init ] --START--
INFO: Run Behavior\BuildLiteBehavior [ RunTime:0.000025s ]
INFO: [ app_init ] --END-- [ RunTime:0.000697s ]
INFO: [ app_begin ] --START--
INFO: Run Behavior\ReadHtmlCacheBehavior [ RunTime:0.000532s ]
INFO: [ app_begin ] --END-- [ RunTime:0.000600s ]
NOTIC: [2048] Declaration of Admin\Model\CommonModel::delete() should be compatible with Think\Model::delete($options = Array) /Applications/MAMP/htdocs/Blog/Apps/Admin/Model/CommonModel.class.php 第 7 行.
SQL: SHOW COLUMNS FROM `users` [ RunTime:0.0086s ]
NOTIC: [2] Missing argument 3 for Admin\Model\CommonModel::getone(), called in /Applications/MAMP/htdocs/Blog/Apps/Admin/Controller/UsersController.class.php on line 112 and defined /Applications/MAMP/htdocs/Blog/Apps/Admin/Model/CommonModel.class.php 第 35 行.
SQL: SELECT `uid`,`username`,`login_name`,`role`,`password`,`email`,`head`,`gender`,`domain`,`last_login`,`ip`,`if_blacklist`,`if_delete` FROM `users` WHERE `uid` = 3 LIMIT 1   [ RunTime:0.0003s ]
SQL: SHOW COLUMNS FROM `role` [ RunTime:0.0013s ]
NOTIC: [2] Missing argument 3 for Admin\Model\CommonModel::getone(), called in /Applications/MAMP/htdocs/Blog/Apps/Admin/Controller/UsersController.class.php on line 114 and defined /Applications/MAMP/htdocs/Blog/Apps/Admin/Model/CommonModel.class.php 第 35 行.
SQL: SELECT `rid`,`rolename` FROM `role` WHERE `rid` = 2 LIMIT 1   [ RunTime:0.0002s ]
INFO: [ view_parse ] --START--
INFO: [ template_filter ] --START--
INFO: Run Behavior\ContentReplaceBehavior [ RunTime:0.000145s ]
INFO: [ template_filter ] --END-- [ RunTime:0.000217s ]
INFO: Run Behavior\ParseTemplateBehavior [ RunTime:0.030743s ]
INFO: [ view_parse ] --END-- [ RunTime:0.030926s ]
INFO: [ view_filter ] --START--
INFO: Run Behavior\WriteHtmlCacheBehavior [ RunTime:0.000949s ]
INFO: [ view_filter ] --END-- [ RunTime:0.001121s ]
INFO: [ app_end ] --START--
INFO: Run Behavior\ShowPageTraceBehavior [ RunTime:0.001201s ]
INFO: [ app_end ] --END-- [ RunTime:0.001323s ]

[ 2016-01-26T19:33:50+08:00 ] 127.0.0.1 /Blog/Admin/Users/edit?uid=3
INFO: [ app_init ] --START--
INFO: Run Behavior\BuildLiteBehavior [ RunTime:0.000033s ]
INFO: [ app_init ] --END-- [ RunTime:0.000512s ]
INFO: [ app_begin ] --START--
INFO: Run Behavior\ReadHtmlCacheBehavior [ RunTime:0.000616s ]
INFO: [ app_begin ] --END-- [ RunTime:0.000701s ]
NOTIC: [2048] Declaration of Admin\Model\CommonModel::delete() should be compatible with Think\Model::delete($options = Array) /Applications/MAMP/htdocs/Blog/Apps/Admin/Model/CommonModel.class.php 第 7 行.
SQL: SHOW COLUMNS FROM `users` [ RunTime:0.0099s ]
NOTIC: [2] Missing argument 3 for Admin\Model\CommonModel::getone(), called in /Applications/MAMP/htdocs/Blog/Apps/Admin/Controller/UsersController.class.php on line 112 and defined /Applications/MAMP/htdocs/Blog/Apps/Admin/Model/CommonModel.class.php 第 35 行.
SQL: SELECT `uid`,`username`,`login_name`,`role`,`password`,`email`,`head`,`gender`,`domain`,`last_login`,`ip`,`if_blacklist`,`if_delete` FROM `users` WHERE `uid` = 3 LIMIT 1   [ RunTime:0.0006s ]
SQL: SHOW COLUMNS FROM `role` [ RunTime:0.0013s ]
NOTIC: [2] Missing argument 3 for Admin\Model\CommonModel::getone(), called in /Applications/MAMP/htdocs/Blog/Apps/Admin/Controller/UsersController.class.php on line 114 and defined /Applications/MAMP/htdocs/Blog/Apps/Admin/Model/CommonModel.class.php 第 35 行.
SQL: SELECT `rid`,`rolename` FROM `role` WHERE `rid` = 2 LIMIT 1   [ RunTime:0.0003s ]
INFO: [ view_parse ] --START--
INFO: [ template_filter ] --START--
INFO: Run Behavior\ContentReplaceBehavior [ RunTime:0.000193s ]
INFO: [ template_filter ] --END-- [ RunTime:0.000304s ]
INFO: Run Behavior\ParseTemplateBehavior [ RunTime:0.022975s ]
INFO: [ view_parse ] --END-- [ RunTime:0.023051s ]
INFO: [ view_filter ] --START--
INFO: Run Behavior\WriteHtmlCacheBehavior [ RunTime:0.000180s ]
INFO: [ view_filter ] --END-- [ RunTime:0.000234s ]
INFO: [ app_end ] --START--
INFO: Run Behavior\ShowPageTraceBehavior [ RunTime:0.000700s ]
INFO: [ app_end ] --END-- [ RunTime:0.000796s ]

[ 2016-01-26T19:34:54+08:00 ] 127.0.0.1 /Blog/Admin/Users/edit?uid=3
INFO: [ app_init ] --START--
INFO: Run Behavior\BuildLiteBehavior [ RunTime:0.000061s ]
INFO: [ app_init ] --END-- [ RunTime:0.000774s ]
INFO: [ app_begin ] --START--
INFO: Run Behavior\ReadHtmlCacheBehavior [ RunTime:0.000549s ]
INFO: [ app_begin ] --END-- [ RunTime:0.000624s ]
NOTIC: [2048] Declaration of Admin\Model\CommonModel::delete() should be compatible with Think\Model::delete($options = Array) /Applications/MAMP/htdocs/Blog/Apps/Admin/Model/CommonModel.class.php 第 7 行.
SQL: SHOW COLUMNS FROM `users` [ RunTime:0.0096s ]
NOTIC: [2] Missing argument 3 for Admin\Model\CommonModel::getone(), called in /Applications/MAMP/htdocs/Blog/Apps/Admin/Controller/UsersController.class.php on line 112 and defined /Applications/MAMP/htdocs/Blog/Apps/Admin/Model/CommonModel.class.php 第 35 行.
SQL: SELECT `uid`,`username`,`login_name`,`role`,`password`,`email`,`head`,`gender`,`domain`,`last_login`,`ip`,`if_blacklist`,`if_delete` FROM `users` WHERE `uid` = 3 LIMIT 1   [ RunTime:0.0006s ]
SQL: SHOW COLUMNS FROM `role` [ RunTime:0.0014s ]
NOTIC: [2] Missing argument 3 for Admin\Model\CommonModel::getone(), called in /Applications/MAMP/htdocs/Blog/Apps/Admin/Controller/UsersController.class.php on line 114 and defined /Applications/MAMP/htdocs/Blog/Apps/Admin/Model/CommonModel.class.php 第 35 行.
SQL: SELECT `rid`,`rolename` FROM `role` WHERE `rid` = 2 LIMIT 1   [ RunTime:0.0003s ]
INFO: [ view_parse ] --START--
INFO: [ template_filter ] --START--
INFO: Run Behavior\ContentReplaceBehavior [ RunTime:0.000187s ]
INFO: [ template_filter ] --END-- [ RunTime:0.000272s ]
INFO: Run Behavior\ParseTemplateBehavior [ RunTime:0.022386s ]
INFO: [ view_parse ] --END-- [ RunTime:0.022458s ]
INFO: [ view_filter ] --START--
INFO: Run Behavior\WriteHtmlCacheBehavior [ RunTime:0.000182s ]
INFO: [ view_filter ] --END-- [ RunTime:0.000237s ]
INFO: [ app_end ] --START--
INFO: Run Behavior\ShowPageTraceBehavior [ RunTime:0.000763s ]
INFO: [ app_end ] --END-- [ RunTime:0.000861s ]

[ 2016-01-26T19:36:12+08:00 ] 127.0.0.1 /Blog/Admin/Users/edit?uid=3
INFO: [ app_init ] --START--
INFO: Run Behavior\BuildLiteBehavior [ RunTime:0.000043s ]
INFO: [ app_init ] --END-- [ RunTime:0.001057s ]
INFO: [ app_begin ] --START--
INFO: Run Behavior\ReadHtmlCacheBehavior [ RunTime:0.000646s ]
INFO: [ app_begin ] --END-- [ RunTime:0.000754s ]
NOTIC: [2048] Declaration of Admin\Model\CommonModel::delete() should be compatible with Think\Model::delete($options = Array) /Applications/MAMP/htdocs/Blog/Apps/Admin/Model/CommonModel.class.php 第 7 行.
SQL: SHOW COLUMNS FROM `users` [ RunTime:0.0019s ]
NOTIC: [2] Missing argument 3 for Admin\Model\CommonModel::getone(), called in /Applications/MAMP/htdocs/Blog/Apps/Admin/Controller/UsersController.class.php on line 112 and defined /Applications/MAMP/htdocs/Blog/Apps/Admin/Model/CommonModel.class.php 第 35 行.
SQL: SELECT `uid`,`username`,`login_name`,`role`,`password`,`email`,`head`,`gender`,`domain`,`last_login`,`ip`,`if_blacklist`,`if_delete` FROM `users` WHERE `uid` = 3 LIMIT 1   [ RunTime:0.0005s ]
SQL: SHOW COLUMNS FROM `role` [ RunTime:0.0017s ]
NOTIC: [2] Missing argument 3 for Admin\Model\CommonModel::getone(), called in /Applications/MAMP/htdocs/Blog/Apps/Admin/Controller/UsersController.class.php on line 114 and defined /Applications/MAMP/htdocs/Blog/Apps/Admin/Model/CommonModel.class.php 第 35 行.
SQL: SELECT `rid`,`rolename` FROM `role` WHERE `rid` = 2 LIMIT 1   [ RunTime:0.0003s ]
INFO: [ view_parse ] --START--
INFO: [ template_filter ] --START--
INFO: Run Behavior\ContentReplaceBehavior [ RunTime:0.000167s ]
INFO: [ template_filter ] --END-- [ RunTime:0.000255s ]
INFO: Run Behavior\ParseTemplateBehavior [ RunTime:0.025659s ]
INFO: [ view_parse ] --END-- [ RunTime:0.025769s ]
INFO: [ view_filter ] --START--
INFO: Run Behavior\WriteHtmlCacheBehavior [ RunTime:0.000473s ]
INFO: [ view_filter ] --END-- [ RunTime:0.000545s ]
INFO: [ app_end ] --START--
INFO: Run Behavior\ShowPageTraceBehavior [ RunTime:0.001293s ]
INFO: [ app_end ] --END-- [ RunTime:0.001406s ]

[ 2016-01-26T19:36:33+08:00 ] 127.0.0.1 /Blog/Admin/Users/edit?uid=3
INFO: [ app_init ] --START--
INFO: Run Behavior\BuildLiteBehavior [ RunTime:0.000017s ]
INFO: [ app_init ] --END-- [ RunTime:0.000408s ]
INFO: [ app_begin ] --START--
INFO: Run Behavior\ReadHtmlCacheBehavior [ RunTime:0.000490s ]
INFO: [ app_begin ] --END-- [ RunTime:0.000561s ]
NOTIC: [2048] Declaration of Admin\Model\CommonModel::delete() should be compatible with Think\Model::delete($options = Array) /Applications/MAMP/htdocs/Blog/Apps/Admin/Model/CommonModel.class.php 第 7 行.
SQL: SHOW COLUMNS FROM `users` [ RunTime:0.0094s ]
NOTIC: [2] Missing argument 3 for Admin\Model\CommonModel::getone(), called in /Applications/MAMP/htdocs/Blog/Apps/Admin/Controller/UsersController.class.php on line 112 and defined /Applications/MAMP/htdocs/Blog/Apps/Admin/Model/CommonModel.class.php 第 35 行.
SQL: SELECT `uid`,`username`,`login_name`,`role`,`password`,`email`,`head`,`gender`,`domain`,`last_login`,`ip`,`if_blacklist`,`if_delete` FROM `users` WHERE `uid` = 3 LIMIT 1   [ RunTime:0.0003s ]
SQL: SHOW COLUMNS FROM `role` [ RunTime:0.0011s ]
NOTIC: [2] Missing argument 3 for Admin\Model\CommonModel::getone(), called in /Applications/MAMP/htdocs/Blog/Apps/Admin/Controller/UsersController.class.php on line 114 and defined /Applications/MAMP/htdocs/Blog/Apps/Admin/Model/CommonModel.class.php 第 35 行.
SQL: SELECT `rid`,`rolename` FROM `role` WHERE `rid` = 2 LIMIT 1   [ RunTime:0.0003s ]
INFO: [ view_parse ] --START--
INFO: [ template_filter ] --START--
INFO: Run Behavior\ContentReplaceBehavior [ RunTime:0.000091s ]
INFO: [ template_filter ] --END-- [ RunTime:0.000158s ]
INFO: Run Behavior\ParseTemplateBehavior [ RunTime:0.020130s ]
INFO: [ view_parse ] --END-- [ RunTime:0.020222s ]
INFO: [ view_filter ] --START--
INFO: Run Behavior\WriteHtmlCacheBehavior [ RunTime:0.000190s ]
INFO: [ view_filter ] --END-- [ RunTime:0.000242s ]
INFO: [ app_end ] --START--
INFO: Run Behavior\ShowPageTraceBehavior [ RunTime:0.000572s ]
INFO: [ app_end ] --END-- [ RunTime:0.000635s ]

[ 2016-01-26T19:37:50+08:00 ] 127.0.0.1 /Blog/Admin/Users/edit?uid=3
INFO: [ app_init ] --START--
INFO: Run Behavior\BuildLiteBehavior [ RunTime:0.000019s ]
INFO: [ app_init ] --END-- [ RunTime:0.000401s ]
INFO: [ app_begin ] --START--
INFO: Run Behavior\ReadHtmlCacheBehavior [ RunTime:0.000595s ]
INFO: [ app_begin ] --END-- [ RunTime:0.000680s ]
NOTIC: [2048] Declaration of Admin\Model\CommonModel::delete() should be compatible with Think\Model::delete($options = Array) /Applications/MAMP/htdocs/Blog/Apps/Admin/Model/CommonModel.class.php 第 7 行.
SQL: SHOW COLUMNS FROM `users` [ RunTime:0.0097s ]
NOTIC: [2] Missing argument 3 for Admin\Model\CommonModel::getone(), called in /Applications/MAMP/htdocs/Blog/Apps/Admin/Controller/UsersController.class.php on line 112 and defined /Applications/MAMP/htdocs/Blog/Apps/Admin/Model/CommonModel.class.php 第 35 行.
SQL: SELECT `uid`,`username`,`login_name`,`role`,`password`,`email`,`head`,`gender`,`domain`,`last_login`,`ip`,`if_blacklist`,`if_delete` FROM `users` WHERE `uid` = 3 LIMIT 1   [ RunTime:0.0005s ]
SQL: SHOW COLUMNS FROM `role` [ RunTime:0.0010s ]
NOTIC: [2] Missing argument 3 for Admin\Model\CommonModel::getone(), called in /Applications/MAMP/htdocs/Blog/Apps/Admin/Controller/UsersController.class.php on line 114 and defined /Applications/MAMP/htdocs/Blog/Apps/Admin/Model/CommonModel.class.php 第 35 行.
SQL: SELECT `rid`,`rolename` FROM `role` WHERE `rid` = 2 LIMIT 1   [ RunTime:0.0003s ]
INFO: [ view_parse ] --START--
INFO: [ template_filter ] --START--
INFO: Run Behavior\ContentReplaceBehavior [ RunTime:0.000111s ]
INFO: [ template_filter ] --END-- [ RunTime:0.000190s ]
INFO: Run Behavior\ParseTemplateBehavior [ RunTime:0.021825s ]
INFO: [ view_parse ] --END-- [ RunTime:0.021905s ]
INFO: [ view_filter ] --START--
INFO: Run Behavior\WriteHtmlCacheBehavior [ RunTime:0.000170s ]
INFO: [ view_filter ] --END-- [ RunTime:0.000221s ]
INFO: [ app_end ] --START--
INFO: Run Behavior\ShowPageTraceBehavior [ RunTime:0.000608s ]
INFO: [ app_end ] --END-- [ RunTime:0.000692s ]

[ 2016-01-26T19:37:51+08:00 ] 127.0.0.1 /Blog/Admin/Users/edit?uid=3
INFO: [ app_init ] --START--
INFO: Run Behavior\BuildLiteBehavior [ RunTime:0.000018s ]
INFO: [ app_init ] --END-- [ RunTime:0.000419s ]
INFO: [ app_begin ] --START--
INFO: Run Behavior\ReadHtmlCacheBehavior [ RunTime:0.000630s ]
INFO: [ app_begin ] --END-- [ RunTime:0.000703s ]
NOTIC: [2048] Declaration of Admin\Model\CommonModel::delete() should be compatible with Think\Model::delete($options = Array) /Applications/MAMP/htdocs/Blog/Apps/Admin/Model/CommonModel.class.php 第 7 行.
SQL: SHOW COLUMNS FROM `users` [ RunTime:0.0094s ]
NOTIC: [2] Missing argument 3 for Admin\Model\CommonModel::getone(), called in /Applications/MAMP/htdocs/Blog/Apps/Admin/Controller/UsersController.class.php on line 112 and defined /Applications/MAMP/htdocs/Blog/Apps/Admin/Model/CommonModel.class.php 第 35 行.
SQL: SELECT `uid`,`username`,`login_name`,`role`,`password`,`email`,`head`,`gender`,`domain`,`last_login`,`ip`,`if_blacklist`,`if_delete` FROM `users` WHERE `uid` = 3 LIMIT 1   [ RunTime:0.0004s ]
SQL: SHOW COLUMNS FROM `role` [ RunTime:0.0013s ]
NOTIC: [2] Missing argument 3 for Admin\Model\CommonModel::getone(), called in /Applications/MAMP/htdocs/Blog/Apps/Admin/Controller/UsersController.class.php on line 114 and defined /Applications/MAMP/htdocs/Blog/Apps/Admin/Model/CommonModel.class.php 第 35 行.
SQL: SELECT `rid`,`rolename` FROM `role` WHERE `rid` = 2 LIMIT 1   [ RunTime:0.0004s ]
INFO: [ view_parse ] --START--
INFO: [ template_filter ] --START--
INFO: Run Behavior\ContentReplaceBehavior [ RunTime:0.000099s ]
INFO: [ template_filter ] --END-- [ RunTime:0.000172s ]
INFO: Run Behavior\ParseTemplateBehavior [ RunTime:0.022184s ]
INFO: [ view_parse ] --END-- [ RunTime:0.022274s ]
INFO: [ view_filter ] --START--
INFO: Run Behavior\WriteHtmlCacheBehavior [ RunTime:0.000183s ]
INFO: [ view_filter ] --END-- [ RunTime:0.000233s ]
INFO: [ app_end ] --START--
INFO: Run Behavior\ShowPageTraceBehavior [ RunTime:0.000746s ]
INFO: [ app_end ] --END-- [ RunTime:0.000838s ]

[ 2016-01-26T19:39:43+08:00 ] 127.0.0.1 /Blog/Admin/Users/edit?uid=3
INFO: [ app_init ] --START--
INFO: Run Behavior\BuildLiteBehavior [ RunTime:0.000015s ]
INFO: [ app_init ] --END-- [ RunTime:0.000328s ]
INFO: [ app_begin ] --START--
INFO: Run Behavior\ReadHtmlCacheBehavior [ RunTime:0.000423s ]
INFO: [ app_begin ] --END-- [ RunTime:0.000476s ]
NOTIC: [2048] Declaration of Admin\Model\CommonModel::delete() should be compatible with Think\Model::delete($options = Array) /Applications/MAMP/htdocs/Blog/Apps/Admin/Model/CommonModel.class.php 第 7 行.
SQL: SHOW COLUMNS FROM `users` [ RunTime:0.0095s ]
NOTIC: [2] Missing argument 3 for Admin\Model\CommonModel::getone(), called in /Applications/MAMP/htdocs/Blog/Apps/Admin/Controller/UsersController.class.php on line 112 and defined /Applications/MAMP/htdocs/Blog/Apps/Admin/Model/CommonModel.class.php 第 35 行.
SQL: SELECT `uid`,`username`,`login_name`,`role`,`password`,`email`,`head`,`gender`,`domain`,`last_login`,`ip`,`if_blacklist`,`if_delete` FROM `users` WHERE `uid` = 3 LIMIT 1   [ RunTime:0.0004s ]
SQL: SHOW COLUMNS FROM `role` [ RunTime:0.0010s ]
NOTIC: [2] Missing argument 3 for Admin\Model\CommonModel::getone(), called in /Applications/MAMP/htdocs/Blog/Apps/Admin/Controller/UsersController.class.php on line 114 and defined /Applications/MAMP/htdocs/Blog/Apps/Admin/Model/CommonModel.class.php 第 35 行.
SQL: SELECT `rid`,`rolename` FROM `role` WHERE `rid` = 2 LIMIT 1   [ RunTime:0.0002s ]
INFO: [ view_parse ] --START--
INFO: [ template_filter ] --START--
INFO: Run Behavior\ContentReplaceBehavior [ RunTime:0.000100s ]
INFO: [ template_filter ] --END-- [ RunTime:0.000178s ]
INFO: Run Behavior\ParseTemplateBehavior [ RunTime:0.019645s ]
INFO: [ view_parse ] --END-- [ RunTime:0.019705s ]
INFO: [ view_filter ] --START--
INFO: Run Behavior\WriteHtmlCacheBehavior [ RunTime:0.000149s ]
INFO: [ view_filter ] --END-- [ RunTime:0.000193s ]
INFO: [ app_end ] --START--
INFO: Run Behavior\ShowPageTraceBehavior [ RunTime:0.000504s ]
INFO: [ app_end ] --END-- [ RunTime:0.000596s ]

[ 2016-01-26T19:40:02+08:00 ] 127.0.0.1 /Blog/Admin/Users/edit?uid=3
INFO: [ app_init ] --START--
INFO: Run Behavior\BuildLiteBehavior [ RunTime:0.000024s ]
INFO: [ app_init ] --END-- [ RunTime:0.000613s ]
INFO: [ app_begin ] --START--
INFO: Run Behavior\ReadHtmlCacheBehavior [ RunTime:0.000550s ]
INFO: [ app_begin ] --END-- [ RunTime:0.000619s ]
NOTIC: [2048] Declaration of Admin\Model\CommonModel::delete() should be compatible with Think\Model::delete($options = Array) /Applications/MAMP/htdocs/Blog/Apps/Admin/Model/CommonModel.class.php 第 7 行.
SQL: SHOW COLUMNS FROM `users` [ RunTime:0.0097s ]
NOTIC: [2] Missing argument 3 for Admin\Model\CommonModel::getone(), called in /Applications/MAMP/htdocs/Blog/Apps/Admin/Controller/UsersController.class.php on line 112 and defined /Applications/MAMP/htdocs/Blog/Apps/Admin/Model/CommonModel.class.php 第 35 行.
SQL: SELECT `uid`,`username`,`login_name`,`role`,`password`,`email`,`head`,`gender`,`domain`,`last_login`,`ip`,`if_blacklist`,`if_delete` FROM `users` WHERE `uid` = 3 LIMIT 1   [ RunTime:0.0005s ]
SQL: SHOW COLUMNS FROM `role` [ RunTime:0.0011s ]
NOTIC: [2] Missing argument 3 for Admin\Model\CommonModel::getone(), called in /Applications/MAMP/htdocs/Blog/Apps/Admin/Controller/UsersController.class.php on line 114 and defined /Applications/MAMP/htdocs/Blog/Apps/Admin/Model/CommonModel.class.php 第 35 行.
SQL: SELECT `rid`,`rolename` FROM `role` WHERE `rid` = 2 LIMIT 1   [ RunTime:0.0003s ]
INFO: [ view_parse ] --START--
INFO: [ template_filter ] --START--
INFO: Run Behavior\ContentReplaceBehavior [ RunTime:0.000145s ]
INFO: [ template_filter ] --END-- [ RunTime:0.000220s ]
INFO: Run Behavior\ParseTemplateBehavior [ RunTime:0.022395s ]
INFO: [ view_parse ] --END-- [ RunTime:0.022482s ]
INFO: [ view_filter ] --START--
INFO: Run Behavior\WriteHtmlCacheBehavior [ RunTime:0.000200s ]
INFO: [ view_filter ] --END-- [ RunTime:0.000248s ]
INFO: [ app_end ] --START--
INFO: Run Behavior\ShowPageTraceBehavior [ RunTime:0.000745s ]
INFO: [ app_end ] --END-- [ RunTime:0.000855s ]

[ 2016-01-26T19:40:24+08:00 ] 127.0.0.1 /Blog/Admin/Users/%7B%7Burl('admin/upload-logo')%7D%7D
INFO: [ app_init ] --START--
INFO: Run Behavior\BuildLiteBehavior [ RunTime:0.000017s ]
INFO: [ app_init ] --END-- [ RunTime:0.000377s ]
INFO: [ app_begin ] --START--
INFO: Run Behavior\ReadHtmlCacheBehavior [ RunTime:0.000431s ]
INFO: [ app_begin ] --END-- [ RunTime:0.000484s ]
ERR: 非法操作:{{url('admin

[ 2016-01-26T21:37:26+08:00 ] 127.0.0.1 /Blog/Admin/Users/%7B%7Burl('admin/upload-logo')%7D%7D
INFO: [ app_init ] --START--
INFO: Run Behavior\BuildLiteBehavior [ RunTime:0.000022s ]
INFO: [ app_init ] --END-- [ RunTime:0.000985s ]
INFO: [ app_begin ] --START--
INFO: Run Behavior\ReadHtmlCacheBehavior [ RunTime:0.001240s ]
INFO: [ app_begin ] --END-- [ RunTime:0.001371s ]
ERR: 非法操作:{{url('admin

[ 2016-01-26T21:37:38+08:00 ] 127.0.0.1 /Blog/Admin/Users/edit?uid=3
INFO: [ app_init ] --START--
INFO: Run Behavior\BuildLiteBehavior [ RunTime:0.000017s ]
INFO: [ app_init ] --END-- [ RunTime:0.000496s ]
INFO: [ app_begin ] --START--
INFO: Run Behavior\ReadHtmlCacheBehavior [ RunTime:0.000679s ]
INFO: [ app_begin ] --END-- [ RunTime:0.000760s ]
NOTIC: [2048] Declaration of Admin\Model\CommonModel::delete() should be compatible with Think\Model::delete($options = Array) /Applications/MAMP/htdocs/Blog/Apps/Admin/Model/CommonModel.class.php 第 7 行.
SQL: SHOW COLUMNS FROM `users` [ RunTime:0.0050s ]
NOTIC: [2] Missing argument 3 for Admin\Model\CommonModel::getone(), called in /Applications/MAMP/htdocs/Blog/Apps/Admin/Controller/UsersController.class.php on line 112 and defined /Applications/MAMP/htdocs/Blog/Apps/Admin/Model/CommonModel.class.php 第 35 行.
SQL: SELECT `uid`,`username`,`login_name`,`role`,`password`,`email`,`head`,`gender`,`domain`,`last_login`,`ip`,`if_blacklist`,`if_delete` FROM `users` WHERE `uid` = 3 LIMIT 1   [ RunTime:0.0043s ]
SQL: SHOW COLUMNS FROM `role` [ RunTime:0.0012s ]
NOTIC: [2] Missing argument 3 for Admin\Model\CommonModel::getone(), called in /Applications/MAMP/htdocs/Blog/Apps/Admin/Controller/UsersController.class.php on line 114 and defined /Applications/MAMP/htdocs/Blog/Apps/Admin/Model/CommonModel.class.php 第 35 行.
SQL: SELECT `rid`,`rolename` FROM `role` WHERE `rid` = 2 LIMIT 1   [ RunTime:0.0003s ]
INFO: [ view_parse ] --START--
INFO: [ template_filter ] --START--
INFO: Run Behavior\ContentReplaceBehavior [ RunTime:0.000214s ]
INFO: [ template_filter ] --END-- [ RunTime:0.000286s ]
INFO: Run Behavior\ParseTemplateBehavior [ RunTime:0.029181s ]
INFO: [ view_parse ] --END-- [ RunTime:0.029293s ]
INFO: [ view_filter ] --START--
INFO: Run Behavior\WriteHtmlCacheBehavior [ RunTime:0.000860s ]
INFO: [ view_filter ] --END-- [ RunTime:0.000921s ]
INFO: [ app_end ] --START--
INFO: Run Behavior\ShowPageTraceBehavior [ RunTime:0.001067s ]
INFO: [ app_end ] --END-- [ RunTime:0.001184s ]

[ 2016-01-26T22:00:07+08:00 ] 127.0.0.1 /Blog/Admin/Users/edit?uid=3
INFO: [ app_init ] --START--
INFO: Run Behavior\BuildLiteBehavior [ RunTime:0.000018s ]
INFO: [ app_init ] --END-- [ RunTime:0.000748s ]
INFO: [ app_begin ] --START--
INFO: Run Behavior\ReadHtmlCacheBehavior [ RunTime:0.000948s ]
INFO: [ app_begin ] --END-- [ RunTime:0.001043s ]
NOTIC: [2048] Declaration of Admin\Model\CommonModel::delete() should be compatible with Think\Model::delete($options = Array) /Applications/MAMP/htdocs/Blog/Apps/Admin/Model/CommonModel.class.php 第 7 行.
SQL: SHOW COLUMNS FROM `users` [ RunTime:0.0014s ]
NOTIC: [2] Missing argument 3 for Admin\Model\CommonModel::getone(), called in /Applications/MAMP/htdocs/Blog/Apps/Admin/Controller/UsersController.class.php on line 112 and defined /Applications/MAMP/htdocs/Blog/Apps/Admin/Model/CommonModel.class.php 第 35 行.
SQL: SELECT `uid`,`username`,`login_name`,`role`,`password`,`email`,`head`,`gender`,`domain`,`last_login`,`ip`,`if_blacklist`,`if_delete` FROM `users` WHERE `uid` = 3 LIMIT 1   [ RunTime:0.0017s ]
SQL: SHOW COLUMNS FROM `role` [ RunTime:0.0010s ]
NOTIC: [2] Missing argument 3 for Admin\Model\CommonModel::getone(), called in /Applications/MAMP/htdocs/Blog/Apps/Admin/Controller/UsersController.class.php on line 114 and defined /Applications/MAMP/htdocs/Blog/Apps/Admin/Model/CommonModel.class.php 第 35 行.
SQL: SELECT `rid`,`rolename` FROM `role` WHERE `rid` = 2 LIMIT 1   [ RunTime:0.0002s ]
INFO: [ view_parse ] --START--
INFO: [ template_filter ] --START--
INFO: Run Behavior\ContentReplaceBehavior [ RunTime:0.000218s ]
INFO: [ template_filter ] --END-- [ RunTime:0.000304s ]
INFO: Run Behavior\ParseTemplateBehavior [ RunTime:0.027676s ]
INFO: [ view_parse ] --END-- [ RunTime:0.027781s ]
INFO: [ view_filter ] --START--
INFO: Run Behavior\WriteHtmlCacheBehavior [ RunTime:0.000415s ]
INFO: [ view_filter ] --END-- [ RunTime:0.000483s ]
INFO: [ app_end ] --START--
INFO: Run Behavior\ShowPageTraceBehavior [ RunTime:0.001207s ]
INFO: [ app_end ] --END-- [ RunTime:0.001355s ]

[ 2016-01-26T22:00:10+08:00 ] 127.0.0.1 /Blog/Admin/Users/edit?uid=3
INFO: [ app_init ] --START--
INFO: Run Behavior\BuildLiteBehavior [ RunTime:0.000028s ]
INFO: [ app_init ] --END-- [ RunTime:0.000509s ]
INFO: [ app_begin ] --START--
INFO: Run Behavior\ReadHtmlCacheBehavior [ RunTime:0.000601s ]
INFO: [ app_begin ] --END-- [ RunTime:0.000674s ]
NOTIC: [2048] Declaration of Admin\Model\CommonModel::delete() should be compatible with Think\Model::delete($options = Array) /Applications/MAMP/htdocs/Blog/Apps/Admin/Model/CommonModel.class.php 第 7 行.
SQL: SHOW COLUMNS FROM `users` [ RunTime:0.0015s ]
NOTIC: [2] Missing argument 3 for Admin\Model\CommonModel::getone(), called in /Applications/MAMP/htdocs/Blog/Apps/Admin/Controller/UsersController.class.php on line 112 and defined /Applications/MAMP/htdocs/Blog/Apps/Admin/Model/CommonModel.class.php 第 35 行.
SQL: SELECT `uid`,`username`,`login_name`,`role`,`password`,`email`,`head`,`gender`,`domain`,`last_login`,`ip`,`if_blacklist`,`if_delete` FROM `users` WHERE `uid` = 3 LIMIT 1   [ RunTime:0.0003s ]
SQL: SHOW COLUMNS FROM `role` [ RunTime:0.0018s ]
NOTIC: [2] Missing argument 3 for Admin\Model\CommonModel::getone(), called in /Applications/MAMP/htdocs/Blog/Apps/Admin/Controller/UsersController.class.php on line 114 and defined /Applications/MAMP/htdocs/Blog/Apps/Admin/Model/CommonModel.class.php 第 35 行.
SQL: SELECT `rid`,`rolename` FROM `role` WHERE `rid` = 2 LIMIT 1   [ RunTime:0.0006s ]
INFO: [ view_parse ] --START--
INFO: [ template_filter ] --START--
INFO: Run Behavior\ContentReplaceBehavior [ RunTime:0.000128s ]
INFO: [ template_filter ] --END-- [ RunTime:0.000199s ]
INFO: Run Behavior\ParseTemplateBehavior [ RunTime:0.023372s ]
INFO: [ view_parse ] --END-- [ RunTime:0.023474s ]
INFO: [ view_filter ] --START--
INFO: Run Behavior\WriteHtmlCacheBehavior [ RunTime:0.000169s ]
INFO: [ view_filter ] --END-- [ RunTime:0.000219s ]
INFO: [ app_end ] --START--
INFO: Run Behavior\ShowPageTraceBehavior [ RunTime:0.000840s ]
INFO: [ app_end ] --END-- [ RunTime:0.000942s ]

[ 2016-01-26T22:29:12+08:00 ] 127.0.0.1 /Blog/Admin/Users/updateone
INFO: [ app_init ] --START--
INFO: Run Behavior\BuildLiteBehavior [ RunTime:0.000094s ]
INFO: [ app_init ] --END-- [ RunTime:0.001333s ]
INFO: [ app_begin ] --START--
INFO: Run Behavior\ReadHtmlCacheBehavior [ RunTime:0.001039s ]
INFO: [ app_begin ] --END-- [ RunTime:0.001148s ]
NOTIC: [2048] Declaration of Admin\Model\CommonModel::delete() should be compatible with Think\Model::delete($options = Array) /Applications/MAMP/htdocs/Blog/Apps/Admin/Model/CommonModel.class.php 第 7 行.
SQL: SHOW COLUMNS FROM `users` [ RunTime:0.0021s ]
SQL: UPDATE `users` SET `username`='virtual',`gender`='1',`domain`='https://www.baidu.com/' WHERE `uid` = 3 [ RunTime:0.0079s ]
INFO: [ view_parse ] --START--
INFO: [ template_filter ] --START--
INFO: Run Behavior\ContentReplaceBehavior [ RunTime:0.000124s ]
INFO: [ template_filter ] --END-- [ RunTime:0.000193s ]
INFO: Run Behavior\ParseTemplateBehavior [ RunTime:0.025551s ]
INFO: [ view_parse ] --END-- [ RunTime:0.025625s ]
INFO: [ view_filter ] --START--
INFO: Run Behavior\WriteHtmlCacheBehavior [ RunTime:0.001496s ]
INFO: [ view_filter ] --END-- [ RunTime:0.001616s ]
INFO: [ app_end ] --START--
INFO: Run Behavior\ShowPageTraceBehavior [ RunTime:0.000977s ]
INFO: [ app_end ] --END-- [ RunTime:0.001082s ]

[ 2016-01-26T22:29:14+08:00 ] 127.0.0.1 /Blog/Admin/Users/index
INFO: [ app_init ] --START--
INFO: Run Behavior\BuildLiteBehavior [ RunTime:0.000033s ]
INFO: [ app_init ] --END-- [ RunTime:0.000870s ]
INFO: [ app_begin ] --START--
INFO: Run Behavior\ReadHtmlCacheBehavior [ RunTime:0.000780s ]
INFO: [ app_begin ] --END-- [ RunTime:0.000882s ]
INFO: [ view_parse ] --START--
INFO: [ template_filter ] --START--
INFO: Run Behavior\ContentReplaceBehavior [ RunTime:0.000105s ]
INFO: [ template_filter ] --END-- [ RunTime:0.000182s ]
INFO: Run Behavior\ParseTemplateBehavior [ RunTime:0.033409s ]
INFO: [ view_parse ] --END-- [ RunTime:0.033557s ]
INFO: [ view_filter ] --START--
INFO: Run Behavior\WriteHtmlCacheBehavior [ RunTime:0.000316s ]
INFO: [ view_filter ] --END-- [ RunTime:0.000385s ]
INFO: [ app_end ] --START--
INFO: Run Behavior\ShowPageTraceBehavior [ RunTime:0.000612s ]
INFO: [ app_end ] --END-- [ RunTime:0.000697s ]

[ 2016-01-26T22:29:15+08:00 ] 127.0.0.1 /Blog/Admin/Users/getlist
INFO: [ app_init ] --START--
INFO: Run Behavior\BuildLiteBehavior [ RunTime:0.000026s ]
INFO: [ app_init ] --END-- [ RunTime:0.000578s ]
INFO: [ app_begin ] --START--
INFO: Run Behavior\ReadHtmlCacheBehavior [ RunTime:0.000901s ]
INFO: [ app_begin ] --END-- [ RunTime:0.001027s ]
NOTIC: [2048] Declaration of Admin\Model\CommonModel::delete() should be compatible with Think\Model::delete($options = Array) /Applications/MAMP/htdocs/Blog/Apps/Admin/Model/CommonModel.class.php 第 7 行.
SQL: SHOW COLUMNS FROM `users` [ RunTime:0.0032s ]
NOTIC: [2] Missing argument 3 for Admin\Model\CommonModel::getList(), called in /Applications/MAMP/htdocs/Blog/Apps/Admin/Controller/UsersController.class.php on line 21 and defined /Applications/MAMP/htdocs/Blog/Apps/Admin/Model/CommonModel.class.php 第 59 行.
NOTIC: [8] Undefined variable: order /Applications/MAMP/htdocs/Blog/Apps/Admin/Model/CommonModel.class.php 第 71 行.
SQL: SELECT `uid`,`username`,`login_name`,`role`,`password`,`email`,`head`,`gender`,`domain`,`last_login`,`ip`,`if_blacklist`,`if_delete` FROM `users` WHERE `if_delete` = 0 AND `if_blacklist` = 0  [ RunTime:0.0007s ]
SQL: SELECT COUNT(*) AS tp_count FROM `users` WHERE `if_delete` = 0 AND `if_blacklist` = 0 LIMIT 1   [ RunTime:0.0008s ]

[ 2016-01-26T22:29:18+08:00 ] 127.0.0.1 /Blog/Admin/Users/edit?uid=3
INFO: [ app_init ] --START--
INFO: Run Behavior\BuildLiteBehavior [ RunTime:0.000015s ]
INFO: [ app_init ] --END-- [ RunTime:0.000383s ]
INFO: [ app_begin ] --START--
INFO: Run Behavior\ReadHtmlCacheBehavior [ RunTime:0.000434s ]
INFO: [ app_begin ] --END-- [ RunTime:0.000487s ]
NOTIC: [2048] Declaration of Admin\Model\CommonModel::delete() should be compatible with Think\Model::delete($options = Array) /Applications/MAMP/htdocs/Blog/Apps/Admin/Model/CommonModel.class.php 第 7 行.
SQL: SHOW COLUMNS FROM `users` [ RunTime:0.0094s ]
NOTIC: [2] Missing argument 3 for Admin\Model\CommonModel::getone(), called in /Applications/MAMP/htdocs/Blog/Apps/Admin/Controller/UsersController.class.php on line 112 and defined /Applications/MAMP/htdocs/Blog/Apps/Admin/Model/CommonModel.class.php 第 35 行.
SQL: SELECT `uid`,`username`,`login_name`,`role`,`password`,`email`,`head`,`gender`,`domain`,`last_login`,`ip`,`if_blacklist`,`if_delete` FROM `users` WHERE `uid` = 3 LIMIT 1   [ RunTime:0.0004s ]
SQL: SHOW COLUMNS FROM `role` [ RunTime:0.0010s ]
NOTIC: [2] Missing argument 3 for Admin\Model\CommonModel::getone(), called in /Applications/MAMP/htdocs/Blog/Apps/Admin/Controller/UsersController.class.php on line 114 and defined /Applications/MAMP/htdocs/Blog/Apps/Admin/Model/CommonModel.class.php 第 35 行.
SQL: SELECT `rid`,`rolename` FROM `role` WHERE `rid` = 2 LIMIT 1   [ RunTime:0.0003s ]
INFO: [ view_parse ] --START--
INFO: [ template_filter ] --START--
INFO: Run Behavior\ContentReplaceBehavior [ RunTime:0.000107s ]
INFO: [ template_filter ] --END-- [ RunTime:0.000174s ]
INFO: Run Behavior\ParseTemplateBehavior [ RunTime:0.022131s ]
INFO: [ view_parse ] --END-- [ RunTime:0.022209s ]
INFO: [ view_filter ] --START--
INFO: Run Behavior\WriteHtmlCacheBehavior [ RunTime:0.000189s ]
INFO: [ view_filter ] --END-- [ RunTime:0.000247s ]
INFO: [ app_end ] --START--
INFO: Run Behavior\ShowPageTraceBehavior [ RunTime:0.000702s ]
INFO: [ app_end ] --END-- [ RunTime:0.000802s ]

[ 2016-01-26T22:29:31+08:00 ] 127.0.0.1 /Blog/Admin/Users/updateone
INFO: [ app_init ] --START--
INFO: Run Behavior\BuildLiteBehavior [ RunTime:0.000023s ]
INFO: [ app_init ] --END-- [ RunTime:0.000467s ]
INFO: [ app_begin ] --START--
INFO: Run Behavior\ReadHtmlCacheBehavior [ RunTime:0.000575s ]
INFO: [ app_begin ] --END-- [ RunTime:0.000657s ]
NOTIC: [2048] Declaration of Admin\Model\CommonModel::delete() should be compatible with Think\Model::delete($options = Array) /Applications/MAMP/htdocs/Blog/Apps/Admin/Model/CommonModel.class.php 第 7 行.
SQL: SHOW COLUMNS FROM `users` [ RunTime:0.0016s ]
SQL: UPDATE `users` SET `username`='virtual333',`gender`='0',`domain`='https://www.baidu.com/' WHERE `uid` = 3 [ RunTime:0.0027s ]
INFO: [ view_parse ] --START--
INFO: [ template_filter ] --START--
INFO: Run Behavior\ContentReplaceBehavior [ RunTime:0.000148s ]
INFO: [ template_filter ] --END-- [ RunTime:0.000223s ]
INFO: Run Behavior\ParseTemplateBehavior [ RunTime:0.021142s ]
INFO: [ view_parse ] --END-- [ RunTime:0.021230s ]
INFO: [ view_filter ] --START--
INFO: Run Behavior\WriteHtmlCacheBehavior [ RunTime:0.000164s ]
INFO: [ view_filter ] --END-- [ RunTime:0.000212s ]
INFO: [ app_end ] --START--
INFO: Run Behavior\ShowPageTraceBehavior [ RunTime:0.000662s ]
INFO: [ app_end ] --END-- [ RunTime:0.000744s ]

[ 2016-01-26T22:29:33+08:00 ] 127.0.0.1 /Blog/Admin/Users/index
INFO: [ app_init ] --START--
INFO: Run Behavior\BuildLiteBehavior [ RunTime:0.000016s ]
INFO: [ app_init ] --END-- [ RunTime:0.000363s ]
INFO: [ app_begin ] --START--
INFO: Run Behavior\ReadHtmlCacheBehavior [ RunTime:0.000461s ]
INFO: [ app_begin ] --END-- [ RunTime:0.000535s ]
INFO: [ view_parse ] --START--
INFO: [ template_filter ] --START--
INFO: Run Behavior\ContentReplaceBehavior [ RunTime:0.000090s ]
INFO: [ template_filter ] --END-- [ RunTime:0.000166s ]
INFO: Run Behavior\ParseTemplateBehavior [ RunTime:0.028773s ]
INFO: [ view_parse ] --END-- [ RunTime:0.028884s ]
INFO: [ view_filter ] --START--
INFO: Run Behavior\WriteHtmlCacheBehavior [ RunTime:0.000304s ]
INFO: [ view_filter ] --END-- [ RunTime:0.000402s ]
INFO: [ app_end ] --START--
INFO: Run Behavior\ShowPageTraceBehavior [ RunTime:0.001741s ]
INFO: [ app_end ] --END-- [ RunTime:0.001907s ]

[ 2016-01-26T22:29:33+08:00 ] 127.0.0.1 /Blog/Admin/Users/getlist
INFO: [ app_init ] --START--
INFO: Run Behavior\BuildLiteBehavior [ RunTime:0.000016s ]
INFO: [ app_init ] --END-- [ RunTime:0.000388s ]
INFO: [ app_begin ] --START--
INFO: Run Behavior\ReadHtmlCacheBehavior [ RunTime:0.000470s ]
INFO: [ app_begin ] --END-- [ RunTime:0.000542s ]
NOTIC: [2048] Declaration of Admin\Model\CommonModel::delete() should be compatible with Think\Model::delete($options = Array) /Applications/MAMP/htdocs/Blog/Apps/Admin/Model/CommonModel.class.php 第 7 行.
SQL: SHOW COLUMNS FROM `users` [ RunTime:0.0014s ]
NOTIC: [2] Missing argument 3 for Admin\Model\CommonModel::getList(), called in /Applications/MAMP/htdocs/Blog/Apps/Admin/Controller/UsersController.class.php on line 21 and defined /Applications/MAMP/htdocs/Blog/Apps/Admin/Model/CommonModel.class.php 第 59 行.
NOTIC: [8] Undefined variable: order /Applications/MAMP/htdocs/Blog/Apps/Admin/Model/CommonModel.class.php 第 71 行.
SQL: SELECT `uid`,`username`,`login_name`,`role`,`password`,`email`,`head`,`gender`,`domain`,`last_login`,`ip`,`if_blacklist`,`if_delete` FROM `users` WHERE `if_delete` = 0 AND `if_blacklist` = 0  [ RunTime:0.0004s ]
SQL: SELECT COUNT(*) AS tp_count FROM `users` WHERE `if_delete` = 0 AND `if_blacklist` = 0 LIMIT 1   [ RunTime:0.0002s ]

[ 2016-01-26T22:29:35+08:00 ] 127.0.0.1 /Blog/Admin/Users/edit?uid=3
INFO: [ app_init ] --START--
INFO: Run Behavior\BuildLiteBehavior [ RunTime:0.000017s ]
INFO: [ app_init ] --END-- [ RunTime:0.000348s ]
INFO: [ app_begin ] --START--
INFO: Run Behavior\ReadHtmlCacheBehavior [ RunTime:0.000440s ]
INFO: [ app_begin ] --END-- [ RunTime:0.000497s ]
NOTIC: [2048] Declaration of Admin\Model\CommonModel::delete() should be compatible with Think\Model::delete($options = Array) /Applications/MAMP/htdocs/Blog/Apps/Admin/Model/CommonModel.class.php 第 7 行.
SQL: SHOW COLUMNS FROM `users` [ RunTime:0.0089s ]
NOTIC: [2] Missing argument 3 for Admin\Model\CommonModel::getone(), called in /Applications/MAMP/htdocs/Blog/Apps/Admin/Controller/UsersController.class.php on line 112 and defined /Applications/MAMP/htdocs/Blog/Apps/Admin/Model/CommonModel.class.php 第 35 行.
SQL: SELECT `uid`,`username`,`login_name`,`role`,`password`,`email`,`head`,`gender`,`domain`,`last_login`,`ip`,`if_blacklist`,`if_delete` FROM `users` WHERE `uid` = 3 LIMIT 1   [ RunTime:0.0005s ]
SQL: SHOW COLUMNS FROM `role` [ RunTime:0.0015s ]
NOTIC: [2] Missing argument 3 for Admin\Model\CommonModel::getone(), called in /Applications/MAMP/htdocs/Blog/Apps/Admin/Controller/UsersController.class.php on line 114 and defined /Applications/MAMP/htdocs/Blog/Apps/Admin/Model/CommonModel.class.php 第 35 行.
SQL: SELECT `rid`,`rolename` FROM `role` WHERE `rid` = 2 LIMIT 1   [ RunTime:0.0005s ]
INFO: [ view_parse ] --START--
INFO: [ template_filter ] --START--
INFO: Run Behavior\ContentReplaceBehavior [ RunTime:0.000106s ]
INFO: [ template_filter ] --END-- [ RunTime:0.000177s ]
INFO: Run Behavior\ParseTemplateBehavior [ RunTime:0.021698s ]
INFO: [ view_parse ] --END-- [ RunTime:0.021774s ]
INFO: [ view_filter ] --START--
INFO: Run Behavior\WriteHtmlCacheBehavior [ RunTime:0.000266s ]
INFO: [ view_filter ] --END-- [ RunTime:0.000338s ]
INFO: [ app_end ] --START--
INFO: Run Behavior\ShowPageTraceBehavior [ RunTime:0.001218s ]
INFO: [ app_end ] --END-- [ RunTime:0.001337s ]

[ 2016-01-26T22:29:42+08:00 ] 127.0.0.1 /Blog/Admin/Users/updateone
INFO: [ app_init ] --START--
INFO: Run Behavior\BuildLiteBehavior [ RunTime:0.000018s ]
INFO: [ app_init ] --END-- [ RunTime:0.000413s ]
INFO: [ app_begin ] --START--
INFO: Run Behavior\ReadHtmlCacheBehavior [ RunTime:0.000567s ]
INFO: [ app_begin ] --END-- [ RunTime:0.000651s ]
NOTIC: [2048] Declaration of Admin\Model\CommonModel::delete() should be compatible with Think\Model::delete($options = Array) /Applications/MAMP/htdocs/Blog/Apps/Admin/Model/CommonModel.class.php 第 7 行.
SQL: SHOW COLUMNS FROM `users` [ RunTime:0.0030s ]
SQL: UPDATE `users` SET `username`='virtual',`gender`='0',`domain`='https://www.baidu.com/' WHERE `uid` = 3 [ RunTime:0.0006s ]
INFO: [ view_parse ] --START--
INFO: [ template_filter ] --START--
INFO: Run Behavior\ContentReplaceBehavior [ RunTime:0.000086s ]
INFO: [ template_filter ] --END-- [ RunTime:0.000158s ]
INFO: Run Behavior\ParseTemplateBehavior [ RunTime:0.020902s ]
INFO: [ view_parse ] --END-- [ RunTime:0.020982s ]
INFO: [ view_filter ] --START--
INFO: Run Behavior\WriteHtmlCacheBehavior [ RunTime:0.000155s ]
INFO: [ view_filter ] --END-- [ RunTime:0.000202s ]
INFO: [ app_end ] --START--
INFO: Run Behavior\ShowPageTraceBehavior [ RunTime:0.000590s ]
INFO: [ app_end ] --END-- [ RunTime:0.000653s ]

[ 2016-01-26T22:29:44+08:00 ] 127.0.0.1 /Blog/Admin/Users/index
INFO: [ app_init ] --START--
INFO: Run Behavior\BuildLiteBehavior [ RunTime:0.000018s ]
INFO: [ app_init ] --END-- [ RunTime:0.000527s ]
INFO: [ app_begin ] --START--
INFO: Run Behavior\ReadHtmlCacheBehavior [ RunTime:0.000873s ]
INFO: [ app_begin ] --END-- [ RunTime:0.000998s ]
INFO: [ view_parse ] --START--
INFO: [ template_filter ] --START--
INFO: Run Behavior\ContentReplaceBehavior [ RunTime:0.000089s ]
INFO: [ template_filter ] --END-- [ RunTime:0.000169s ]
INFO: Run Behavior\ParseTemplateBehavior [ RunTime:0.029621s ]
INFO: [ view_parse ] --END-- [ RunTime:0.029697s ]
INFO: [ view_filter ] --START--
INFO: Run Behavior\WriteHtmlCacheBehavior [ RunTime:0.000352s ]
INFO: [ view_filter ] --END-- [ RunTime:0.000425s ]
INFO: [ app_end ] --START--
INFO: Run Behavior\ShowPageTraceBehavior [ RunTime:0.001096s ]
INFO: [ app_end ] --END-- [ RunTime:0.001187s ]

[ 2016-01-26T22:29:45+08:00 ] 127.0.0.1 /Blog/Admin/Users/getlist
INFO: [ app_init ] --START--
INFO: Run Behavior\BuildLiteBehavior [ RunTime:0.000017s ]
INFO: [ app_init ] --END-- [ RunTime:0.000385s ]
INFO: [ app_begin ] --START--
INFO: Run Behavior\ReadHtmlCacheBehavior [ RunTime:0.000456s ]
INFO: [ app_begin ] --END-- [ RunTime:0.000519s ]
NOTIC: [2048] Declaration of Admin\Model\CommonModel::delete() should be compatible with Think\Model::delete($options = Array) /Applications/MAMP/htdocs/Blog/Apps/Admin/Model/CommonModel.class.php 第 7 行.
SQL: SHOW COLUMNS FROM `users` [ RunTime:0.0014s ]
NOTIC: [2] Missing argument 3 for Admin\Model\CommonModel::getList(), called in /Applications/MAMP/htdocs/Blog/Apps/Admin/Controller/UsersController.class.php on line 21 and defined /Applications/MAMP/htdocs/Blog/Apps/Admin/Model/CommonModel.class.php 第 59 行.
NOTIC: [8] Undefined variable: order /Applications/MAMP/htdocs/Blog/Apps/Admin/Model/CommonModel.class.php 第 71 行.
SQL: SELECT `uid`,`username`,`login_name`,`role`,`password`,`email`,`head`,`gender`,`domain`,`last_login`,`ip`,`if_blacklist`,`if_delete` FROM `users` WHERE `if_delete` = 0 AND `if_blacklist` = 0  [ RunTime:0.0003s ]
SQL: SELECT COUNT(*) AS tp_count FROM `users` WHERE `if_delete` = 0 AND `if_blacklist` = 0 LIMIT 1   [ RunTime:0.0002s ]

[ 2016-01-26T22:30:16+08:00 ] 127.0.0.1 /Blog/Admin/Article/index
INFO: [ app_init ] --START--
INFO: Run Behavior\BuildLiteBehavior [ RunTime:0.000020s ]
INFO: [ app_init ] --END-- [ RunTime:0.000408s ]
INFO: [ app_begin ] --START--
INFO: Run Behavior\ReadHtmlCacheBehavior [ RunTime:0.000578s ]
INFO: [ app_begin ] --END-- [ RunTime:0.000654s ]
INFO: [ view_parse ] --START--
INFO: [ template_filter ] --START--
INFO: Run Behavior\ContentReplaceBehavior [ RunTime:0.000228s ]
INFO: [ template_filter ] --END-- [ RunTime:0.000440s ]
INFO: Run Behavior\ParseTemplateBehavior [ RunTime:0.021185s ]
INFO: [ view_parse ] --END-- [ RunTime:0.021291s ]
INFO: [ view_filter ] --START--
INFO: Run Behavior\WriteHtmlCacheBehavior [ RunTime:0.000306s ]
INFO: [ view_filter ] --END-- [ RunTime:0.000368s ]
INFO: [ app_end ] --START--
INFO: Run Behavior\ShowPageTraceBehavior [ RunTime:0.001098s ]
INFO: [ app_end ] --END-- [ RunTime:0.001258s ]

[ 2016-01-26T22:30:17+08:00 ] 127.0.0.1 /Blog/Admin/Article/index
INFO: [ app_init ] --START--
INFO: Run Behavior\BuildLiteBehavior [ RunTime:0.000025s ]
INFO: [ app_init ] --END-- [ RunTime:0.000507s ]
INFO: [ app_begin ] --START--
INFO: Run Behavior\ReadHtmlCacheBehavior [ RunTime:0.000640s ]
INFO: [ app_begin ] --END-- [ RunTime:0.000701s ]
INFO: [ view_parse ] --START--
INFO: [ template_filter ] --START--
INFO: Run Behavior\ContentReplaceBehavior [ RunTime:0.000264s ]
INFO: [ template_filter ] --END-- [ RunTime:0.000433s ]
INFO: Run Behavior\ParseTemplateBehavior [ RunTime:0.035268s ]
INFO: [ view_parse ] --END-- [ RunTime:0.035331s ]
INFO: [ view_filter ] --START--
INFO: Run Behavior\WriteHtmlCacheBehavior [ RunTime:0.000162s ]
INFO: [ view_filter ] --END-- [ RunTime:0.000205s ]
INFO: [ app_end ] --START--
INFO: Run Behavior\ShowPageTraceBehavior [ RunTime:0.000589s ]
INFO: [ app_end ] --END-- [ RunTime:0.000656s ]

[ 2016-01-26T22:30:17+08:00 ] 127.0.0.1 /Blog/Admin/Article/getlist
INFO: [ app_init ] --START--
INFO: Run Behavior\BuildLiteBehavior [ RunTime:0.000016s ]
INFO: [ app_init ] --END-- [ RunTime:0.000352s ]
INFO: [ app_begin ] --START--
INFO: Run Behavior\ReadHtmlCacheBehavior [ RunTime:0.000537s ]
INFO: [ app_begin ] --END-- [ RunTime:0.000625s ]
NOTIC: [2048] Declaration of Admin\Model\CommonModel::delete() should be compatible with Think\Model::delete($options = Array) /Applications/MAMP/htdocs/Blog/Apps/Admin/Model/CommonModel.class.php 第 7 行.
SQL: SHOW COLUMNS FROM `article` [ RunTime:0.0210s ]
SQL: SELECT `aid`,`title`,`content`,`plaintxt`,`if_delete`,`cuid`,`cid`,`rnum`,`coverid`,`create_time`,`update_time` FROM `article` WHERE (  if_delete = 0 ) ORDER BY create_time desc  [ RunTime:0.0024s ]
SQL: SELECT COUNT(*) AS tp_count FROM `article` WHERE (  if_delete = 0 ) LIMIT 1   [ RunTime:0.0005s ]
SQL: SHOW COLUMNS FROM `category` [ RunTime:0.0063s ]
NOTIC: [2] Missing argument 3 for Admin\Model\CommonModel::getone(), called in /Applications/MAMP/htdocs/Blog/Apps/Admin/Service/CategoryService.class.php on line 15 and defined /Applications/MAMP/htdocs/Blog/Apps/Admin/Model/CommonModel.class.php 第 35 行.
SQL: SELECT `cname` FROM `category` WHERE `cid` = 1 LIMIT 1   [ RunTime:0.0003s ]

[ 2016-01-26T22:30:22+08:00 ] 127.0.0.1 /Blog/Admin/Article/edit?aid=99
INFO: [ app_init ] --START--
INFO: Run Behavior\BuildLiteBehavior [ RunTime:0.000015s ]
INFO: [ app_init ] --END-- [ RunTime:0.000342s ]
INFO: [ app_begin ] --START--
INFO: Run Behavior\ReadHtmlCacheBehavior [ RunTime:0.000447s ]
INFO: [ app_begin ] --END-- [ RunTime:0.000530s ]
NOTIC: [2048] Declaration of Admin\Model\CommonModel::delete() should be compatible with Think\Model::delete($options = Array) /Applications/MAMP/htdocs/Blog/Apps/Admin/Model/CommonModel.class.php 第 7 行.
SQL: SHOW COLUMNS FROM `article` [ RunTime:0.0100s ]
NOTIC: [2] Missing argument 3 for Admin\Model\CommonModel::getone(), called in /Applications/MAMP/htdocs/Blog/Apps/Admin/Controller/ArticleController.class.php on line 88 and defined /Applications/MAMP/htdocs/Blog/Apps/Admin/Model/CommonModel.class.php 第 35 行.
SQL: SELECT `aid`,`title`,`content`,`plaintxt`,`if_delete`,`cuid`,`cid`,`rnum`,`coverid`,`create_time`,`update_time` FROM `article` WHERE `aid` = 99 LIMIT 1   [ RunTime:0.0005s ]
INFO: [ view_parse ] --START--
INFO: [ template_filter ] --START--
INFO: Run Behavior\ContentReplaceBehavior [ RunTime:0.000099s ]
INFO: [ template_filter ] --END-- [ RunTime:0.000172s ]
INFO: Run Behavior\ParseTemplateBehavior [ RunTime:0.020245s ]
INFO: [ view_parse ] --END-- [ RunTime:0.020326s ]
INFO: [ view_filter ] --START--
INFO: Run Behavior\WriteHtmlCacheBehavior [ RunTime:0.000177s ]
INFO: [ view_filter ] --END-- [ RunTime:0.000231s ]
INFO: [ app_end ] --START--
INFO: Run Behavior\ShowPageTraceBehavior [ RunTime:0.000664s ]
INFO: [ app_end ] --END-- [ RunTime:0.000750s ]

[ 2016-01-26T22:30:22+08:00 ] 127.0.0.1 /Blog/Admin/Upload/index?action=config&&noCache=1453818622320
INFO: [ app_init ] --START--
INFO: Run Behavior\BuildLiteBehavior [ RunTime:0.000030s ]
INFO: [ app_init ] --END-- [ RunTime:0.000610s ]
INFO: [ app_begin ] --START--
INFO: Run Behavior\ReadHtmlCacheBehavior [ RunTime:0.000757s ]
INFO: [ app_begin ] --END-- [ RunTime:0.000870s ]
INFO: [ app_end ] --START--
INFO: Run Behavior\ShowPageTraceBehavior [ RunTime:0.000729s ]
INFO: [ app_end ] --END-- [ RunTime:0.000845s ]

[ 2016-01-26T22:30:37+08:00 ] 127.0.0.1 /Blog/Admin/Article/updateone
INFO: [ app_init ] --START--
INFO: Run Behavior\BuildLiteBehavior [ RunTime:0.000015s ]
INFO: [ app_init ] --END-- [ RunTime:0.000428s ]
INFO: [ app_begin ] --START--
INFO: Run Behavior\ReadHtmlCacheBehavior [ RunTime:0.000548s ]
INFO: [ app_begin ] --END-- [ RunTime:0.000618s ]
NOTIC: [2048] Declaration of Admin\Model\CommonModel::delete() should be compatible with Think\Model::delete($options = Array) /Applications/MAMP/htdocs/Blog/Apps/Admin/Model/CommonModel.class.php 第 7 行.
SQL: SHOW COLUMNS FROM `article` [ RunTime:0.0091s ]
SQL: UPDATE `article` SET `title`='既苍老师之后中国最红的日本女艺人，竟然骨骼清奇，胸平如砥',`cid`='1',`content`='&lt;p style=&quot;text-align: center;&quot;&gt;&lt;span style=&quot;color: rgb(47, 47, 47); font-family: &amp;#39;lucida grande&amp;#39;, &amp;#39;lucida sans unicode&amp;#39;, lucida, helvetica, &amp;#39;Hiragino Sans GB&amp;#39;, &amp;#39;Microsoft YaHei&amp;#39;, &amp;#39;WenQuanYi Micro Hei&amp;#39;, sans-serif; line-height: 27.2px; text-align: justify; background-color: rgb(255, 255, 255);&quot;&gt;水原希子，是迄今为止在网页只要看到她的照片都会保存的女艺人，没有之一。&lt;/span&gt;&lt;/p&gt;&lt;p style=&quot;text-align: center;&quot;&gt;&lt;img src=&quot;/Blog/public/uploads/20160122/56a1b66883c62.jpeg&quot; title=&quot;56a1b66883c62.jpeg&quot; alt=&quot;1350226-4ab060bc944df20c.jpeg&quot;/&gt;&lt;/p&gt;&lt;p style=&quot;text-align: center;&quot;&gt;&lt;span style=&quot;color: rgb(47, 47, 47); font-family: &amp;#39;lucida grande&amp;#39;, &amp;#39;lucida sans unicode&amp;#39;, lucida, helvetica, &amp;#39;Hiragino Sans GB&amp;#39;, &amp;#39;Microsoft YaHei&amp;#39;, &amp;#39;WenQuanYi Micro Hei&amp;#39;, sans-serif; line-height: 27.2px; text-align: justify; background-color: rgb(255, 255, 255);&quot;&gt;不管美丑与否，她气质独特、自成一派，无人可替。&lt;/span&gt;&lt;/p&gt;&lt;p&gt;&lt;span style=&quot;color: rgb(47, 47, 47); font-family: &amp;#39;lucida grande&amp;#39;, &amp;#39;lucida sans unicode&amp;#39;, lucida, helvetica, &amp;#39;Hiragino Sans GB&amp;#39;, &amp;#39;Microsoft YaHei&amp;#39;, &amp;#39;WenQuanYi Micro Hei&amp;#39;, sans-serif; line-height: 27.2px; text-align: justify; background-color: rgb(255, 255, 255);&quot;&gt;&lt;/span&gt;&lt;/p&gt;&lt;p style=&quot;margin-top: 0px; margin-bottom: 25px; text-align: justify; word-break: break-word; color: rgb(47, 47, 47); font-family: &amp;#39;lucida grande&amp;#39;, &amp;#39;lucida sans unicode&amp;#39;, lucida, helvetica, &amp;#39;Hiragino Sans GB&amp;#39;, &amp;#39;Microsoft YaHei&amp;#39;, &amp;#39;WenQuanYi Micro Hei&amp;#39;, sans-serif; line-height: 27.2px; white-space: normal; background-color: rgb(255, 255, 255);&quot;&gt;水原希子马上就要26岁了，&lt;/p&gt;&lt;p style=&quot;margin-top: 0px; margin-bottom: 25px; text-align: justify; word-break: break-word; color: rgb(47, 47, 47); font-family: &amp;#39;lucida grande&amp;#39;, &amp;#39;lucida sans unicode&amp;#39;, lucida, helvetica, &amp;#39;Hiragino Sans GB&amp;#39;, &amp;#39;Microsoft YaHei&amp;#39;, &amp;#39;WenQuanYi Micro Hei&amp;#39;, sans-serif; line-height: 27.2px; white-space: normal; background-color: rgb(255, 255, 255);&quot;&gt;女孩子能像她这样，美的大胆、爱的自如、特立独行、率真随性，多好。&lt;/p&gt;&lt;p style=&quot;margin-top: 0px; margin-bottom: 25px; text-align: justify; word-break: break-word; color: rgb(47, 47, 47); font-family: &amp;#39;lucida grande&amp;#39;, &amp;#39;lucida sans unicode&amp;#39;, lucida, helvetica, &amp;#39;Hiragino Sans GB&amp;#39;, &amp;#39;Microsoft YaHei&amp;#39;, &amp;#39;WenQuanYi Micro Hei&amp;#39;, sans-serif; line-height: 27.2px; white-space: normal; background-color: rgb(255, 255, 255);&quot;&gt;管它美还是丑，反正要元气满满的笑给你们看！&lt;/p&gt;',`update_time`='2016-01-26 22:30:37' WHERE `aid` = 99 [ RunTime:0.0015s ]
INFO: [ view_parse ] --START--
INFO: [ template_filter ] --START--
INFO: Run Behavior\ContentReplaceBehavior [ RunTime:0.000099s ]
INFO: [ template_filter ] --END-- [ RunTime:0.000168s ]
INFO: Run Behavior\ParseTemplateBehavior [ RunTime:0.018576s ]
INFO: [ view_parse ] --END-- [ RunTime:0.018639s ]
INFO: [ view_filter ] --START--
INFO: Run Behavior\WriteHtmlCacheBehavior [ RunTime:0.000154s ]
INFO: [ view_filter ] --END-- [ RunTime:0.000200s ]
INFO: [ app_end ] --START--
INFO: Run Behavior\ShowPageTraceBehavior [ RunTime:0.000726s ]
INFO: [ app_end ] --END-- [ RunTime:0.000801s ]

[ 2016-01-26T22:30:40+08:00 ] 127.0.0.1 /Blog/Admin/Article/index
INFO: [ app_init ] --START--
INFO: Run Behavior\BuildLiteBehavior [ RunTime:0.000119s ]
INFO: [ app_init ] --END-- [ RunTime:0.000917s ]
INFO: [ app_begin ] --START--
INFO: Run Behavior\ReadHtmlCacheBehavior [ RunTime:0.000474s ]
INFO: [ app_begin ] --END-- [ RunTime:0.000534s ]
INFO: [ view_parse ] --START--
INFO: [ template_filter ] --START--
INFO: Run Behavior\ContentReplaceBehavior [ RunTime:0.000092s ]
INFO: [ template_filter ] --END-- [ RunTime:0.000174s ]
INFO: Run Behavior\ParseTemplateBehavior [ RunTime:0.031051s ]
INFO: [ view_parse ] --END-- [ RunTime:0.031178s ]
INFO: [ view_filter ] --START--
INFO: Run Behavior\WriteHtmlCacheBehavior [ RunTime:0.000328s ]
INFO: [ view_filter ] --END-- [ RunTime:0.000411s ]
INFO: [ app_end ] --START--
INFO: Run Behavior\ShowPageTraceBehavior [ RunTime:0.000845s ]
INFO: [ app_end ] --END-- [ RunTime:0.001168s ]

[ 2016-01-26T22:30:40+08:00 ] 127.0.0.1 /Blog/Admin/Article/getlist
INFO: [ app_init ] --START--
INFO: Run Behavior\BuildLiteBehavior [ RunTime:0.000017s ]
INFO: [ app_init ] --END-- [ RunTime:0.000350s ]
INFO: [ app_begin ] --START--
INFO: Run Behavior\ReadHtmlCacheBehavior [ RunTime:0.000527s ]
INFO: [ app_begin ] --END-- [ RunTime:0.000591s ]
NOTIC: [2048] Declaration of Admin\Model\CommonModel::delete() should be compatible with Think\Model::delete($options = Array) /Applications/MAMP/htdocs/Blog/Apps/Admin/Model/CommonModel.class.php 第 7 行.
SQL: SHOW COLUMNS FROM `article` [ RunTime:0.0086s ]
SQL: SELECT `aid`,`title`,`content`,`plaintxt`,`if_delete`,`cuid`,`cid`,`rnum`,`coverid`,`create_time`,`update_time` FROM `article` WHERE (  if_delete = 0 ) ORDER BY create_time desc  [ RunTime:0.0004s ]
SQL: SELECT COUNT(*) AS tp_count FROM `article` WHERE (  if_delete = 0 ) LIMIT 1   [ RunTime:0.0003s ]
SQL: SHOW COLUMNS FROM `category` [ RunTime:0.0014s ]
NOTIC: [2] Missing argument 3 for Admin\Model\CommonModel::getone(), called in /Applications/MAMP/htdocs/Blog/Apps/Admin/Service/CategoryService.class.php on line 15 and defined /Applications/MAMP/htdocs/Blog/Apps/Admin/Model/CommonModel.class.php 第 35 行.
SQL: SELECT `cname` FROM `category` WHERE `cid` = 1 LIMIT 1   [ RunTime:0.0004s ]

