[ 2016-02-02T11:07:53+08:00 ] 127.0.0.1 /Blog/admin
INFO: [ app_init ] --START--
INFO: Run Behavior\BuildLiteBehavior [ RunTime:0.000262s ]
INFO: [ app_init ] --END-- [ RunTime:0.001696s ]
INFO: [ app_begin ] --START--
INFO: Run Behavior\ReadHtmlCacheBehavior [ RunTime:0.001114s ]
INFO: [ app_begin ] --END-- [ RunTime:0.001227s ]

[ 2016-02-02T11:07:53+08:00 ] 127.0.0.1 /Blog/Admin/Login/login
INFO: [ app_init ] --START--
INFO: Run Behavior\BuildLiteBehavior [ RunTime:0.000015s ]
INFO: [ app_init ] --END-- [ RunTime:0.000323s ]
INFO: [ app_begin ] --START--
INFO: Run Behavior\ReadHtmlCacheBehavior [ RunTime:0.000414s ]
INFO: [ app_begin ] --END-- [ RunTime:0.000467s ]
INFO: [ view_parse ] --START--
INFO: [ template_filter ] --START--
INFO: Run Behavior\ContentReplaceBehavior [ RunTime:0.000091s ]
INFO: [ template_filter ] --END-- [ RunTime:0.000182s ]
INFO: Run Behavior\ParseTemplateBehavior [ RunTime:0.013723s ]
INFO: [ view_parse ] --END-- [ RunTime:0.013826s ]
INFO: [ view_filter ] --START--
INFO: Run Behavior\WriteHtmlCacheBehavior [ RunTime:0.001211s ]
INFO: [ view_filter ] --END-- [ RunTime:0.001295s ]
INFO: [ app_end ] --START--
INFO: Run Behavior\ShowPageTraceBehavior [ RunTime:0.001012s ]
INFO: [ app_end ] --END-- [ RunTime:0.001095s ]

[ 2016-02-02T11:07:53+08:00 ] 127.0.0.1 /Blog/Admin/Login/verify
INFO: [ app_init ] --START--
INFO: Run Behavior\BuildLiteBehavior [ RunTime:0.000035s ]
INFO: [ app_init ] --END-- [ RunTime:0.000940s ]
INFO: [ app_begin ] --START--
INFO: Run Behavior\ReadHtmlCacheBehavior [ RunTime:0.001039s ]
INFO: [ app_begin ] --END-- [ RunTime:0.001167s ]
NOTIC: [8] A non well formed numeric value encountered /Applications/MAMP/htdocs/Blog/ThinkPHP/Library/Think/Verify.class.php 第 166 行.
NOTIC: [8] A non well formed numeric value encountered /Applications/MAMP/htdocs/Blog/ThinkPHP/Library/Think/Verify.class.php 第 166 行.
NOTIC: [8] A non well formed numeric value encountered /Applications/MAMP/htdocs/Blog/ThinkPHP/Library/Think/Verify.class.php 第 166 行.
NOTIC: [8] A non well formed numeric value encountered /Applications/MAMP/htdocs/Blog/ThinkPHP/Library/Think/Verify.class.php 第 166 行.
INFO: [ app_end ] --START--
INFO: Run Behavior\ShowPageTraceBehavior [ RunTime:0.000620s ]
INFO: [ app_end ] --END-- [ RunTime:0.000732s ]

[ 2016-02-02T11:07:53+08:00 ] 127.0.0.1 /Blog/Admin/Login/verify
INFO: [ app_init ] --START--
INFO: Run Behavior\BuildLiteBehavior [ RunTime:0.000020s ]
INFO: [ app_init ] --END-- [ RunTime:0.000487s ]
INFO: [ app_begin ] --START--
INFO: Run Behavior\ReadHtmlCacheBehavior [ RunTime:0.000507s ]
INFO: [ app_begin ] --END-- [ RunTime:0.000575s ]
NOTIC: [8] A non well formed numeric value encountered /Applications/MAMP/htdocs/Blog/ThinkPHP/Library/Think/Verify.class.php 第 166 行.
NOTIC: [8] A non well formed numeric value encountered /Applications/MAMP/htdocs/Blog/ThinkPHP/Library/Think/Verify.class.php 第 166 行.
NOTIC: [8] A non well formed numeric value encountered /Applications/MAMP/htdocs/Blog/ThinkPHP/Library/Think/Verify.class.php 第 166 行.
NOTIC: [8] A non well formed numeric value encountered /Applications/MAMP/htdocs/Blog/ThinkPHP/Library/Think/Verify.class.php 第 166 行.
INFO: [ app_end ] --START--
INFO: Run Behavior\ShowPageTraceBehavior [ RunTime:0.000551s ]
INFO: [ app_end ] --END-- [ RunTime:0.000619s ]

